"../../../../../../integrationcourseenv/VRoscopy/VRoscopy/Content/Geometry/Meshes/CubeMaterial.uasset" 0
"../../../../../../integrationcourseenv/VRoscopy/VRoscopy/Content/Geometry/Meshes/1M_Cube_Chamfer.uasset" 1
"../../../../../../integrationcourseenv/VRoscopy/VRoscopy/Content/Geometry/Meshes/TemplateFloor.uasset" 2
"../../../../../../integrationcourseenv/VRoscopy/VRoscopy/Content/VirtualReality/Mannequin/Character/Mesh/MannequinHand_Right_Skeleton.uasset" 3
"../../../../../../integrationcourseenv/VRoscopy/VRoscopy/Content/VirtualReality/Mannequin/Animations/MannequinHand_Right_CanGrab.uasset" 4
"../../../../../../integrationcourseenv/VRoscopy/VRoscopy/Content/VirtualReality/Mannequin/Animations/MannequinHand_Right_Grab.uasset" 5
"../../../../../../integrationcourseenv/VRoscopy/VRoscopy/Content/VirtualReality/Mannequin/Animations/MannequinHand_Right_Open.uasset" 6
"../../../../../../integrationcourseenv/VRoscopy/VRoscopy/Content/VirtualReality/Mannequin/Animations/RightGrip_BS.uasset" 7
"../../../../../../integrationcourseenv/VRoscopy/VRoscopy/Content/VirtualReality/Mannequin/Animations/AnimBP_SomRightHand.uasset" 8
"../../../../../../integrationcourseenv/VRoscopy/VRoscopy/Content/VirtualRealityCPP/Blueprints/CPP_MotionController.uasset" 9
"../../../../../../integrationcourseenv/VRoscopy/VRoscopy/Content/VirtualRealityCPP/Blueprints/CPP_PickupCube.uasset" 10
"../../../../../../integrationcourseenv/VRoscopy/VRoscopy/Content/VirtualRealityCPP/Blueprints/CPP_VirtualRealityPawn_GamePad.uasset" 11
"../../../../../../integrationcourseenv/VRoscopy/VRoscopy/Content/VirtualRealityCPP/Blueprints/CPP_VirtualRealityPawn_Motion.uasset" 12
"../../../Engine/Content/Animation/DefaultAnimCurveCompressionSettings.uasset" 13
"../../../Engine/Content/Functions/Engine_MaterialFunctions01/Opacity/CameraDepthFade.uasset" 14
"../../../Engine/Content/EngineMaterials/T_Default_Material_Grid_M.uasset" 15
"../../../Engine/Content/EngineMaterials/T_Default_Material_Grid_N.uasset" 16
"../../../Engine/Content/EngineMaterials/WorldGridMaterial.uasset" 17
"../../../Engine/Content/ArtTools/RenderToTexture/Meshes/S_1_Unit_Plane.uasset" 18
"../../../Engine/Content/EngineMaterials/DefaultMaterial.uasset" 19
"../../../Engine/Content/BasicShapes/Cone.uasset" 20
"../../../Engine/Content/BasicShapes/Cube.uasset" 21
"../../../Engine/Content/BasicShapes/Plane.uasset" 22
"../../../Engine/Content/EditorLandscapeResources/DataLayer.uasset" 23
"../../../Engine/Content/EditorMaterials/GizmoMaterial.uasset" 24
"../../../Engine/Content/EditorMaterials/MAT_Groups_Toggle.uasset" 25
"../../../Engine/Content/EditorMaterials/MAT_Groups_Visibility.uasset" 26
"../../../Engine/Content/EditorMaterials/PreviewShadowIndicator.uasset" 27
"../../../Engine/Content/EditorMaterials/PreviewShadowIndicatorMaterial.uasset" 28
"../../../Engine/Content/EditorMaterials/MatineeGroups/MAT_ColorTrack.uasset" 29
"../../../Engine/Content/EditorMaterials/MatineeGroups/MAT_Groups_Anim.uasset" 30
"../../../Engine/Content/EditorMaterials/MatineeGroups/MAT_Groups_AudioMaster.uasset" 31
"../../../Engine/Content/EditorMaterials/MatineeGroups/MAT_Groups_Director.uasset" 32
"../../../Engine/Content/EditorMaterials/MatineeGroups/MAT_Groups_Event.uasset" 33
"../../../Engine/Content/EditorMaterials/MatineeGroups/MAT_Groups_Fade.uasset" 34
"../../../Engine/Content/EditorMaterials/MatineeGroups/MAT_Groups_Float.uasset" 35
"../../../Engine/Content/EditorMaterials/MatineeGroups/MAT_Groups_Move.uasset" 36
"../../../Engine/Content/EditorMaterials/MatineeGroups/MAT_Groups_Slomo.uasset" 37
"../../../Engine/Content/EditorMaterials/MatineeGroups/MAT_Groups_Sound.uasset" 38
"../../../Engine/Content/EditorMaterials/MatineeGroups/MAT_Groups_Vector.uasset" 39
"../../../Engine/Content/EditorMaterials/ParticleSystems/PSysThumbnail_NoImage.uasset" 40
"../../../Engine/Content/EditorMaterials/ParticleSystems/PSysThumbnail_OOD.uasset" 41
"../../../Engine/Content/EditorMaterials/Camera/CineMat.uasset" 42
"../../../Engine/Content/EditorMaterials/Camera/MI_CineMat_Rig.uasset" 43
"../../../Engine/Content/EditorMeshes/Camera/SM_CraneRig_Arm.uasset" 44
"../../../Engine/Content/EditorMeshes/Camera/SM_CraneRig_Base.uasset" 45
"../../../Engine/Content/EditorMeshes/Camera/SM_CraneRig_Body.uasset" 46
"../../../Engine/Content/EditorMeshes/Camera/SM_CraneRig_Mount.uasset" 47
"../../../Engine/Content/EditorMeshes/Camera/SM_RailRig_Mount.uasset" 48
"../../../Engine/Content/EditorMeshes/Camera/SM_RailRig_Track.uasset" 49
"../../../Engine/Content/EditorResources/BSPVertex.uasset" 50
"../../../Engine/Content/EditorResources/EmptyActor.uasset" 51
"../../../Engine/Content/EditorResources/S_Actor.uasset" 52
"../../../Engine/Content/EditorResources/S_Note.uasset" 53
"../../../Engine/Content/EditorResources/S_Solver.uasset" 54
"../../../Engine/Content/EditorResources/S_Trigger.uasset" 55
"../../../Engine/Content/EditorResources/LightIcons/S_LightError.uasset" 56
"../../../Engine/Content/EditorResources/SequenceRecorder/Countdown.uasset" 57
"../../../Engine/Content/EditorResources/SequenceRecorder/RecordingIndicator.uasset" 58
"../../../Engine/Content/EditorSounds/Notifications/CompileFailed.uasset" 59
"../../../Engine/Content/EditorSounds/Notifications/CompileFailed_Cue.uasset" 60
"../../../Engine/Content/EditorSounds/Notifications/CompileSuccess.uasset" 61
"../../../Engine/Content/EditorSounds/Notifications/CompileStart_Cue.uasset" 62
"../../../Engine/Content/EditorSounds/Notifications/CompileSuccess_Cue.uasset" 63
"../../../Engine/Content/EngineDamageTypes/DmgTypeBP_Environmental.uasset" 64
"../../../Engine/Content/EngineDebugMaterials/HeatmapGradient.uasset" 65
"../../../Engine/Content/EngineDebugMaterials/BoneWeightMaterial.uasset" 66
"../../../Engine/Content/EngineDebugMaterials/ClothMaterial.uasset" 67
"../../../Engine/Content/EngineDebugMaterials/ClothMaterial_WF.uasset" 68
"../../../Engine/Content/EngineDebugMaterials/DebugEditorMaterial.uasset" 69
"../../../Engine/Content/EngineDebugMaterials/DebugMeshMaterial.uasset" 70
"../../../Engine/Content/EngineDebugMaterials/GeomMaterial.uasset" 71
"../../../Engine/Content/EngineDebugMaterials/M_SimpleTranslucent.uasset" 72
"../../../Engine/Content/Functions/Engine_MaterialFunctions02/Utility/CameraDirectionVector.uasset" 73
"../../../Engine/Content/EngineDebugMaterials/VolumeToRender.uasset" 74
"../../../Engine/Content/EngineDebugMaterials/M_VolumeRenderSphereTracePP.uasset" 75
"../../../Engine/Content/EngineDebugMaterials/WireframeMaterial.uasset" 76
"../../../Engine/Content/EngineFonts/Faces/RobotoBold.uasset" 77
"../../../Engine/Content/EngineFonts/Faces/RobotoBoldItalic.uasset" 78
"../../../Engine/Content/EngineFonts/Faces/RobotoItalic.uasset" 79
"../../../Engine/Content/EngineFonts/Faces/RobotoLight.uasset" 80
"../../../Engine/Content/EngineFonts/Faces/RobotoRegular.uasset" 81
"../../../Engine/Content/EngineFonts/Roboto.uasset" 82
"../../../Engine/Content/EngineMaterials/BaseFlattenDiffuseMap.uasset" 83
"../../../Engine/Content/EngineMaterials/BaseFlattenEmissiveMap.uasset" 84
"../../../Engine/Content/EngineMaterials/BaseFlattenGrayscaleMap.uasset" 85
"../../../Engine/Content/EngineMaterials/BaseFlattenNormalMap.uasset" 86
"../../../Engine/Content/EngineMaterials/BaseFlattenMaterial.uasset" 87
"../../../Engine/Content/EngineMaterials/BlueNoise.uasset" 88
"../../../Engine/Content/EngineMaterials/DefaultBloomKernel.uasset" 89
"../../../Engine/Content/EngineMaterials/DefaultBokeh.uasset" 90
"../../../Engine/Content/EngineMaterials/DefaultDiffuse.uasset" 91
"../../../Engine/Content/EngineMaterials/DefaultDeferredDecalMaterial.uasset" 92
"../../../Engine/Content/EngineMaterials/DefaultLightFunctionMaterial.uasset" 93
"../../../Engine/Content/EngineMaterials/DefaultPhysicalMaterial.uasset" 94
"../../../Engine/Content/Functions/Engine_MaterialFunctions02/Utility/BreakOutFloat2Components.uasset" 95
"../../../Engine/Content/EngineMaterials/DefaultPostProcessMaterial.uasset" 96
"../../../Engine/Content/EngineFonts/RobotoDistanceField.uasset" 97
"../../../Engine/Content/EngineMaterials/DefaultTextMaterialOpaque.uasset" 98
"../../../Engine/Content/EngineMaterials/DefaultVirtualTextureMaterial.uasset" 99
"../../../Engine/Content/EngineMaterials/DefaultWhiteGrid.uasset" 100
"../../../Engine/Content/EngineMaterials/EditorBrushMaterial.uasset" 101
"../../../Engine/Content/EngineMaterials/DefaultWhiteGrid_Low.uasset" 102
"../../../Engine/Content/EngineMaterials/EmissiveMeshMaterial.uasset" 103
"../../../Engine/Content/EngineMaterials/MiniFont.uasset" 104
"../../../Engine/Content/EngineMaterials/InvalidLightmapSettings.uasset" 105
"../../../Engine/Content/EngineMaterials/M_InvalidLightmapSettings.uasset" 106
"../../../Engine/Content/Functions/Engine_MaterialFunctions02/WorldPositionOffset/CameraOffset.uasset" 107
"../../../Engine/Content/EngineMaterials/PhAT_JointLimitMaterial.uasset" 108
"../../../Engine/Content/EngineMaterials/PreintegratedSkinBRDF.uasset" 109
"../../../Engine/Content/EngineMaterials/RemoveSurfaceMaterial.uasset" 110
"../../../Engine/Content/EngineMaterials/WeightMapPlaceholderTexture.uasset" 111
"../../../Engine/Content/EngineResources/WhiteSquareTexture.uasset" 112
"../../../Engine/Content/EngineMaterials/Widget3DPassThrough.uasset" 113
"../../../Engine/Content/EngineMaterials/Widget3DPassThrough_Masked.uasset" 114
"../../../Engine/Content/EngineMaterials/Widget3DPassThrough_Opaque.uasset" 115
"../../../Engine/Content/EngineMaterials/Widget3DPassThrough_Masked_OneSided.uasset" 116
"../../../Engine/Content/EngineMaterials/Widget3DPassThrough_Opaque_OneSided.uasset" 117
"../../../Engine/Content/EngineMaterials/Widget3DPassThrough_Translucent.uasset" 118
"../../../Engine/Content/EngineMaterials/Widget3DPassThrough_Translucent_OneSided.uasset" 119
"../../../Engine/Content/EngineMeshes/Cylinder.uasset" 120
"../../../Engine/Content/EngineMeshes/Sphere.uasset" 121
"../../../Engine/Content/EngineResources/Black.uasset" 122
"../../../Engine/Content/EngineResources/DefaultTexture.uasset" 123
"../../../Engine/Content/EngineResources/DefaultTextureCube.uasset" 124
"../../../Engine/Content/EngineResources/DefaultVolumeTexture2D.uasset" 125
"../../../Engine/Content/EngineResources/DefaultVolumeTexture.uasset" 126
"../../../Engine/Content/EngineResources/GradientTexture0.uasset" 127
"../../../Engine/Content/EngineSounds/Master.uasset" 128
"../../../Engine/Content/Functions/Engine_MaterialFunctions01/Shading/ConvertFromDiffSpec.uasset" 129
"../../../Engine/Content/Functions/Engine_MaterialFunctions01/Shading/PowerToRoughness.uasset" 130
"../../../Engine/Content/Maps/Templates/Thumbnails/Default.uasset" 131
"../../../Engine/Content/Maps/Templates/Thumbnails/VR-Basic.uasset" 132
"../../../Engine/Content/MobileResources/T_MobileControls_texture.uasset" 133
"../../../Engine/Content/MobileResources/T_MobileMenu2.uasset" 134
"../../../Engine/Content/MobileResources/HUD/AnalogHat.uasset" 135
"../../../Engine/Content/MobileResources/HUD/VirtualJoystick_Background.uasset" 136
"../../../Engine/Content/MobileResources/HUD/VirtualJoystick_Thumb.uasset" 137
"../../../Engine/Content/MobileResources/HUD/DefaultVirtualJoysticks.uasset" 138
"../../../Engine/Content/MobileResources/HUD/LeftVirtualJoystickOnly.uasset" 139
"../../../Engine/Content/MobileResources/HUD/MobileHUDButton1_off.uasset" 140
"../../../Engine/Content/MobileResources/HUD/MobileHUDButton1_on.uasset" 141
"../../../Engine/Content/MobileResources/HUD/MobileHUDButton2_off.uasset" 142
"../../../Engine/Content/MobileResources/HUD/MobileHUDButton2_on.uasset" 143
"../../../Engine/Content/MobileResources/HUD/MobileHUDButton3.uasset" 144
"../../../Engine/Content/MobileResources/HUD/MobileHUDButtonFire.uasset" 145
"../../../Engine/Content/MobileResources/HUD/MobileHUDDirectionPad.uasset" 146
"../../../Engine/Content/MobileResources/HUD/MobileHUDDirectionPad2.uasset" 147
"../../../Engine/Content/MobileResources/HUD/MobileHUDDirectionPad3.uasset" 148
"../../../Engine/Content/MobileResources/HUD/MobileHUDDirectionStick.uasset" 149
"../../../Engine/Content/MobileResources/HUD/T_Castle_ThumbstickInner.uasset" 150
"../../../Engine/Content/MobileResources/HUD/T_Castle_ThumbstickOutter.uasset" 151
"../../../Engine/Content/Tutorial/ContentIntroCurve.uasset" 152
"../../../Engine/Content/VREditor/LaserPointer/VR_LaserPower_01.uasset" 153
"../../../Engine/Content/VREditor/TransformGizmo/TransformGizmoMaterial.uasset" 154
"../../../Engine/Content/VREditor/TransformGizmo/TranslucentTransformGizmoMaterial.uasset" 155
"../../../Engine/Content/VREditor/TransformGizmo/BoundingBoxCorner.uasset" 156
"../../../Engine/Content/VREditor/TransformGizmo/BoundingBoxEdge.uasset" 157
"../../../Engine/Content/VREditor/TransformGizmo/PlaneTranslationHandle.uasset" 158
"../../../Engine/Content/VREditor/TransformGizmo/Main.uasset" 159
"../../../Engine/Content/VREditor/TransformGizmo/Xray.uasset" 160
"../../../Engine/Content/VREditor/TransformGizmo/SM_Sequencer_Key.uasset" 161
"../../../Engine/Content/VREditor/TransformGizmo/SM_Sequencer_Node.uasset" 162
"../../Plugins/2D/Paper2D/Content/PlaceholderTextures/DummySpriteTexture.uasset" 163
"../../Plugins/2D/Paper2D/Content/DummySprite.uasset" 164
"../../Plugins/2D/Paper2D/Content/DefaultPaperTerrainMaterial.uasset" 165
"../../Plugins/2D/Paper2D/Content/DummySpriteTexture.uasset" 166
"../../Plugins/2D/Paper2D/Content/DefaultSpriteMaterial.uasset" 167
"../../Plugins/2D/Paper2D/Content/MaskedUnlitSpriteMaterial.uasset" 168
"../../Plugins/2D/Paper2D/Content/OpaqueUnlitSpriteMaterial.uasset" 169
"../../Plugins/Runtime/Oculus/OculusVR/Content/OculusMR_RenderTarget.uasset" 170
"../../../Engine/Content/Functions/Engine_MaterialFunctions02/Utility/BreakOutFloat4Components.uasset" 171
"../../../Engine/Content/Functions/Engine_MaterialFunctions02/Utility/MakeFloat2.uasset" 172
"../../../Engine/Content/Functions/Engine_MaterialFunctions02/Utility/MakeFloat3.uasset" 173
"../../Plugins/Runtime/Oculus/OculusVR/Content/Materials/OculusMR_ChromaKey.uasset" 174
"../../Plugins/Runtime/Oculus/OculusVR/Content/Materials/OculusMR_ChromaKey_Lit.uasset" 175
"../../Plugins/Runtime/Oculus/OculusVR/Content/Materials/OculusMR_OpaqueColoredMaterial.uasset" 176
"../../Plugins/Runtime/Oculus/OculusVR/Content/Materials/OculusMR_WhiteMaterial.uasset" 177
"../../../Engine/Content/Functions/Engine_MaterialFunctions01/Texturing/ScaleUVsByCenter.uasset" 178
"../../../Engine/Content/Functions/Engine_MaterialFunctions02/ScreenResolution.uasset" 179
"../../../Engine/Content/Functions/Engine_MaterialFunctions02/Texturing/ScreenAlignedUVs.uasset" 180
"../../../Engine/Content/Functions/Engine_MaterialFunctions02/Utility/DepthFromWorldPosition.uasset" 181
"../../../../../../integrationcourseenv/VRoscopy/VRoscopy/Content/VirtualReality/Materials/MF_OccludedPixels.uasset" 182
"../../../../../../integrationcourseenv/VRoscopy/VRoscopy/Content/VirtualReality/Materials/TeleportMCP.uasset" 183
"../../../Engine/Content/EngineMaterials/Good64x64TilingNoiseHighFreq.uasset" 184
"../../../../../../integrationcourseenv/VRoscopy/VRoscopy/Content/VirtualReality/Materials/M_ArcEndpoint.uasset" 185
"../../../../../../integrationcourseenv/VRoscopy/VRoscopy/Content/VirtualReality/Materials/M_TeleportPreviews.uasset" 186
"../../../../../../integrationcourseenv/VRoscopy/VRoscopy/Content/VirtualReality/Materials/MI_TeleportCylinderPreview.uasset" 187
"../../../Engine/Content/BasicShapes/Cylinder.uasset" 188
"../../../../../../integrationcourseenv/VRoscopy/VRoscopy/Content/VirtualReality/Meshes/BeaconDirection.uasset" 189
"../../../../../../integrationcourseenv/VRoscopy/VRoscopy/Content/VirtualReality/Meshes/SM_FatCylinder.uasset" 190
"../../../../../../integrationcourseenv/VRoscopy/VRoscopy/Content/VirtualRealityBP/Blueprints/HMDLocomotionPawn.uasset" 191
"../../../Engine/Content/EditorBlueprintResources/StandardMacros.uasset" 192
"../../../Engine/Content/EngineSky/C_Sky_Cloud_Color.uasset" 193
"../../../Engine/Content/EngineSky/C_Sky_Horizon_Color.uasset" 194
"../../../Engine/Content/EngineSky/C_Sky_Zenith_Color.uasset" 195
"../../../Engine/Content/EngineSky/T_Sky_Blue.uasset" 196
"../../../Engine/Content/EngineSky/T_Sky_Clouds_M.uasset" 197
"../../../Engine/Content/EngineSky/T_Sky_Stars.uasset" 198
"../../../Engine/Content/EngineSky/M_Sky_Panning_Clouds2.uasset" 199
"../../../Engine/Content/EngineSky/SM_SkySphere.uasset" 200
"../../../Engine/Content/EngineSky/BP_Sky_Sphere.uasset" 201
"../../../../../../integrationcourseenv/VRoscopy/VRoscopy/Content/VirtualRealityBP/Maps/HMDLocomotionMap_BuiltData.uasset" 202
"../../../../../../integrationcourseenv/VRoscopy/VRoscopy/Content/VirtualReality/Materials/M_BaseMaterial.uasset" 203
"../../../../../../integrationcourseenv/VRoscopy/VRoscopy/Content/VirtualReality/Materials/MI_BaseMaterial2.uasset" 204
"../../../../../../integrationcourseenv/VRoscopy/VRoscopy/Content/VirtualReality/Materials/MI_BaseMaterial3.uasset" 205
"../../../../../../integrationcourseenv/VRoscopy/VRoscopy/Content/Geometry/Meshes/1M_Cube.uasset" 206
"../../../../../../integrationcourseenv/VRoscopy/VRoscopy/Content/VirtualRealityBP/Maps/HMDLocomotionMap.umap" 207
"../../../../../../integrationcourseenv/VRoscopy/VRoscopy/Content/VirtualRealityBP/Blueprints/PickupActorInterface.uasset" 208
"../../../../../../integrationcourseenv/VRoscopy/VRoscopy/Content/VirtualReality/Materials/MI_SmallCubes.uasset" 209
"../../../../../../integrationcourseenv/VRoscopy/VRoscopy/Content/VirtualRealityBP/Blueprints/BP_PickupCube.uasset" 210
"../../../../../../integrationcourseenv/VRoscopy/VRoscopy/Content/VirtualRealityBP/Blueprints/GripEnum.uasset" 211
"../../../../../../integrationcourseenv/VRoscopy/VRoscopy/Content/VirtualReality/Mannequin/Animations/RightHand_AnimBP.uasset" 212
"../../../../../../integrationcourseenv/VRoscopy/VRoscopy/Content/VirtualRealityBP/Blueprints/MotionControllerHaptics.uasset" 213
"../../../../../../integrationcourseenv/VRoscopy/VRoscopy/Content/VirtualReality/Materials/M_SplineArcMat.uasset" 214
"../../../../../../integrationcourseenv/VRoscopy/VRoscopy/Content/VirtualReality/Materials/MI_ChaperoneOutline.uasset" 215
"../../../Engine/Content/BasicShapes/Sphere.uasset" 216
"../../../../../../integrationcourseenv/VRoscopy/VRoscopy/Content/VirtualReality/Mannequin/Character/Textures/UE4_Mannequin__normals.uasset" 217
"../../../../../../integrationcourseenv/VRoscopy/VRoscopy/Content/VirtualReality/Mannequin/Character/Textures/UE4_Mannequin_MAT_MASKA.uasset" 218
"../../../../../../integrationcourseenv/VRoscopy/VRoscopy/Content/VirtualReality/Mannequin/Character/Materials/M_HandMat.uasset" 219
"../../../../../../integrationcourseenv/VRoscopy/VRoscopy/Content/VirtualReality/Mannequin/Character/Mesh/MannequinHand_Right_PhysicsAsset.uasset" 220
"../../../../../../integrationcourseenv/VRoscopy/VRoscopy/Content/VirtualReality/Mannequin/Character/Mesh/MannequinHand_Right.uasset" 221
"../../../../../../integrationcourseenv/VRoscopy/VRoscopy/Content/VirtualReality/Meshes/1x1_cube.uasset" 222
"../../../../../../integrationcourseenv/VRoscopy/VRoscopy/Content/VirtualReality/Meshes/BeamMesh.uasset" 223
"../../../../../../integrationcourseenv/VRoscopy/VRoscopy/Content/VirtualRealityBP/Blueprints/BP_MotionController.uasset" 224
"../../../../../../integrationcourseenv/VRoscopy/VRoscopy/Content/VirtualRealityBP/Blueprints/MotionControllerPawn.uasset" 225
"../../../../../../integrationcourseenv/VRoscopy/VRoscopy/Content/VirtualRealityBP/Maps/MotionControllerMap_BuiltData.uasset" 226
"../../../../../../integrationcourseenv/VRoscopy/VRoscopy/Content/VirtualRealityBP/Maps/MotionControllerMap.umap" 227
"../../../../../../integrationcourseenv/VRoscopy/VRoscopy/Content/VirtualRealityBP/Maps/StartupMap_BuiltData.uasset" 228
"../../../../../../integrationcourseenv/VRoscopy/VRoscopy/Content/VirtualReality/Materials/GenericHMDMaterial.uasset" 229
"../../../Engine/Content/MapTemplates/Sky/DaylightAmbientCubemap.uasset" 230
"../../../../../../integrationcourseenv/VRoscopy/VRoscopy/Content/VirtualReality/Meshes/GenericHMD.uasset" 231
"../../../../../../integrationcourseenv/VRoscopy/VRoscopy/Content/VirtualRealityBP/Maps/StartupMap.umap" 232
"../../../../../../integrationcourseenv/VRoscopy/VRoscopy/Content/VirtualRealityCPP/Maps/CPPHMDLocomotionMap.umap" 233
"../../../../../../integrationcourseenv/VRoscopy/VRoscopy/Content/VirtualRealityCPP/Maps/CPPMotionControllerMap.umap" 234
"../../../Engine/Content/Maps/Entry_BuiltData.uasset" 235
"../../../Engine/Content/Maps/Entry.umap" 236
