Log file open, 12/13/19 21:15:32
LogWindows: Failed to load 'aqProf.dll' (GetLastError=126)
LogWindows: File 'aqProf.dll' does not exist
LogWindows: Failed to load 'VtuneApi.dll' (GetLastError=126)
LogWindows: File 'VtuneApi.dll' does not exist
LogWindows: Failed to load 'VtuneApi32e.dll' (GetLastError=126)
LogWindows: File 'VtuneApi32e.dll' does not exist
LogConsoleResponse: Display: Failed to find resolution value strings in scalability ini. Falling back to default.
LogInit: Display: Running engine for game: VRoscopy
LogPlatformFile: Not using cached read wrapper
LogTaskGraph: Started task graph with 5 named threads and 23 total threads with 3 sets of task threads.
LogStats: Stats thread started at 2.926564
LogD3D11RHI: Loaded GFSDK_Aftermath_Lib.x64.dll
LogICUInternationalization: ICU TimeZone Detection - Raw Offset: +2:00, Platform Override: ''
LogPluginManager: Mounting plugin Paper2D
LogPluginManager: Mounting plugin AISupport
LogPluginManager: Mounting plugin LightPropagationVolume
LogPluginManager: Mounting plugin ActorLayerUtilities
LogPluginManager: Mounting plugin AnimationSharing
LogPluginManager: Mounting plugin CLionSourceCodeAccess
LogPluginManager: Mounting plugin CodeLiteSourceCodeAccess
LogPluginManager: Mounting plugin GitSourceControl
LogPluginManager: Mounting plugin KDevelopSourceCodeAccess
LogPluginManager: Mounting plugin NullSourceCodeAccess
LogPluginManager: Mounting plugin PerforceSourceControl
LogPluginManager: Mounting plugin SubversionSourceControl
LogPluginManager: Mounting plugin UObjectPlugin
LogPluginManager: Mounting plugin VisualStudioCodeSourceCodeAccess
LogPluginManager: Mounting plugin VisualStudioSourceCodeAccess
LogPluginManager: Mounting plugin XCodeSourceCodeAccess
LogPluginManager: Mounting plugin AssetManagerEditor
LogPluginManager: Mounting plugin CryptoKeys
LogPluginManager: Mounting plugin CurveEditorTools
LogPluginManager: Mounting plugin DataValidation
LogPluginManager: Mounting plugin EditorScriptingUtilities
LogPluginManager: Mounting plugin FacialAnimation
LogPluginManager: Mounting plugin GameplayTagsEditor
LogPluginManager: Mounting plugin MacGraphicsSwitching
LogPluginManager: Mounting plugin MaterialAnalyzer
LogPluginManager: Mounting plugin MobileLauncherProfileWizard
LogPluginManager: Mounting plugin PluginBrowser
LogPluginManager: Mounting plugin SpeedTreeImporter
LogPluginManager: Mounting plugin DatasmithContent
LogPluginManager: Mounting plugin VariantManagerContent
LogPluginManager: Mounting plugin AlembicImporter
LogPluginManager: Mounting plugin AutomationUtils
LogPluginManager: Mounting plugin BackChannel
LogPluginManager: Mounting plugin CharacterAI
LogPluginManager: Mounting plugin GeometryCache
LogPluginManager: Mounting plugin HTML5Networking
LogPluginManager: Mounting plugin PlatformCrypto
LogPluginManager: Mounting plugin ProxyLODPlugin
LogPluginManager: Mounting plugin PythonScriptPlugin
LogPluginManager: Mounting plugin SkeletalReduction
LogPluginManager: Mounting plugin MagicLeap
LogPluginManager: Mounting plugin MagicLeapMedia
LogPluginManager: Mounting plugin AndroidMedia
LogPluginManager: Mounting plugin AvfMedia
LogPluginManager: Mounting plugin ImgMedia
LogPluginManager: Mounting plugin MediaCompositing
LogPluginManager: Mounting plugin MediaPlayerEditor
LogPluginManager: Mounting plugin WebMMedia
LogPluginManager: Mounting plugin WmfMedia
LogPluginManager: Mounting plugin TcpMessaging
LogPluginManager: Mounting plugin UdpMessaging
LogPluginManager: Mounting plugin ActorSequence
LogPluginManager: Mounting plugin LevelSequenceEditor
LogPluginManager: Mounting plugin MatineeToLevelSequence
LogPluginManager: Mounting plugin SequencerScripting
LogPluginManager: Mounting plugin NetcodeUnitTest
LogPluginManager: Mounting plugin NUTUnrealEngine4
LogPluginManager: Mounting plugin OnlineSubsystemGooglePlay
LogPluginManager: Mounting plugin OnlineSubsystemIOS
LogPluginManager: Mounting plugin OnlineSubsystem
LogPluginManager: Mounting plugin OnlineSubsystemNull
LogPluginManager: Mounting plugin OnlineSubsystemUtils
LogPluginManager: Mounting plugin LauncherChunkInstaller
LogPluginManager: Mounting plugin AndroidDeviceProfileSelector
LogPluginManager: Mounting plugin AndroidMoviePlayer
LogPluginManager: Mounting plugin AndroidPermission
LogPluginManager: Mounting plugin AppleImageUtils
LogPluginManager: Mounting plugin AppleMoviePlayer
LogPluginManager: Mounting plugin ArchVisCharacter
LogPluginManager: Mounting plugin AudioCapture
LogPluginManager: Mounting plugin CableComponent
LogPluginManager: Mounting plugin CustomMeshComponent
LogPluginManager: Mounting plugin EditableMesh
LogPluginManager: Mounting plugin ExampleDeviceProfileSelector
LogPluginManager: Mounting plugin GoogleCloudMessaging
LogPluginManager: Mounting plugin IOSDeviceProfileSelector
LogPluginManager: Mounting plugin LinuxDeviceProfileSelector
LogPluginManager: Mounting plugin LocationServicesBPLibrary
LogPluginManager: Mounting plugin MobilePatchingUtils
LogPluginManager: Mounting plugin OculusVR
LogPluginManager: Mounting plugin PhysXVehicles
LogPluginManager: Mounting plugin ProceduralMeshComponent
LogPluginManager: Mounting plugin RuntimePhysXCooking
LogPluginManager: Mounting plugin SignificanceManager
LogPluginManager: Mounting plugin SteamVR
LogPluginManager: Mounting plugin WebMMoviePlayer
LogPluginManager: Mounting plugin WindowsMoviePlayer
LogPluginManager: Mounting plugin ScreenshotTools
LogInit: Using libcurl 7.55.1-DEV
LogInit:  - built for x86_64-pc-win32
LogInit:  - supports SSL with OpenSSL/1.1.1
LogInit:  - supports HTTP deflate (compression) using libz 1.2.8
LogInit:  - other features:
LogInit:      CURL_VERSION_SSL
LogInit:      CURL_VERSION_LIBZ
LogInit:      CURL_VERSION_IPV6
LogInit:      CURL_VERSION_ASYNCHDNS
LogInit:      CURL_VERSION_LARGEFILE
LogInit:      CURL_VERSION_IDN
LogInit:  CurlRequestOptions (configurable via config and command line):
LogInit:  - bVerifyPeer = true  - Libcurl will verify peer certificate
LogInit:  - bUseHttpProxy = false  - Libcurl will NOT use HTTP proxy
LogInit:  - bDontReuseConnections = false  - Libcurl will reuse connections
LogInit:  - MaxHostConnections = 16  - Libcurl will limit the number of connections to a host
LogInit:  - LocalHostAddr = Default
LogInit:  - BufferSize = 65536
LogOnline: OSS: Creating online subsystem instance for: NULL
LogInit: WinSock: version 1.1 (2.2), MaxSocks=32767, MaxUdp=65467
LogInit: Build: ++UE4+Release-4.23-CL-8386587
LogInit: Engine Version: 4.23.0-8386587+++UE4+Release-4.23
LogInit: Compatible Engine Version: 4.23.0-8386587+++UE4+Release-4.23
LogInit: Net CL: 8386587
LogInit: OS: Windows 10 (Release 1903) (), CPU: Intel(R) Core(TM) i7-7700K CPU @ 4.20GHz, GPU: NVIDIA GeForce RTX 2070 SUPER
LogInit: Compiled (64-bit): Aug 31 2019 02:04:44
LogInit: Compiled with Visual C++: 19.16.27030.01
LogInit: Build Configuration: Development
LogInit: Branch Name: ++UE4+Release-4.23
LogInit: Command Line: 
LogInit: Base Directory: J:/UE_4.23/Engine/Binaries/Win64/
LogInit: Installed Engine Build: 1
LogDevObjectVersion: Number of dev versions registered: 23
LogDevObjectVersion:   Dev-Blueprints (B0D832E4-1F89-4F0D-ACCF-7EB736FD4AA2): 10
LogDevObjectVersion:   Dev-Build (E1C64328-A22C-4D53-A36C-8E866417BD8C): 0
LogDevObjectVersion:   Dev-Core (375EC13C-06E4-48FB-B500-84F0262A717E): 3
LogDevObjectVersion:   Dev-Editor (E4B068ED-F494-42E9-A231-DA0B2E46BB41): 34
LogDevObjectVersion:   Dev-Framework (CFFC743F-43B0-4480-9391-14DF171D2073): 35
LogDevObjectVersion:   Dev-Mobile (B02B49B5-BB20-44E9-A304-32B752E40360): 2
LogDevObjectVersion:   Dev-Networking (A4E4105C-59A1-49B5-A7C5-40C4547EDFEE): 0
LogDevObjectVersion:   Dev-Online (39C831C9-5AE6-47DC-9A44-9C173E1C8E7C): 0
LogDevObjectVersion:   Dev-Physics (78F01B33-EBEA-4F98-B9B4-84EACCB95AA2): 0
LogDevObjectVersion:   Dev-Platform (6631380F-2D4D-43E0-8009-CF276956A95A): 0
LogDevObjectVersion:   Dev-Rendering (12F88B9F-8875-4AFC-A67C-D90C383ABD29): 31
LogDevObjectVersion:   Dev-Sequencer (7B5AE74C-D270-4C10-A958-57980B212A5A): 11
LogDevObjectVersion:   Dev-VR (D7296918-1DD6-4BDD-9DE2-64A83CC13884): 2
LogDevObjectVersion:   Dev-LoadTimes (C2A15278-BFE7-4AFE-6C17-90FF531DF755): 1
LogDevObjectVersion:   Private-Geometry (6EACA3D4-40EC-4CC1-B786-8BED09428FC5): 3
LogDevObjectVersion:   Dev-AnimPhys (29E575DD-E0A3-4627-9D10-D276232CDCEA): 17
LogDevObjectVersion:   Dev-Anim (AF43A65D-7FD3-4947-9873-3E8ED9C1BB05): 2
LogDevObjectVersion:   Dev-ReflectionCapture (6B266CEC-1EC7-4B8F-A30B-E4D90942FC07): 1
LogDevObjectVersion:   Dev-Automation (0DF73D61-A23F-47EA-B727-89E90C41499A): 1
LogDevObjectVersion:   FortniteMain (601D1886-AC64-4F84-AA16-D3DE0DEAC7D6): 27
LogDevObjectVersion:   Dev-Enterprise (9DFFBCD6-494F-0158-E221-12823C92A888): 6
LogDevObjectVersion:   Dev-Niagara (F2AED0AC-9AFE-416F-8664-AA7FFA26D6FC): 1
LogDevObjectVersion:   Dev-Destruction (174F1F0B-B4C6-45A5-B13F-2EE8D0FB917D): 9
LogInit: Presizing for max 16777216 objects, including 0 objects not considered by GC, pre-allocating 0 bytes for permanent pool.
LogInit: Object subsystem initialized
LogConfig: Setting CVar [[con.DebugEarlyDefault:1]]
LogConfig: Setting CVar [[r.setres:1280x720]]
[2019.12.13-19.15.36:266][  0]LogConfig: Setting CVar [[r.VSync:0]]
[2019.12.13-19.15.36:267][  0]LogConfig: Setting CVar [[r.RHICmdBypass:0]]
[2019.12.13-19.15.36:268][  0]LogConfig: Applying CVar settings from Section [/Script/Engine.RendererSettings] File [D:/VRoscopy_repo/VRoscopy/UnrealEngine/VRoscopy/Saved/Config/Windows/Engine.ini]
[2019.12.13-19.15.36:268][  0]LogConfig: Setting CVar [[r.GPUCrashDebugging:0]]
[2019.12.13-19.15.36:268][  0]LogConfig: Setting CVar [[r.DefaultFeature.AmbientOcclusion:0]]
[2019.12.13-19.15.36:268][  0]LogConfig: Setting CVar [[r.DefaultFeature.AmbientOcclusionStaticFraction:0]]
[2019.12.13-19.15.36:268][  0]LogConfig: Setting CVar [[vr.InstancedStereo:1]]
[2019.12.13-19.15.36:268][  0]LogConfig: Setting CVar [[r.SeparateTranslucency:0]]
[2019.12.13-19.15.36:268][  0]LogConfig: Setting CVar [[r.HZBOcclusion:0]]
[2019.12.13-19.15.36:268][  0]LogConfig: Setting CVar [[r.SSR.MaxRoughness:0]]
[2019.12.13-19.15.36:268][  0]LogConfig: Setting CVar [[r.rhicmdbypass:0]]
[2019.12.13-19.15.36:268][  0]LogConfig: Applying CVar settings from Section [/Script/Engine.RendererOverrideSettings] File [D:/VRoscopy_repo/VRoscopy/UnrealEngine/VRoscopy/Saved/Config/Windows/Engine.ini]
[2019.12.13-19.15.36:268][  0]LogConfig: Applying CVar settings from Section [/Script/Engine.StreamingSettings] File [D:/VRoscopy_repo/VRoscopy/UnrealEngine/VRoscopy/Saved/Config/Windows/Engine.ini]
[2019.12.13-19.15.36:268][  0]LogConfig: Setting CVar [[s.MinBulkDataSizeForAsyncLoading:131072]]
[2019.12.13-19.15.36:268][  0]LogConfig: Setting CVar [[s.AsyncLoadingThreadEnabled:0]]
[2019.12.13-19.15.36:268][  0]LogConfig: Setting CVar [[s.EventDrivenLoaderEnabled:1]]
[2019.12.13-19.15.36:268][  0]LogConfig: Setting CVar [[s.WarnIfTimeLimitExceeded:0]]
[2019.12.13-19.15.36:268][  0]LogConfig: Setting CVar [[s.TimeLimitExceededMultiplier:1.5]]
[2019.12.13-19.15.36:268][  0]LogConfig: Setting CVar [[s.TimeLimitExceededMinTime:0.005]]
[2019.12.13-19.15.36:268][  0]LogConfig: Setting CVar [[s.UseBackgroundLevelStreaming:1]]
[2019.12.13-19.15.36:268][  0]LogConfig: Setting CVar [[s.PriorityAsyncLoadingExtraTime:15.0]]
[2019.12.13-19.15.36:268][  0]LogConfig: Setting CVar [[s.LevelStreamingActorsUpdateTimeLimit:5.0]]
[2019.12.13-19.15.36:268][  0]LogConfig: Setting CVar [[s.PriorityLevelStreamingActorsUpdateExtraTime:5.0]]
[2019.12.13-19.15.36:268][  0]LogConfig: Setting CVar [[s.LevelStreamingComponentsRegistrationGranularity:10]]
[2019.12.13-19.15.36:268][  0]LogConfig: Setting CVar [[s.UnregisterComponentsTimeLimit:1.0]]
[2019.12.13-19.15.36:268][  0]LogConfig: Setting CVar [[s.LevelStreamingComponentsUnregistrationGranularity:5]]
[2019.12.13-19.15.36:268][  0]LogConfig: Applying CVar settings from Section [/Script/Engine.GarbageCollectionSettings] File [D:/VRoscopy_repo/VRoscopy/UnrealEngine/VRoscopy/Saved/Config/Windows/Engine.ini]
[2019.12.13-19.15.36:269][  0]LogConfig: Setting CVar [[gc.MaxObjectsNotConsideredByGC:1]]
[2019.12.13-19.15.36:269][  0]LogConfig: Setting CVar [[gc.SizeOfPermanentObjectPool:0]]
[2019.12.13-19.15.36:269][  0]LogConfig: Setting CVar [[gc.FlushStreamingOnGC:0]]
[2019.12.13-19.15.36:269][  0]LogConfig: Setting CVar [[gc.NumRetriesBeforeForcingGC:10]]
[2019.12.13-19.15.36:269][  0]LogConfig: Setting CVar [[gc.AllowParallelGC:1]]
[2019.12.13-19.15.36:269][  0]LogConfig: Setting CVar [[gc.TimeBetweenPurgingPendingKillObjects:61.1]]
[2019.12.13-19.15.36:269][  0]LogConfig: Setting CVar [[gc.MaxObjectsInEditor:16777216]]
[2019.12.13-19.15.36:269][  0]LogConfig: Setting CVar [[gc.IncrementalBeginDestroyEnabled:1]]
[2019.12.13-19.15.36:269][  0]LogConfig: Setting CVar [[gc.CreateGCClusters:1]]
[2019.12.13-19.15.36:269][  0]LogConfig: Setting CVar [[gc.MinGCClusterSize:5]]
[2019.12.13-19.15.36:269][  0]LogConfig: Setting CVar [[gc.ActorClusteringEnabled:0]]
[2019.12.13-19.15.36:269][  0]LogConfig: Setting CVar [[gc.BlueprintClusteringEnabled:0]]
[2019.12.13-19.15.36:269][  0]LogConfig: Setting CVar [[gc.UseDisregardForGCOnDedicatedServers:0]]
[2019.12.13-19.15.36:269][  0]LogConfig: Applying CVar settings from Section [/Script/Engine.NetworkSettings] File [D:/VRoscopy_repo/VRoscopy/UnrealEngine/VRoscopy/Saved/Config/Windows/Engine.ini]
[2019.12.13-19.15.36:269][  0]LogConfig: Applying CVar settings from Section [/Script/UnrealEd.CookerSettings] File [D:/VRoscopy_repo/VRoscopy/UnrealEngine/VRoscopy/Saved/Config/Windows/Engine.ini]
[2019.12.13-19.15.36:319][  0]LogConfig: Applying CVar settings from Section [ViewDistanceQuality@3] File [D:/VRoscopy_repo/VRoscopy/UnrealEngine/VRoscopy/Saved/Config/Windows/Scalability.ini]
[2019.12.13-19.15.36:319][  0]LogConfig: Setting CVar [[r.SkeletalMeshLODBias:0]]
[2019.12.13-19.15.36:319][  0]LogConfig: Setting CVar [[r.ViewDistanceScale:1.0]]
[2019.12.13-19.15.36:319][  0]LogConfig: Applying CVar settings from Section [AntiAliasingQuality@3] File [D:/VRoscopy_repo/VRoscopy/UnrealEngine/VRoscopy/Saved/Config/Windows/Scalability.ini]
[2019.12.13-19.15.36:319][  0]LogConfig: Setting CVar [[r.PostProcessAAQuality:3]]
[2019.12.13-19.15.36:319][  0]LogConfig: Applying CVar settings from Section [ShadowQuality@3] File [D:/VRoscopy_repo/VRoscopy/UnrealEngine/VRoscopy/Saved/Config/Windows/Scalability.ini]
[2019.12.13-19.15.36:319][  0]LogConfig: Setting CVar [[r.LightFunctionQuality:1]]
[2019.12.13-19.15.36:319][  0]LogConfig: Setting CVar [[r.ShadowQuality:5]]
[2019.12.13-19.15.36:319][  0]LogConfig: Setting CVar [[r.Shadow.CSM.MaxCascades:10]]
[2019.12.13-19.15.36:319][  0]LogConfig: Setting CVar [[r.Shadow.MaxResolution:2048]]
[2019.12.13-19.15.36:319][  0]LogConfig: Setting CVar [[r.Shadow.MaxCSMResolution:2048]]
[2019.12.13-19.15.36:319][  0]LogConfig: Setting CVar [[r.Shadow.RadiusThreshold:0.01]]
[2019.12.13-19.15.36:319][  0]LogConfig: Setting CVar [[r.Shadow.DistanceScale:1.0]]
[2019.12.13-19.15.36:319][  0]LogConfig: Setting CVar [[r.Shadow.CSM.TransitionScale:1.0]]
[2019.12.13-19.15.36:319][  0]LogConfig: Setting CVar [[r.Shadow.PreShadowResolutionFactor:1.0]]
[2019.12.13-19.15.36:319][  0]LogConfig: Setting CVar [[r.DistanceFieldShadowing:1]]
[2019.12.13-19.15.36:319][  0]LogConfig: Setting CVar [[r.DistanceFieldAO:1]]
[2019.12.13-19.15.36:319][  0]LogConfig: Setting CVar [[r.AOQuality:2]]
[2019.12.13-19.15.36:319][  0]LogConfig: Setting CVar [[r.VolumetricFog:1]]
[2019.12.13-19.15.36:319][  0]LogConfig: Setting CVar [[r.VolumetricFog.GridPixelSize:8]]
[2019.12.13-19.15.36:319][  0]LogConfig: Setting CVar [[r.VolumetricFog.GridSizeZ:128]]
[2019.12.13-19.15.36:319][  0]LogConfig: Setting CVar [[r.VolumetricFog.HistoryMissSupersampleCount:4]]
[2019.12.13-19.15.36:319][  0]LogConfig: Setting CVar [[r.LightMaxDrawDistanceScale:1]]
[2019.12.13-19.15.36:319][  0]LogConfig: Setting CVar [[r.CapsuleShadows:1]]
[2019.12.13-19.15.36:319][  0]LogConfig: Applying CVar settings from Section [PostProcessQuality@3] File [D:/VRoscopy_repo/VRoscopy/UnrealEngine/VRoscopy/Saved/Config/Windows/Scalability.ini]
[2019.12.13-19.15.36:319][  0]LogConfig: Setting CVar [[r.MotionBlurQuality:0]]
[2019.12.13-19.15.36:319][  0]LogConfig: Setting CVar [[r.AmbientOcclusionMipLevelFactor:0.4]]
[2019.12.13-19.15.36:319][  0]LogConfig: Setting CVar [[r.AmbientOcclusionMaxQuality:100]]
[2019.12.13-19.15.36:319][  0]LogConfig: Setting CVar [[r.AmbientOcclusionLevels:0]]
[2019.12.13-19.15.36:319][  0]LogConfig: Setting CVar [[r.AmbientOcclusionRadiusScale:1.0]]
[2019.12.13-19.15.36:319][  0]LogConfig: Setting CVar [[r.DepthOfFieldQuality:0]]
[2019.12.13-19.15.36:319][  0]LogConfig: Setting CVar [[r.RenderTargetPoolMin:400]]
[2019.12.13-19.15.36:319][  0]LogConfig: Setting CVar [[r.LensFlareQuality:0]]
[2019.12.13-19.15.36:319][  0]LogConfig: Setting CVar [[r.SceneColorFringeQuality:0]]
[2019.12.13-19.15.36:319][  0]LogConfig: Setting CVar [[r.EyeAdaptationQuality:2]]
[2019.12.13-19.15.36:319][  0]LogConfig: Setting CVar [[r.BloomQuality:1]]
[2019.12.13-19.15.36:319][  0]LogConfig: Setting CVar [[r.FastBlurThreshold:0]]
[2019.12.13-19.15.36:319][  0]LogConfig: Setting CVar [[r.Upscale.Quality:3]]
[2019.12.13-19.15.36:319][  0]LogConfig: Setting CVar [[r.Tonemapper.GrainQuantization:1]]
[2019.12.13-19.15.36:319][  0]LogConfig: Setting CVar [[r.LightShaftQuality:1]]
[2019.12.13-19.15.36:319][  0]LogConfig: Setting CVar [[r.Filter.SizeScale:1]]
[2019.12.13-19.15.36:319][  0]LogConfig: Setting CVar [[r.Tonemapper.Quality:5]]
[2019.12.13-19.15.36:319][  0]LogConfig: Setting CVar [[r.DOF.Gather.AccumulatorQuality:1        ; higher gathering accumulator quality]]
[2019.12.13-19.15.36:319][  0]LogConfig: Setting CVar [[r.DOF.Gather.PostfilterMethod:1          ; Median3x3 postfilering method]]
[2019.12.13-19.15.36:319][  0]LogConfig: Setting CVar [[r.DOF.Gather.EnableBokehSettings:0       ; no bokeh simulation when gathering]]
[2019.12.13-19.15.36:320][  0]LogConfig: Setting CVar [[r.DOF.Gather.RingCount:4                 ; medium number of samples when gathering]]
[2019.12.13-19.15.36:320][  0]LogConfig: Setting CVar [[r.DOF.Scatter.ForegroundCompositing:1    ; additive foreground scattering]]
[2019.12.13-19.15.36:320][  0]LogConfig: Setting CVar [[r.DOF.Scatter.BackgroundCompositing:2    ; additive background scattering]]
[2019.12.13-19.15.36:320][  0]LogConfig: Setting CVar [[r.DOF.Scatter.EnableBokehSettings:1      ; bokeh simulation when scattering]]
[2019.12.13-19.15.36:320][  0]LogConfig: Setting CVar [[r.DOF.Scatter.MaxSpriteRatio:0.1         ; only a maximum of 10% of scattered bokeh]]
[2019.12.13-19.15.36:320][  0]LogConfig: Setting CVar [[r.DOF.Recombine.Quality:1                ; cheap slight out of focus]]
[2019.12.13-19.15.36:320][  0]LogConfig: Setting CVar [[r.DOF.Recombine.EnableBokehSettings:0    ; no bokeh simulation on slight out of focus]]
[2019.12.13-19.15.36:320][  0]LogConfig: Setting CVar [[r.DOF.TemporalAAQuality:1                ; more stable temporal accumulation]]
[2019.12.13-19.15.36:320][  0]LogConfig: Setting CVar [[r.DOF.Kernel.MaxForegroundRadius:0.025]]
[2019.12.13-19.15.36:320][  0]LogConfig: Setting CVar [[r.DOF.Kernel.MaxBackgroundRadius:0.025]]
[2019.12.13-19.15.36:320][  0]LogConfig: Applying CVar settings from Section [TextureQuality@3] File [D:/VRoscopy_repo/VRoscopy/UnrealEngine/VRoscopy/Saved/Config/Windows/Scalability.ini]
[2019.12.13-19.15.36:320][  0]LogConfig: Setting CVar [[r.Streaming.MipBias:0]]
[2019.12.13-19.15.36:320][  0]LogConfig: Setting CVar [[r.Streaming.AmortizeCPUToGPUCopy:0]]
[2019.12.13-19.15.36:320][  0]LogConfig: Setting CVar [[r.Streaming.MaxNumTexturesToStreamPerFrame:0]]
[2019.12.13-19.15.36:320][  0]LogConfig: Setting CVar [[r.Streaming.Boost:1]]
[2019.12.13-19.15.36:320][  0]LogConfig: Setting CVar [[r.MaxAnisotropy:8]]
[2019.12.13-19.15.36:320][  0]LogConfig: Setting CVar [[r.Streaming.LimitPoolSizeToVRAM:0]]
[2019.12.13-19.15.36:320][  0]LogConfig: Setting CVar [[r.Streaming.PoolSize:1000]]
[2019.12.13-19.15.36:320][  0]LogConfig: Setting CVar [[r.Streaming.MaxEffectiveScreenSize:0]]
[2019.12.13-19.15.36:320][  0]LogConfig: Applying CVar settings from Section [EffectsQuality@3] File [D:/VRoscopy_repo/VRoscopy/UnrealEngine/VRoscopy/Saved/Config/Windows/Scalability.ini]
[2019.12.13-19.15.36:320][  0]LogConfig: Setting CVar [[r.TranslucencyLightingVolumeDim:4]]
[2019.12.13-19.15.36:320][  0]LogConfig: Setting CVar [[r.RefractionQuality:2]]
[2019.12.13-19.15.36:320][  0]LogConfig: Setting CVar [[r.SSR.Quality:0]]
[2019.12.13-19.15.36:320][  0]LogConfig: Setting CVar [[r.SceneColorFormat:2]]
[2019.12.13-19.15.36:320][  0]LogConfig: Setting CVar [[r.DetailMode:2]]
[2019.12.13-19.15.36:320][  0]LogConfig: Setting CVar [[r.TranslucencyVolumeBlur:0]]
[2019.12.13-19.15.36:320][  0]LogConfig: Setting CVar [[r.MaterialQualityLevel:1 ; High quality]]
[2019.12.13-19.15.36:320][  0]LogConfig: Setting CVar [[r.SSS.Scale:1]]
[2019.12.13-19.15.36:320][  0]LogConfig: Setting CVar [[r.SSS.SampleSet:2]]
[2019.12.13-19.15.36:320][  0]LogConfig: Setting CVar [[r.SSS.Quality:1]]
[2019.12.13-19.15.36:320][  0]LogConfig: Setting CVar [[r.SSS.HalfRes:1]]
[2019.12.13-19.15.36:320][  0]LogConfig: Setting CVar [[r.EmitterSpawnRateScale:1.0]]
[2019.12.13-19.15.36:320][  0]LogConfig: Setting CVar [[r.ParticleLightQuality:2]]
[2019.12.13-19.15.36:320][  0]LogConfig: Applying CVar settings from Section [FoliageQuality@3] File [D:/VRoscopy_repo/VRoscopy/UnrealEngine/VRoscopy/Saved/Config/Windows/Scalability.ini]
[2019.12.13-19.15.36:320][  0]LogConfig: Setting CVar [[foliage.DensityScale:1.0]]
[2019.12.13-19.15.36:320][  0]LogConfig: Setting CVar [[grass.DensityScale:1.0]]
[2019.12.13-19.15.36:336][  0]LogInit: Selected Device Profile: [Windows]
[2019.12.13-19.15.36:345][  0]LogInit: Applying CVar settings loaded from the selected device profile: [Windows]
[2019.12.13-19.15.36:370][  0]LogHAL: Display: Platform has ~ 16 GB [17107898368 / 17179869184 / 16], which maps to Larger [LargestMinGB=32, LargerMinGB=12, DefaultMinGB=8, SmallerMinGB=6, SmallestMinGB=0)
[2019.12.13-19.15.36:370][  0]LogInit: Going up to parent DeviceProfile []
[2019.12.13-19.15.36:371][  0]LogConfig: Applying CVar settings from Section [ViewDistanceQuality@3] File [D:/VRoscopy_repo/VRoscopy/UnrealEngine/VRoscopy/Saved/Config/Windows/Scalability.ini]
[2019.12.13-19.15.36:371][  0]LogConfig: Setting CVar [[r.SkeletalMeshLODBias:0]]
[2019.12.13-19.15.36:371][  0]LogConfig: Setting CVar [[r.ViewDistanceScale:1.0]]
[2019.12.13-19.15.36:371][  0]LogConfig: Applying CVar settings from Section [AntiAliasingQuality@3] File [D:/VRoscopy_repo/VRoscopy/UnrealEngine/VRoscopy/Saved/Config/Windows/Scalability.ini]
[2019.12.13-19.15.36:371][  0]LogConfig: Setting CVar [[r.PostProcessAAQuality:3]]
[2019.12.13-19.15.36:371][  0]LogConfig: Applying CVar settings from Section [ShadowQuality@3] File [D:/VRoscopy_repo/VRoscopy/UnrealEngine/VRoscopy/Saved/Config/Windows/Scalability.ini]
[2019.12.13-19.15.36:371][  0]LogConfig: Setting CVar [[r.LightFunctionQuality:1]]
[2019.12.13-19.15.36:371][  0]LogConfig: Setting CVar [[r.ShadowQuality:5]]
[2019.12.13-19.15.36:371][  0]LogConfig: Setting CVar [[r.Shadow.CSM.MaxCascades:10]]
[2019.12.13-19.15.36:371][  0]LogConfig: Setting CVar [[r.Shadow.MaxResolution:2048]]
[2019.12.13-19.15.36:371][  0]LogConfig: Setting CVar [[r.Shadow.MaxCSMResolution:2048]]
[2019.12.13-19.15.36:371][  0]LogConfig: Setting CVar [[r.Shadow.RadiusThreshold:0.01]]
[2019.12.13-19.15.36:371][  0]LogConfig: Setting CVar [[r.Shadow.DistanceScale:1.0]]
[2019.12.13-19.15.36:371][  0]LogConfig: Setting CVar [[r.Shadow.CSM.TransitionScale:1.0]]
[2019.12.13-19.15.36:371][  0]LogConfig: Setting CVar [[r.Shadow.PreShadowResolutionFactor:1.0]]
[2019.12.13-19.15.36:371][  0]LogConfig: Setting CVar [[r.DistanceFieldShadowing:1]]
[2019.12.13-19.15.36:371][  0]LogConfig: Setting CVar [[r.DistanceFieldAO:1]]
[2019.12.13-19.15.36:371][  0]LogConfig: Setting CVar [[r.AOQuality:2]]
[2019.12.13-19.15.36:371][  0]LogConfig: Setting CVar [[r.VolumetricFog:1]]
[2019.12.13-19.15.36:371][  0]LogConfig: Setting CVar [[r.VolumetricFog.GridPixelSize:8]]
[2019.12.13-19.15.36:371][  0]LogConfig: Setting CVar [[r.VolumetricFog.GridSizeZ:128]]
[2019.12.13-19.15.36:371][  0]LogConfig: Setting CVar [[r.VolumetricFog.HistoryMissSupersampleCount:4]]
[2019.12.13-19.15.36:371][  0]LogConfig: Setting CVar [[r.LightMaxDrawDistanceScale:1]]
[2019.12.13-19.15.36:371][  0]LogConfig: Setting CVar [[r.CapsuleShadows:1]]
[2019.12.13-19.15.36:371][  0]LogConfig: Applying CVar settings from Section [PostProcessQuality@3] File [D:/VRoscopy_repo/VRoscopy/UnrealEngine/VRoscopy/Saved/Config/Windows/Scalability.ini]
[2019.12.13-19.15.36:371][  0]LogConfig: Setting CVar [[r.MotionBlurQuality:0]]
[2019.12.13-19.15.36:371][  0]LogConfig: Setting CVar [[r.AmbientOcclusionMipLevelFactor:0.4]]
[2019.12.13-19.15.36:371][  0]LogConfig: Setting CVar [[r.AmbientOcclusionMaxQuality:100]]
[2019.12.13-19.15.36:371][  0]LogConfig: Setting CVar [[r.AmbientOcclusionLevels:0]]
[2019.12.13-19.15.36:371][  0]LogConfig: Setting CVar [[r.AmbientOcclusionRadiusScale:1.0]]
[2019.12.13-19.15.36:371][  0]LogConfig: Setting CVar [[r.DepthOfFieldQuality:0]]
[2019.12.13-19.15.36:371][  0]LogConfig: Setting CVar [[r.RenderTargetPoolMin:400]]
[2019.12.13-19.15.36:371][  0]LogConfig: Setting CVar [[r.LensFlareQuality:0]]
[2019.12.13-19.15.36:371][  0]LogConfig: Setting CVar [[r.SceneColorFringeQuality:0]]
[2019.12.13-19.15.36:371][  0]LogConfig: Setting CVar [[r.EyeAdaptationQuality:2]]
[2019.12.13-19.15.36:371][  0]LogConfig: Setting CVar [[r.BloomQuality:1]]
[2019.12.13-19.15.36:371][  0]LogConfig: Setting CVar [[r.FastBlurThreshold:0]]
[2019.12.13-19.15.36:371][  0]LogConfig: Setting CVar [[r.Upscale.Quality:3]]
[2019.12.13-19.15.36:371][  0]LogConfig: Setting CVar [[r.Tonemapper.GrainQuantization:1]]
[2019.12.13-19.15.36:371][  0]LogConfig: Setting CVar [[r.LightShaftQuality:1]]
[2019.12.13-19.15.36:371][  0]LogConfig: Setting CVar [[r.Filter.SizeScale:1]]
[2019.12.13-19.15.36:371][  0]LogConfig: Setting CVar [[r.Tonemapper.Quality:5]]
[2019.12.13-19.15.36:371][  0]LogConfig: Setting CVar [[r.DOF.Gather.AccumulatorQuality:1        ; higher gathering accumulator quality]]
[2019.12.13-19.15.36:371][  0]LogConfig: Setting CVar [[r.DOF.Gather.PostfilterMethod:1          ; Median3x3 postfilering method]]
[2019.12.13-19.15.36:371][  0]LogConfig: Setting CVar [[r.DOF.Gather.EnableBokehSettings:0       ; no bokeh simulation when gathering]]
[2019.12.13-19.15.36:371][  0]LogConfig: Setting CVar [[r.DOF.Gather.RingCount:4                 ; medium number of samples when gathering]]
[2019.12.13-19.15.36:371][  0]LogConfig: Setting CVar [[r.DOF.Scatter.ForegroundCompositing:1    ; additive foreground scattering]]
[2019.12.13-19.15.36:371][  0]LogConfig: Setting CVar [[r.DOF.Scatter.BackgroundCompositing:2    ; additive background scattering]]
[2019.12.13-19.15.36:371][  0]LogConfig: Setting CVar [[r.DOF.Scatter.EnableBokehSettings:1      ; bokeh simulation when scattering]]
[2019.12.13-19.15.36:371][  0]LogConfig: Setting CVar [[r.DOF.Scatter.MaxSpriteRatio:0.1         ; only a maximum of 10% of scattered bokeh]]
[2019.12.13-19.15.36:371][  0]LogConfig: Setting CVar [[r.DOF.Recombine.Quality:1                ; cheap slight out of focus]]
[2019.12.13-19.15.36:371][  0]LogConfig: Setting CVar [[r.DOF.Recombine.EnableBokehSettings:0    ; no bokeh simulation on slight out of focus]]
[2019.12.13-19.15.36:372][  0]LogConfig: Setting CVar [[r.DOF.TemporalAAQuality:1                ; more stable temporal accumulation]]
[2019.12.13-19.15.36:372][  0]LogConfig: Setting CVar [[r.DOF.Kernel.MaxForegroundRadius:0.025]]
[2019.12.13-19.15.36:372][  0]LogConfig: Setting CVar [[r.DOF.Kernel.MaxBackgroundRadius:0.025]]
[2019.12.13-19.15.36:372][  0]LogConfig: Applying CVar settings from Section [TextureQuality@3] File [D:/VRoscopy_repo/VRoscopy/UnrealEngine/VRoscopy/Saved/Config/Windows/Scalability.ini]
[2019.12.13-19.15.36:372][  0]LogConfig: Setting CVar [[r.Streaming.MipBias:0]]
[2019.12.13-19.15.36:372][  0]LogConfig: Setting CVar [[r.Streaming.AmortizeCPUToGPUCopy:0]]
[2019.12.13-19.15.36:372][  0]LogConfig: Setting CVar [[r.Streaming.MaxNumTexturesToStreamPerFrame:0]]
[2019.12.13-19.15.36:372][  0]LogConfig: Setting CVar [[r.Streaming.Boost:1]]
[2019.12.13-19.15.36:372][  0]LogConfig: Setting CVar [[r.MaxAnisotropy:8]]
[2019.12.13-19.15.36:372][  0]LogConfig: Setting CVar [[r.Streaming.LimitPoolSizeToVRAM:0]]
[2019.12.13-19.15.36:372][  0]LogConfig: Setting CVar [[r.Streaming.PoolSize:1000]]
[2019.12.13-19.15.36:372][  0]LogConfig: Setting CVar [[r.Streaming.MaxEffectiveScreenSize:0]]
[2019.12.13-19.15.36:372][  0]LogConfig: Applying CVar settings from Section [EffectsQuality@3] File [D:/VRoscopy_repo/VRoscopy/UnrealEngine/VRoscopy/Saved/Config/Windows/Scalability.ini]
[2019.12.13-19.15.36:372][  0]LogConfig: Setting CVar [[r.TranslucencyLightingVolumeDim:4]]
[2019.12.13-19.15.36:372][  0]LogConfig: Setting CVar [[r.RefractionQuality:2]]
[2019.12.13-19.15.36:372][  0]LogConfig: Setting CVar [[r.SSR.Quality:0]]
[2019.12.13-19.15.36:372][  0]LogConfig: Setting CVar [[r.SceneColorFormat:2]]
[2019.12.13-19.15.36:372][  0]LogConfig: Setting CVar [[r.DetailMode:2]]
[2019.12.13-19.15.36:372][  0]LogConfig: Setting CVar [[r.TranslucencyVolumeBlur:0]]
[2019.12.13-19.15.36:372][  0]LogConfig: Setting CVar [[r.MaterialQualityLevel:1 ; High quality]]
[2019.12.13-19.15.36:372][  0]LogConfig: Setting CVar [[r.SSS.Scale:1]]
[2019.12.13-19.15.36:372][  0]LogConfig: Setting CVar [[r.SSS.SampleSet:2]]
[2019.12.13-19.15.36:372][  0]LogConfig: Setting CVar [[r.SSS.Quality:1]]
[2019.12.13-19.15.36:372][  0]LogConfig: Setting CVar [[r.SSS.HalfRes:1]]
[2019.12.13-19.15.36:372][  0]LogConfig: Setting CVar [[r.EmitterSpawnRateScale:1.0]]
[2019.12.13-19.15.36:372][  0]LogConfig: Setting CVar [[r.ParticleLightQuality:2]]
[2019.12.13-19.15.36:372][  0]LogConfig: Applying CVar settings from Section [FoliageQuality@3] File [D:/VRoscopy_repo/VRoscopy/UnrealEngine/VRoscopy/Saved/Config/Windows/Scalability.ini]
[2019.12.13-19.15.36:372][  0]LogConfig: Setting CVar [[foliage.DensityScale:1.0]]
[2019.12.13-19.15.36:372][  0]LogConfig: Setting CVar [[grass.DensityScale:1.0]]
[2019.12.13-19.15.36:372][  0]LogConfig: Applying CVar settings from Section [Startup] File [../../../Engine/Config/ConsoleVariables.ini]
[2019.12.13-19.15.36:396][  0]LogConfig: Setting CVar [[net.UseAdaptiveNetUpdateFrequency:0]]
[2019.12.13-19.15.36:396][  0]LogConfig: Setting CVar [[p.chaos.AllowCreatePhysxBodies:1]]
[2019.12.13-19.15.36:396][  0]LogConfig: Applying CVar settings from Section [ConsoleVariables] File [D:/VRoscopy_repo/VRoscopy/UnrealEngine/VRoscopy/Saved/Config/Windows/Engine.ini]
[2019.12.13-19.15.36:418][  0]LogInit: Computer: EDEN-PC
[2019.12.13-19.15.36:418][  0]LogInit: User: eg7eg7
[2019.12.13-19.15.36:418][  0]LogInit: CPU Page size=4096, Cores=4
[2019.12.13-19.15.36:418][  0]LogInit: High frequency timer resolution =10.000000 MHz
[2019.12.13-19.15.36:419][  0]LogMemory: Memory total: Physical=15.9GB (16GB approx)
[2019.12.13-19.15.36:419][  0]LogMemory: Platform Memory Stats for Windows
[2019.12.13-19.15.36:419][  0]LogMemory: Process Physical Memory: 103.13 MB used, 103.13 MB peak
[2019.12.13-19.15.36:419][  0]LogMemory: Process Virtual Memory: 99.78 MB used, 99.78 MB peak
[2019.12.13-19.15.36:419][  0]LogMemory: Physical Memory: 14554.23 MB used,  1761.13 MB free, 16315.36 MB total
[2019.12.13-19.15.36:419][  0]LogMemory: Virtual Memory: 4673.83 MB used,  134213056.00 MB free, 134217728.00 MB total
[2019.12.13-19.15.36:422][  0]LogWindows: WindowsPlatformFeatures enabled
[2019.12.13-19.15.37:140][  0]LogInit: Using OS detected language (en-US).
[2019.12.13-19.15.37:140][  0]LogInit: Using OS detected locale (en-IL).
[2019.12.13-19.15.37:165][  0]LogTextLocalizationManager: No specific localization for 'en-US' exists, so the 'en' localization will be used.
[2019.12.13-19.15.37:904][  0]LogInit: Setting process to per monitor DPI aware
[2019.12.13-19.15.38:377][  0]LogSlate: New Slate User Created.  User Index 0, Is Virtual User: 0
[2019.12.13-19.15.38:377][  0]LogSlate: Slate User Registered.  User Index 0, Is Virtual User: 0
[2019.12.13-19.15.41:064][  0]LogHMD: Failed to initialize OpenVR with code 126
[2019.12.13-19.15.41:064][  0]LogD3D11RHI: D3D11 adapters:
[2019.12.13-19.15.41:236][  0]LogD3D11RHI:    0. 'NVIDIA GeForce RTX 2070 SUPER' (Feature Level 11_0)
[2019.12.13-19.15.41:236][  0]LogD3D11RHI:       8011/0/8157 MB DedicatedVideo/DedicatedSystem/SharedSystem, Outputs:2, VendorId:0x10de
[2019.12.13-19.15.41:238][  0]LogD3D11RHI:    1. 'Microsoft Basic Render Driver' (Feature Level 11_0)
[2019.12.13-19.15.41:238][  0]LogD3D11RHI:       0/0/8157 MB DedicatedVideo/DedicatedSystem/SharedSystem, Outputs:0, VendorId:0x1414
[2019.12.13-19.15.41:238][  0]LogD3D11RHI: Chosen D3D11 Adapter: 0
[2019.12.13-19.15.41:256][  0]LogD3D11RHI: Creating new Direct3DDevice
[2019.12.13-19.15.41:256][  0]LogD3D11RHI:     GPU DeviceId: 0x1e84 (for the marketing name, search the web for "GPU Device Id")
[2019.12.13-19.15.41:269][  0]LogWindows: EnumDisplayDevices:
[2019.12.13-19.15.41:269][  0]LogWindows:    0. 'NVIDIA GeForce RTX 2070 SUPER' (P:1 D:1)
[2019.12.13-19.15.41:269][  0]LogWindows:    1. 'NVIDIA GeForce RTX 2070 SUPER' (P:0 D:1)
[2019.12.13-19.15.41:269][  0]LogWindows:    2. 'NVIDIA GeForce RTX 2070 SUPER' (P:0 D:0)
[2019.12.13-19.15.41:270][  0]LogWindows:    3. 'NVIDIA GeForce RTX 2070 SUPER' (P:0 D:0)
[2019.12.13-19.15.41:270][  0]LogWindows: DebugString: FoundDriverCount:4 
[2019.12.13-19.15.41:270][  0]LogD3D11RHI:     Adapter Name: NVIDIA GeForce RTX 2070 SUPER
[2019.12.13-19.15.41:271][  0]LogD3D11RHI:   Driver Version: 441.66 (internal:26.21.14.4166, unified:441.66)
[2019.12.13-19.15.41:271][  0]LogD3D11RHI:      Driver Date: 12-6-2019
[2019.12.13-19.15.41:271][  0]LogRHI: Texture pool is 5607 MB (70% of 8011 MB)
[2019.12.13-19.15.41:341][  0]LogD3D11RHI: Async texture creation enabled
[2019.12.13-19.15.41:625][  0]LogD3D11RHI: GPU Timing Frequency: 1000.000000 (Debug: 2 2)
[2019.12.13-19.15.42:494][  0]LogTemp: Display: Module 'AllDesktopTargetPlatform' loaded TargetPlatform 'AllDesktop'
[2019.12.13-19.15.42:528][  0]LogTemp: Display: Module 'MacClientTargetPlatform' loaded TargetPlatform 'MacClient'
[2019.12.13-19.15.42:548][  0]LogTemp: Display: Module 'MacNoEditorTargetPlatform' loaded TargetPlatform 'MacNoEditor'
[2019.12.13-19.15.42:566][  0]LogTemp: Display: Module 'MacServerTargetPlatform' loaded TargetPlatform 'MacServer'
[2019.12.13-19.15.42:589][  0]LogTemp: Display: Module 'MacTargetPlatform' loaded TargetPlatform 'Mac'
[2019.12.13-19.15.42:635][  0]LogTemp: Display: Module 'WindowsClientTargetPlatform' loaded TargetPlatform 'WindowsClient'
[2019.12.13-19.15.42:656][  0]LogTemp: Display: Module 'WindowsNoEditorTargetPlatform' loaded TargetPlatform 'WindowsNoEditor'
[2019.12.13-19.15.42:690][  0]LogTemp: Display: Module 'WindowsServerTargetPlatform' loaded TargetPlatform 'WindowsServer'
[2019.12.13-19.15.42:708][  0]LogTemp: Display: Module 'WindowsTargetPlatform' loaded TargetPlatform 'Windows'
[2019.12.13-19.15.42:771][  0]LogTemp: Display: Module 'AndroidTargetPlatform' loaded TargetPlatform 'Android'
[2019.12.13-19.15.42:771][  0]LogTemp: Display: Module 'AndroidTargetPlatform' loaded TargetPlatform 'Android_ASTC'
[2019.12.13-19.15.42:771][  0]LogTemp: Display: Module 'AndroidTargetPlatform' loaded TargetPlatform 'Android_ATC'
[2019.12.13-19.15.42:771][  0]LogTemp: Display: Module 'AndroidTargetPlatform' loaded TargetPlatform 'Android_DXT'
[2019.12.13-19.15.42:771][  0]LogTemp: Display: Module 'AndroidTargetPlatform' loaded TargetPlatform 'Android_ETC1'
[2019.12.13-19.15.42:771][  0]LogTemp: Display: Module 'AndroidTargetPlatform' loaded TargetPlatform 'Android_ETC1a'
[2019.12.13-19.15.42:771][  0]LogTemp: Display: Module 'AndroidTargetPlatform' loaded TargetPlatform 'Android_ETC2'
[2019.12.13-19.15.42:771][  0]LogTemp: Display: Module 'AndroidTargetPlatform' loaded TargetPlatform 'Android_PVRTC'
[2019.12.13-19.15.42:771][  0]LogTemp: Display: Module 'AndroidTargetPlatform' loaded TargetPlatform 'AndroidClient'
[2019.12.13-19.15.42:771][  0]LogTemp: Display: Module 'AndroidTargetPlatform' loaded TargetPlatform 'Android_ASTCClient'
[2019.12.13-19.15.42:771][  0]LogTemp: Display: Module 'AndroidTargetPlatform' loaded TargetPlatform 'Android_ATCClient'
[2019.12.13-19.15.42:771][  0]LogTemp: Display: Module 'AndroidTargetPlatform' loaded TargetPlatform 'Android_DXTClient'
[2019.12.13-19.15.42:771][  0]LogTemp: Display: Module 'AndroidTargetPlatform' loaded TargetPlatform 'Android_ETC1Client'
[2019.12.13-19.15.42:771][  0]LogTemp: Display: Module 'AndroidTargetPlatform' loaded TargetPlatform 'Android_ETC1aClient'
[2019.12.13-19.15.42:771][  0]LogTemp: Display: Module 'AndroidTargetPlatform' loaded TargetPlatform 'Android_ETC2Client'
[2019.12.13-19.15.42:771][  0]LogTemp: Display: Module 'AndroidTargetPlatform' loaded TargetPlatform 'Android_PVRTCClient'
[2019.12.13-19.15.42:772][  0]LogTemp: Display: Module 'AndroidTargetPlatform' loaded TargetPlatform 'Android_Multi'
[2019.12.13-19.15.42:772][  0]LogTemp: Display: Module 'AndroidTargetPlatform' loaded TargetPlatform 'Android_MultiClient'
[2019.12.13-19.15.42:800][  0]LogTemp: Display: Module 'HTML5TargetPlatform' loaded TargetPlatform 'HTML5'
[2019.12.13-19.15.42:894][  0]LogTemp: Display: Module 'IOSTargetPlatform' loaded TargetPlatform 'IOSClient'
[2019.12.13-19.15.42:894][  0]LogTemp: Display: Module 'IOSTargetPlatform' loaded TargetPlatform 'IOS'
[2019.12.13-19.15.42:943][  0]LogTemp: Display: Module 'TVOSTargetPlatform' loaded TargetPlatform 'TVOSClient'
[2019.12.13-19.15.42:943][  0]LogTemp: Display: Module 'TVOSTargetPlatform' loaded TargetPlatform 'TVOS'
[2019.12.13-19.15.42:974][  0]LogTemp: Display: Module 'LinuxClientTargetPlatform' loaded TargetPlatform 'LinuxClient'
[2019.12.13-19.15.42:997][  0]LogTemp: Display: Module 'LinuxNoEditorTargetPlatform' loaded TargetPlatform 'LinuxNoEditor'
[2019.12.13-19.15.43:118][  0]LogTemp: Display: Module 'LinuxServerTargetPlatform' loaded TargetPlatform 'LinuxServer'
[2019.12.13-19.15.43:144][  0]LogTemp: Display: Module 'LinuxTargetPlatform' loaded TargetPlatform 'Linux'
[2019.12.13-19.15.43:179][  0]LogTemp: Display: Module 'LuminTargetPlatform' loaded TargetPlatform 'Lumin'
[2019.12.13-19.15.43:179][  0]LogTemp: Display: Module 'LuminTargetPlatform' loaded TargetPlatform 'LuminClient'
[2019.12.13-19.15.43:179][  0]LogTargetPlatformManager: Display: Building Assets For Windows
[2019.12.13-19.15.43:366][  0]LogAudioDebug: Display: Lib vorbis DLL was dynamically loaded.
[2019.12.13-19.15.44:110][  0]LogShaderCompilers: Guid format shader working directory is -2 characters bigger than the processId version (D:/VRoscopy_repo/VRoscopy/UnrealEngine/VRoscopy/Intermediate/Shaders/WorkingDirectory/18428/).
[2019.12.13-19.15.44:110][  0]LogShaderCompilers: Cleaned the shader compiler working directory 'C:/Users/eg7eg/AppData/Local/Temp/UnrealShaderWorkingDir/A21ADBC441066150D8BD30B3B658DFBF/'.
[2019.12.13-19.15.44:128][  0]LogXGEController: Cleaning working directory: C:/Users/eg7eg/AppData/Local/Temp/UnrealXGEWorkingDir/
[2019.12.13-19.15.44:131][  0]LogShaderCompilers: Display: Using XGE Shader Compiler (Interception Interface).
[2019.12.13-19.15.49:843][  0]LogDerivedDataCache: Display: Max Cache Size: 512 MB
[2019.12.13-19.15.49:947][  0]LogDerivedDataCache: Loaded boot cache 0.10s 90MB C:/Users/eg7eg/AppData/Local/UnrealEngine/4.23/DerivedDataCache/Boot.ddc.
[2019.12.13-19.15.49:947][  0]LogDerivedDataCache: Display: Loaded Boot cache: C:/Users/eg7eg/AppData/Local/UnrealEngine/4.23/DerivedDataCache/Boot.ddc
[2019.12.13-19.15.49:947][  0]LogDerivedDataCache: FDerivedDataBackendGraph:  Pak pak cache file D:/VRoscopy_repo/VRoscopy/UnrealEngine/VRoscopy/DerivedDataCache/DDC.ddp not found, will not use a pak cache.
[2019.12.13-19.15.49:947][  0]LogDerivedDataCache: Unable to find inner node Pak for hierarchical cache Hierarchy.
[2019.12.13-19.15.49:947][  0]LogDerivedDataCache: FDerivedDataBackendGraph:  CompressedPak pak cache file D:/VRoscopy_repo/VRoscopy/UnrealEngine/VRoscopy/DerivedDataCache/Compressed.ddp not found, will not use a pak cache.
[2019.12.13-19.15.49:947][  0]LogDerivedDataCache: Unable to find inner node CompressedPak for hierarchical cache Hierarchy.
[2019.12.13-19.15.50:013][  0]LogDerivedDataCache: Display: Pak cache opened for reading ../../../Engine/DerivedDataCache/Compressed.ddp.
[2019.12.13-19.15.50:014][  0]LogDerivedDataCache: FDerivedDataBackendGraph:  EnterprisePak pak cache file ../../../Enterprise/DerivedDataCache/Compressed.ddp not found, will not use a pak cache.
[2019.12.13-19.15.50:014][  0]LogDerivedDataCache: Unable to find inner node EnterprisePak for hierarchical cache Hierarchy.
[2019.12.13-19.15.50:015][  0]LogDerivedDataCache: Using Local data cache path C:/Users/eg7eg/AppData/Local/UnrealEngine/Common/DerivedDataCache: Writable
[2019.12.13-19.15.50:015][  0]LogDerivedDataCache: Shared data cache path not found in *engine.ini, will not use an Shared cache.
[2019.12.13-19.15.50:015][  0]LogDerivedDataCache: Unable to find inner node Shared for hierarchical cache Hierarchy.
[2019.12.13-19.15.50:075][  0]LogMaterial: Verifying Global Shaders for PCD3D_SM5
[2019.12.13-19.15.50:145][  0]LogSlate: Using FreeType 2.6.0
[2019.12.13-19.15.50:226][  0]LogSlate: SlateFontServices - WITH_FREETYPE: 1, WITH_HARFBUZZ: 1
[2019.12.13-19.15.51:067][  0]LogAssetRegistry: FAssetRegistry took 0.0079 seconds to start up
[2019.12.13-19.15.54:947][  0]LogAssetRegistry: Error: Failed to open file for write D:/VRoscopy_repo/VRoscopy/UnrealEngine/VRoscopy/Intermediate/CachedAssetRegistry.bin
[2019.12.13-19.15.54:947][  0]LogInit: Selected Device Profile: [Windows]
[2019.12.13-19.15.56:187][  0]LogMeshReduction: Using QuadricMeshReduction for automatic static mesh reduction
[2019.12.13-19.15.56:187][  0]LogMeshReduction: Using SimplygonMeshReduction for automatic skeletal mesh reduction
[2019.12.13-19.15.56:187][  0]LogMeshReduction: Using ProxyLODMeshReduction for automatic mesh merging
[2019.12.13-19.15.56:187][  0]LogMeshReduction: No distributed automatic mesh merging module available
[2019.12.13-19.15.56:195][  0]LogMeshMerging: No distributed automatic mesh merging module available
[2019.12.13-19.15.56:465][  0]LogNetVersion: VRoscopy 1.0.0, NetCL: 8386587, EngineNetVer: 11, GameNetVer: 0 (Checksum: 931555030)
[2019.12.13-19.16.00:198][  0]LogAssetRegistry: Error: Failed to open file for write D:/VRoscopy_repo/VRoscopy/UnrealEngine/VRoscopy/Intermediate/AssetRegistryCache/866581fd.bin
[2019.12.13-19.16.00:206][  0]LogAssetRegistry: Error: Failed to open file for write D:/VRoscopy_repo/VRoscopy/UnrealEngine/VRoscopy/Intermediate/AssetRegistryCache/6bead350.bin
[2019.12.13-19.16.00:218][  0]LogAssetRegistry: Error: Failed to open file for write D:/VRoscopy_repo/VRoscopy/UnrealEngine/VRoscopy/Intermediate/AssetRegistryCache/50a675f9.bin
[2019.12.13-19.16.00:226][  0]LogAssetRegistry: Error: Failed to open file for write D:/VRoscopy_repo/VRoscopy/UnrealEngine/VRoscopy/Intermediate/AssetRegistryCache/c36c8202.bin
[2019.12.13-19.16.00:231][  0]LogAssetRegistry: Error: Failed to open file for write D:/VRoscopy_repo/VRoscopy/UnrealEngine/VRoscopy/Intermediate/AssetRegistryCache/8e9331e2.bin
[2019.12.13-19.16.00:238][  0]LogAssetRegistry: Error: Failed to open file for write D:/VRoscopy_repo/VRoscopy/UnrealEngine/VRoscopy/Intermediate/AssetRegistryCache/caa62944.bin
[2019.12.13-19.16.00:246][  0]LogAssetRegistry: Error: Failed to open file for write D:/VRoscopy_repo/VRoscopy/UnrealEngine/VRoscopy/Intermediate/AssetRegistryCache/1f683343.bin
[2019.12.13-19.16.00:249][  0]LogPackageLocalizationCache: Processed 14 localized package path(s) for 1 prioritized culture(s) in 0.097117 seconds
[2019.12.13-19.16.00:256][  0]LogUObjectArray: 43444 objects as part of root set at end of initial load.
[2019.12.13-19.16.00:256][  0]LogUObjectAllocator: 7548648 out of 0 bytes used by permanent object pool.
[2019.12.13-19.16.00:256][  0]LogUObjectArray: CloseDisregardForGC: 0/0 objects in disregard for GC pool
[2019.12.13-19.16.09:835][  0]LogPython: Using Python 2.7.14
[2019.12.13-19.16.13:137][  0]LogTcpMessaging: Initializing TcpMessaging bridge
[2019.12.13-19.16.13:174][  0]LogUdpMessaging: Initializing bridge on interface 0.0.0.0:0 to multicast group 230.0.0.1:6666.
[2019.12.13-19.16.13:987][  0]SourceControl: Source control is disabled
[2019.12.13-19.16.14:000][  0]SourceControl: Source control is disabled
[2019.12.13-19.16.14:134][  0]SourceControl: Source control is disabled
[2019.12.13-19.16.14:165][  0]SourceControl: Source control is disabled
[2019.12.13-19.16.15:941][  0]LogAndroidPermission: UAndroidPermissionCallbackProxy::GetInstance
[2019.12.13-19.16.17:002][  0]LogOcInput: OculusInput pre-init called
[2019.12.13-19.16.17:073][  0]LogWindows: Failed to load 'OVRPlugin.dll' (GetLastError=126)
[2019.12.13-19.16.17:073][  0]LogWindows: File 'OVRPlugin.dll' does not exist
[2019.12.13-19.16.18:693][  0]LogEngine: Initializing Engine...
[2019.12.13-19.16.18:769][  0]LogHMD: Failed to initialize OpenVR with code 126
[2019.12.13-19.16.18:821][  0]LogStats: UGameplayTagsManager::InitializeManager -  0.018 s
[2019.12.13-19.16.19:679][  0]LogInit: Initializing FReadOnlyCVARCache
[2019.12.13-19.16.20:162][  0]LogAIModule: Creating AISystem for world Untitled
[2019.12.13-19.16.20:417][  0]LogInit: XAudio2 using 'Speakers (Realtek High Definition Audio)' : 2 channels at 48 kHz using 32 bits per sample (channel mask 0x3)
[2019.12.13-19.16.20:902][  0]LogInit: FAudioDevice initialized.
[2019.12.13-19.16.20:903][  0]LogNetVersion: Set ProjectVersion to 1.0.0.0. Version Checksum will be recalculated on next use.
[2019.12.13-19.16.20:945][  0]LogDerivedDataCache: Saved boot cache 0.04s 90MB C:/Users/eg7eg/AppData/Local/UnrealEngine/4.23/DerivedDataCache/Boot.ddc.
[2019.12.13-19.16.20:954][  0]LogInit: Texture streaming: Enabled
[2019.12.13-19.16.21:407][  0]LogEngineSessionManager: EngineSessionManager initialized
[2019.12.13-19.16.22:119][  0]LogInit: Transaction tracking system initialized
[2019.12.13-19.16.23:552][  0]BlueprintLog: New page: Editor Load
[2019.12.13-19.16.25:031][  0]LocalizationService: Localization service is disabled
[2019.12.13-19.16.28:279][  0]LogFileCache: Scanning file cache for directory 'D:/VRoscopy_repo/VRoscopy/UnrealEngine/VRoscopy/Content/' took 0.01s
[2019.12.13-19.16.28:279][  0]LogCook: Display: Max memory allowance for cook 16384mb min free memory 0mb
[2019.12.13-19.16.28:279][  0]LogCook: Display: Mobile HDR setting 1
[2019.12.13-19.16.31:040][  0]SourceControl: Source control is disabled
[2019.12.13-19.16.31:100][  0]Cmd: MAP LOAD FILE="D:/VRoscopy_repo/VRoscopy/UnrealEngine/VRoscopy/Content/MainLevel.umap" TEMPLATE=0 SHOWPROGRESS=1 FEATURELEVEL=3
[2019.12.13-19.16.31:102][  0]LightingResults: New page: Lighting Build
[2019.12.13-19.16.31:258][  0]LogWorld: UWorld::CleanupWorld for Untitled, bSessionEnded=true, bCleanupResources=true
[2019.12.13-19.16.31:331][  0]MapCheck: New page: Map Check
[2019.12.13-19.16.31:331][  0]LightingResults: New page: Lighting Build
[2019.12.13-19.16.31:741][  0]LogUObjectHash: Compacting FUObjectHashTables data took   1.32ms
[2019.12.13-19.16.32:892][  0]LogBlueprint: Error: [Compiler PersistentLevel.MainLevel] This blueprint (self) is not a FileChooser, therefore ' Target ' must have a connection.
[2019.12.13-19.16.32:892][  0]LogBlueprint: Error: [Compiler PersistentLevel.MainLevel] This blueprint (self) is not a FileChooser, therefore ' Target ' must have a connection.
[2019.12.13-19.16.35:145][  0]LogAIModule: Creating AISystem for world MainLevel
[2019.12.13-19.16.35:636][  0]LogEditorServer: Finished looking for orphan Actors (0.000 secs)
[2019.12.13-19.16.35:728][  0]LogUObjectHash: Compacting FUObjectHashTables data took   1.79ms
[2019.12.13-19.16.35:728][  0]Cmd: MAP CHECKDEP NOCLEARLOG
[2019.12.13-19.16.35:729][  0]MapCheck: Map check complete: 0 Error(s), 0 Warning(s), took 0.855ms to complete.
[2019.12.13-19.16.35:729][  0]LogFileHelpers: Loading map 'MainLevel' took 4.639
[2019.12.13-19.16.37:502][  0]LogSlate: Updating window title bar state: overlay mode, drag disabled, window buttons hidden, title bar hidden
[2019.12.13-19.16.37:532][  0]LogSlate: Updating window title bar state: overlay mode, drag disabled, window buttons hidden, title bar hidden
[2019.12.13-19.16.37:545][  0]LogSlate: Updating window title bar state: overlay mode, drag disabled, window buttons hidden, title bar hidden
[2019.12.13-19.16.37:551][  0]LogSlate: Updating window title bar state: overlay mode, drag disabled, window buttons hidden, title bar hidden
[2019.12.13-19.16.37:609][  0]LogCollectionManager: Loaded 0 collections in 0.000853 seconds
[2019.12.13-19.16.37:711][  0]LogFileCache: Scanning file cache for directory 'D:/VRoscopy_repo/VRoscopy/UnrealEngine/VRoscopy/Saved/Collections/' took 0.00s
[2019.12.13-19.16.37:711][  0]LogFileCache: Scanning file cache for directory 'D:/VRoscopy_repo/VRoscopy/UnrealEngine/VRoscopy/Content/Developers/eg7eg7/Collections/' took 0.00s
[2019.12.13-19.16.37:712][  0]LogFileCache: Scanning file cache for directory 'D:/VRoscopy_repo/VRoscopy/UnrealEngine/VRoscopy/Content/Collections/' took 0.00s
[2019.12.13-19.16.37:712][  0]LogCollectionManager: Rebuilt the GUID cache for 0 collections in 0.000003 seconds
[2019.12.13-19.16.37:737][  0]LogContentBrowser: Native class hierarchy populated in 0.0239 seconds. Added 2909 classes and 696 folders.
[2019.12.13-19.16.37:833][  0]LogContentBrowser: Native class hierarchy updated for 'WidgetCarousel' in 0.0002 seconds. Added 0 classes and 0 folders.
[2019.12.13-19.16.39:402][  0]LogContentBrowser: Native class hierarchy updated for 'AddContentDialog' in 0.0002 seconds. Added 0 classes and 0 folders.
[2019.12.13-19.16.39:438][  0]LogContentBrowser: Native class hierarchy updated for 'SceneOutliner' in 0.0002 seconds. Added 1 classes and 2 folders.
[2019.12.13-19.16.40:229][  0]LogSlate: Took 0.011895 seconds to synchronously load lazily loaded font '../../../Engine/Content/Slate/Fonts/Roboto-Regular.ttf' (155K)
[2019.12.13-19.16.40:245][  0]LogSlate: Took 0.014433 seconds to synchronously load lazily loaded font '../../../Engine/Content/Slate/Fonts/Roboto-Bold.ttf' (160K)
[2019.12.13-19.16.40:318][  0]LogSlate: Took 0.021165 seconds to synchronously load lazily loaded font '../../../Engine/Content/Editor/Slate/Fonts/FontAwesome.ttf' (139K)
[2019.12.13-19.16.40:660][  0]LogRenderer: Reallocating scene render targets to support 1112x492 Format 26 NumSamples 1 (Frame:1).
[2019.12.13-19.16.41:306][  0]LogContentBrowser: Native class hierarchy updated for 'HierarchicalLODOutliner' in 0.0003 seconds. Added 0 classes and 0 folders.
[2019.12.13-19.16.41:306][  0]LogLoad: (Engine Initialization) Total time: 78.40 seconds
[2019.12.13-19.16.41:307][  0]LogLoad: (Engine Initialization) Total Blueprint compile time: 0.00 seconds
[2019.12.13-19.16.41:828][  0]LogContentStreaming: Texture pool size now 1000 MB
[2019.12.13-19.16.42:090][  1]LogPython: Error: Could not load Python file 'C:/integrationcourseenv/Projects/!!!AfekaFinalProject/VRoscopy/UnrealEngine/VRoscopy/PythonScripts/import_mesh_from_fbx.py' (resolved from 'C:\integrationcourseenv\Projects\!!!AfekaFinalProject\VRoscopy\UnrealEngine\VRoscopy\PythonScripts\import_mesh_from_fbx.py')
[2019.12.13-19.16.43:893][ 16]LogPython: Display: Generating Python API stub file...
[2019.12.13-19.16.44:050][ 16]LogPython: Display:   ...generating Python API: glue code
[2019.12.13-19.16.44:947][ 16]LogPython: Display:   ...generating Python API: additional code
[2019.12.13-19.16.45:030][ 16]LogPython: Display:   ...generated: D:/VRoscopy_repo/VRoscopy/UnrealEngine/VRoscopy/Intermediate/PythonStub/unreal.py
[2019.12.13-19.16.45:651][ 25]LogAssetRegistry: Asset discovery search completed in 54.5864 seconds
[2019.12.13-19.16.45:702][ 25]LogCollectionManager: Rebuilt the object cache for 0 collections in 0.000004 seconds (found 0 objects)
[2019.12.13-19.16.45:702][ 25]LogCollectionManager: Fixed up redirectors for 0 collections in 0.001242 seconds (updated 0 objects)
[2019.12.13-19.28.25:950][248]LogSlate: FSceneViewport::OnFocusLost() reason 0
[2019.12.13-19.28.26:145][259]LogUObjectHash: Compacting FUObjectHashTables data took   0.64ms
[2019.12.13-19.28.26:418][259]LogSlate: Window 'VRoscopy - Unreal Editor' being destroyed
[2019.12.13-19.28.26:842][260]Cmd: QUIT_EDITOR
[2019.12.13-19.28.27:749][260]LogWindowsTextInputMethodSystem: Display: IME system now deactivated.
[2019.12.13-19.28.27:931][260]LogExit: Preparing to exit.
[2019.12.13-19.28.28:033][260]LogUObjectHash: Compacting FUObjectHashTables data took   3.22ms
[2019.12.13-19.28.30:213][260]LogWorld: UWorld::CleanupWorld for None, bSessionEnded=true, bCleanupResources=true
[2019.12.13-19.28.30:226][260]LogExit: Editor shut down
[2019.12.13-19.28.30:226][260]LogExit: Transaction tracking system shut down
[2019.12.13-19.28.30:281][260]LogDemo: Cleaned up 0 splitscreen connections with owner deletion
[2019.12.13-19.28.33:936][260]LogExit: Object subsystem successfully closed.
[2019.12.13-19.28.34:376][260]LogShaderCompilers: Display: Shaders left to compile 0
[2019.12.13-19.28.36:957][260]LogModuleManager: Shutting down and abandoning module HierarchicalLODOutliner (680)
[2019.12.13-19.28.36:957][260]LogModuleManager: Shutting down and abandoning module SceneOutliner (678)
[2019.12.13-19.28.36:957][260]LogModuleManager: Shutting down and abandoning module AddContentDialog (676)
[2019.12.13-19.28.36:989][260]LogModuleManager: Shutting down and abandoning module WidgetCarousel (675)
[2019.12.13-19.28.36:989][260]LogModuleManager: Shutting down and abandoning module EditorWidgets (672)
[2019.12.13-19.28.36:989][260]LogModuleManager: Shutting down and abandoning module CollectionManager (670)
[2019.12.13-19.28.36:997][260]LogModuleManager: Shutting down and abandoning module StatsViewer (668)
[2019.12.13-19.28.37:033][260]LogModuleManager: Shutting down and abandoning module VirtualTexturingEditor (666)
[2019.12.13-19.28.37:033][260]LogModuleManager: Shutting down and abandoning module FoliageEdit (664)
[2019.12.13-19.28.37:057][260]LogModuleManager: Shutting down and abandoning module LandscapeEditor (662)
[2019.12.13-19.28.37:137][260]LogModuleManager: Shutting down and abandoning module MeshPaintMode (660)
[2019.12.13-19.28.37:144][260]LogModuleManager: Shutting down and abandoning module SceneDepthPickerMode (658)
[2019.12.13-19.28.37:144][260]LogModuleManager: Shutting down and abandoning module ActorPickerMode (656)
[2019.12.13-19.28.37:144][260]LogModuleManager: Shutting down and abandoning module GeometryMode (654)
[2019.12.13-19.28.37:156][260]LogModuleManager: Shutting down and abandoning module TextureAlignMode (652)
[2019.12.13-19.28.37:156][260]LogModuleManager: Shutting down and abandoning module BspMode (650)
[2019.12.13-19.28.37:156][260]LogModuleManager: Shutting down and abandoning module PIEPreviewDeviceProfileSelector (648)
[2019.12.13-19.28.37:166][260]LogModuleManager: Shutting down and abandoning module SequenceRecorderSections (646)
[2019.12.13-19.28.37:166][260]LogModuleManager: Shutting down and abandoning module AutomationWorker (644)
[2019.12.13-19.28.37:184][260]LogModuleManager: Shutting down and abandoning module OculusMR (642)
[2019.12.13-19.28.37:184][260]LogModuleManager: Shutting down and abandoning module AudioCaptureEditor (640)
[2019.12.13-19.28.37:190][260]LogModuleManager: Shutting down and abandoning module MatineeToLevelSequence (638)
[2019.12.13-19.28.37:199][260]LogModuleManager: Shutting down and abandoning module LevelSequenceEditor (636)
[2019.12.13-19.28.37:301][260]LogModuleManager: Shutting down and abandoning module PlacementMode (635)
[2019.12.13-19.28.37:301][260]LogModuleManager: Shutting down and abandoning module MaterialEditor (634)
[2019.12.13-19.28.37:327][260]LogModuleManager: Shutting down and abandoning module ActorSequenceEditor (630)
[2019.12.13-19.28.37:351][260]LogModuleManager: Shutting down and abandoning module WmfMediaFactory (628)
[2019.12.13-19.28.37:351][260]LogModuleManager: Shutting down and abandoning module WmfMediaEditor (626)
[2019.12.13-19.28.37:351][260]LogModuleManager: Shutting down and abandoning module WebMMediaFactory (624)
[2019.12.13-19.28.37:367][260]LogModuleManager: Shutting down and abandoning module WebMMediaEditor (622)
[2019.12.13-19.28.37:367][260]LogModuleManager: Shutting down and abandoning module WebMMedia (620)
[2019.12.13-19.28.37:375][260]LogModuleManager: Shutting down and abandoning module MediaPlayerEditor (618)
[2019.12.13-19.28.37:398][260]LogModuleManager: Shutting down and abandoning module MediaCompositingEditor (616)
[2019.12.13-19.28.37:455][260]LogModuleManager: Shutting down and abandoning module SequenceRecorder (615)
[2019.12.13-19.28.37:455][260]LogModuleManager: Shutting down and abandoning module OpenExrWrapper (612)
[2019.12.13-19.28.37:455][260]LogModuleManager: Shutting down and abandoning module ImgMediaFactory (610)
[2019.12.13-19.28.37:455][260]LogModuleManager: Shutting down and abandoning module ImgMediaEditor (608)
[2019.12.13-19.28.37:455][260]LogModuleManager: Shutting down and abandoning module AvfMediaFactory (606)
[2019.12.13-19.28.37:455][260]LogModuleManager: Shutting down and abandoning module AvfMediaEditor (604)
[2019.12.13-19.28.37:455][260]LogModuleManager: Shutting down and abandoning module AndroidMediaFactory (602)
[2019.12.13-19.28.37:455][260]LogModuleManager: Shutting down and abandoning module AndroidMediaEditor (600)
[2019.12.13-19.28.37:455][260]LogModuleManager: Shutting down and abandoning module MagicLeapCameraPreviewFactory (598)
[2019.12.13-19.28.37:455][260]LogModuleManager: Shutting down and abandoning module MagicLeapMediaCodecFactory (596)
[2019.12.13-19.28.37:463][260]LogModuleManager: Shutting down and abandoning module MagicLeapMediaFactory (594)
[2019.12.13-19.28.37:464][260]LogModuleManager: Shutting down and abandoning module MagicLeapMediaEditor (592)
[2019.12.13-19.28.37:464][260]LogModuleManager: Shutting down and abandoning module CharacterAI (590)
[2019.12.13-19.28.37:464][260]LogModuleManager: Shutting down and abandoning module SmartSnapping (588)
[2019.12.13-19.28.37:464][260]LogModuleManager: Shutting down and abandoning module SessionServices (586)
[2019.12.13-19.28.37:464][260]LogModuleManager: Shutting down and abandoning module MeshPaint (584)
[2019.12.13-19.28.37:475][260]LogModuleManager: Shutting down and abandoning module ViewportSnapping (582)
[2019.12.13-19.28.37:475][260]LogModuleManager: Shutting down and abandoning module ViewportInteraction (580)
[2019.12.13-19.28.37:475][260]LogModuleManager: Shutting down and abandoning module ClothPainter (578)
[2019.12.13-19.28.37:521][260]LogModuleManager: Shutting down and abandoning module SkeletalMeshEditor (577)
[2019.12.13-19.28.37:526][260]LogModuleManager: Shutting down and abandoning module LogVisualizer (574)
[2019.12.13-19.28.37:558][260]LogModuleManager: Shutting down and abandoning module IntroTutorials (572)
[2019.12.13-19.28.37:567][260]LogModuleManager: Shutting down and abandoning module GameProjectGeneration (571)
[2019.12.13-19.28.37:567][260]LogModuleManager: Shutting down and abandoning module LuminPlatformEditor (568)
[2019.12.13-19.28.37:567][260]LogModuleManager: Shutting down and abandoning module IOSPlatformEditor (566)
[2019.12.13-19.28.37:567][260]LogModuleManager: Shutting down and abandoning module HTML5PlatformEditor (564)
[2019.12.13-19.28.37:567][260]LogModuleManager: Shutting down and abandoning module AndroidPlatformEditor (562)
[2019.12.13-19.28.37:567][260]LogModuleManager: Shutting down and abandoning module AndroidDeviceDetection (561)
[2019.12.13-19.28.37:825][260]LogModuleManager: Shutting down and abandoning module WindowsPlatformEditor (558)
[2019.12.13-19.28.37:825][260]LogModuleManager: Shutting down and abandoning module LuminRuntimeSettings (556)
[2019.12.13-19.28.37:825][260]LogModuleManager: Shutting down and abandoning module IOSRuntimeSettings (554)
[2019.12.13-19.28.37:825][260]LogModuleManager: Shutting down and abandoning module AndroidRuntimeSettings (552)
[2019.12.13-19.28.37:825][260]LogModuleManager: Shutting down and abandoning module TimeManagementEditor (550)
[2019.12.13-19.28.37:843][260]LogModuleManager: Shutting down and abandoning module InputBindingEditor (548)
[2019.12.13-19.28.37:880][260]LogModuleManager: Shutting down and abandoning module MergeActors (546)
[2019.12.13-19.28.37:926][260]LogModuleManager: Shutting down and abandoning module LocalizationDashboard (544)
[2019.12.13-19.28.37:976][260]LogModuleManager: Shutting down and abandoning module LocalizationService (543)
[2019.12.13-19.28.37:990][260]LogModuleManager: Shutting down and abandoning module HardwareTargeting (540)
[2019.12.13-19.28.37:990][260]LogModuleManager: Shutting down and abandoning module DeviceProfileEditor (538)
[2019.12.13-19.28.37:997][260]LogModuleManager: Shutting down and abandoning module UndoHistory (536)
[2019.12.13-19.28.38:039][260]LogModuleManager: Shutting down and abandoning module XmlParser (534)
[2019.12.13-19.28.38:050][260]LogModuleManager: Shutting down and abandoning module Blutility (532)
[2019.12.13-19.28.38:050][260]LogModuleManager: Shutting down and abandoning module ProjectSettingsViewer (530)
[2019.12.13-19.28.38:050][260]LogModuleManager: Shutting down and abandoning module ProjectTargetPlatformEditor (529)
[2019.12.13-19.28.38:068][260]LogModuleManager: Shutting down and abandoning module EditorSettingsViewer (526)
[2019.12.13-19.28.38:084][260]LogModuleManager: Shutting down and abandoning module SettingsEditor (524)
[2019.12.13-19.28.38:084][260]LogModuleManager: Shutting down and abandoning module ProjectLauncher (522)
[2019.12.13-19.28.38:138][260]LogModuleManager: Shutting down and abandoning module SessionFrontend (520)
[2019.12.13-19.28.38:145][260]LogModuleManager: Shutting down and abandoning module ProfilerClient (518)
[2019.12.13-19.28.38:170][260]LogModuleManager: Shutting down and abandoning module DeviceManager (516)
[2019.12.13-19.28.38:188][260]LogModuleManager: Shutting down and abandoning module TargetDeviceServices (515)
[2019.12.13-19.28.38:238][260]LogModuleManager: Shutting down and abandoning module AutomationController (512)
[2019.12.13-19.28.38:247][260]LogModuleManager: Shutting down and abandoning module AutomationWindow (510)
[2019.12.13-19.28.38:257][260]LogModuleManager: Shutting down and abandoning module Layers (508)
[2019.12.13-19.28.38:274][260]LogModuleManager: Shutting down and abandoning module ComponentVisualizers (506)
[2019.12.13-19.28.38:274][260]LogModuleManager: Shutting down and abandoning module DetailCustomizations (504)
[2019.12.13-19.28.38:274][260]LogModuleManager: Shutting down and abandoning module PackagesDialog (502)
[2019.12.13-19.28.38:292][260]LogModuleManager: Shutting down and abandoning module AnimationBlueprintEditor (500)
[2019.12.13-19.28.38:308][260]LogModuleManager: Shutting down and abandoning module Persona (498)
[2019.12.13-19.28.38:368][260]LogModuleManager: Shutting down and abandoning module AdvancedPreviewScene (497)
[2019.12.13-19.28.38:368][260]LogModuleManager: Shutting down and abandoning module AnimGraph (495)
[2019.12.13-19.28.38:368][260]LogModuleManager: Shutting down and abandoning module Kismet (492)
[2019.12.13-19.28.38:391][260]LogModuleManager: Shutting down and abandoning module KismetWidgets (491)
[2019.12.13-19.28.38:393][260]LogModuleManager: Shutting down and abandoning module GraphEditor (488)
[2019.12.13-19.28.38:393][260]LogModuleManager: Shutting down and abandoning module StructViewer (486)
[2019.12.13-19.28.38:398][260]LogModuleManager: Shutting down and abandoning module ClassViewer (484)
[2019.12.13-19.28.38:399][260]LogModuleManager: Shutting down and abandoning module Toolbox (482)
[2019.12.13-19.28.38:413][260]LogModuleManager: Shutting down and abandoning module DesktopPlatform (481)
[2019.12.13-19.28.38:418][260]LogModuleManager: Shutting down and abandoning module ModuleUI (478)
[2019.12.13-19.28.38:425][260]LogModuleManager: Shutting down and abandoning module MovieSceneTools (476)
[2019.12.13-19.28.38:468][260]LogModuleManager: Shutting down and abandoning module OutputLog (474)
[2019.12.13-19.28.38:468][260]LogModuleManager: Shutting down and abandoning module GammaUI (472)
[2019.12.13-19.28.38:476][260]LogModuleManager: Shutting down and abandoning module Documentation (470)
[2019.12.13-19.28.38:476][260]LogModuleManager: Shutting down and abandoning module LiveCoding (468)
[2019.12.13-19.28.38:490][260]LogModuleManager: Shutting down and abandoning module LevelSequence (466)
[2019.12.13-19.28.38:490][260]LogModuleManager: Shutting down and abandoning module MovieSceneTracks (464)
[2019.12.13-19.28.38:490][260]LogModuleManager: Shutting down and abandoning module MovieScene (462)
[2019.12.13-19.28.38:513][260]LogModuleManager: Shutting down and abandoning module StreamingPauseRendering (460)
[2019.12.13-19.28.38:523][260]LogModuleManager: Shutting down and abandoning module LauncherPlatform (458)
[2019.12.13-19.28.38:523][260]LogModuleManager: Shutting down and abandoning module AnalyticsET (456)
[2019.12.13-19.28.38:523][260]LogModuleManager: Shutting down and abandoning module PortalServices (454)
[2019.12.13-19.28.38:523][260]LogModuleManager: Shutting down and abandoning module PortalRpc (452)
[2019.12.13-19.28.38:523][260]LogModuleManager: Shutting down and abandoning module MessagingRpc (450)
[2019.12.13-19.28.38:523][260]LogModuleManager: Shutting down and abandoning module AIModule (448)
[2019.12.13-19.28.38:536][260]LogModuleManager: Shutting down and abandoning module GameplayDebugger (447)
[2019.12.13-19.28.38:550][260]LogModuleManager: Shutting down and abandoning module AITestSuite (445)
[2019.12.13-19.28.38:558][260]LogModuleManager: Shutting down and abandoning module NavigationSystem (443)
[2019.12.13-19.28.38:558][260]LogModuleManager: Shutting down and abandoning module ImageWriteQueue (440)
[2019.12.13-19.28.38:560][260]LogModuleManager: Shutting down and abandoning module ProfilerService (438)
[2019.12.13-19.28.38:701][260]LogModuleManager: Shutting down and abandoning module TaskGraph (436)
[2019.12.13-19.28.38:736][260]LogModuleManager: Shutting down and abandoning module ScreenshotTools (434)
[2019.12.13-19.28.38:736][260]LogModuleManager: Shutting down and abandoning module SteamVRController (432)
[2019.12.13-19.28.38:736][260]LogModuleManager: Shutting down and abandoning module ProceduralMeshComponentEditor (430)
[2019.12.13-19.28.38:747][260]LogModuleManager: Shutting down and abandoning module ProceduralMeshComponent (428)
[2019.12.13-19.28.38:777][260]LogModuleManager: Shutting down and abandoning module OculusEditor (426)
[2019.12.13-19.28.38:777][260]LogModuleManager: Shutting down and abandoning module OculusInput (424)
[2019.12.13-19.28.38:777][260]LogModuleManager: Shutting down and abandoning module MobilePatchingUtils (422)
[2019.12.13-19.28.38:777][260]LogModuleManager: Shutting down and abandoning module EditableMesh (420)
[2019.12.13-19.28.38:804][260]LogModuleManager: Shutting down and abandoning module CustomMeshComponent (418)
[2019.12.13-19.28.38:804][260]LogModuleManager: Shutting down and abandoning module CableComponent (416)
[2019.12.13-19.28.38:804][260]LogModuleManager: Shutting down and abandoning module AudioCapture (414)
[2019.12.13-19.28.38:804][260]LogModuleManager: Shutting down and abandoning module ArchVisCharacter (412)
[2019.12.13-19.28.38:804][260]LogModuleManager: Shutting down and abandoning module AppleImageUtilsBlueprintSupport (410)
[2019.12.13-19.28.38:804][260]LogModuleManager: Shutting down and abandoning module AppleImageUtils (408)
[2019.12.13-19.28.38:804][260]LogModuleManager: Shutting down and abandoning module AndroidPermission (406)
[2019.12.13-19.28.38:804][260]LogModuleManager: Shutting down and abandoning module NUTUnrealEngine4 (404)
[2019.12.13-19.28.38:833][260]LogModuleManager: Shutting down and abandoning module NetcodeUnitTest (402)
[2019.12.13-19.28.38:904][260]LogModuleManager: Shutting down and abandoning module SequencerScriptingEditor (400)
[2019.12.13-19.28.38:904][260]LogModuleManager: Shutting down and abandoning module SequencerScripting (398)
[2019.12.13-19.28.38:912][260]LogModuleManager: Shutting down and abandoning module MediaCompositing (396)
[2019.12.13-19.28.38:912][260]LogModuleManager: Shutting down and abandoning module ImgMedia (394)
[2019.12.13-19.28.38:928][260]LogModuleManager: Shutting down and abandoning module MagicLeapHelperVulkan (392)
[2019.12.13-19.28.38:928][260]LogModuleManager: Shutting down and abandoning module MagicLeapHelperOpenGL (390)
[2019.12.13-19.28.38:928][260]LogModuleManager: Shutting down and abandoning module MagicLeapAudio (388)
[2019.12.13-19.28.38:928][260]LogModuleManager: Shutting down and abandoning module HTML5Networking (386)
[2019.12.13-19.28.38:928][260]LogModuleManager: Shutting down and abandoning module GeometryCacheTracks (384)
[2019.12.13-19.28.38:928][260]LogModuleManager: Shutting down and abandoning module GeometryCacheSequencer (382)
[2019.12.13-19.28.38:928][260]LogModuleManager: Shutting down and abandoning module BackChannel (380)
[2019.12.13-19.28.38:934][260]LogModuleManager: Shutting down and abandoning module AutomationUtilsEditor (378)
[2019.12.13-19.28.38:934][260]LogModuleManager: Shutting down and abandoning module AutomationUtils (376)
[2019.12.13-19.28.38:934][260]LogModuleManager: Shutting down and abandoning module AlembicImporter (374)
[2019.12.13-19.28.38:947][260]LogModuleManager: Shutting down and abandoning module AlembicLibrary (373)
[2019.12.13-19.28.38:965][260]LogModuleManager: Shutting down and abandoning module GeometryCache (372)
[2019.12.13-19.28.38:965][260]LogModuleManager: Shutting down and abandoning module GeometryCacheEd (371)
[2019.12.13-19.28.38:965][260]LogModuleManager: Shutting down and abandoning module VariantManagerContent (366)
[2019.12.13-19.28.38:965][260]LogModuleManager: Shutting down and abandoning module DatasmithContentEditor (364)
[2019.12.13-19.28.38:980][260]LogModuleManager: Shutting down and abandoning module SpeedTreeImporter (362)
[2019.12.13-19.28.38:980][260]LogModuleManager: Shutting down and abandoning module PluginBrowser (360)
[2019.12.13-19.28.39:034][260]LogModuleManager: Shutting down and abandoning module MobileLauncherProfileWizard (358)
[2019.12.13-19.28.39:049][260]LogModuleManager: Shutting down and abandoning module MaterialAnalyzer (356)
[2019.12.13-19.28.39:064][260]LogModuleManager: Shutting down and abandoning module EditorScriptingUtilities (354)
[2019.12.13-19.28.39:064][260]LogModuleManager: Shutting down and abandoning module CurveEditorTools (352)
[2019.12.13-19.28.39:088][260]LogModuleManager: Shutting down and abandoning module CurveEditor (351)
[2019.12.13-19.28.39:106][260]LogModuleManager: Shutting down and abandoning module CryptoKeysOpenSSL (348)
[2019.12.13-19.28.39:106][260]LogModuleManager: Shutting down and abandoning module CryptoKeys (346)
[2019.12.13-19.28.39:106][260]LogModuleManager: Shutting down and abandoning module VisualStudioSourceCodeAccess (344)
[2019.12.13-19.28.39:106][260]LogModuleManager: Shutting down and abandoning module VisualStudioCodeSourceCodeAccess (342)
[2019.12.13-19.28.39:106][260]LogModuleManager: Shutting down and abandoning module UObjectPlugin (340)
[2019.12.13-19.28.39:106][260]LogModuleManager: Shutting down and abandoning module SubversionSourceControl (338)
[2019.12.13-19.28.39:123][260]LogModuleManager: Shutting down and abandoning module PerforceSourceControl (336)
[2019.12.13-19.28.39:171][260]LogModuleManager: Shutting down and abandoning module GitSourceControl (334)
[2019.12.13-19.28.39:185][260]LogModuleManager: Shutting down and abandoning module SourceControl (333)
[2019.12.13-19.28.39:185][260]LogModuleManager: Shutting down and abandoning module CLionSourceCodeAccess (330)
[2019.12.13-19.28.39:185][260]LogModuleManager: Shutting down and abandoning module AnimationSharingEd (328)
[2019.12.13-19.28.39:185][260]LogModuleManager: Shutting down and abandoning module ActorLayerUtilitiesEditor (326)
[2019.12.13-19.28.39:201][260]LogModuleManager: Shutting down and abandoning module ActorLayerUtilities (324)
[2019.12.13-19.28.39:201][260]LogModuleManager: Shutting down and abandoning module LightPropagationVolumeEditor (322)
[2019.12.13-19.28.39:205][260]LogModuleManager: Shutting down and abandoning module PaperTiledImporter (320)
[2019.12.13-19.28.39:205][260]LogModuleManager: Shutting down and abandoning module PaperSpriteSheetImporter (318)
[2019.12.13-19.28.39:205][260]LogModuleManager: Shutting down and abandoning module Paper2DEditor (316)
[2019.12.13-19.28.39:251][260]LogModuleManager: Shutting down and abandoning module VRoscopy (314)
[2019.12.13-19.28.39:251][260]LogModuleManager: Shutting down and abandoning module SignificanceManager (312)
[2019.12.13-19.28.39:251][260]LogModuleManager: Shutting down and abandoning module RuntimePhysXCooking (310)
[2019.12.13-19.28.39:251][260]LogModuleManager: Shutting down and abandoning module PhysXVehiclesEditor (308)
[2019.12.13-19.28.39:251][260]LogModuleManager: Shutting down and abandoning module LocationServicesBPLibrary (304)
[2019.12.13-19.28.39:251][260]LogModuleManager: Shutting down and abandoning module ActorSequence (302)
[2019.12.13-19.28.39:251][260]LogModuleManager: Shutting down and abandoning module UdpMessaging (300)
[2019.12.13-19.28.39:353][260]LogModuleManager: Shutting down and abandoning module TcpMessaging (298)
[2019.12.13-19.28.39:464][260]LogModuleManager: Shutting down and abandoning module MagicLeapIdentity (296)
[2019.12.13-19.28.39:464][260]LogModuleManager: Shutting down and abandoning module MagicLeapSecureStorage (294)
[2019.12.13-19.28.39:464][260]LogModuleManager: Shutting down and abandoning module MagicLeapHandTracking (292)
[2019.12.13-19.28.39:480][260]LogModuleManager: Shutting down and abandoning module MagicLeapEyeTracker (290)
[2019.12.13-19.28.39:480][260]LogModuleManager: Shutting down and abandoning module MagicLeapController (288)
[2019.12.13-19.28.39:482][260]LogSlate: Slate User Destroyed.  User Index 0, Is Virtual User: 0
[2019.12.13-19.28.39:482][260]LogModuleManager: Shutting down and abandoning module MagicLeapAR (286)
[2019.12.13-19.28.39:482][260]LogModuleManager: Shutting down and abandoning module AugmentedReality (285)
[2019.12.13-19.28.39:482][260]LogModuleManager: Shutting down and abandoning module PythonScriptPlugin (282)
[2019.12.13-19.28.39:504][260]LogModuleManager: Shutting down and abandoning module GameplayTagsEditor (280)
[2019.12.13-19.28.39:504][260]LogModuleManager: Shutting down and abandoning module FacialAnimationEditor (278)
[2019.12.13-19.28.39:505][260]LogModuleManager: Shutting down and abandoning module FacialAnimation (276)
[2019.12.13-19.28.39:505][260]LogModuleManager: Shutting down and abandoning module DataValidation (274)
[2019.12.13-19.28.39:505][260]LogModuleManager: Shutting down and abandoning module AssetManagerEditor (272)
[2019.12.13-19.28.39:528][260]LogModuleManager: Shutting down and abandoning module LevelEditor (271)
[2019.12.13-19.28.39:547][260]LogModuleManager: Shutting down and abandoning module PixelInspectorModule (270)
[2019.12.13-19.28.39:575][260]LogModuleManager: Shutting down and abandoning module CommonMenuExtensions (268)
[2019.12.13-19.28.39:591][260]LogModuleManager: Shutting down and abandoning module MainFrame (266)
[2019.12.13-19.28.39:591][260]LogModuleManager: Shutting down and abandoning module HotReload (265)
[2019.12.13-19.28.39:592][260]LogModuleManager: Shutting down and abandoning module ContentBrowser (261)
[2019.12.13-19.28.39:593][260]LogModuleManager: Shutting down and abandoning module TreeMap (259)
[2019.12.13-19.28.39:608][260]LogModuleManager: Shutting down and abandoning module AnimationSharing (256)
[2019.12.13-19.28.39:608][260]LogModuleManager: Shutting down and abandoning module LightPropagationVolumeRuntime (254)
[2019.12.13-19.28.39:609][260]LogModuleManager: Shutting down and abandoning module Paper2D (252)
[2019.12.13-19.28.39:632][260]LogModuleManager: Shutting down and abandoning module WindowsMoviePlayer (250)
[2019.12.13-19.28.39:650][260]LogModuleManager: Shutting down and abandoning module WebMMoviePlayer (248)
[2019.12.13-19.28.39:651][260]LogModuleManager: Shutting down and abandoning module NetworkReplayStreaming (246)
[2019.12.13-19.28.39:679][260]LogModuleManager: Shutting down and abandoning module PacketHandler (244)
[2019.12.13-19.28.39:679][260]LogModuleManager: Shutting down and abandoning module ClothingSystemEditor (242)
[2019.12.13-19.28.39:679][260]LogModuleManager: Shutting down and abandoning module ClothingSystemRuntime (240)
[2019.12.13-19.28.39:709][260]LogModuleManager: Shutting down and abandoning module MediaAssets (238)
[2019.12.13-19.28.39:720][260]LogModuleManager: Shutting down and abandoning module Overlay (236)
[2019.12.13-19.28.39:720][260]LogModuleManager: Shutting down and abandoning module OverlayEditor (235)
[2019.12.13-19.28.39:720][260]LogModuleManager: Shutting down and abandoning module VREditor (232)
[2019.12.13-19.28.39:746][260]LogModuleManager: Shutting down and abandoning module StringTableEditor (230)
[2019.12.13-19.28.39:764][260]LogModuleManager: Shutting down and abandoning module GameplayTasksEditor (228)
[2019.12.13-19.28.39:764][260]LogModuleManager: Shutting down and abandoning module BehaviorTreeEditor (226)
[2019.12.13-19.28.39:790][260]LogModuleManager: Shutting down and abandoning module FunctionalTesting (224)
[2019.12.13-19.28.39:805][260]LogModuleManager: Shutting down and abandoning module CollisionAnalyzer (222)
[2019.12.13-19.28.39:846][260]LogModuleManager: Shutting down and abandoning module WorkspaceMenuStructure (221)
[2019.12.13-19.28.39:900][260]LogModuleManager: Shutting down and abandoning module UMG (218)
[2019.12.13-19.28.39:900][260]LogModuleManager: Shutting down and abandoning module UMGEditor (217)
[2019.12.13-19.28.39:930][260]LogModuleManager: Shutting down and abandoning module Sequencer (216)
[2019.12.13-19.28.39:978][260]LogModuleManager: Shutting down and abandoning module MessageLog (213)
[2019.12.13-19.28.39:978][260]LogModuleManager: Shutting down and abandoning module SlateReflector (208)
[2019.12.13-19.28.40:007][260]LogModuleManager: Shutting down and abandoning module Slate (206)
[2019.12.13-19.28.40:007][260]LogModuleManager: Shutting down and abandoning module LandscapeEditorUtilities (204)
[2019.12.13-19.28.40:007][260]LogModuleManager: Shutting down and abandoning module EditorStyle (202)
[2019.12.13-19.28.40:008][260]LogModuleManager: Shutting down and abandoning module UnrealEd (200)
[2019.12.13-19.28.40:008][260]LogModuleManager: Shutting down and abandoning module MRMesh (198)
[2019.12.13-19.28.40:008][260]LogModuleManager: Shutting down and abandoning module SourceCodeAccess (196)
[2019.12.13-19.28.40:023][260]LogModuleManager: Shutting down and abandoning module HeadMountedDisplay (194)
[2019.12.13-19.28.40:033][260]LogModuleManager: Shutting down and abandoning module XAudio2 (192)
[2019.12.13-19.28.40:033][260]LogModuleManager: Shutting down and abandoning module Networking (190)
[2019.12.13-19.28.40:033][260]LogModuleManager: Shutting down and abandoning module Core (188)
[2019.12.13-19.28.40:033][260]LogModuleManager: Shutting down and abandoning module KismetCompiler (186)
[2019.12.13-19.28.40:033][260]LogModuleManager: Shutting down and abandoning module MeshUtilities (184)
[2019.12.13-19.28.40:041][260]LogModuleManager: Shutting down and abandoning module MeshMergeUtilities (183)
[2019.12.13-19.28.40:052][260]LogModuleManager: Shutting down and abandoning module MeshReductionInterface (182)
[2019.12.13-19.28.40:052][260]LogModuleManager: Shutting down and abandoning module SkeletalMeshReduction (181)
[2019.12.13-19.28.40:058][260]LogModuleManager: Shutting down and abandoning module ProxyLODMeshReduction (179)
[2019.12.13-19.28.40:100][260]LogModuleManager: Shutting down and abandoning module QuadricMeshReduction (177)
[2019.12.13-19.28.40:120][260]LogModuleManager: Shutting down and abandoning module MaterialBaking (173)
[2019.12.13-19.28.40:130][260]LogModuleManager: Shutting down and abandoning module NullInstallBundleManager (168)
[2019.12.13-19.28.40:130][260]LogModuleManager: Shutting down and abandoning module DerivedDataCache (166)
[2019.12.13-19.28.40:221][260]LogDerivedDataCache: Shutdown
[2019.12.13-19.28.40:221][260]LogModuleManager: Shutting down and abandoning module XGEController (164)
[2019.12.13-19.28.40:221][260]LogXGEController: Cleaning working directory: C:/Users/eg7eg/AppData/Local/Temp/UnrealXGEWorkingDir/
[2019.12.13-19.28.40:221][260]LogModuleManager: Shutting down and abandoning module TargetPlatform (162)
[2019.12.13-19.28.40:237][260]LogModuleManager: Shutting down and abandoning module VulkanShaderFormat (161)
[2019.12.13-19.28.40:253][260]LogModuleManager: Shutting down and abandoning module ShaderFormatVectorVM (159)
[2019.12.13-19.28.40:270][260]LogModuleManager: Shutting down and abandoning module ShaderFormatOpenGL (157)
[2019.12.13-19.28.40:291][260]LogModuleManager: Shutting down and abandoning module ShaderFormatD3D (155)
[2019.12.13-19.28.40:307][260]LogModuleManager: Shutting down and abandoning module MetalShaderFormat (153)
[2019.12.13-19.28.40:337][260]LogModuleManager: Shutting down and abandoning module TextureFormatUncompressed (151)
[2019.12.13-19.28.40:349][260]LogModuleManager: Shutting down and abandoning module TextureFormatPVR (149)
[2019.12.13-19.28.40:372][260]LogModuleManager: Shutting down and abandoning module TextureFormatDXT (147)
[2019.12.13-19.28.40:385][260]LogModuleManager: Shutting down and abandoning module TextureFormatIntelISPCTexComp (145)
[2019.12.13-19.28.40:435][260]LogModuleManager: Shutting down and abandoning module TextureFormatASTC (143)
[2019.12.13-19.28.40:436][260]LogModuleManager: Shutting down and abandoning module ImageWrapper (142)
[2019.12.13-19.28.40:436][260]LogModuleManager: Shutting down and abandoning module TextureFormatAndroid (139)
[2019.12.13-19.28.40:436][260]LogModuleManager: Shutting down and abandoning module AudioFormatOpus (137)
[2019.12.13-19.28.40:436][260]LogModuleManager: Shutting down and abandoning module AudioFormatOgg (135)
[2019.12.13-19.28.40:436][260]LogModuleManager: Shutting down and abandoning module AudioFormatADPCM (133)
[2019.12.13-19.28.40:453][260]LogModuleManager: Shutting down and abandoning module LuminTargetPlatform (131)
[2019.12.13-19.28.40:483][260]LogModuleManager: Shutting down and abandoning module LinuxTargetPlatform (129)
[2019.12.13-19.28.40:483][260]LogModuleManager: Shutting down and abandoning module LinuxServerTargetPlatform (127)
[2019.12.13-19.28.40:484][260]LogModuleManager: Shutting down and abandoning module LinuxNoEditorTargetPlatform (125)
[2019.12.13-19.28.40:500][260]LogModuleManager: Shutting down and abandoning module LinuxClientTargetPlatform (123)
[2019.12.13-19.28.40:501][260]LogModuleManager: Shutting down and abandoning module TVOSTargetPlatform (121)
[2019.12.13-19.28.40:518][260]LogModuleManager: Shutting down and abandoning module Messaging (119)
[2019.12.13-19.28.40:518][260]LogModuleManager: Shutting down and abandoning module IOSTargetPlatform (117)
[2019.12.13-19.28.40:521][260]LogModuleManager: Shutting down and abandoning module HTML5TargetPlatform (115)
[2019.12.13-19.28.40:521][260]LogModuleManager: Shutting down and abandoning module AndroidTargetPlatform (113)
[2019.12.13-19.28.40:528][260]LogModuleManager: Shutting down and abandoning module WindowsTargetPlatform (111)
[2019.12.13-19.28.40:528][260]LogModuleManager: Shutting down and abandoning module WindowsServerTargetPlatform (109)
[2019.12.13-19.28.40:528][260]LogModuleManager: Shutting down and abandoning module WindowsNoEditorTargetPlatform (107)
[2019.12.13-19.28.40:528][260]LogModuleManager: Shutting down and abandoning module WindowsClientTargetPlatform (105)
[2019.12.13-19.28.40:528][260]LogModuleManager: Shutting down and abandoning module MacTargetPlatform (103)
[2019.12.13-19.28.40:528][260]LogModuleManager: Shutting down and abandoning module MacServerTargetPlatform (101)
[2019.12.13-19.28.40:528][260]LogModuleManager: Shutting down and abandoning module MacNoEditorTargetPlatform (99)
[2019.12.13-19.28.40:528][260]LogModuleManager: Shutting down and abandoning module MacClientTargetPlatform (97)
[2019.12.13-19.28.40:528][260]LogModuleManager: Shutting down and abandoning module AllDesktopTargetPlatform (95)
[2019.12.13-19.28.40:528][260]LogModuleManager: Shutting down and abandoning module InputCore (92)
[2019.12.13-19.28.40:528][260]LogModuleManager: Shutting down and abandoning module Settings (90)
[2019.12.13-19.28.40:528][260]LogModuleManager: Shutting down and abandoning module DirectoryWatcher (88)
[2019.12.13-19.28.40:529][260]LogModuleManager: Shutting down and abandoning module PhysXCooking (86)
[2019.12.13-19.28.40:529][260]LogModuleManager: Shutting down and abandoning module WindowsPlatformFeatures (84)
[2019.12.13-19.28.40:529][260]LogModuleManager: Shutting down and abandoning module GameplayMediaEncoder (83)
[2019.12.13-19.28.40:558][260]LogModuleManager: Shutting down and abandoning module SteamVR (80)
[2019.12.13-19.28.40:558][260]LogHMD: Freeing OpenVRDLLHandle.
[2019.12.13-19.28.40:573][260]LogModuleManager: Shutting down and abandoning module OculusHMD (78)
[2019.12.13-19.28.40:583][260]LogModuleManager: Shutting down and abandoning module ExampleDeviceProfileSelector (76)
[2019.12.13-19.28.40:583][260]LogModuleManager: Shutting down and abandoning module LauncherChunkInstaller (74)
[2019.12.13-19.28.40:583][260]LogModuleManager: Shutting down and abandoning module OnlineBlueprintSupport (72)
[2019.12.13-19.28.40:583][260]LogModuleManager: Shutting down and abandoning module OnlineSubsystem (68)
[2019.12.13-19.28.40:754][260]LogModuleManager: Shutting down and abandoning module XMPP (63)
[2019.12.13-19.28.40:794][260]LogModuleManager: Shutting down and abandoning module WebSockets (62)
[2019.12.13-19.28.40:941][260]LogModuleManager: Shutting down and abandoning module HTTP (59)
[2019.12.13-19.28.40:941][260]LogHttp: Display: Http module shutting down, but needs to wait on 1 outstanding Http requests:
[2019.12.13-19.28.40:941][260]LogHttp: Display: 	verb=[POST] url=[https://datarouter.ol.epicgames.com/datarouter/api/v1/public/data?SessionID=%7B5D107D5A-4914-90F1-AE29-DA844A243B0E%7D&AppID=UEEditor.Rocket.Release&AppVersion=4.23.0-8386587%2B%2B%2BUE4%2BRelease-4.23&UserID=027c6b124edc537cbaa81cada07eed45%7Cff0a7d40a6a44726a055bff361a8c71b%7C21fa1fa0-d108-4a81-a035-a49dc695665b&AppEnvironment=datacollector-binary&UploadType=eteventstream] status=Processing
[2019.12.13-19.28.40:959][260]LogModuleManager: Shutting down and abandoning module SSL (58)
[2019.12.13-19.28.41:172][260]LogModuleManager: Shutting down and abandoning module WmfMedia (54)
[2019.12.13-19.28.41:229][260]LogModuleManager: Shutting down and abandoning module Media (53)
[2019.12.13-19.28.41:230][260]LogModuleManager: Shutting down and abandoning module MagicLeap (50)
[2019.12.13-19.28.41:280][260]LogModuleManager: Shutting down and abandoning module DatasmithContent (48)
[2019.12.13-19.28.41:280][260]LogModuleManager: Shutting down and abandoning module AISupportModule (46)
[2019.12.13-19.28.41:280][260]LogModuleManager: Shutting down and abandoning module PythonScriptPluginPreload (44)
[2019.12.13-19.28.41:280][260]LogModuleManager: Shutting down and abandoning module PlatformCryptoOpenSSL (42)
[2019.12.13-19.28.41:308][260]LogModuleManager: Shutting down and abandoning module PlatformCrypto (40)
[2019.12.13-19.28.41:308][260]LogModuleManager: Shutting down and abandoning module AnimationModifiers (38)
[2019.12.13-19.28.41:349][260]LogModuleManager: Shutting down and abandoning module PropertyEditor (37)
[2019.12.13-19.28.41:512][260]LogModuleManager: Shutting down and abandoning module AudioEditor (34)
[2019.12.13-19.28.41:644][260]LogModuleManager: Shutting down and abandoning module TextureCompressor (32)
[2019.12.13-19.28.41:706][260]LogModuleManager: Shutting down and abandoning module RenderCore (30)
[2019.12.13-19.28.41:706][260]LogModuleManager: Shutting down and abandoning module Landscape (28)
[2019.12.13-19.28.41:706][260]LogModuleManager: Shutting down and abandoning module SlateRHIRenderer (26)
[2019.12.13-19.28.41:732][260]LogModuleManager: Shutting down and abandoning module OpenGLDrv (24)
[2019.12.13-19.28.41:772][260]LogModuleManager: Shutting down and abandoning module D3D11RHI (22)
[2019.12.13-19.28.41:772][260]LogModuleManager: Shutting down and abandoning module AnimGraphRuntime (20)
[2019.12.13-19.28.41:775][260]LogModuleManager: Shutting down and abandoning module Renderer (18)
[2019.12.13-19.28.41:789][260]LogModuleManager: Shutting down and abandoning module Engine (16)
[2019.12.13-19.28.41:789][260]LogModuleManager: Shutting down and abandoning module CoreUObject (14)
[2019.12.13-19.28.41:789][260]LogModuleManager: Shutting down and abandoning module NetworkFile (12)
[2019.12.13-19.28.41:818][260]LogModuleManager: Shutting down and abandoning module CookedIterativeFile (10)
[2019.12.13-19.28.41:818][260]LogModuleManager: Shutting down and abandoning module StreamingFile (8)
[2019.12.13-19.28.41:839][260]LogModuleManager: Shutting down and abandoning module SandboxFile (6)
[2019.12.13-19.28.41:839][260]LogModuleManager: Shutting down and abandoning module PakFile (4)
[2019.12.13-19.28.41:853][260]LogModuleManager: Shutting down and abandoning module RSA (3)
[2019.12.13-19.28.41:859][260]LogD3D11RHI: Shutdown
[2019.12.13-19.28.41:881][260]LogD3D11RHI: CleanupD3DDevice
[2019.12.13-19.28.42:051][260]LogRendererCore: FGlobalDynamicReadBuffer::Cleanup()
[2019.12.13-19.28.42:078][260]LogRendererCore: FGlobalDynamicReadBuffer::Cleanup()
[2019.12.13-19.28.42:078][260]LogRendererCore: FGlobalDynamicReadBuffer::Cleanup()
[2019.12.13-19.28.42:139][260]LogD3D11RHI: ~FD3D11DynamicRHI
[2019.12.13-19.28.42:197][260]LogExit: Exiting.
[2019.12.13-19.28.42:216][260]Log file closed, 12/13/19 21:28:42
