Log file open, 01/04/20 17:45:50
LogWindows: Failed to load 'aqProf.dll' (GetLastError=126)
LogWindows: File 'aqProf.dll' does not exist
LogWindows: Failed to load 'VtuneApi.dll' (GetLastError=126)
LogWindows: File 'VtuneApi.dll' does not exist
LogWindows: Failed to load 'VtuneApi32e.dll' (GetLastError=126)
LogWindows: File 'VtuneApi32e.dll' does not exist
LogConsoleResponse: Display: Failed to find resolution value strings in scalability ini. Falling back to default.
LogInit: Display: Running engine for game: VRoscopy
LogPlatformFile: Not using cached read wrapper
LogTaskGraph: Started task graph with 5 named threads and 11 total threads with 3 sets of task threads.
LogStats: Stats thread started at 0.142660
LogD3D11RHI: Loaded GFSDK_Aftermath_Lib.x64.dll
LogICUInternationalization: ICU TimeZone Detection - Raw Offset: +2:00, Platform Override: ''
LogPluginManager: Mounting plugin Paper2D
LogPluginManager: Mounting plugin AISupport
LogPluginManager: Mounting plugin LightPropagationVolume
LogPluginManager: Mounting plugin ActorLayerUtilities
LogPluginManager: Mounting plugin AnimationSharing
LogPluginManager: Mounting plugin CLionSourceCodeAccess
LogPluginManager: Mounting plugin CodeLiteSourceCodeAccess
LogPluginManager: Mounting plugin GitSourceControl
LogPluginManager: Mounting plugin KDevelopSourceCodeAccess
LogPluginManager: Mounting plugin NullSourceCodeAccess
LogPluginManager: Mounting plugin PerforceSourceControl
LogPluginManager: Mounting plugin SubversionSourceControl
LogPluginManager: Mounting plugin UObjectPlugin
LogPluginManager: Mounting plugin VisualStudioCodeSourceCodeAccess
LogPluginManager: Mounting plugin VisualStudioSourceCodeAccess
LogPluginManager: Mounting plugin XCodeSourceCodeAccess
LogPluginManager: Mounting plugin AssetManagerEditor
LogPluginManager: Mounting plugin CryptoKeys
LogPluginManager: Mounting plugin CurveEditorTools
LogPluginManager: Mounting plugin DataValidation
LogPluginManager: Mounting plugin EditorScriptingUtilities
LogPluginManager: Mounting plugin FacialAnimation
LogPluginManager: Mounting plugin GameplayTagsEditor
LogPluginManager: Mounting plugin MacGraphicsSwitching
LogPluginManager: Mounting plugin MaterialAnalyzer
LogPluginManager: Mounting plugin MobileLauncherProfileWizard
LogPluginManager: Mounting plugin PluginBrowser
LogPluginManager: Mounting plugin SpeedTreeImporter
LogPluginManager: Mounting plugin DatasmithContent
LogPluginManager: Mounting plugin VariantManagerContent
LogPluginManager: Mounting plugin AlembicImporter
LogPluginManager: Mounting plugin AutomationUtils
LogPluginManager: Mounting plugin BackChannel
LogPluginManager: Mounting plugin CharacterAI
LogPluginManager: Mounting plugin GeometryCache
LogPluginManager: Mounting plugin HTML5Networking
LogPluginManager: Mounting plugin PlatformCrypto
LogPluginManager: Mounting plugin ProxyLODPlugin
LogPluginManager: Mounting plugin PythonScriptPlugin
LogPluginManager: Mounting plugin SkeletalReduction
LogPluginManager: Mounting plugin MagicLeap
LogPluginManager: Mounting plugin MagicLeapMedia
LogPluginManager: Mounting plugin AndroidMedia
LogPluginManager: Mounting plugin AvfMedia
LogPluginManager: Mounting plugin ImgMedia
LogPluginManager: Mounting plugin MediaCompositing
LogPluginManager: Mounting plugin MediaPlayerEditor
LogPluginManager: Mounting plugin WebMMedia
LogPluginManager: Mounting plugin WmfMedia
LogPluginManager: Mounting plugin TcpMessaging
LogPluginManager: Mounting plugin UdpMessaging
LogPluginManager: Mounting plugin ActorSequence
LogPluginManager: Mounting plugin LevelSequenceEditor
LogPluginManager: Mounting plugin MatineeToLevelSequence
LogPluginManager: Mounting plugin SequencerScripting
LogPluginManager: Mounting plugin NetcodeUnitTest
LogPluginManager: Mounting plugin NUTUnrealEngine4
LogPluginManager: Mounting plugin OnlineSubsystemGooglePlay
LogPluginManager: Mounting plugin OnlineSubsystemIOS
LogPluginManager: Mounting plugin OnlineSubsystem
LogPluginManager: Mounting plugin OnlineSubsystemNull
LogPluginManager: Mounting plugin OnlineSubsystemUtils
LogPluginManager: Mounting plugin LauncherChunkInstaller
LogPluginManager: Mounting plugin AndroidDeviceProfileSelector
LogPluginManager: Mounting plugin AndroidMoviePlayer
LogPluginManager: Mounting plugin AndroidPermission
LogPluginManager: Mounting plugin AppleImageUtils
LogPluginManager: Mounting plugin AppleMoviePlayer
LogPluginManager: Mounting plugin ArchVisCharacter
LogPluginManager: Mounting plugin AudioCapture
LogPluginManager: Mounting plugin CableComponent
LogPluginManager: Mounting plugin CustomMeshComponent
LogPluginManager: Mounting plugin EditableMesh
LogPluginManager: Mounting plugin ExampleDeviceProfileSelector
LogPluginManager: Mounting plugin GoogleCloudMessaging
LogPluginManager: Mounting plugin IOSDeviceProfileSelector
LogPluginManager: Mounting plugin LinuxDeviceProfileSelector
LogPluginManager: Mounting plugin LocationServicesBPLibrary
LogPluginManager: Mounting plugin MobilePatchingUtils
LogPluginManager: Mounting plugin OculusVR
LogPluginManager: Mounting plugin PhysXVehicles
LogPluginManager: Mounting plugin ProceduralMeshComponent
LogPluginManager: Mounting plugin RuntimePhysXCooking
LogPluginManager: Mounting plugin SignificanceManager
LogPluginManager: Mounting plugin SteamVR
LogPluginManager: Mounting plugin WebMMoviePlayer
LogPluginManager: Mounting plugin WindowsMoviePlayer
LogPluginManager: Mounting plugin ScreenshotTools
LogInit: Using libcurl 7.55.1-DEV
LogInit:  - built for x86_64-pc-win32
LogInit:  - supports SSL with OpenSSL/1.1.1
LogInit:  - supports HTTP deflate (compression) using libz 1.2.8
LogInit:  - other features:
LogInit:      CURL_VERSION_SSL
LogInit:      CURL_VERSION_LIBZ
LogInit:      CURL_VERSION_IPV6
LogInit:      CURL_VERSION_ASYNCHDNS
LogInit:      CURL_VERSION_LARGEFILE
LogInit:      CURL_VERSION_IDN
LogInit:  CurlRequestOptions (configurable via config and command line):
LogInit:  - bVerifyPeer = true  - Libcurl will verify peer certificate
LogInit:  - bUseHttpProxy = false  - Libcurl will NOT use HTTP proxy
LogInit:  - bDontReuseConnections = false  - Libcurl will reuse connections
LogInit:  - MaxHostConnections = 16  - Libcurl will limit the number of connections to a host
LogInit:  - LocalHostAddr = Default
LogInit:  - BufferSize = 65536
LogOnline: OSS: Creating online subsystem instance for: NULL
LogInit: WinSock: version 1.1 (2.2), MaxSocks=32767, MaxUdp=65467
LogInit: Build: ++UE4+Release-4.23-CL-8386587
LogInit: Engine Version: 4.23.0-8386587+++UE4+Release-4.23
LogInit: Compatible Engine Version: 4.23.0-8386587+++UE4+Release-4.23
LogInit: Net CL: 8386587
LogInit: OS: Windows 10 (Release 1909) (), CPU: Intel(R) Core(TM) i7-6500U CPU @ 2.50GHz, GPU: Intel(R) HD Graphics 520
LogInit: Compiled (64-bit): Aug 31 2019 02:04:44
LogInit: Compiled with Visual C++: 19.16.27030.01
LogInit: Build Configuration: Development
LogInit: Branch Name: ++UE4+Release-4.23
LogInit: Command Line:  -EpicPortal -epicusername=Danrol92 -epicuserid=b45afa3f4c174d7cbc6deabba9b56a33 -epiclocale=en-US
LogInit: Base Directory: C:/Program Files/Epic Games/UE_4.23/Engine/Binaries/Win64/
LogInit: Installed Engine Build: 1
LogDevObjectVersion: Number of dev versions registered: 23
LogDevObjectVersion:   Dev-Blueprints (B0D832E4-1F89-4F0D-ACCF-7EB736FD4AA2): 10
LogDevObjectVersion:   Dev-Build (E1C64328-A22C-4D53-A36C-8E866417BD8C): 0
LogDevObjectVersion:   Dev-Core (375EC13C-06E4-48FB-B500-84F0262A717E): 3
LogDevObjectVersion:   Dev-Editor (E4B068ED-F494-42E9-A231-DA0B2E46BB41): 34
LogDevObjectVersion:   Dev-Framework (CFFC743F-43B0-4480-9391-14DF171D2073): 35
LogDevObjectVersion:   Dev-Mobile (B02B49B5-BB20-44E9-A304-32B752E40360): 2
LogDevObjectVersion:   Dev-Networking (A4E4105C-59A1-49B5-A7C5-40C4547EDFEE): 0
LogDevObjectVersion:   Dev-Online (39C831C9-5AE6-47DC-9A44-9C173E1C8E7C): 0
LogDevObjectVersion:   Dev-Physics (78F01B33-EBEA-4F98-B9B4-84EACCB95AA2): 0
LogDevObjectVersion:   Dev-Platform (6631380F-2D4D-43E0-8009-CF276956A95A): 0
LogDevObjectVersion:   Dev-Rendering (12F88B9F-8875-4AFC-A67C-D90C383ABD29): 31
LogDevObjectVersion:   Dev-Sequencer (7B5AE74C-D270-4C10-A958-57980B212A5A): 11
LogDevObjectVersion:   Dev-VR (D7296918-1DD6-4BDD-9DE2-64A83CC13884): 2
LogDevObjectVersion:   Dev-LoadTimes (C2A15278-BFE7-4AFE-6C17-90FF531DF755): 1
LogDevObjectVersion:   Private-Geometry (6EACA3D4-40EC-4CC1-B786-8BED09428FC5): 3
LogDevObjectVersion:   Dev-AnimPhys (29E575DD-E0A3-4627-9D10-D276232CDCEA): 17
LogDevObjectVersion:   Dev-Anim (AF43A65D-7FD3-4947-9873-3E8ED9C1BB05): 2
LogDevObjectVersion:   Dev-ReflectionCapture (6B266CEC-1EC7-4B8F-A30B-E4D90942FC07): 1
LogDevObjectVersion:   Dev-Automation (0DF73D61-A23F-47EA-B727-89E90C41499A): 1
LogDevObjectVersion:   FortniteMain (601D1886-AC64-4F84-AA16-D3DE0DEAC7D6): 27
LogDevObjectVersion:   Dev-Enterprise (9DFFBCD6-494F-0158-E221-12823C92A888): 6
LogDevObjectVersion:   Dev-Niagara (F2AED0AC-9AFE-416F-8664-AA7FFA26D6FC): 1
LogDevObjectVersion:   Dev-Destruction (174F1F0B-B4C6-45A5-B13F-2EE8D0FB917D): 9
LogInit: Presizing for max 16777216 objects, including 0 objects not considered by GC, pre-allocating 0 bytes for permanent pool.
LogInit: Object subsystem initialized
LogConfig: Setting CVar [[con.DebugEarlyDefault:1]]
LogConfig: Setting CVar [[r.setres:1280x720]]
[2020.01.04-15.45.50:739][  0]LogConfig: Setting CVar [[r.VSync:0]]
[2020.01.04-15.45.50:739][  0]LogConfig: Setting CVar [[r.RHICmdBypass:0]]
[2020.01.04-15.45.50:739][  0]LogConfig: Applying CVar settings from Section [/Script/Engine.RendererSettings] File [C:/integrationcourseenv/Projects/!!!AfekaFinalProject/VRoscopy/UnrealEngine/VRoscopy/Saved/Config/Windows/Engine.ini]
[2020.01.04-15.45.50:739][  0]LogConfig: Setting CVar [[r.GPUCrashDebugging:0]]
[2020.01.04-15.45.50:739][  0]LogConfig: Setting CVar [[r.DefaultFeature.AmbientOcclusion:0]]
[2020.01.04-15.45.50:739][  0]LogConfig: Setting CVar [[r.DefaultFeature.AmbientOcclusionStaticFraction:0]]
[2020.01.04-15.45.50:739][  0]LogConfig: Setting CVar [[vr.InstancedStereo:1]]
[2020.01.04-15.45.50:739][  0]LogConfig: Setting CVar [[r.SeparateTranslucency:0]]
[2020.01.04-15.45.50:739][  0]LogConfig: Setting CVar [[r.HZBOcclusion:0]]
[2020.01.04-15.45.50:739][  0]LogConfig: Setting CVar [[r.SSR.MaxRoughness:0]]
[2020.01.04-15.45.50:739][  0]LogConfig: Setting CVar [[r.rhicmdbypass:0]]
[2020.01.04-15.45.50:739][  0]LogConfig: Applying CVar settings from Section [/Script/Engine.RendererOverrideSettings] File [C:/integrationcourseenv/Projects/!!!AfekaFinalProject/VRoscopy/UnrealEngine/VRoscopy/Saved/Config/Windows/Engine.ini]
[2020.01.04-15.45.50:739][  0]LogConfig: Applying CVar settings from Section [/Script/Engine.StreamingSettings] File [C:/integrationcourseenv/Projects/!!!AfekaFinalProject/VRoscopy/UnrealEngine/VRoscopy/Saved/Config/Windows/Engine.ini]
[2020.01.04-15.45.50:739][  0]LogConfig: Setting CVar [[s.MinBulkDataSizeForAsyncLoading:131072]]
[2020.01.04-15.45.50:739][  0]LogConfig: Setting CVar [[s.AsyncLoadingThreadEnabled:0]]
[2020.01.04-15.45.50:739][  0]LogConfig: Setting CVar [[s.EventDrivenLoaderEnabled:1]]
[2020.01.04-15.45.50:739][  0]LogConfig: Setting CVar [[s.WarnIfTimeLimitExceeded:0]]
[2020.01.04-15.45.50:740][  0]LogConfig: Setting CVar [[s.TimeLimitExceededMultiplier:1.5]]
[2020.01.04-15.45.50:740][  0]LogConfig: Setting CVar [[s.TimeLimitExceededMinTime:0.005]]
[2020.01.04-15.45.50:740][  0]LogConfig: Setting CVar [[s.UseBackgroundLevelStreaming:1]]
[2020.01.04-15.45.50:740][  0]LogConfig: Setting CVar [[s.PriorityAsyncLoadingExtraTime:15.0]]
[2020.01.04-15.45.50:740][  0]LogConfig: Setting CVar [[s.LevelStreamingActorsUpdateTimeLimit:5.0]]
[2020.01.04-15.45.50:740][  0]LogConfig: Setting CVar [[s.PriorityLevelStreamingActorsUpdateExtraTime:5.0]]
[2020.01.04-15.45.50:740][  0]LogConfig: Setting CVar [[s.LevelStreamingComponentsRegistrationGranularity:10]]
[2020.01.04-15.45.50:740][  0]LogConfig: Setting CVar [[s.UnregisterComponentsTimeLimit:1.0]]
[2020.01.04-15.45.50:740][  0]LogConfig: Setting CVar [[s.LevelStreamingComponentsUnregistrationGranularity:5]]
[2020.01.04-15.45.50:740][  0]LogConfig: Applying CVar settings from Section [/Script/Engine.GarbageCollectionSettings] File [C:/integrationcourseenv/Projects/!!!AfekaFinalProject/VRoscopy/UnrealEngine/VRoscopy/Saved/Config/Windows/Engine.ini]
[2020.01.04-15.45.50:740][  0]LogConfig: Setting CVar [[gc.MaxObjectsNotConsideredByGC:1]]
[2020.01.04-15.45.50:740][  0]LogConfig: Setting CVar [[gc.SizeOfPermanentObjectPool:0]]
[2020.01.04-15.45.50:740][  0]LogConfig: Setting CVar [[gc.FlushStreamingOnGC:0]]
[2020.01.04-15.45.50:740][  0]LogConfig: Setting CVar [[gc.NumRetriesBeforeForcingGC:10]]
[2020.01.04-15.45.50:740][  0]LogConfig: Setting CVar [[gc.AllowParallelGC:1]]
[2020.01.04-15.45.50:740][  0]LogConfig: Setting CVar [[gc.TimeBetweenPurgingPendingKillObjects:61.1]]
[2020.01.04-15.45.50:740][  0]LogConfig: Setting CVar [[gc.MaxObjectsInEditor:16777216]]
[2020.01.04-15.45.50:740][  0]LogConfig: Setting CVar [[gc.IncrementalBeginDestroyEnabled:1]]
[2020.01.04-15.45.50:740][  0]LogConfig: Setting CVar [[gc.CreateGCClusters:1]]
[2020.01.04-15.45.50:740][  0]LogConfig: Setting CVar [[gc.MinGCClusterSize:5]]
[2020.01.04-15.45.50:740][  0]LogConfig: Setting CVar [[gc.ActorClusteringEnabled:0]]
[2020.01.04-15.45.50:740][  0]LogConfig: Setting CVar [[gc.BlueprintClusteringEnabled:0]]
[2020.01.04-15.45.50:741][  0]LogConfig: Setting CVar [[gc.UseDisregardForGCOnDedicatedServers:0]]
[2020.01.04-15.45.50:741][  0]LogConfig: Applying CVar settings from Section [/Script/Engine.NetworkSettings] File [C:/integrationcourseenv/Projects/!!!AfekaFinalProject/VRoscopy/UnrealEngine/VRoscopy/Saved/Config/Windows/Engine.ini]
[2020.01.04-15.45.50:741][  0]LogConfig: Applying CVar settings from Section [/Script/UnrealEd.CookerSettings] File [C:/integrationcourseenv/Projects/!!!AfekaFinalProject/VRoscopy/UnrealEngine/VRoscopy/Saved/Config/Windows/Engine.ini]
[2020.01.04-15.45.50:749][  0]LogConfig: Applying CVar settings from Section [ViewDistanceQuality@3] File [C:/integrationcourseenv/Projects/!!!AfekaFinalProject/VRoscopy/UnrealEngine/VRoscopy/Saved/Config/Windows/Scalability.ini]
[2020.01.04-15.45.50:750][  0]LogConfig: Setting CVar [[r.SkeletalMeshLODBias:0]]
[2020.01.04-15.45.50:750][  0]LogConfig: Setting CVar [[r.ViewDistanceScale:1.0]]
[2020.01.04-15.45.50:750][  0]LogConfig: Applying CVar settings from Section [AntiAliasingQuality@3] File [C:/integrationcourseenv/Projects/!!!AfekaFinalProject/VRoscopy/UnrealEngine/VRoscopy/Saved/Config/Windows/Scalability.ini]
[2020.01.04-15.45.50:750][  0]LogConfig: Setting CVar [[r.PostProcessAAQuality:3]]
[2020.01.04-15.45.50:750][  0]LogConfig: Applying CVar settings from Section [ShadowQuality@3] File [C:/integrationcourseenv/Projects/!!!AfekaFinalProject/VRoscopy/UnrealEngine/VRoscopy/Saved/Config/Windows/Scalability.ini]
[2020.01.04-15.45.50:750][  0]LogConfig: Setting CVar [[r.LightFunctionQuality:1]]
[2020.01.04-15.45.50:750][  0]LogConfig: Setting CVar [[r.ShadowQuality:5]]
[2020.01.04-15.45.50:750][  0]LogConfig: Setting CVar [[r.Shadow.CSM.MaxCascades:10]]
[2020.01.04-15.45.50:750][  0]LogConfig: Setting CVar [[r.Shadow.MaxResolution:2048]]
[2020.01.04-15.45.50:750][  0]LogConfig: Setting CVar [[r.Shadow.MaxCSMResolution:2048]]
[2020.01.04-15.45.50:750][  0]LogConfig: Setting CVar [[r.Shadow.RadiusThreshold:0.01]]
[2020.01.04-15.45.50:750][  0]LogConfig: Setting CVar [[r.Shadow.DistanceScale:1.0]]
[2020.01.04-15.45.50:750][  0]LogConfig: Setting CVar [[r.Shadow.CSM.TransitionScale:1.0]]
[2020.01.04-15.45.50:750][  0]LogConfig: Setting CVar [[r.Shadow.PreShadowResolutionFactor:1.0]]
[2020.01.04-15.45.50:750][  0]LogConfig: Setting CVar [[r.DistanceFieldShadowing:1]]
[2020.01.04-15.45.50:750][  0]LogConfig: Setting CVar [[r.DistanceFieldAO:1]]
[2020.01.04-15.45.50:750][  0]LogConfig: Setting CVar [[r.AOQuality:2]]
[2020.01.04-15.45.50:750][  0]LogConfig: Setting CVar [[r.VolumetricFog:1]]
[2020.01.04-15.45.50:750][  0]LogConfig: Setting CVar [[r.VolumetricFog.GridPixelSize:8]]
[2020.01.04-15.45.50:750][  0]LogConfig: Setting CVar [[r.VolumetricFog.GridSizeZ:128]]
[2020.01.04-15.45.50:750][  0]LogConfig: Setting CVar [[r.VolumetricFog.HistoryMissSupersampleCount:4]]
[2020.01.04-15.45.50:750][  0]LogConfig: Setting CVar [[r.LightMaxDrawDistanceScale:1]]
[2020.01.04-15.45.50:750][  0]LogConfig: Setting CVar [[r.CapsuleShadows:1]]
[2020.01.04-15.45.50:750][  0]LogConfig: Applying CVar settings from Section [PostProcessQuality@3] File [C:/integrationcourseenv/Projects/!!!AfekaFinalProject/VRoscopy/UnrealEngine/VRoscopy/Saved/Config/Windows/Scalability.ini]
[2020.01.04-15.45.50:750][  0]LogConfig: Setting CVar [[r.MotionBlurQuality:0]]
[2020.01.04-15.45.50:750][  0]LogConfig: Setting CVar [[r.AmbientOcclusionMipLevelFactor:0.4]]
[2020.01.04-15.45.50:750][  0]LogConfig: Setting CVar [[r.AmbientOcclusionMaxQuality:100]]
[2020.01.04-15.45.50:750][  0]LogConfig: Setting CVar [[r.AmbientOcclusionLevels:0]]
[2020.01.04-15.45.50:750][  0]LogConfig: Setting CVar [[r.AmbientOcclusionRadiusScale:1.0]]
[2020.01.04-15.45.50:750][  0]LogConfig: Setting CVar [[r.DepthOfFieldQuality:0]]
[2020.01.04-15.45.50:750][  0]LogConfig: Setting CVar [[r.RenderTargetPoolMin:400]]
[2020.01.04-15.45.50:751][  0]LogConfig: Setting CVar [[r.LensFlareQuality:0]]
[2020.01.04-15.45.50:751][  0]LogConfig: Setting CVar [[r.SceneColorFringeQuality:0]]
[2020.01.04-15.45.50:751][  0]LogConfig: Setting CVar [[r.EyeAdaptationQuality:2]]
[2020.01.04-15.45.50:751][  0]LogConfig: Setting CVar [[r.BloomQuality:1]]
[2020.01.04-15.45.50:751][  0]LogConfig: Setting CVar [[r.FastBlurThreshold:0]]
[2020.01.04-15.45.50:751][  0]LogConfig: Setting CVar [[r.Upscale.Quality:3]]
[2020.01.04-15.45.50:751][  0]LogConfig: Setting CVar [[r.Tonemapper.GrainQuantization:1]]
[2020.01.04-15.45.50:751][  0]LogConfig: Setting CVar [[r.LightShaftQuality:1]]
[2020.01.04-15.45.50:751][  0]LogConfig: Setting CVar [[r.Filter.SizeScale:1]]
[2020.01.04-15.45.50:751][  0]LogConfig: Setting CVar [[r.Tonemapper.Quality:5]]
[2020.01.04-15.45.50:751][  0]LogConfig: Setting CVar [[r.DOF.Gather.AccumulatorQuality:1        ; higher gathering accumulator quality]]
[2020.01.04-15.45.50:751][  0]LogConfig: Setting CVar [[r.DOF.Gather.PostfilterMethod:1          ; Median3x3 postfilering method]]
[2020.01.04-15.45.50:751][  0]LogConfig: Setting CVar [[r.DOF.Gather.EnableBokehSettings:0       ; no bokeh simulation when gathering]]
[2020.01.04-15.45.50:751][  0]LogConfig: Setting CVar [[r.DOF.Gather.RingCount:4                 ; medium number of samples when gathering]]
[2020.01.04-15.45.50:751][  0]LogConfig: Setting CVar [[r.DOF.Scatter.ForegroundCompositing:1    ; additive foreground scattering]]
[2020.01.04-15.45.50:751][  0]LogConfig: Setting CVar [[r.DOF.Scatter.BackgroundCompositing:2    ; additive background scattering]]
[2020.01.04-15.45.50:751][  0]LogConfig: Setting CVar [[r.DOF.Scatter.EnableBokehSettings:1      ; bokeh simulation when scattering]]
[2020.01.04-15.45.50:751][  0]LogConfig: Setting CVar [[r.DOF.Scatter.MaxSpriteRatio:0.1         ; only a maximum of 10% of scattered bokeh]]
[2020.01.04-15.45.50:751][  0]LogConfig: Setting CVar [[r.DOF.Recombine.Quality:1                ; cheap slight out of focus]]
[2020.01.04-15.45.50:751][  0]LogConfig: Setting CVar [[r.DOF.Recombine.EnableBokehSettings:0    ; no bokeh simulation on slight out of focus]]
[2020.01.04-15.45.50:751][  0]LogConfig: Setting CVar [[r.DOF.TemporalAAQuality:1                ; more stable temporal accumulation]]
[2020.01.04-15.45.50:751][  0]LogConfig: Setting CVar [[r.DOF.Kernel.MaxForegroundRadius:0.025]]
[2020.01.04-15.45.50:751][  0]LogConfig: Setting CVar [[r.DOF.Kernel.MaxBackgroundRadius:0.025]]
[2020.01.04-15.45.50:751][  0]LogConfig: Applying CVar settings from Section [TextureQuality@3] File [C:/integrationcourseenv/Projects/!!!AfekaFinalProject/VRoscopy/UnrealEngine/VRoscopy/Saved/Config/Windows/Scalability.ini]
[2020.01.04-15.45.50:751][  0]LogConfig: Setting CVar [[r.Streaming.MipBias:0]]
[2020.01.04-15.45.50:751][  0]LogConfig: Setting CVar [[r.Streaming.AmortizeCPUToGPUCopy:0]]
[2020.01.04-15.45.50:751][  0]LogConfig: Setting CVar [[r.Streaming.MaxNumTexturesToStreamPerFrame:0]]
[2020.01.04-15.45.50:751][  0]LogConfig: Setting CVar [[r.Streaming.Boost:1]]
[2020.01.04-15.45.50:751][  0]LogConfig: Setting CVar [[r.MaxAnisotropy:8]]
[2020.01.04-15.45.50:751][  0]LogConfig: Setting CVar [[r.Streaming.LimitPoolSizeToVRAM:0]]
[2020.01.04-15.45.50:751][  0]LogConfig: Setting CVar [[r.Streaming.PoolSize:1000]]
[2020.01.04-15.45.50:751][  0]LogConfig: Setting CVar [[r.Streaming.MaxEffectiveScreenSize:0]]
[2020.01.04-15.45.50:751][  0]LogConfig: Applying CVar settings from Section [EffectsQuality@3] File [C:/integrationcourseenv/Projects/!!!AfekaFinalProject/VRoscopy/UnrealEngine/VRoscopy/Saved/Config/Windows/Scalability.ini]
[2020.01.04-15.45.50:751][  0]LogConfig: Setting CVar [[r.TranslucencyLightingVolumeDim:4]]
[2020.01.04-15.45.50:752][  0]LogConfig: Setting CVar [[r.RefractionQuality:2]]
[2020.01.04-15.45.50:752][  0]LogConfig: Setting CVar [[r.SSR.Quality:0]]
[2020.01.04-15.45.50:752][  0]LogConfig: Setting CVar [[r.SceneColorFormat:2]]
[2020.01.04-15.45.50:752][  0]LogConfig: Setting CVar [[r.DetailMode:2]]
[2020.01.04-15.45.50:752][  0]LogConfig: Setting CVar [[r.TranslucencyVolumeBlur:0]]
[2020.01.04-15.45.50:752][  0]LogConfig: Setting CVar [[r.MaterialQualityLevel:1 ; High quality]]
[2020.01.04-15.45.50:752][  0]LogConfig: Setting CVar [[r.SSS.Scale:1]]
[2020.01.04-15.45.50:752][  0]LogConfig: Setting CVar [[r.SSS.SampleSet:2]]
[2020.01.04-15.45.50:752][  0]LogConfig: Setting CVar [[r.SSS.Quality:1]]
[2020.01.04-15.45.50:752][  0]LogConfig: Setting CVar [[r.SSS.HalfRes:1]]
[2020.01.04-15.45.50:752][  0]LogConfig: Setting CVar [[r.EmitterSpawnRateScale:1.0]]
[2020.01.04-15.45.50:752][  0]LogConfig: Setting CVar [[r.ParticleLightQuality:2]]
[2020.01.04-15.45.50:752][  0]LogConfig: Applying CVar settings from Section [FoliageQuality@3] File [C:/integrationcourseenv/Projects/!!!AfekaFinalProject/VRoscopy/UnrealEngine/VRoscopy/Saved/Config/Windows/Scalability.ini]
[2020.01.04-15.45.50:752][  0]LogConfig: Setting CVar [[foliage.DensityScale:1.0]]
[2020.01.04-15.45.50:752][  0]LogConfig: Setting CVar [[grass.DensityScale:1.0]]
[2020.01.04-15.45.50:752][  0]LogInit: Selected Device Profile: [Windows]
[2020.01.04-15.45.50:752][  0]LogInit: Applying CVar settings loaded from the selected device profile: [Windows]
[2020.01.04-15.45.50:757][  0]LogHAL: Display: Platform has ~ 24 GB [25627287552 / 34359738368 / 24], which maps to Larger [LargestMinGB=32, LargerMinGB=12, DefaultMinGB=8, SmallerMinGB=6, SmallestMinGB=0)
[2020.01.04-15.45.50:757][  0]LogInit: Going up to parent DeviceProfile []
[2020.01.04-15.45.50:757][  0]LogConfig: Applying CVar settings from Section [ViewDistanceQuality@3] File [C:/integrationcourseenv/Projects/!!!AfekaFinalProject/VRoscopy/UnrealEngine/VRoscopy/Saved/Config/Windows/Scalability.ini]
[2020.01.04-15.45.50:758][  0]LogConfig: Setting CVar [[r.SkeletalMeshLODBias:0]]
[2020.01.04-15.45.50:758][  0]LogConfig: Setting CVar [[r.ViewDistanceScale:1.0]]
[2020.01.04-15.45.50:758][  0]LogConfig: Applying CVar settings from Section [AntiAliasingQuality@3] File [C:/integrationcourseenv/Projects/!!!AfekaFinalProject/VRoscopy/UnrealEngine/VRoscopy/Saved/Config/Windows/Scalability.ini]
[2020.01.04-15.45.50:758][  0]LogConfig: Setting CVar [[r.PostProcessAAQuality:3]]
[2020.01.04-15.45.50:758][  0]LogConfig: Applying CVar settings from Section [ShadowQuality@3] File [C:/integrationcourseenv/Projects/!!!AfekaFinalProject/VRoscopy/UnrealEngine/VRoscopy/Saved/Config/Windows/Scalability.ini]
[2020.01.04-15.45.50:758][  0]LogConfig: Setting CVar [[r.LightFunctionQuality:1]]
[2020.01.04-15.45.50:758][  0]LogConfig: Setting CVar [[r.ShadowQuality:5]]
[2020.01.04-15.45.50:758][  0]LogConfig: Setting CVar [[r.Shadow.CSM.MaxCascades:10]]
[2020.01.04-15.45.50:758][  0]LogConfig: Setting CVar [[r.Shadow.MaxResolution:2048]]
[2020.01.04-15.45.50:758][  0]LogConfig: Setting CVar [[r.Shadow.MaxCSMResolution:2048]]
[2020.01.04-15.45.50:758][  0]LogConfig: Setting CVar [[r.Shadow.RadiusThreshold:0.01]]
[2020.01.04-15.45.50:758][  0]LogConfig: Setting CVar [[r.Shadow.DistanceScale:1.0]]
[2020.01.04-15.45.50:758][  0]LogConfig: Setting CVar [[r.Shadow.CSM.TransitionScale:1.0]]
[2020.01.04-15.45.50:758][  0]LogConfig: Setting CVar [[r.Shadow.PreShadowResolutionFactor:1.0]]
[2020.01.04-15.45.50:758][  0]LogConfig: Setting CVar [[r.DistanceFieldShadowing:1]]
[2020.01.04-15.45.50:758][  0]LogConfig: Setting CVar [[r.DistanceFieldAO:1]]
[2020.01.04-15.45.50:759][  0]LogConfig: Setting CVar [[r.AOQuality:2]]
[2020.01.04-15.45.50:759][  0]LogConfig: Setting CVar [[r.VolumetricFog:1]]
[2020.01.04-15.45.50:759][  0]LogConfig: Setting CVar [[r.VolumetricFog.GridPixelSize:8]]
[2020.01.04-15.45.50:759][  0]LogConfig: Setting CVar [[r.VolumetricFog.GridSizeZ:128]]
[2020.01.04-15.45.50:759][  0]LogConfig: Setting CVar [[r.VolumetricFog.HistoryMissSupersampleCount:4]]
[2020.01.04-15.45.50:759][  0]LogConfig: Setting CVar [[r.LightMaxDrawDistanceScale:1]]
[2020.01.04-15.45.50:759][  0]LogConfig: Setting CVar [[r.CapsuleShadows:1]]
[2020.01.04-15.45.50:759][  0]LogConfig: Applying CVar settings from Section [PostProcessQuality@3] File [C:/integrationcourseenv/Projects/!!!AfekaFinalProject/VRoscopy/UnrealEngine/VRoscopy/Saved/Config/Windows/Scalability.ini]
[2020.01.04-15.45.50:759][  0]LogConfig: Setting CVar [[r.MotionBlurQuality:0]]
[2020.01.04-15.45.50:759][  0]LogConfig: Setting CVar [[r.AmbientOcclusionMipLevelFactor:0.4]]
[2020.01.04-15.45.50:759][  0]LogConfig: Setting CVar [[r.AmbientOcclusionMaxQuality:100]]
[2020.01.04-15.45.50:759][  0]LogConfig: Setting CVar [[r.AmbientOcclusionLevels:0]]
[2020.01.04-15.45.50:759][  0]LogConfig: Setting CVar [[r.AmbientOcclusionRadiusScale:1.0]]
[2020.01.04-15.45.50:759][  0]LogConfig: Setting CVar [[r.DepthOfFieldQuality:0]]
[2020.01.04-15.45.50:759][  0]LogConfig: Setting CVar [[r.RenderTargetPoolMin:400]]
[2020.01.04-15.45.50:759][  0]LogConfig: Setting CVar [[r.LensFlareQuality:0]]
[2020.01.04-15.45.50:759][  0]LogConfig: Setting CVar [[r.SceneColorFringeQuality:0]]
[2020.01.04-15.45.50:759][  0]LogConfig: Setting CVar [[r.EyeAdaptationQuality:2]]
[2020.01.04-15.45.50:759][  0]LogConfig: Setting CVar [[r.BloomQuality:1]]
[2020.01.04-15.45.50:759][  0]LogConfig: Setting CVar [[r.FastBlurThreshold:0]]
[2020.01.04-15.45.50:759][  0]LogConfig: Setting CVar [[r.Upscale.Quality:3]]
[2020.01.04-15.45.50:759][  0]LogConfig: Setting CVar [[r.Tonemapper.GrainQuantization:1]]
[2020.01.04-15.45.50:759][  0]LogConfig: Setting CVar [[r.LightShaftQuality:1]]
[2020.01.04-15.45.50:759][  0]LogConfig: Setting CVar [[r.Filter.SizeScale:1]]
[2020.01.04-15.45.50:759][  0]LogConfig: Setting CVar [[r.Tonemapper.Quality:5]]
[2020.01.04-15.45.50:759][  0]LogConfig: Setting CVar [[r.DOF.Gather.AccumulatorQuality:1        ; higher gathering accumulator quality]]
[2020.01.04-15.45.50:759][  0]LogConfig: Setting CVar [[r.DOF.Gather.PostfilterMethod:1          ; Median3x3 postfilering method]]
[2020.01.04-15.45.50:760][  0]LogConfig: Setting CVar [[r.DOF.Gather.EnableBokehSettings:0       ; no bokeh simulation when gathering]]
[2020.01.04-15.45.50:760][  0]LogConfig: Setting CVar [[r.DOF.Gather.RingCount:4                 ; medium number of samples when gathering]]
[2020.01.04-15.45.50:760][  0]LogConfig: Setting CVar [[r.DOF.Scatter.ForegroundCompositing:1    ; additive foreground scattering]]
[2020.01.04-15.45.50:760][  0]LogConfig: Setting CVar [[r.DOF.Scatter.BackgroundCompositing:2    ; additive background scattering]]
[2020.01.04-15.45.50:760][  0]LogConfig: Setting CVar [[r.DOF.Scatter.EnableBokehSettings:1      ; bokeh simulation when scattering]]
[2020.01.04-15.45.50:760][  0]LogConfig: Setting CVar [[r.DOF.Scatter.MaxSpriteRatio:0.1         ; only a maximum of 10% of scattered bokeh]]
[2020.01.04-15.45.50:760][  0]LogConfig: Setting CVar [[r.DOF.Recombine.Quality:1                ; cheap slight out of focus]]
[2020.01.04-15.45.50:760][  0]LogConfig: Setting CVar [[r.DOF.Recombine.EnableBokehSettings:0    ; no bokeh simulation on slight out of focus]]
[2020.01.04-15.45.50:760][  0]LogConfig: Setting CVar [[r.DOF.TemporalAAQuality:1                ; more stable temporal accumulation]]
[2020.01.04-15.45.50:760][  0]LogConfig: Setting CVar [[r.DOF.Kernel.MaxForegroundRadius:0.025]]
[2020.01.04-15.45.50:760][  0]LogConfig: Setting CVar [[r.DOF.Kernel.MaxBackgroundRadius:0.025]]
[2020.01.04-15.45.50:760][  0]LogConfig: Applying CVar settings from Section [TextureQuality@3] File [C:/integrationcourseenv/Projects/!!!AfekaFinalProject/VRoscopy/UnrealEngine/VRoscopy/Saved/Config/Windows/Scalability.ini]
[2020.01.04-15.45.50:760][  0]LogConfig: Setting CVar [[r.Streaming.MipBias:0]]
[2020.01.04-15.45.50:760][  0]LogConfig: Setting CVar [[r.Streaming.AmortizeCPUToGPUCopy:0]]
[2020.01.04-15.45.50:761][  0]LogConfig: Setting CVar [[r.Streaming.MaxNumTexturesToStreamPerFrame:0]]
[2020.01.04-15.45.50:761][  0]LogConfig: Setting CVar [[r.Streaming.Boost:1]]
[2020.01.04-15.45.50:761][  0]LogConfig: Setting CVar [[r.MaxAnisotropy:8]]
[2020.01.04-15.45.50:761][  0]LogConfig: Setting CVar [[r.Streaming.LimitPoolSizeToVRAM:0]]
[2020.01.04-15.45.50:761][  0]LogConfig: Setting CVar [[r.Streaming.PoolSize:1000]]
[2020.01.04-15.45.50:761][  0]LogConfig: Setting CVar [[r.Streaming.MaxEffectiveScreenSize:0]]
[2020.01.04-15.45.50:761][  0]LogConfig: Applying CVar settings from Section [EffectsQuality@3] File [C:/integrationcourseenv/Projects/!!!AfekaFinalProject/VRoscopy/UnrealEngine/VRoscopy/Saved/Config/Windows/Scalability.ini]
[2020.01.04-15.45.50:761][  0]LogConfig: Setting CVar [[r.TranslucencyLightingVolumeDim:4]]
[2020.01.04-15.45.50:761][  0]LogConfig: Setting CVar [[r.RefractionQuality:2]]
[2020.01.04-15.45.50:761][  0]LogConfig: Setting CVar [[r.SSR.Quality:0]]
[2020.01.04-15.45.50:761][  0]LogConfig: Setting CVar [[r.SceneColorFormat:2]]
[2020.01.04-15.45.50:761][  0]LogConfig: Setting CVar [[r.DetailMode:2]]
[2020.01.04-15.45.50:761][  0]LogConfig: Setting CVar [[r.TranslucencyVolumeBlur:0]]
[2020.01.04-15.45.50:761][  0]LogConfig: Setting CVar [[r.MaterialQualityLevel:1 ; High quality]]
[2020.01.04-15.45.50:761][  0]LogConfig: Setting CVar [[r.SSS.Scale:1]]
[2020.01.04-15.45.50:761][  0]LogConfig: Setting CVar [[r.SSS.SampleSet:2]]
[2020.01.04-15.45.50:761][  0]LogConfig: Setting CVar [[r.SSS.Quality:1]]
[2020.01.04-15.45.50:762][  0]LogConfig: Setting CVar [[r.SSS.HalfRes:1]]
[2020.01.04-15.45.50:762][  0]LogConfig: Setting CVar [[r.EmitterSpawnRateScale:1.0]]
[2020.01.04-15.45.50:762][  0]LogConfig: Setting CVar [[r.ParticleLightQuality:2]]
[2020.01.04-15.45.50:762][  0]LogConfig: Applying CVar settings from Section [FoliageQuality@3] File [C:/integrationcourseenv/Projects/!!!AfekaFinalProject/VRoscopy/UnrealEngine/VRoscopy/Saved/Config/Windows/Scalability.ini]
[2020.01.04-15.45.50:762][  0]LogConfig: Setting CVar [[foliage.DensityScale:1.0]]
[2020.01.04-15.45.50:762][  0]LogConfig: Setting CVar [[grass.DensityScale:1.0]]
[2020.01.04-15.45.50:762][  0]LogConfig: Applying CVar settings from Section [Startup] File [../../../Engine/Config/ConsoleVariables.ini]
[2020.01.04-15.45.50:762][  0]LogConfig: Setting CVar [[net.UseAdaptiveNetUpdateFrequency:0]]
[2020.01.04-15.45.50:762][  0]LogConfig: Setting CVar [[p.chaos.AllowCreatePhysxBodies:1]]
[2020.01.04-15.45.50:762][  0]LogConfig: Applying CVar settings from Section [ConsoleVariables] File [C:/integrationcourseenv/Projects/!!!AfekaFinalProject/VRoscopy/UnrealEngine/VRoscopy/Saved/Config/Windows/Engine.ini]
[2020.01.04-15.45.50:763][  0]LogInit: Computer: DANLAPTOP
[2020.01.04-15.45.50:763][  0]LogInit: User: DAN
[2020.01.04-15.45.50:763][  0]LogInit: CPU Page size=4096, Cores=2
[2020.01.04-15.45.50:763][  0]LogInit: High frequency timer resolution =10.000000 MHz
[2020.01.04-15.45.50:763][  0]LogMemory: Memory total: Physical=23.9GB (24GB approx)
[2020.01.04-15.45.50:763][  0]LogMemory: Platform Memory Stats for Windows
[2020.01.04-15.45.50:763][  0]LogMemory: Process Physical Memory: 101.94 MB used, 101.94 MB peak
[2020.01.04-15.45.50:763][  0]LogMemory: Process Virtual Memory: 99.11 MB used, 99.11 MB peak
[2020.01.04-15.45.50:763][  0]LogMemory: Physical Memory: 13410.19 MB used,  11029.89 MB free, 24440.09 MB total
[2020.01.04-15.45.50:763][  0]LogMemory: Virtual Memory: 4654.20 MB used,  134213072.00 MB free, 134217728.00 MB total
[2020.01.04-15.45.50:774][  0]LogWindows: WindowsPlatformFeatures enabled
[2020.01.04-15.45.50:832][  0]LogInit: Using OS detected language (en-US).
[2020.01.04-15.45.50:832][  0]LogInit: Using OS detected locale (en-US).
[2020.01.04-15.45.50:833][  0]LogTextLocalizationManager: No specific localization for 'en-US' exists, so the 'en' localization will be used.
[2020.01.04-15.45.51:234][  0]LogInit: Setting process to per monitor DPI aware
[2020.01.04-15.45.51:313][  0]LogSlate: New Slate User Created.  User Index 0, Is Virtual User: 0
[2020.01.04-15.45.51:313][  0]LogSlate: Slate User Registered.  User Index 0, Is Virtual User: 0
[2020.01.04-15.45.51:758][  0]LogHMD: Failed to initialize OpenVR with code 110
[2020.01.04-15.45.51:758][  0]LogD3D11RHI: D3D11 adapters:
[2020.01.04-15.45.51:865][  0]LogD3D11RHI:    0. 'NVIDIA GeForce GTX 960M' (Feature Level 11_0)
[2020.01.04-15.45.51:865][  0]LogD3D11RHI:       2010/0/12220 MB DedicatedVideo/DedicatedSystem/SharedSystem, Outputs:2, VendorId:0x10de
[2020.01.04-15.45.51:877][  0]LogD3D11RHI:    1. 'Intel(R) HD Graphics 520' (Feature Level 11_0)
[2020.01.04-15.45.51:877][  0]LogD3D11RHI:       128/0/12220 MB DedicatedVideo/DedicatedSystem/SharedSystem, Outputs:0, VendorId:0x8086
[2020.01.04-15.45.51:882][  0]LogD3D11RHI:    2. 'Microsoft Basic Render Driver' (Feature Level 11_0)
[2020.01.04-15.45.51:882][  0]LogD3D11RHI:       0/0/12220 MB DedicatedVideo/DedicatedSystem/SharedSystem, Outputs:0, VendorId:0x1414
[2020.01.04-15.45.51:888][  0]LogD3D11RHI:    3. 'Microsoft Basic Render Driver' (Feature Level 11_0)
[2020.01.04-15.45.51:889][  0]LogD3D11RHI:       0/0/12220 MB DedicatedVideo/DedicatedSystem/SharedSystem, Outputs:0, VendorId:0x1414
[2020.01.04-15.45.51:889][  0]LogD3D11RHI: Chosen D3D11 Adapter: 0
[2020.01.04-15.45.51:969][  0]LogD3D11RHI: Creating new Direct3DDevice
[2020.01.04-15.45.51:969][  0]LogD3D11RHI:     GPU DeviceId: 0x139b (for the marketing name, search the web for "GPU Device Id")
[2020.01.04-15.45.51:969][  0]LogWindows: EnumDisplayDevices:
[2020.01.04-15.45.51:969][  0]LogWindows:    0. 'Intel(R) HD Graphics 520' (P:1 D:1)
[2020.01.04-15.45.51:970][  0]LogWindows:    1. 'Intel(R) HD Graphics 520' (P:0 D:0)
[2020.01.04-15.45.51:970][  0]LogWindows:    2. 'Intel(R) HD Graphics 520' (P:0 D:0)
[2020.01.04-15.45.51:971][  0]LogWindows:    3. 'DisplayLink USB Device' (P:0 D:1)
[2020.01.04-15.45.51:971][  0]LogWindows:    4. 'DisplayLink USB Device' (P:0 D:0)
[2020.01.04-15.45.51:972][  0]LogWindows: DebugString: PrimaryIsNotTheChoosenAdapter PrimaryIsNotTheChoosenAdapter PrimaryIsNotTheChoosenAdapter GetVideoDriverDetailsInvalid PrimaryIsNotTheChoosenAdapter GetVideoDriverDetailsInvalid PrimaryIsNotTheChoosenAdapter FoundDriverCount:0 
[2020.01.04-15.45.51:972][  0]LogD3D11RHI:     Adapter Name: NVIDIA GeForce GTX 960M
[2020.01.04-15.45.51:972][  0]LogD3D11RHI:   Driver Version: Unknown (internal:Unknown, unified:Unknown)
[2020.01.04-15.45.51:972][  0]LogD3D11RHI:      Driver Date: Unknown
[2020.01.04-15.45.51:972][  0]LogRHI: Texture pool is 1407 MB (70% of 2010 MB)
[2020.01.04-15.45.52:051][  0]LogD3D11RHI: Async texture creation enabled
[2020.01.04-15.45.52:083][  0]LogD3D11RHI: GPU Timing Frequency: 1000.000000 (Debug: 2 2)
[2020.01.04-15.45.52:749][  0]LogTemp: Display: Module 'AllDesktopTargetPlatform' loaded TargetPlatform 'AllDesktop'
[2020.01.04-15.45.52:769][  0]LogTemp: Display: Module 'MacClientTargetPlatform' loaded TargetPlatform 'MacClient'
[2020.01.04-15.45.52:791][  0]LogTemp: Display: Module 'MacNoEditorTargetPlatform' loaded TargetPlatform 'MacNoEditor'
[2020.01.04-15.45.52:810][  0]LogTemp: Display: Module 'MacServerTargetPlatform' loaded TargetPlatform 'MacServer'
[2020.01.04-15.45.52:830][  0]LogTemp: Display: Module 'MacTargetPlatform' loaded TargetPlatform 'Mac'
[2020.01.04-15.45.52:847][  0]LogTemp: Display: Module 'WindowsClientTargetPlatform' loaded TargetPlatform 'WindowsClient'
[2020.01.04-15.45.52:866][  0]LogTemp: Display: Module 'WindowsNoEditorTargetPlatform' loaded TargetPlatform 'WindowsNoEditor'
[2020.01.04-15.45.52:885][  0]LogTemp: Display: Module 'WindowsServerTargetPlatform' loaded TargetPlatform 'WindowsServer'
[2020.01.04-15.45.52:895][  0]LogTemp: Display: Module 'WindowsTargetPlatform' loaded TargetPlatform 'Windows'
[2020.01.04-15.45.52:973][  0]LogTemp: Display: Module 'AndroidTargetPlatform' loaded TargetPlatform 'Android'
[2020.01.04-15.45.52:973][  0]LogTemp: Display: Module 'AndroidTargetPlatform' loaded TargetPlatform 'Android_ASTC'
[2020.01.04-15.45.52:973][  0]LogTemp: Display: Module 'AndroidTargetPlatform' loaded TargetPlatform 'Android_ATC'
[2020.01.04-15.45.52:973][  0]LogTemp: Display: Module 'AndroidTargetPlatform' loaded TargetPlatform 'Android_DXT'
[2020.01.04-15.45.52:973][  0]LogTemp: Display: Module 'AndroidTargetPlatform' loaded TargetPlatform 'Android_ETC1'
[2020.01.04-15.45.52:973][  0]LogTemp: Display: Module 'AndroidTargetPlatform' loaded TargetPlatform 'Android_ETC1a'
[2020.01.04-15.45.52:973][  0]LogTemp: Display: Module 'AndroidTargetPlatform' loaded TargetPlatform 'Android_ETC2'
[2020.01.04-15.45.52:973][  0]LogTemp: Display: Module 'AndroidTargetPlatform' loaded TargetPlatform 'Android_PVRTC'
[2020.01.04-15.45.52:973][  0]LogTemp: Display: Module 'AndroidTargetPlatform' loaded TargetPlatform 'AndroidClient'
[2020.01.04-15.45.52:973][  0]LogTemp: Display: Module 'AndroidTargetPlatform' loaded TargetPlatform 'Android_ASTCClient'
[2020.01.04-15.45.52:973][  0]LogTemp: Display: Module 'AndroidTargetPlatform' loaded TargetPlatform 'Android_ATCClient'
[2020.01.04-15.45.52:973][  0]LogTemp: Display: Module 'AndroidTargetPlatform' loaded TargetPlatform 'Android_DXTClient'
[2020.01.04-15.45.52:973][  0]LogTemp: Display: Module 'AndroidTargetPlatform' loaded TargetPlatform 'Android_ETC1Client'
[2020.01.04-15.45.52:973][  0]LogTemp: Display: Module 'AndroidTargetPlatform' loaded TargetPlatform 'Android_ETC1aClient'
[2020.01.04-15.45.52:973][  0]LogTemp: Display: Module 'AndroidTargetPlatform' loaded TargetPlatform 'Android_ETC2Client'
[2020.01.04-15.45.52:973][  0]LogTemp: Display: Module 'AndroidTargetPlatform' loaded TargetPlatform 'Android_PVRTCClient'
[2020.01.04-15.45.52:973][  0]LogTemp: Display: Module 'AndroidTargetPlatform' loaded TargetPlatform 'Android_Multi'
[2020.01.04-15.45.52:973][  0]LogTemp: Display: Module 'AndroidTargetPlatform' loaded TargetPlatform 'Android_MultiClient'
[2020.01.04-15.45.52:977][  0]LogTemp: Display: Module 'HTML5TargetPlatform' loaded TargetPlatform 'HTML5'
[2020.01.04-15.45.53:016][  0]LogTemp: Display: Module 'IOSTargetPlatform' loaded TargetPlatform 'IOSClient'
[2020.01.04-15.45.53:017][  0]LogTemp: Display: Module 'IOSTargetPlatform' loaded TargetPlatform 'IOS'
[2020.01.04-15.45.53:047][  0]LogTemp: Display: Module 'TVOSTargetPlatform' loaded TargetPlatform 'TVOSClient'
[2020.01.04-15.45.53:047][  0]LogTemp: Display: Module 'TVOSTargetPlatform' loaded TargetPlatform 'TVOS'
[2020.01.04-15.45.53:062][  0]LogTemp: Display: Module 'LinuxClientTargetPlatform' loaded TargetPlatform 'LinuxClient'
[2020.01.04-15.45.53:076][  0]LogTemp: Display: Module 'LinuxNoEditorTargetPlatform' loaded TargetPlatform 'LinuxNoEditor'
[2020.01.04-15.45.53:089][  0]LogTemp: Display: Module 'LinuxServerTargetPlatform' loaded TargetPlatform 'LinuxServer'
[2020.01.04-15.45.53:104][  0]LogTemp: Display: Module 'LinuxTargetPlatform' loaded TargetPlatform 'Linux'
[2020.01.04-15.45.53:154][  0]LogTemp: Display: Module 'LuminTargetPlatform' loaded TargetPlatform 'Lumin'
[2020.01.04-15.45.53:154][  0]LogTemp: Display: Module 'LuminTargetPlatform' loaded TargetPlatform 'LuminClient'
[2020.01.04-15.45.53:154][  0]LogTargetPlatformManager: Display: Building Assets For Windows
[2020.01.04-15.45.53:170][  0]LogAudioDebug: Display: Lib vorbis DLL was dynamically loaded.
[2020.01.04-15.45.53:275][  0]LogShaderCompilers: Guid format shader working directory is -56 characters bigger than the processId version (../../../../../../integrationcourseenv/Projects/!!!AfekaFinalProject/VRoscopy/UnrealEngine/VRoscopy/Intermediate/Shaders/WorkingDirectory/16100/).
[2020.01.04-15.45.53:275][  0]LogShaderCompilers: Cleaned the shader compiler working directory 'C:/Users/DAN/AppData/Local/Temp/UnrealShaderWorkingDir/274A0E5F4B9607BDA627E99AC04EF093/'.
[2020.01.04-15.45.53:279][  0]LogXGEController: Cannot use XGE Controller as Incredibuild is not installed on this machine.
[2020.01.04-15.45.53:279][  0]LogShaderCompilers: Cannot use XGE Shader Compiler as Incredibuild is not installed on this machine.
[2020.01.04-15.45.53:279][  0]LogShaderCompilers: Display: Using Local Shader Compiler.
[2020.01.04-15.45.54:469][  0]LogDerivedDataCache: Display: Max Cache Size: 512 MB
[2020.01.04-15.45.54:565][  0]LogDerivedDataCache: Loaded boot cache 0.10s 90MB C:/Users/DAN/AppData/Local/UnrealEngine/4.23/DerivedDataCache/Boot.ddc.
[2020.01.04-15.45.54:565][  0]LogDerivedDataCache: Display: Loaded Boot cache: C:/Users/DAN/AppData/Local/UnrealEngine/4.23/DerivedDataCache/Boot.ddc
[2020.01.04-15.45.54:565][  0]LogDerivedDataCache: FDerivedDataBackendGraph:  Pak pak cache file ../../../../../../integrationcourseenv/Projects/!!!AfekaFinalProject/VRoscopy/UnrealEngine/VRoscopy/DerivedDataCache/DDC.ddp not found, will not use a pak cache.
[2020.01.04-15.45.54:565][  0]LogDerivedDataCache: Unable to find inner node Pak for hierarchical cache Hierarchy.
[2020.01.04-15.45.54:565][  0]LogDerivedDataCache: FDerivedDataBackendGraph:  CompressedPak pak cache file ../../../../../../integrationcourseenv/Projects/!!!AfekaFinalProject/VRoscopy/UnrealEngine/VRoscopy/DerivedDataCache/Compressed.ddp not found, will not use a pak cache.
[2020.01.04-15.45.54:565][  0]LogDerivedDataCache: Unable to find inner node CompressedPak for hierarchical cache Hierarchy.
[2020.01.04-15.45.54:583][  0]LogDerivedDataCache: Display: Pak cache opened for reading ../../../Engine/DerivedDataCache/Compressed.ddp.
[2020.01.04-15.45.54:584][  0]LogDerivedDataCache: FDerivedDataBackendGraph:  EnterprisePak pak cache file ../../../Enterprise/DerivedDataCache/Compressed.ddp not found, will not use a pak cache.
[2020.01.04-15.45.54:584][  0]LogDerivedDataCache: Unable to find inner node EnterprisePak for hierarchical cache Hierarchy.
[2020.01.04-15.45.54:586][  0]LogDerivedDataCache: Using Local data cache path C:/Users/DAN/AppData/Local/UnrealEngine/Common/DerivedDataCache: Writable
[2020.01.04-15.45.54:586][  0]LogDerivedDataCache: Shared data cache path not found in *engine.ini, will not use an Shared cache.
[2020.01.04-15.45.54:586][  0]LogDerivedDataCache: Unable to find inner node Shared for hierarchical cache Hierarchy.
[2020.01.04-15.45.54:637][  0]LogMaterial: Verifying Global Shaders for PCD3D_SM5
[2020.01.04-15.45.54:642][  0]LogSlate: Using FreeType 2.6.0
[2020.01.04-15.45.54:643][  0]LogSlate: SlateFontServices - WITH_FREETYPE: 1, WITH_HARFBUZZ: 1
[2020.01.04-15.45.54:747][  0]LogAssetRegistry: FAssetRegistry took 0.0047 seconds to start up
[2020.01.04-15.45.55:310][  0]LogInit: Selected Device Profile: [Windows]
[2020.01.04-15.45.55:537][  0]LogMeshReduction: Using QuadricMeshReduction for automatic static mesh reduction
[2020.01.04-15.45.55:537][  0]LogMeshReduction: Using SimplygonMeshReduction for automatic skeletal mesh reduction
[2020.01.04-15.45.55:537][  0]LogMeshReduction: Using ProxyLODMeshReduction for automatic mesh merging
[2020.01.04-15.45.55:537][  0]LogMeshReduction: No distributed automatic mesh merging module available
[2020.01.04-15.45.55:537][  0]LogMeshMerging: No distributed automatic mesh merging module available
[2020.01.04-15.45.55:552][  0]LogNetVersion: VRoscopy 1.0.0, NetCL: 8386587, EngineNetVer: 11, GameNetVer: 0 (Checksum: 931555030)
[2020.01.04-15.45.56:269][  0]LogPackageLocalizationCache: Processed 14 localized package path(s) for 1 prioritized culture(s) in 0.099397 seconds
[2020.01.04-15.45.56:279][  0]LogUObjectArray: 43444 objects as part of root set at end of initial load.
[2020.01.04-15.45.56:279][  0]LogUObjectAllocator: 7548648 out of 0 bytes used by permanent object pool.
[2020.01.04-15.45.56:279][  0]LogUObjectArray: CloseDisregardForGC: 0/0 objects in disregard for GC pool
[2020.01.04-15.45.57:495][  0]LogPython: Using Python 2.7.14
[2020.01.04-15.45.58:793][  0]LogTcpMessaging: Initializing TcpMessaging bridge
[2020.01.04-15.45.58:799][  0]LogUdpMessaging: Initializing bridge on interface 0.0.0.0:0 to multicast group 230.0.0.1:6666.
[2020.01.04-15.45.58:919][  0]SourceControl: Source control is disabled
[2020.01.04-15.45.58:919][  0]SourceControl: Source control is disabled
[2020.01.04-15.45.58:921][  0]SourceControl: Source control is disabled
[2020.01.04-15.45.58:923][  0]SourceControl: Source control is disabled
[2020.01.04-15.45.59:159][  0]LogAndroidPermission: UAndroidPermissionCallbackProxy::GetInstance
[2020.01.04-15.45.59:496][  0]LogOcInput: OculusInput pre-init called
[2020.01.04-15.45.59:507][  0]LogWindows: Failed to load 'OVRPlugin.dll' (GetLastError=126)
[2020.01.04-15.45.59:507][  0]LogWindows: File 'OVRPlugin.dll' does not exist
[2020.01.04-15.45.59:612][  0]LogEngine: Initializing Engine...
[2020.01.04-15.45.59:613][  0]LogHMD: Failed to initialize OpenVR with code 110
[2020.01.04-15.45.59:615][  0]LogStats: UGameplayTagsManager::InitializeManager -  0.000 s
[2020.01.04-15.46.00:005][  0]LogInit: Initializing FReadOnlyCVARCache
[2020.01.04-15.46.00:038][  0]LogAIModule: Creating AISystem for world Untitled
[2020.01.04-15.46.00:135][  0]LogInit: XAudio2 using 'Speakers (Conexant SmartAudio HD)' : 2 channels at 48 kHz using 32 bits per sample (channel mask 0x3)
[2020.01.04-15.46.00:307][  0]LogInit: FAudioDevice initialized.
[2020.01.04-15.46.00:307][  0]LogNetVersion: Set ProjectVersion to 1.0.0.0. Version Checksum will be recalculated on next use.
[2020.01.04-15.46.00:585][  0]LogDerivedDataCache: Saved boot cache 0.28s 90MB C:/Users/DAN/AppData/Local/UnrealEngine/4.23/DerivedDataCache/Boot.ddc.
[2020.01.04-15.46.00:602][  0]LogInit: Texture streaming: Enabled
[2020.01.04-15.46.00:633][  0]LogEngineSessionManager: EngineSessionManager initialized
[2020.01.04-15.46.00:761][  0]LogInit: Transaction tracking system initialized
[2020.01.04-15.46.00:818][  0]BlueprintLog: New page: Editor Load
[2020.01.04-15.46.00:982][  0]LocalizationService: Localization service is disabled
[2020.01.04-15.46.01:472][  0]LogFileCache: Scanning file cache for directory 'C:/integrationcourseenv/Projects/!!!AfekaFinalProject/VRoscopy/UnrealEngine/VRoscopy/Content/' took 0.01s
[2020.01.04-15.46.01:472][  0]LogCook: Display: Max memory allowance for cook 16384mb min free memory 0mb
[2020.01.04-15.46.01:472][  0]LogCook: Display: Mobile HDR setting 1
[2020.01.04-15.46.01:819][  0]SourceControl: Source control is disabled
[2020.01.04-15.46.01:819][  0]Cmd: MAP LOAD FILE="../../../../../../integrationcourseenv/Projects/!!!AfekaFinalProject/VRoscopy/UnrealEngine/VRoscopy/Content/MainLevel.umap" TEMPLATE=0 SHOWPROGRESS=1 FEATURELEVEL=3
[2020.01.04-15.46.01:820][  0]LightingResults: New page: Lighting Build
[2020.01.04-15.46.01:826][  0]LogWorld: UWorld::CleanupWorld for Untitled, bSessionEnded=true, bCleanupResources=true
[2020.01.04-15.46.01:826][  0]MapCheck: New page: Map Check
[2020.01.04-15.46.01:826][  0]LightingResults: New page: Lighting Build
[2020.01.04-15.46.01:855][  0]LogUObjectHash: Compacting FUObjectHashTables data took   2.68ms
[2020.01.04-15.46.03:141][  0]LogAIModule: Creating AISystem for world MainLevel
[2020.01.04-15.46.03:160][  0]LogEditorServer: Finished looking for orphan Actors (0.000 secs)
[2020.01.04-15.46.03:200][  0]LogUObjectHash: Compacting FUObjectHashTables data took   4.66ms
[2020.01.04-15.46.03:200][  0]Cmd: MAP CHECKDEP NOCLEARLOG
[2020.01.04-15.46.03:201][  0]MapCheck: Map check complete: 0 Error(s), 0 Warning(s), took 0.275ms to complete.
[2020.01.04-15.46.03:201][  0]LogFileHelpers: Loading map 'MainLevel' took 1.381
[2020.01.04-15.46.03:380][  0]LogSlate: Updating window title bar state: overlay mode, drag disabled, window buttons hidden, title bar hidden
[2020.01.04-15.46.03:389][  0]LogSlate: Updating window title bar state: overlay mode, drag disabled, window buttons hidden, title bar hidden
[2020.01.04-15.46.03:401][  0]LogSlate: Updating window title bar state: overlay mode, drag disabled, window buttons hidden, title bar hidden
[2020.01.04-15.46.03:411][  0]LogSlate: Updating window title bar state: overlay mode, drag disabled, window buttons hidden, title bar hidden
[2020.01.04-15.46.03:421][  0]LogCollectionManager: Loaded 0 collections in 0.002669 seconds
[2020.01.04-15.46.03:429][  0]LogFileCache: Scanning file cache for directory 'C:/integrationcourseenv/Projects/!!!AfekaFinalProject/VRoscopy/UnrealEngine/VRoscopy/Saved/Collections/' took 0.00s
[2020.01.04-15.46.03:429][  0]LogFileCache: Scanning file cache for directory 'C:/integrationcourseenv/Projects/!!!AfekaFinalProject/VRoscopy/UnrealEngine/VRoscopy/Content/Developers/DAN/Collections/' took 0.00s
[2020.01.04-15.46.03:429][  0]LogFileCache: Scanning file cache for directory 'C:/integrationcourseenv/Projects/!!!AfekaFinalProject/VRoscopy/UnrealEngine/VRoscopy/Content/Collections/' took 0.00s
[2020.01.04-15.46.03:429][  0]LogCollectionManager: Rebuilt the GUID cache for 0 collections in 0.000002 seconds
[2020.01.04-15.46.03:442][  0]LogContentBrowser: Native class hierarchy populated in 0.0126 seconds. Added 2911 classes and 696 folders.
[2020.01.04-15.46.03:452][  0]LogContentBrowser: Native class hierarchy updated for 'WidgetCarousel' in 0.0004 seconds. Added 0 classes and 0 folders.
[2020.01.04-15.46.03:510][  0]LogContentBrowser: Native class hierarchy updated for 'AddContentDialog' in 0.0007 seconds. Added 0 classes and 0 folders.
[2020.01.04-15.46.03:521][  0]LogContentBrowser: Native class hierarchy updated for 'SceneOutliner' in 0.0005 seconds. Added 1 classes and 2 folders.
[2020.01.04-15.46.03:626][  0]LogSlate: Took 0.000237 seconds to synchronously load lazily loaded font '../../../Engine/Content/Slate/Fonts/Roboto-Regular.ttf' (155K)
[2020.01.04-15.46.03:630][  0]LogSlate: Took 0.000217 seconds to synchronously load lazily loaded font '../../../Engine/Content/Slate/Fonts/Roboto-Bold.ttf' (160K)
[2020.01.04-15.46.03:638][  0]LogSlate: Took 0.000256 seconds to synchronously load lazily loaded font '../../../Engine/Content/Editor/Slate/Fonts/FontAwesome.ttf' (139K)
[2020.01.04-15.46.03:639][  0]LogSlate: Took 0.000198 seconds to synchronously load lazily loaded font '../../../Engine/Content/Slate/Fonts/DroidSansMono.ttf' (77K)
[2020.01.04-15.46.03:796][  0]LogRenderer: Reallocating scene render targets to support 1208x532 Format 26 NumSamples 1 (Frame:1).
[2020.01.04-15.46.03:977][  0]LogContentBrowser: Native class hierarchy updated for 'HierarchicalLODOutliner' in 0.0007 seconds. Added 0 classes and 0 folders.
[2020.01.04-15.46.03:977][  0]LogLoad: (Engine Initialization) Total time: 15.25 seconds
[2020.01.04-15.46.03:978][  0]LogLoad: (Engine Initialization) Total Blueprint compile time: 0.00 seconds
[2020.01.04-15.46.04:061][  0]LogContentStreaming: Texture pool size now 1000 MB
[2020.01.04-15.46.04:087][  1]LogPython: Error: Could not load Python file 'C:/Program Files/Epic Games/UE_4.23/Engine/Binaries/Win64/PythonScripts/import_mesh_from_fbx.py' (resolved from 'PythonScripts\import_mesh_from_fbx.py')
[2020.01.04-15.46.04:090][  1]LogPython: Error: Could not load Python file 'D:/VRoscopy_repo/VRoscopy/UnrealEngine/VRoscopy/PythonScripts/import_mesh_from_fbx.py' (resolved from 'D:\VRoscopy_repo\VRoscopy\UnrealEngine\VRoscopy\PythonScripts\import_mesh_from_fbx.py')
[2020.01.04-15.46.04:091][  1]LogPython: Error: Could not load Python file 'C:/danrol/VRoscopy/UnrealEngine/VRoscopy/PythonScripts/import_mesh_from_fbx.py' (resolved from 'C:\danrol\VRoscopy\UnrealEngine\VRoscopy\PythonScripts\import_mesh_from_fbx.py')
[2020.01.04-15.46.04:134][  1]LogAssetRegistry: Asset discovery search completed in 9.3880 seconds
[2020.01.04-15.46.04:142][  1]LogCollectionManager: Rebuilt the object cache for 0 collections in 0.000051 seconds (found 0 objects)
[2020.01.04-15.46.04:142][  1]LogCollectionManager: Fixed up redirectors for 0 collections in 0.000458 seconds (updated 0 objects)
[2020.01.04-15.46.05:046][ 50]LogSlate: Took 0.000236 seconds to synchronously load lazily loaded font '../../../Engine/Content/Slate/Fonts/Roboto-Light.ttf' (167K)
[2020.01.04-15.46.06:013][106]LogPython: Display: Generating Python API stub file...
[2020.01.04-15.46.06:297][106]LogPython: Display:   ...generating Python API: glue code
[2020.01.04-15.46.06:600][106]LogPython: Display:   ...generating Python API: additional code
[2020.01.04-15.46.06:677][106]LogPython: Display:   ...generated: C:/integrationcourseenv/Projects/!!!AfekaFinalProject/VRoscopy/UnrealEngine/VRoscopy/Intermediate/PythonStub/unreal.py
[2020.01.04-15.46.22:740][ 23]LogSlate: FSceneViewport::OnFocusLost() reason 5
[2020.01.04-15.46.28:283][310]LogSlate: FSceneViewport::OnFocusLost() reason 0
[2020.01.04-15.46.28:352][314]LogTemp: Repeating last play command: Selected Viewport
[2020.01.04-15.46.28:395][314]LogBlueprintUserMessages: Early PlayInEditor Detection: Level '/Game/MainLevel.MainLevel:PersistentLevel' has LevelScriptBlueprint '/Game/MainLevel.MainLevel:PersistentLevel.MainLevel' with GeneratedClass '/Game/MainLevel.MainLevel_C' with ClassGeneratedBy '/Game/MainLevel.MainLevel:PersistentLevel.MainLevel'
[2020.01.04-15.46.28:395][314]LogPlayLevel: PlayLevel: No blueprints needed recompiling
[2020.01.04-15.46.28:396][314]PIE: New page: PIE session: MainLevel (Jan 4, 2020, 7:46:28 PM)
[2020.01.04-15.46.28:397][314]LogOnline: OSS: Creating online subsystem instance for: NULL
[2020.01.04-15.46.28:398][314]LogPlayLevel: Creating play world package: /Game/UEDPIE_0_MainLevel
[2020.01.04-15.46.28:414][314]LogPlayLevel: PIE: StaticDuplicateObject took: (0.014909s)
[2020.01.04-15.46.28:415][314]LogAIModule: Creating AISystem for world MainLevel
[2020.01.04-15.46.28:416][314]LogPlayLevel: PIE: World Init took: (0.001436s)
[2020.01.04-15.46.28:416][314]LogPlayLevel: PIE: Created PIE world by copying editor world from /Game/MainLevel.MainLevel to /Game/UEDPIE_0_MainLevel.MainLevel (0.017281s)
[2020.01.04-15.46.28:442][314]LogUObjectHash: Compacting FUObjectHashTables data took   1.91ms
[2020.01.04-15.46.28:472][314]LogInit: XAudio2 using 'Speakers (Conexant SmartAudio HD)' : 2 channels at 48 kHz using 32 bits per sample (channel mask 0x3)
[2020.01.04-15.46.28:591][314]LogInit: FAudioDevice initialized.
[2020.01.04-15.46.28:603][314]LogLoad: Game class is 'MyGameModeBase'
[2020.01.04-15.46.28:607][314]LogWorld: Bringing World /Game/UEDPIE_0_MainLevel.MainLevel up for play (max tick rate 60) at 2020.01.04-17.46.28
[2020.01.04-15.46.28:609][314]LogWorld: Bringing up level for play took: 0.004074
[2020.01.04-15.46.28:609][314]LogOnline: OSS: Creating online subsystem instance for: :Context_1
[2020.01.04-15.46.28:618][314]LogContentBrowser: Native class hierarchy updated for 'MovieSceneCapture' in 0.0006 seconds. Added 20 classes and 0 folders.
[2020.01.04-15.46.28:622][314]LogSlate: New Slate User Created.  User Index 8, Is Virtual User: 1
[2020.01.04-15.46.28:623][314]LogSlate: Slate User Registered.  User Index 8, Is Virtual User: 1
[2020.01.04-15.46.28:625][314]PIE: Play in editor start time for /Game/UEDPIE_0_MainLevel 0.534
[2020.01.04-15.46.28:625][314]LogBlueprintUserMessages: Late PlayInEditor Detection: Level '/Game/MainLevel.MainLevel:PersistentLevel' has LevelScriptBlueprint '/Game/MainLevel.MainLevel:PersistentLevel.MainLevel' with GeneratedClass '/Game/MainLevel.MainLevel_C' with ClassGeneratedBy '/Game/MainLevel.MainLevel:PersistentLevel.MainLevel'
[2020.01.04-15.46.30:363][395]LogPython: Display: Generating Python API stub file...
[2020.01.04-15.46.30:718][395]LogPython: Display:   ...generating Python API: glue code
[2020.01.04-15.46.31:031][395]LogPython: Display:   ...generating Python API: additional code
[2020.01.04-15.46.31:104][395]LogPython: Display:   ...generated: C:/integrationcourseenv/Projects/!!!AfekaFinalProject/VRoscopy/UnrealEngine/VRoscopy/Intermediate/PythonStub/unreal.py
[2020.01.04-15.46.32:188][437]LogPython: NICKNICK: subprocess.py START OF CIS BUGHUNT DUMP
[2020.01.04-15.46.32:189][437]LogPython: None
[2020.01.04-15.46.32:189][437]LogPython: cd C:/Users/DAN/Desktop/Dicom2MeshInvesalius/invesalius3
[2020.01.04-15.46.32:189][437]LogPython: NICKNICK: subprocess.py END OF CIS BUGHUNT DUMP
[2020.01.04-15.46.32:189][437]LogPython: ('NICKNICK: subprocess.py e.winerror:', 2)
[2020.01.04-15.46.32:190][437]LogPython: Error: Traceback (most recent call last):
[2020.01.04-15.46.32:190][437]LogPython: Error:   File "<string>", line 3, in <module>
[2020.01.04-15.46.32:191][437]LogPython: Error:   File "C:/integrationcourseenv/Projects/!!!AfekaFinalProject/VRoscopy/UnrealEngine/VRoscopy/PythonScripts\run_dicom_to_mesh.py", line 18, in dicoms_to_mesh
[2020.01.04-15.46.32:191][437]LogPython: Error:     subprocess.call(["cd", invesalius_file_path])
[2020.01.04-15.46.32:191][437]LogPython: Error:   File "C:\Program Files\Epic Games\UE_4.23\Engine\Binaries\ThirdParty\Python\Win64\lib\subprocess.py", line 170, in call
[2020.01.04-15.46.32:191][437]LogPython: Error:     return Popen(*popenargs, **kwargs).wait()
[2020.01.04-15.46.32:191][437]LogPython: Error:   File "C:\Program Files\Epic Games\UE_4.23\Engine\Binaries\ThirdParty\Python\Win64\lib\subprocess.py", line 392, in __init__
[2020.01.04-15.46.32:191][437]LogPython: Error:     errread, errwrite)
[2020.01.04-15.46.32:192][437]LogPython: Error:   File "C:\Program Files\Epic Games\UE_4.23\Engine\Binaries\ThirdParty\Python\Win64\lib\subprocess.py", line 659, in _execute_child
[2020.01.04-15.46.32:192][437]LogPython: Error:     raise WindowsError(*e.args)
[2020.01.04-15.46.32:192][437]LogPython: Error: WindowsError: [Error 2] The system cannot find the file specified
[2020.01.04-15.46.46:832][216]LogBlueprintUserMessages: Early EndPlayMap Detection: Level '/Game/MainLevel.MainLevel:PersistentLevel' has LevelScriptBlueprint '/Game/MainLevel.MainLevel:PersistentLevel.MainLevel' with GeneratedClass '/Game/MainLevel.MainLevel_C' with ClassGeneratedBy '/Game/MainLevel.MainLevel:PersistentLevel.MainLevel'
[2020.01.04-15.46.46:835][216]LogSlate: Updating window title bar state: overlay mode, drag disabled, window buttons hidden, title bar hidden
[2020.01.04-15.46.46:836][216]LogWorld: BeginTearingDown for /Game/UEDPIE_0_MainLevel
[2020.01.04-15.46.46:836][216]LogWorld: UWorld::CleanupWorld for MainLevel, bSessionEnded=true, bCleanupResources=true
[2020.01.04-15.46.46:852][216]LogPlayLevel: Display: Shutting down PIE online subsystems
[2020.01.04-15.46.46:852][216]LogBlueprintUserMessages: Late EndPlayMap Detection: Level '/Game/MainLevel.MainLevel:PersistentLevel' has LevelScriptBlueprint '/Game/MainLevel.MainLevel:PersistentLevel.MainLevel' with GeneratedClass '/Game/MainLevel.MainLevel_C' with ClassGeneratedBy '/Game/MainLevel.MainLevel:PersistentLevel.MainLevel'
[2020.01.04-15.46.46:889][216]LogSlate: Updating window title bar state: overlay mode, drag disabled, window buttons hidden, title bar hidden
[2020.01.04-15.46.46:891][216]LogSlate: Slate User Unregistered.  User Index 8
[2020.01.04-15.46.46:891][216]LogSlate: Slate User Destroyed.  User Index 8, Is Virtual User: 1
[2020.01.04-15.46.46:893][216]LogUObjectHash: Compacting FUObjectHashTables data took   1.93ms
[2020.01.04-15.46.46:954][218]LogPlayLevel: Display: Destroying online subsystem :Context_1
[2020.01.04-15.47.09:899][443]LogEditorViewport: Clicking on Actor (LMB): StaticMeshActor (Plane)
[2020.01.04-15.47.11:063][493]LogSlate: FSceneViewport::OnFocusLost() reason 0
[2020.01.04-15.47.11:165][499]LogTemp: Repeating last play command: Selected Viewport
[2020.01.04-15.47.11:201][499]LogBlueprintUserMessages: Early PlayInEditor Detection: Level '/Game/MainLevel.MainLevel:PersistentLevel' has LevelScriptBlueprint '/Game/MainLevel.MainLevel:PersistentLevel.MainLevel' with GeneratedClass '/Game/MainLevel.MainLevel_C' with ClassGeneratedBy '/Game/MainLevel.MainLevel:PersistentLevel.MainLevel'
[2020.01.04-15.47.11:201][499]LogPlayLevel: PlayLevel: No blueprints needed recompiling
[2020.01.04-15.47.11:202][499]PIE: New page: PIE session: MainLevel (Jan 4, 2020, 7:47:11 PM)
[2020.01.04-15.47.11:202][499]LogPlayLevel: Creating play world package: /Game/UEDPIE_0_MainLevel
[2020.01.04-15.47.11:219][499]LogPlayLevel: PIE: StaticDuplicateObject took: (0.017808s)
[2020.01.04-15.47.11:220][499]LogAIModule: Creating AISystem for world MainLevel
[2020.01.04-15.47.11:220][499]LogPlayLevel: PIE: World Init took: (0.001313s)
[2020.01.04-15.47.11:221][499]LogPlayLevel: PIE: Created PIE world by copying editor world from /Game/MainLevel.MainLevel to /Game/UEDPIE_0_MainLevel.MainLevel (0.019731s)
[2020.01.04-15.47.11:248][499]LogUObjectHash: Compacting FUObjectHashTables data took   1.96ms
[2020.01.04-15.47.11:283][499]LogInit: XAudio2 using 'Speakers (Conexant SmartAudio HD)' : 2 channels at 48 kHz using 32 bits per sample (channel mask 0x3)
[2020.01.04-15.47.11:410][499]LogInit: FAudioDevice initialized.
[2020.01.04-15.47.11:419][499]LogLoad: Game class is 'MyGameModeBase'
[2020.01.04-15.47.11:422][499]LogWorld: Bringing World /Game/UEDPIE_0_MainLevel.MainLevel up for play (max tick rate 60) at 2020.01.04-17.47.11
[2020.01.04-15.47.11:423][499]LogWorld: Bringing up level for play took: 0.002925
[2020.01.04-15.47.11:423][499]LogOnline: OSS: Creating online subsystem instance for: :Context_2
[2020.01.04-15.47.11:428][499]LogSlate: New Slate User Created.  User Index 8, Is Virtual User: 1
[2020.01.04-15.47.11:428][499]LogSlate: Slate User Registered.  User Index 8, Is Virtual User: 1
[2020.01.04-15.47.11:430][499]PIE: Play in editor start time for /Game/UEDPIE_0_MainLevel -0.662
[2020.01.04-15.47.11:430][499]LogBlueprintUserMessages: Late PlayInEditor Detection: Level '/Game/MainLevel.MainLevel:PersistentLevel' has LevelScriptBlueprint '/Game/MainLevel.MainLevel:PersistentLevel.MainLevel' with GeneratedClass '/Game/MainLevel.MainLevel_C' with ClassGeneratedBy '/Game/MainLevel.MainLevel:PersistentLevel.MainLevel'
[2020.01.04-15.47.13:012][569]LogPython: NICKNICK: subprocess.py START OF CIS BUGHUNT DUMP
[2020.01.04-15.47.13:013][569]LogPython: None
[2020.01.04-15.47.13:013][569]LogPython: cd C:/Users/DAN/Desktop/Dicom2MeshInvesalius/invesalius3
[2020.01.04-15.47.13:013][569]LogPython: NICKNICK: subprocess.py END OF CIS BUGHUNT DUMP
[2020.01.04-15.47.13:013][569]LogPython: ('NICKNICK: subprocess.py e.winerror:', 2)
[2020.01.04-15.47.13:014][569]LogPython: Error: Traceback (most recent call last):
[2020.01.04-15.47.13:015][569]LogPython: Error:   File "<string>", line 3, in <module>
[2020.01.04-15.47.13:015][569]LogPython: Error:   File "C:/integrationcourseenv/Projects/!!!AfekaFinalProject/VRoscopy/UnrealEngine/VRoscopy/PythonScripts\run_dicom_to_mesh.py", line 18, in dicoms_to_mesh
[2020.01.04-15.47.13:015][569]LogPython: Error:     subprocess.call(["cd", invesalius_file_path])
[2020.01.04-15.47.13:016][569]LogPython: Error:   File "C:\Program Files\Epic Games\UE_4.23\Engine\Binaries\ThirdParty\Python\Win64\lib\subprocess.py", line 170, in call
[2020.01.04-15.47.13:016][569]LogPython: Error:     return Popen(*popenargs, **kwargs).wait()
[2020.01.04-15.47.13:016][569]LogPython: Error:   File "C:\Program Files\Epic Games\UE_4.23\Engine\Binaries\ThirdParty\Python\Win64\lib\subprocess.py", line 392, in __init__
[2020.01.04-15.47.13:017][569]LogPython: Error:     errread, errwrite)
[2020.01.04-15.47.13:017][569]LogPython: Error:   File "C:\Program Files\Epic Games\UE_4.23\Engine\Binaries\ThirdParty\Python\Win64\lib\subprocess.py", line 659, in _execute_child
[2020.01.04-15.47.13:017][569]LogPython: Error:     raise WindowsError(*e.args)
[2020.01.04-15.47.13:017][569]LogPython: Error: WindowsError: [Error 2] The system cannot find the file specified
[2020.01.04-15.47.18:791][868]LogBlueprintUserMessages: Early EndPlayMap Detection: Level '/Game/MainLevel.MainLevel:PersistentLevel' has LevelScriptBlueprint '/Game/MainLevel.MainLevel:PersistentLevel.MainLevel' with GeneratedClass '/Game/MainLevel.MainLevel_C' with ClassGeneratedBy '/Game/MainLevel.MainLevel:PersistentLevel.MainLevel'
[2020.01.04-15.47.18:799][868]LogSlate: Updating window title bar state: overlay mode, drag disabled, window buttons hidden, title bar hidden
[2020.01.04-15.47.18:799][868]LogWorld: BeginTearingDown for /Game/UEDPIE_0_MainLevel
[2020.01.04-15.47.18:800][868]LogWorld: UWorld::CleanupWorld for MainLevel, bSessionEnded=true, bCleanupResources=true
[2020.01.04-15.47.18:813][868]LogPlayLevel: Display: Shutting down PIE online subsystems
[2020.01.04-15.47.18:815][868]LogBlueprintUserMessages: Late EndPlayMap Detection: Level '/Game/MainLevel.MainLevel:PersistentLevel' has LevelScriptBlueprint '/Game/MainLevel.MainLevel:PersistentLevel.MainLevel' with GeneratedClass '/Game/MainLevel.MainLevel_C' with ClassGeneratedBy '/Game/MainLevel.MainLevel:PersistentLevel.MainLevel'
[2020.01.04-15.47.18:852][868]LogSlate: Updating window title bar state: overlay mode, drag disabled, window buttons hidden, title bar hidden
[2020.01.04-15.47.18:856][868]LogSlate: Slate User Unregistered.  User Index 8
[2020.01.04-15.47.18:856][868]LogSlate: Slate User Destroyed.  User Index 8, Is Virtual User: 1
[2020.01.04-15.47.18:860][868]LogUObjectHash: Compacting FUObjectHashTables data took   2.73ms
[2020.01.04-15.47.18:893][869]LogPlayLevel: Display: Destroying online subsystem :Context_2
[2020.01.04-15.51.00:124][319]LogSlate: FSceneViewport::OnFocusLost() reason 0
[2020.01.04-15.51.00:216][323]LogTemp: Repeating last play command: Selected Viewport
[2020.01.04-15.51.00:262][323]LogBlueprintUserMessages: Early PlayInEditor Detection: Level '/Game/MainLevel.MainLevel:PersistentLevel' has LevelScriptBlueprint '/Game/MainLevel.MainLevel:PersistentLevel.MainLevel' with GeneratedClass '/Game/MainLevel.MainLevel_C' with ClassGeneratedBy '/Game/MainLevel.MainLevel:PersistentLevel.MainLevel'
[2020.01.04-15.51.00:263][323]LogPlayLevel: PlayLevel: No blueprints needed recompiling
[2020.01.04-15.51.00:263][323]PIE: New page: PIE session: MainLevel (Jan 4, 2020, 7:51:00 PM)
[2020.01.04-15.51.00:263][323]LogPlayLevel: Creating play world package: /Game/UEDPIE_0_MainLevel
[2020.01.04-15.51.00:284][323]LogPlayLevel: PIE: StaticDuplicateObject took: (0.020027s)
[2020.01.04-15.51.00:285][323]LogAIModule: Creating AISystem for world MainLevel
[2020.01.04-15.51.00:286][323]LogPlayLevel: PIE: World Init took: (0.001974s)
[2020.01.04-15.51.00:286][323]LogPlayLevel: PIE: Created PIE world by copying editor world from /Game/MainLevel.MainLevel to /Game/UEDPIE_0_MainLevel.MainLevel (0.022684s)
[2020.01.04-15.51.00:315][323]LogUObjectHash: Compacting FUObjectHashTables data took   2.95ms
[2020.01.04-15.51.00:349][323]LogInit: XAudio2 using 'Speakers (Conexant SmartAudio HD)' : 2 channels at 48 kHz using 32 bits per sample (channel mask 0x3)
[2020.01.04-15.51.00:473][323]LogInit: FAudioDevice initialized.
[2020.01.04-15.51.00:488][323]LogLoad: Game class is 'MyGameModeBase'
[2020.01.04-15.51.00:492][323]LogWorld: Bringing World /Game/UEDPIE_0_MainLevel.MainLevel up for play (max tick rate 60) at 2020.01.04-17.51.00
[2020.01.04-15.51.00:493][323]LogWorld: Bringing up level for play took: 0.003961
[2020.01.04-15.51.00:494][323]LogOnline: OSS: Creating online subsystem instance for: :Context_3
[2020.01.04-15.51.00:499][323]LogSlate: New Slate User Created.  User Index 8, Is Virtual User: 1
[2020.01.04-15.51.00:499][323]LogSlate: Slate User Registered.  User Index 8, Is Virtual User: 1
[2020.01.04-15.51.00:501][323]PIE: Play in editor start time for /Game/UEDPIE_0_MainLevel 0.409
[2020.01.04-15.51.00:501][323]LogBlueprintUserMessages: Late PlayInEditor Detection: Level '/Game/MainLevel.MainLevel:PersistentLevel' has LevelScriptBlueprint '/Game/MainLevel.MainLevel:PersistentLevel.MainLevel' with GeneratedClass '/Game/MainLevel.MainLevel_C' with ClassGeneratedBy '/Game/MainLevel.MainLevel:PersistentLevel.MainLevel'
[2020.01.04-15.51.02:330][415]LogPython: NICKNICK: subprocess.py START OF CIS BUGHUNT DUMP
[2020.01.04-15.51.02:330][415]LogPython: None
[2020.01.04-15.51.02:330][415]LogPython: cd C:/Users/DAN/Desktop/Dicom2MeshInvesalius/invesalius3 && "py app.py --no-gui -i" C:/Users/DAN/Desktop/Anonymized20190403 "-t 200,3033 -e" C:/Users/DAN/Desktop
[2020.01.04-15.51.02:331][415]LogPython: NICKNICK: subprocess.py END OF CIS BUGHUNT DUMP
[2020.01.04-15.51.02:331][415]LogPython: ('NICKNICK: subprocess.py e.winerror:', 2)
[2020.01.04-15.51.02:331][415]LogPython: Error: Traceback (most recent call last):
[2020.01.04-15.51.02:332][415]LogPython: Error:   File "<string>", line 3, in <module>
[2020.01.04-15.51.02:332][415]LogPython: Error:   File "C:/integrationcourseenv/Projects/!!!AfekaFinalProject/VRoscopy/UnrealEngine/VRoscopy/PythonScripts\run_dicom_to_mesh.py", line 18, in dicoms_to_mesh
[2020.01.04-15.51.02:332][415]LogPython: Error:     subprocess.call(["cd", invesalius_file_path, "&&", "py app.py --no-gui -i", dicoms_folder, "-t 200,3033 -e", output_stl_path])
[2020.01.04-15.51.02:332][415]LogPython: Error:   File "C:\Program Files\Epic Games\UE_4.23\Engine\Binaries\ThirdParty\Python\Win64\lib\subprocess.py", line 170, in call
[2020.01.04-15.51.02:332][415]LogPython: Error:     return Popen(*popenargs, **kwargs).wait()
[2020.01.04-15.51.02:332][415]LogPython: Error:   File "C:\Program Files\Epic Games\UE_4.23\Engine\Binaries\ThirdParty\Python\Win64\lib\subprocess.py", line 392, in __init__
[2020.01.04-15.51.02:333][415]LogPython: Error:     errread, errwrite)
[2020.01.04-15.51.02:333][415]LogPython: Error:   File "C:\Program Files\Epic Games\UE_4.23\Engine\Binaries\ThirdParty\Python\Win64\lib\subprocess.py", line 659, in _execute_child
[2020.01.04-15.51.02:333][415]LogPython: Error:     raise WindowsError(*e.args)
[2020.01.04-15.51.02:333][415]LogPython: Error: WindowsError: [Error 2] The system cannot find the file specified
[2020.01.04-15.51.18:203][246]LogSlate: FSceneViewport::OnFocusLost() reason 2
[2020.01.04-15.51.53:243][100]LogBlueprintUserMessages: Early EndPlayMap Detection: Level '/Game/MainLevel.MainLevel:PersistentLevel' has LevelScriptBlueprint '/Game/MainLevel.MainLevel:PersistentLevel.MainLevel' with GeneratedClass '/Game/MainLevel.MainLevel_C' with ClassGeneratedBy '/Game/MainLevel.MainLevel:PersistentLevel.MainLevel'
[2020.01.04-15.51.53:244][100]LogSlate: Updating window title bar state: overlay mode, drag disabled, window buttons hidden, title bar hidden
[2020.01.04-15.51.53:245][100]LogWorld: BeginTearingDown for /Game/UEDPIE_0_MainLevel
[2020.01.04-15.51.53:246][100]LogWorld: UWorld::CleanupWorld for MainLevel, bSessionEnded=true, bCleanupResources=true
[2020.01.04-15.51.53:265][100]LogPlayLevel: Display: Shutting down PIE online subsystems
[2020.01.04-15.51.53:265][100]LogBlueprintUserMessages: Late EndPlayMap Detection: Level '/Game/MainLevel.MainLevel:PersistentLevel' has LevelScriptBlueprint '/Game/MainLevel.MainLevel:PersistentLevel.MainLevel' with GeneratedClass '/Game/MainLevel.MainLevel_C' with ClassGeneratedBy '/Game/MainLevel.MainLevel:PersistentLevel.MainLevel'
[2020.01.04-15.51.53:301][100]LogSlate: Updating window title bar state: overlay mode, drag disabled, window buttons hidden, title bar hidden
[2020.01.04-15.51.53:304][100]LogSlate: Slate User Unregistered.  User Index 8
[2020.01.04-15.51.53:304][100]LogSlate: Slate User Destroyed.  User Index 8, Is Virtual User: 1
[2020.01.04-15.51.53:307][100]LogUObjectHash: Compacting FUObjectHashTables data took   1.84ms
[2020.01.04-15.51.53:348][102]LogPlayLevel: Display: Destroying online subsystem :Context_3
[2020.01.04-15.51.57:616][321]LogEditorViewport: Clicking on Actor (LMB): StaticMeshActor (Plane)
[2020.01.04-15.51.59:005][395]LogSlate: FSceneViewport::OnFocusLost() reason 0
[2020.01.04-15.51.59:070][399]LogTemp: Repeating last play command: Selected Viewport
[2020.01.04-15.51.59:108][399]LogBlueprintUserMessages: Early PlayInEditor Detection: Level '/Game/MainLevel.MainLevel:PersistentLevel' has LevelScriptBlueprint '/Game/MainLevel.MainLevel:PersistentLevel.MainLevel' with GeneratedClass '/Game/MainLevel.MainLevel_C' with ClassGeneratedBy '/Game/MainLevel.MainLevel:PersistentLevel.MainLevel'
[2020.01.04-15.51.59:109][399]LogPlayLevel: PlayLevel: No blueprints needed recompiling
[2020.01.04-15.51.59:109][399]PIE: New page: PIE session: MainLevel (Jan 4, 2020, 7:51:59 PM)
[2020.01.04-15.51.59:109][399]LogPlayLevel: Creating play world package: /Game/UEDPIE_0_MainLevel
[2020.01.04-15.51.59:126][399]LogPlayLevel: PIE: StaticDuplicateObject took: (0.015955s)
[2020.01.04-15.51.59:127][399]LogAIModule: Creating AISystem for world MainLevel
[2020.01.04-15.51.59:127][399]LogPlayLevel: PIE: World Init took: (0.001506s)
[2020.01.04-15.51.59:128][399]LogPlayLevel: PIE: Created PIE world by copying editor world from /Game/MainLevel.MainLevel to /Game/UEDPIE_0_MainLevel.MainLevel (0.018240s)
[2020.01.04-15.51.59:158][399]LogUObjectHash: Compacting FUObjectHashTables data took   1.87ms
[2020.01.04-15.51.59:190][399]LogInit: XAudio2 using 'Speakers (Conexant SmartAudio HD)' : 2 channels at 48 kHz using 32 bits per sample (channel mask 0x3)
[2020.01.04-15.51.59:311][399]LogInit: FAudioDevice initialized.
[2020.01.04-15.51.59:319][399]LogLoad: Game class is 'MyGameModeBase'
[2020.01.04-15.51.59:323][399]LogWorld: Bringing World /Game/UEDPIE_0_MainLevel.MainLevel up for play (max tick rate 60) at 2020.01.04-17.51.59
[2020.01.04-15.51.59:324][399]LogWorld: Bringing up level for play took: 0.003551
[2020.01.04-15.51.59:324][399]LogOnline: OSS: Creating online subsystem instance for: :Context_4
[2020.01.04-15.51.59:329][399]LogSlate: New Slate User Created.  User Index 8, Is Virtual User: 1
[2020.01.04-15.51.59:329][399]LogSlate: Slate User Registered.  User Index 8, Is Virtual User: 1
[2020.01.04-15.51.59:331][399]PIE: Play in editor start time for /Game/UEDPIE_0_MainLevel -0.76
[2020.01.04-15.51.59:332][399]LogBlueprintUserMessages: Late PlayInEditor Detection: Level '/Game/MainLevel.MainLevel:PersistentLevel' has LevelScriptBlueprint '/Game/MainLevel.MainLevel:PersistentLevel.MainLevel' with GeneratedClass '/Game/MainLevel.MainLevel_C' with ClassGeneratedBy '/Game/MainLevel.MainLevel:PersistentLevel.MainLevel'
[2020.01.04-15.52.01:714][519]LogPython: NICKNICK: subprocess.py START OF CIS BUGHUNT DUMP
[2020.01.04-15.52.01:714][519]LogPython: None
[2020.01.04-15.52.01:714][519]LogPython: cd C:/Users/DAN/Desktop/Dicom2MeshInvesalius/invesalius3 && "py app.py --no-gui -i" C:/Users/DAN/Desktop/Anonymized20190403 "-t 200,3033 -e" C:/Users/DAN/Desktop
[2020.01.04-15.52.01:715][519]LogPython: NICKNICK: subprocess.py END OF CIS BUGHUNT DUMP
[2020.01.04-15.52.01:715][519]LogPython: ('NICKNICK: subprocess.py e.winerror:', 2)
[2020.01.04-15.52.01:716][519]LogPython: Error: Traceback (most recent call last):
[2020.01.04-15.52.01:716][519]LogPython: Error:   File "<string>", line 3, in <module>
[2020.01.04-15.52.01:716][519]LogPython: Error:   File "C:/integrationcourseenv/Projects/!!!AfekaFinalProject/VRoscopy/UnrealEngine/VRoscopy/PythonScripts\run_dicom_to_mesh.py", line 18, in dicoms_to_mesh
[2020.01.04-15.52.01:716][519]LogPython: Error:     subprocess.call(["cd", invesalius_file_path, "&&", "py app.py --no-gui -i", dicoms_folder, "-t 200,3033 -e", output_stl_path])
[2020.01.04-15.52.01:717][519]LogPython: Error:   File "C:\Program Files\Epic Games\UE_4.23\Engine\Binaries\ThirdParty\Python\Win64\lib\subprocess.py", line 170, in call
[2020.01.04-15.52.01:717][519]LogPython: Error:     return Popen(*popenargs, **kwargs).wait()
[2020.01.04-15.52.01:717][519]LogPython: Error:   File "C:\Program Files\Epic Games\UE_4.23\Engine\Binaries\ThirdParty\Python\Win64\lib\subprocess.py", line 392, in __init__
[2020.01.04-15.52.01:717][519]LogPython: Error:     errread, errwrite)
[2020.01.04-15.52.01:717][519]LogPython: Error:   File "C:\Program Files\Epic Games\UE_4.23\Engine\Binaries\ThirdParty\Python\Win64\lib\subprocess.py", line 659, in _execute_child
[2020.01.04-15.52.01:717][519]LogPython: Error:     raise WindowsError(*e.args)
[2020.01.04-15.52.01:718][519]LogPython: Error: WindowsError: [Error 2] The system cannot find the file specified
[2020.01.04-15.52.14:423][168]LogBlueprintUserMessages: Early EndPlayMap Detection: Level '/Game/MainLevel.MainLevel:PersistentLevel' has LevelScriptBlueprint '/Game/MainLevel.MainLevel:PersistentLevel.MainLevel' with GeneratedClass '/Game/MainLevel.MainLevel_C' with ClassGeneratedBy '/Game/MainLevel.MainLevel:PersistentLevel.MainLevel'
[2020.01.04-15.52.14:424][168]LogSlate: Updating window title bar state: overlay mode, drag disabled, window buttons hidden, title bar hidden
[2020.01.04-15.52.14:425][168]LogWorld: BeginTearingDown for /Game/UEDPIE_0_MainLevel
[2020.01.04-15.52.14:426][168]LogWorld: UWorld::CleanupWorld for MainLevel, bSessionEnded=true, bCleanupResources=true
[2020.01.04-15.52.14:440][168]LogPlayLevel: Display: Shutting down PIE online subsystems
[2020.01.04-15.52.14:440][168]LogBlueprintUserMessages: Late EndPlayMap Detection: Level '/Game/MainLevel.MainLevel:PersistentLevel' has LevelScriptBlueprint '/Game/MainLevel.MainLevel:PersistentLevel.MainLevel' with GeneratedClass '/Game/MainLevel.MainLevel_C' with ClassGeneratedBy '/Game/MainLevel.MainLevel:PersistentLevel.MainLevel'
[2020.01.04-15.52.14:495][168]LogSlate: Updating window title bar state: overlay mode, drag disabled, window buttons hidden, title bar hidden
[2020.01.04-15.52.14:501][168]LogSlate: Slate User Unregistered.  User Index 8
[2020.01.04-15.52.14:502][168]LogSlate: Slate User Destroyed.  User Index 8, Is Virtual User: 1
[2020.01.04-15.52.14:508][168]LogUObjectHash: Compacting FUObjectHashTables data took   3.25ms
[2020.01.04-15.52.14:570][169]LogPlayLevel: Display: Destroying online subsystem :Context_4
[2020.01.04-15.52.29:910][365]LogSlate: FSceneViewport::OnFocusLost() reason 0
[2020.01.04-15.52.31:789][459]LogTemp: Repeating last play command: Selected Viewport
[2020.01.04-15.52.31:830][459]LogBlueprintUserMessages: Early PlayInEditor Detection: Level '/Game/MainLevel.MainLevel:PersistentLevel' has LevelScriptBlueprint '/Game/MainLevel.MainLevel:PersistentLevel.MainLevel' with GeneratedClass '/Game/MainLevel.MainLevel_C' with ClassGeneratedBy '/Game/MainLevel.MainLevel:PersistentLevel.MainLevel'
[2020.01.04-15.52.31:830][459]LogPlayLevel: PlayLevel: No blueprints needed recompiling
[2020.01.04-15.52.31:830][459]PIE: New page: PIE session: MainLevel (Jan 4, 2020, 7:52:31 PM)
[2020.01.04-15.52.31:831][459]LogPlayLevel: Creating play world package: /Game/UEDPIE_0_MainLevel
[2020.01.04-15.52.31:847][459]LogPlayLevel: PIE: StaticDuplicateObject took: (0.016015s)
[2020.01.04-15.52.31:848][459]LogAIModule: Creating AISystem for world MainLevel
[2020.01.04-15.52.31:848][459]LogPlayLevel: PIE: World Init took: (0.001267s)
[2020.01.04-15.52.31:848][459]LogPlayLevel: PIE: Created PIE world by copying editor world from /Game/MainLevel.MainLevel to /Game/UEDPIE_0_MainLevel.MainLevel (0.017521s)
[2020.01.04-15.52.31:876][459]LogUObjectHash: Compacting FUObjectHashTables data took   2.52ms
[2020.01.04-15.52.31:911][459]LogInit: XAudio2 using 'Speakers (Conexant SmartAudio HD)' : 2 channels at 48 kHz using 32 bits per sample (channel mask 0x3)
[2020.01.04-15.52.32:059][459]LogInit: FAudioDevice initialized.
[2020.01.04-15.52.32:069][459]LogLoad: Game class is 'MyGameModeBase'
[2020.01.04-15.52.32:072][459]LogWorld: Bringing World /Game/UEDPIE_0_MainLevel.MainLevel up for play (max tick rate 60) at 2020.01.04-17.52.32
[2020.01.04-15.52.32:072][459]LogWorld: Bringing up level for play took: 0.002949
[2020.01.04-15.52.32:072][459]LogOnline: OSS: Creating online subsystem instance for: :Context_5
[2020.01.04-15.52.32:078][459]LogSlate: New Slate User Created.  User Index 8, Is Virtual User: 1
[2020.01.04-15.52.32:078][459]LogSlate: Slate User Registered.  User Index 8, Is Virtual User: 1
[2020.01.04-15.52.32:080][459]PIE: Play in editor start time for /Game/UEDPIE_0_MainLevel -0.012
[2020.01.04-15.52.32:081][459]LogBlueprintUserMessages: Late PlayInEditor Detection: Level '/Game/MainLevel.MainLevel:PersistentLevel' has LevelScriptBlueprint '/Game/MainLevel.MainLevel:PersistentLevel.MainLevel' with GeneratedClass '/Game/MainLevel.MainLevel_C' with ClassGeneratedBy '/Game/MainLevel.MainLevel:PersistentLevel.MainLevel'
[2020.01.04-15.52.33:200][507]LogPython: NICKNICK: subprocess.py START OF CIS BUGHUNT DUMP
[2020.01.04-15.52.33:200][507]LogPython: None
[2020.01.04-15.52.33:200][507]LogPython: cd C:/Users/DAN/Desktop/Dicom2MeshInvesalius/invesalius3 "&& py app.py --no-gui -i" C:/Users/DAN/Desktop/Anonymized20190403 "-t 200,3033 -e" C:/Users/DAN/Desktop
[2020.01.04-15.52.33:200][507]LogPython: NICKNICK: subprocess.py END OF CIS BUGHUNT DUMP
[2020.01.04-15.52.33:200][507]LogPython: ('NICKNICK: subprocess.py e.winerror:', 2)
[2020.01.04-15.52.33:201][507]LogPython: Error: Traceback (most recent call last):
[2020.01.04-15.52.33:201][507]LogPython: Error:   File "<string>", line 3, in <module>
[2020.01.04-15.52.33:201][507]LogPython: Error:   File "C:/integrationcourseenv/Projects/!!!AfekaFinalProject/VRoscopy/UnrealEngine/VRoscopy/PythonScripts\run_dicom_to_mesh.py", line 18, in dicoms_to_mesh
[2020.01.04-15.52.33:202][507]LogPython: Error:     subprocess.call(["cd", invesalius_file_path, "&& py app.py --no-gui -i", dicoms_folder, "-t 200,3033 -e", output_stl_path])
[2020.01.04-15.52.33:202][507]LogPython: Error:   File "C:\Program Files\Epic Games\UE_4.23\Engine\Binaries\ThirdParty\Python\Win64\lib\subprocess.py", line 170, in call
[2020.01.04-15.52.33:202][507]LogPython: Error:     return Popen(*popenargs, **kwargs).wait()
[2020.01.04-15.52.33:202][507]LogPython: Error:   File "C:\Program Files\Epic Games\UE_4.23\Engine\Binaries\ThirdParty\Python\Win64\lib\subprocess.py", line 392, in __init__
[2020.01.04-15.52.33:202][507]LogPython: Error:     errread, errwrite)
[2020.01.04-15.52.33:202][507]LogPython: Error:   File "C:\Program Files\Epic Games\UE_4.23\Engine\Binaries\ThirdParty\Python\Win64\lib\subprocess.py", line 659, in _execute_child
[2020.01.04-15.52.33:203][507]LogPython: Error:     raise WindowsError(*e.args)
[2020.01.04-15.52.33:203][507]LogPython: Error: WindowsError: [Error 2] The system cannot find the file specified
[2020.01.04-15.52.44:384][104]LogBlueprintUserMessages: Early EndPlayMap Detection: Level '/Game/MainLevel.MainLevel:PersistentLevel' has LevelScriptBlueprint '/Game/MainLevel.MainLevel:PersistentLevel.MainLevel' with GeneratedClass '/Game/MainLevel.MainLevel_C' with ClassGeneratedBy '/Game/MainLevel.MainLevel:PersistentLevel.MainLevel'
[2020.01.04-15.52.44:386][104]LogSlate: Updating window title bar state: overlay mode, drag disabled, window buttons hidden, title bar hidden
[2020.01.04-15.52.44:386][104]LogWorld: BeginTearingDown for /Game/UEDPIE_0_MainLevel
[2020.01.04-15.52.44:387][104]LogWorld: UWorld::CleanupWorld for MainLevel, bSessionEnded=true, bCleanupResources=true
[2020.01.04-15.52.44:402][104]LogPlayLevel: Display: Shutting down PIE online subsystems
[2020.01.04-15.52.44:402][104]LogBlueprintUserMessages: Late EndPlayMap Detection: Level '/Game/MainLevel.MainLevel:PersistentLevel' has LevelScriptBlueprint '/Game/MainLevel.MainLevel:PersistentLevel.MainLevel' with GeneratedClass '/Game/MainLevel.MainLevel_C' with ClassGeneratedBy '/Game/MainLevel.MainLevel:PersistentLevel.MainLevel'
[2020.01.04-15.52.44:445][104]LogSlate: Updating window title bar state: overlay mode, drag disabled, window buttons hidden, title bar hidden
[2020.01.04-15.52.44:455][104]LogSlate: Slate User Unregistered.  User Index 8
[2020.01.04-15.52.44:456][104]LogSlate: Slate User Destroyed.  User Index 8, Is Virtual User: 1
[2020.01.04-15.52.44:460][104]LogUObjectHash: Compacting FUObjectHashTables data took   3.62ms
[2020.01.04-15.52.44:524][105]LogPlayLevel: Display: Destroying online subsystem :Context_5
[2020.01.04-15.53.02:641][211]LogSlate: FSceneViewport::OnFocusLost() reason 0
[2020.01.04-15.59.39:133][261]LogWindowsTextInputMethodSystem: Display: IME system now deactivated.
[2020.01.04-15.59.39:134][261]LogWindowsTextInputMethodSystem: Display: IME system now deactivated.
