Log file open, 12/29/19 15:59:47
LogWindows: Failed to load 'aqProf.dll' (GetLastError=126)
LogWindows: File 'aqProf.dll' does not exist
LogWindows: Failed to load 'VtuneApi.dll' (GetLastError=126)
LogWindows: File 'VtuneApi.dll' does not exist
LogWindows: Failed to load 'VtuneApi32e.dll' (GetLastError=126)
LogWindows: File 'VtuneApi32e.dll' does not exist
LogConsoleResponse: Display: Failed to find resolution value strings in scalability ini. Falling back to default.
LogInit: Display: Running engine for game: VRoscopy
LogPlatformFile: Not using cached read wrapper
LogTaskGraph: Started task graph with 5 named threads and 14 total threads with 3 sets of task threads.
LogStats: Stats thread started at 0.084703
LogD3D11RHI: Loaded GFSDK_Aftermath_Lib.x64.dll
LogICUInternationalization: ICU TimeZone Detection - Raw Offset: +2:00, Platform Override: ''
LogPluginManager: Mounting plugin Paper2D
LogPluginManager: Mounting plugin AISupport
LogPluginManager: Mounting plugin LightPropagationVolume
LogPluginManager: Mounting plugin ActorLayerUtilities
LogPluginManager: Mounting plugin AnimationSharing
LogPluginManager: Mounting plugin CLionSourceCodeAccess
LogPluginManager: Mounting plugin CodeLiteSourceCodeAccess
LogPluginManager: Mounting plugin GitSourceControl
LogPluginManager: Mounting plugin KDevelopSourceCodeAccess
LogPluginManager: Mounting plugin NullSourceCodeAccess
LogPluginManager: Mounting plugin PerforceSourceControl
LogPluginManager: Mounting plugin SubversionSourceControl
LogPluginManager: Mounting plugin UObjectPlugin
LogPluginManager: Mounting plugin VisualStudioCodeSourceCodeAccess
LogPluginManager: Mounting plugin VisualStudioSourceCodeAccess
LogPluginManager: Mounting plugin XCodeSourceCodeAccess
LogPluginManager: Mounting plugin AssetManagerEditor
LogPluginManager: Mounting plugin CryptoKeys
LogPluginManager: Mounting plugin CurveEditorTools
LogPluginManager: Mounting plugin DataValidation
LogPluginManager: Mounting plugin EditorScriptingUtilities
LogPluginManager: Mounting plugin FacialAnimation
LogPluginManager: Mounting plugin GameplayTagsEditor
LogPluginManager: Mounting plugin MacGraphicsSwitching
LogPluginManager: Mounting plugin MaterialAnalyzer
LogPluginManager: Mounting plugin MobileLauncherProfileWizard
LogPluginManager: Mounting plugin PluginBrowser
LogPluginManager: Mounting plugin SpeedTreeImporter
LogPluginManager: Mounting plugin DatasmithContent
LogPluginManager: Mounting plugin VariantManagerContent
LogPluginManager: Mounting plugin AlembicImporter
LogPluginManager: Mounting plugin AutomationUtils
LogPluginManager: Mounting plugin BackChannel
LogPluginManager: Mounting plugin CharacterAI
LogPluginManager: Mounting plugin GeometryCache
LogPluginManager: Mounting plugin HTML5Networking
LogPluginManager: Mounting plugin PlatformCrypto
LogPluginManager: Mounting plugin ProxyLODPlugin
LogPluginManager: Mounting plugin PythonScriptPlugin
LogPluginManager: Mounting plugin SkeletalReduction
LogPluginManager: Mounting plugin MagicLeap
LogPluginManager: Mounting plugin MagicLeapMedia
LogPluginManager: Mounting plugin AndroidMedia
LogPluginManager: Mounting plugin AvfMedia
LogPluginManager: Mounting plugin ImgMedia
LogPluginManager: Mounting plugin MediaCompositing
LogPluginManager: Mounting plugin MediaPlayerEditor
LogPluginManager: Mounting plugin WebMMedia
LogPluginManager: Mounting plugin WmfMedia
LogPluginManager: Mounting plugin TcpMessaging
LogPluginManager: Mounting plugin UdpMessaging
LogPluginManager: Mounting plugin ActorSequence
LogPluginManager: Mounting plugin LevelSequenceEditor
LogPluginManager: Mounting plugin MatineeToLevelSequence
LogPluginManager: Mounting plugin SequencerScripting
LogPluginManager: Mounting plugin NetcodeUnitTest
LogPluginManager: Mounting plugin NUTUnrealEngine4
LogPluginManager: Mounting plugin OnlineSubsystemGooglePlay
LogPluginManager: Mounting plugin OnlineSubsystemIOS
LogPluginManager: Mounting plugin OnlineSubsystem
LogPluginManager: Mounting plugin OnlineSubsystemNull
LogPluginManager: Mounting plugin OnlineSubsystemUtils
LogPluginManager: Mounting plugin LauncherChunkInstaller
LogPluginManager: Mounting plugin AndroidDeviceProfileSelector
LogPluginManager: Mounting plugin AndroidMoviePlayer
LogPluginManager: Mounting plugin AndroidPermission
LogPluginManager: Mounting plugin AppleImageUtils
LogPluginManager: Mounting plugin AppleMoviePlayer
LogPluginManager: Mounting plugin ArchVisCharacter
LogPluginManager: Mounting plugin AudioCapture
LogPluginManager: Mounting plugin CableComponent
LogPluginManager: Mounting plugin CustomMeshComponent
LogPluginManager: Mounting plugin EditableMesh
LogPluginManager: Mounting plugin ExampleDeviceProfileSelector
LogPluginManager: Mounting plugin GoogleCloudMessaging
LogPluginManager: Mounting plugin IOSDeviceProfileSelector
LogPluginManager: Mounting plugin LinuxDeviceProfileSelector
LogPluginManager: Mounting plugin LocationServicesBPLibrary
LogPluginManager: Mounting plugin MobilePatchingUtils
LogPluginManager: Mounting plugin OculusVR
LogPluginManager: Mounting plugin PhysXVehicles
LogPluginManager: Mounting plugin ProceduralMeshComponent
LogPluginManager: Mounting plugin RuntimePhysXCooking
LogPluginManager: Mounting plugin SignificanceManager
LogPluginManager: Mounting plugin SteamVR
LogPluginManager: Mounting plugin WebMMoviePlayer
LogPluginManager: Mounting plugin WindowsMoviePlayer
LogPluginManager: Mounting plugin ScreenshotTools
LogInit: Using libcurl 7.55.1-DEV
LogInit:  - built for x86_64-pc-win32
LogInit:  - supports SSL with OpenSSL/1.1.1
LogInit:  - supports HTTP deflate (compression) using libz 1.2.8
LogInit:  - other features:
LogInit:      CURL_VERSION_SSL
LogInit:      CURL_VERSION_LIBZ
LogInit:      CURL_VERSION_IPV6
LogInit:      CURL_VERSION_ASYNCHDNS
LogInit:      CURL_VERSION_LARGEFILE
LogInit:      CURL_VERSION_IDN
LogInit:  CurlRequestOptions (configurable via config and command line):
LogInit:  - bVerifyPeer = true  - Libcurl will verify peer certificate
LogInit:  - bUseHttpProxy = false  - Libcurl will NOT use HTTP proxy
LogInit:  - bDontReuseConnections = false  - Libcurl will reuse connections
LogInit:  - MaxHostConnections = 16  - Libcurl will limit the number of connections to a host
LogInit:  - LocalHostAddr = Default
LogInit:  - BufferSize = 65536
LogOnline: OSS: Creating online subsystem instance for: NULL
LogInit: WinSock: version 1.1 (2.2), MaxSocks=32767, MaxUdp=65467
LogInit: Build: ++UE4+Release-4.23-CL-9631420
LogInit: Engine Version: 4.23.1-9631420+++UE4+Release-4.23
LogInit: Compatible Engine Version: 4.23.0-8386587+++UE4+Release-4.23
LogInit: Net CL: 8386587
LogInit: OS: Windows 10 (Release 1909) (), CPU:         Intel(R) Core(TM) i7-2600 CPU @ 3.40GHz, GPU: NVIDIA GeForce GTX 1060 6GB
LogInit: Compiled (64-bit): Oct 18 2019 02:07:44
LogInit: Compiled with Visual C++: 19.16.27030.01
LogInit: Build Configuration: Development
LogInit: Branch Name: ++UE4+Release-4.23
LogInit: Command Line:  -EpicPortal -epicusername=Danrol92 -epicuserid=b45afa3f4c174d7cbc6deabba9b56a33 -epiclocale=en-US
LogInit: Base Directory: C:/Program Files/Epic Games/UE_4.23/Engine/Binaries/Win64/
LogInit: Installed Engine Build: 1
LogDevObjectVersion: Number of dev versions registered: 23
LogDevObjectVersion:   Dev-Blueprints (B0D832E4-1F89-4F0D-ACCF-7EB736FD4AA2): 10
LogDevObjectVersion:   Dev-Build (E1C64328-A22C-4D53-A36C-8E866417BD8C): 0
LogDevObjectVersion:   Dev-Core (375EC13C-06E4-48FB-B500-84F0262A717E): 3
LogDevObjectVersion:   Dev-Editor (E4B068ED-F494-42E9-A231-DA0B2E46BB41): 34
LogDevObjectVersion:   Dev-Framework (CFFC743F-43B0-4480-9391-14DF171D2073): 35
LogDevObjectVersion:   Dev-Mobile (B02B49B5-BB20-44E9-A304-32B752E40360): 2
LogDevObjectVersion:   Dev-Networking (A4E4105C-59A1-49B5-A7C5-40C4547EDFEE): 0
LogDevObjectVersion:   Dev-Online (39C831C9-5AE6-47DC-9A44-9C173E1C8E7C): 0
LogDevObjectVersion:   Dev-Physics (78F01B33-EBEA-4F98-B9B4-84EACCB95AA2): 0
LogDevObjectVersion:   Dev-Platform (6631380F-2D4D-43E0-8009-CF276956A95A): 0
LogDevObjectVersion:   Dev-Rendering (12F88B9F-8875-4AFC-A67C-D90C383ABD29): 31
LogDevObjectVersion:   Dev-Sequencer (7B5AE74C-D270-4C10-A958-57980B212A5A): 11
LogDevObjectVersion:   Dev-VR (D7296918-1DD6-4BDD-9DE2-64A83CC13884): 2
LogDevObjectVersion:   Dev-LoadTimes (C2A15278-BFE7-4AFE-6C17-90FF531DF755): 1
LogDevObjectVersion:   Private-Geometry (6EACA3D4-40EC-4CC1-B786-8BED09428FC5): 3
LogDevObjectVersion:   Dev-AnimPhys (29E575DD-E0A3-4627-9D10-D276232CDCEA): 17
LogDevObjectVersion:   Dev-Anim (AF43A65D-7FD3-4947-9873-3E8ED9C1BB05): 2
LogDevObjectVersion:   Dev-ReflectionCapture (6B266CEC-1EC7-4B8F-A30B-E4D90942FC07): 1
LogDevObjectVersion:   Dev-Automation (0DF73D61-A23F-47EA-B727-89E90C41499A): 1
LogDevObjectVersion:   FortniteMain (601D1886-AC64-4F84-AA16-D3DE0DEAC7D6): 27
LogDevObjectVersion:   Dev-Enterprise (9DFFBCD6-494F-0158-E221-12823C92A888): 6
LogDevObjectVersion:   Dev-Niagara (F2AED0AC-9AFE-416F-8664-AA7FFA26D6FC): 1
LogDevObjectVersion:   Dev-Destruction (174F1F0B-B4C6-45A5-B13F-2EE8D0FB917D): 9
LogInit: Presizing for max 16777216 objects, including 0 objects not considered by GC, pre-allocating 0 bytes for permanent pool.
LogInit: Object subsystem initialized
LogConfig: Setting CVar [[con.DebugEarlyDefault:1]]
LogConfig: Setting CVar [[r.setres:1280x720]]
[2019.12.29-13.59.47:867][  0]LogConfig: Setting CVar [[r.VSync:0]]
[2019.12.29-13.59.47:867][  0]LogConfig: Setting CVar [[r.RHICmdBypass:0]]
[2019.12.29-13.59.47:867][  0]LogConfig: Applying CVar settings from Section [/Script/Engine.RendererSettings] File [C:/danrol/VRoscopy/UnrealEngine/VRoscopy/Saved/Config/Windows/Engine.ini]
[2019.12.29-13.59.47:867][  0]LogConfig: Setting CVar [[r.GPUCrashDebugging:0]]
[2019.12.29-13.59.47:867][  0]LogConfig: Setting CVar [[r.DefaultFeature.AmbientOcclusion:0]]
[2019.12.29-13.59.47:867][  0]LogConfig: Setting CVar [[r.DefaultFeature.AmbientOcclusionStaticFraction:0]]
[2019.12.29-13.59.47:867][  0]LogConfig: Setting CVar [[vr.InstancedStereo:1]]
[2019.12.29-13.59.47:867][  0]LogConfig: Setting CVar [[r.SeparateTranslucency:0]]
[2019.12.29-13.59.47:867][  0]LogConfig: Setting CVar [[r.HZBOcclusion:0]]
[2019.12.29-13.59.47:867][  0]LogConfig: Setting CVar [[r.SSR.MaxRoughness:0]]
[2019.12.29-13.59.47:867][  0]LogConfig: Setting CVar [[r.rhicmdbypass:0]]
[2019.12.29-13.59.47:867][  0]LogConfig: Applying CVar settings from Section [/Script/Engine.RendererOverrideSettings] File [C:/danrol/VRoscopy/UnrealEngine/VRoscopy/Saved/Config/Windows/Engine.ini]
[2019.12.29-13.59.47:867][  0]LogConfig: Applying CVar settings from Section [/Script/Engine.StreamingSettings] File [C:/danrol/VRoscopy/UnrealEngine/VRoscopy/Saved/Config/Windows/Engine.ini]
[2019.12.29-13.59.47:867][  0]LogConfig: Setting CVar [[s.MinBulkDataSizeForAsyncLoading:131072]]
[2019.12.29-13.59.47:867][  0]LogConfig: Setting CVar [[s.AsyncLoadingThreadEnabled:0]]
[2019.12.29-13.59.47:867][  0]LogConfig: Setting CVar [[s.EventDrivenLoaderEnabled:1]]
[2019.12.29-13.59.47:867][  0]LogConfig: Setting CVar [[s.WarnIfTimeLimitExceeded:0]]
[2019.12.29-13.59.47:867][  0]LogConfig: Setting CVar [[s.TimeLimitExceededMultiplier:1.5]]
[2019.12.29-13.59.47:867][  0]LogConfig: Setting CVar [[s.TimeLimitExceededMinTime:0.005]]
[2019.12.29-13.59.47:867][  0]LogConfig: Setting CVar [[s.UseBackgroundLevelStreaming:1]]
[2019.12.29-13.59.47:867][  0]LogConfig: Setting CVar [[s.PriorityAsyncLoadingExtraTime:15.0]]
[2019.12.29-13.59.47:867][  0]LogConfig: Setting CVar [[s.LevelStreamingActorsUpdateTimeLimit:5.0]]
[2019.12.29-13.59.47:867][  0]LogConfig: Setting CVar [[s.PriorityLevelStreamingActorsUpdateExtraTime:5.0]]
[2019.12.29-13.59.47:867][  0]LogConfig: Setting CVar [[s.LevelStreamingComponentsRegistrationGranularity:10]]
[2019.12.29-13.59.47:867][  0]LogConfig: Setting CVar [[s.UnregisterComponentsTimeLimit:1.0]]
[2019.12.29-13.59.47:867][  0]LogConfig: Setting CVar [[s.LevelStreamingComponentsUnregistrationGranularity:5]]
[2019.12.29-13.59.47:867][  0]LogConfig: Applying CVar settings from Section [/Script/Engine.GarbageCollectionSettings] File [C:/danrol/VRoscopy/UnrealEngine/VRoscopy/Saved/Config/Windows/Engine.ini]
[2019.12.29-13.59.47:867][  0]LogConfig: Setting CVar [[gc.MaxObjectsNotConsideredByGC:1]]
[2019.12.29-13.59.47:867][  0]LogConfig: Setting CVar [[gc.SizeOfPermanentObjectPool:0]]
[2019.12.29-13.59.47:867][  0]LogConfig: Setting CVar [[gc.FlushStreamingOnGC:0]]
[2019.12.29-13.59.47:867][  0]LogConfig: Setting CVar [[gc.NumRetriesBeforeForcingGC:10]]
[2019.12.29-13.59.47:867][  0]LogConfig: Setting CVar [[gc.AllowParallelGC:1]]
[2019.12.29-13.59.47:867][  0]LogConfig: Setting CVar [[gc.TimeBetweenPurgingPendingKillObjects:61.1]]
[2019.12.29-13.59.47:867][  0]LogConfig: Setting CVar [[gc.MaxObjectsInEditor:16777216]]
[2019.12.29-13.59.47:867][  0]LogConfig: Setting CVar [[gc.IncrementalBeginDestroyEnabled:1]]
[2019.12.29-13.59.47:867][  0]LogConfig: Setting CVar [[gc.CreateGCClusters:1]]
[2019.12.29-13.59.47:867][  0]LogConfig: Setting CVar [[gc.MinGCClusterSize:5]]
[2019.12.29-13.59.47:867][  0]LogConfig: Setting CVar [[gc.ActorClusteringEnabled:0]]
[2019.12.29-13.59.47:867][  0]LogConfig: Setting CVar [[gc.BlueprintClusteringEnabled:0]]
[2019.12.29-13.59.47:867][  0]LogConfig: Setting CVar [[gc.UseDisregardForGCOnDedicatedServers:0]]
[2019.12.29-13.59.47:867][  0]LogConfig: Applying CVar settings from Section [/Script/Engine.NetworkSettings] File [C:/danrol/VRoscopy/UnrealEngine/VRoscopy/Saved/Config/Windows/Engine.ini]
[2019.12.29-13.59.47:867][  0]LogConfig: Applying CVar settings from Section [/Script/UnrealEd.CookerSettings] File [C:/danrol/VRoscopy/UnrealEngine/VRoscopy/Saved/Config/Windows/Engine.ini]
[2019.12.29-13.59.47:870][  0]LogConfig: Applying CVar settings from Section [ViewDistanceQuality@3] File [C:/danrol/VRoscopy/UnrealEngine/VRoscopy/Saved/Config/Windows/Scalability.ini]
[2019.12.29-13.59.47:870][  0]LogConfig: Setting CVar [[r.SkeletalMeshLODBias:0]]
[2019.12.29-13.59.47:870][  0]LogConfig: Setting CVar [[r.ViewDistanceScale:1.0]]
[2019.12.29-13.59.47:870][  0]LogConfig: Applying CVar settings from Section [AntiAliasingQuality@3] File [C:/danrol/VRoscopy/UnrealEngine/VRoscopy/Saved/Config/Windows/Scalability.ini]
[2019.12.29-13.59.47:870][  0]LogConfig: Setting CVar [[r.PostProcessAAQuality:3]]
[2019.12.29-13.59.47:870][  0]LogConfig: Applying CVar settings from Section [ShadowQuality@3] File [C:/danrol/VRoscopy/UnrealEngine/VRoscopy/Saved/Config/Windows/Scalability.ini]
[2019.12.29-13.59.47:870][  0]LogConfig: Setting CVar [[r.LightFunctionQuality:1]]
[2019.12.29-13.59.47:870][  0]LogConfig: Setting CVar [[r.ShadowQuality:5]]
[2019.12.29-13.59.47:870][  0]LogConfig: Setting CVar [[r.Shadow.CSM.MaxCascades:10]]
[2019.12.29-13.59.47:870][  0]LogConfig: Setting CVar [[r.Shadow.MaxResolution:2048]]
[2019.12.29-13.59.47:870][  0]LogConfig: Setting CVar [[r.Shadow.MaxCSMResolution:2048]]
[2019.12.29-13.59.47:870][  0]LogConfig: Setting CVar [[r.Shadow.RadiusThreshold:0.01]]
[2019.12.29-13.59.47:870][  0]LogConfig: Setting CVar [[r.Shadow.DistanceScale:1.0]]
[2019.12.29-13.59.47:870][  0]LogConfig: Setting CVar [[r.Shadow.CSM.TransitionScale:1.0]]
[2019.12.29-13.59.47:870][  0]LogConfig: Setting CVar [[r.Shadow.PreShadowResolutionFactor:1.0]]
[2019.12.29-13.59.47:870][  0]LogConfig: Setting CVar [[r.DistanceFieldShadowing:1]]
[2019.12.29-13.59.47:870][  0]LogConfig: Setting CVar [[r.DistanceFieldAO:1]]
[2019.12.29-13.59.47:870][  0]LogConfig: Setting CVar [[r.AOQuality:2]]
[2019.12.29-13.59.47:870][  0]LogConfig: Setting CVar [[r.VolumetricFog:1]]
[2019.12.29-13.59.47:870][  0]LogConfig: Setting CVar [[r.VolumetricFog.GridPixelSize:8]]
[2019.12.29-13.59.47:870][  0]LogConfig: Setting CVar [[r.VolumetricFog.GridSizeZ:128]]
[2019.12.29-13.59.47:870][  0]LogConfig: Setting CVar [[r.VolumetricFog.HistoryMissSupersampleCount:4]]
[2019.12.29-13.59.47:870][  0]LogConfig: Setting CVar [[r.LightMaxDrawDistanceScale:1]]
[2019.12.29-13.59.47:870][  0]LogConfig: Setting CVar [[r.CapsuleShadows:1]]
[2019.12.29-13.59.47:870][  0]LogConfig: Applying CVar settings from Section [PostProcessQuality@3] File [C:/danrol/VRoscopy/UnrealEngine/VRoscopy/Saved/Config/Windows/Scalability.ini]
[2019.12.29-13.59.47:870][  0]LogConfig: Setting CVar [[r.MotionBlurQuality:0]]
[2019.12.29-13.59.47:870][  0]LogConfig: Setting CVar [[r.AmbientOcclusionMipLevelFactor:0.4]]
[2019.12.29-13.59.47:870][  0]LogConfig: Setting CVar [[r.AmbientOcclusionMaxQuality:100]]
[2019.12.29-13.59.47:870][  0]LogConfig: Setting CVar [[r.AmbientOcclusionLevels:0]]
[2019.12.29-13.59.47:871][  0]LogConfig: Setting CVar [[r.AmbientOcclusionRadiusScale:1.0]]
[2019.12.29-13.59.47:871][  0]LogConfig: Setting CVar [[r.DepthOfFieldQuality:0]]
[2019.12.29-13.59.47:871][  0]LogConfig: Setting CVar [[r.RenderTargetPoolMin:400]]
[2019.12.29-13.59.47:871][  0]LogConfig: Setting CVar [[r.LensFlareQuality:0]]
[2019.12.29-13.59.47:871][  0]LogConfig: Setting CVar [[r.SceneColorFringeQuality:0]]
[2019.12.29-13.59.47:871][  0]LogConfig: Setting CVar [[r.EyeAdaptationQuality:2]]
[2019.12.29-13.59.47:871][  0]LogConfig: Setting CVar [[r.BloomQuality:1]]
[2019.12.29-13.59.47:871][  0]LogConfig: Setting CVar [[r.FastBlurThreshold:0]]
[2019.12.29-13.59.47:871][  0]LogConfig: Setting CVar [[r.Upscale.Quality:3]]
[2019.12.29-13.59.47:871][  0]LogConfig: Setting CVar [[r.Tonemapper.GrainQuantization:1]]
[2019.12.29-13.59.47:871][  0]LogConfig: Setting CVar [[r.LightShaftQuality:1]]
[2019.12.29-13.59.47:871][  0]LogConfig: Setting CVar [[r.Filter.SizeScale:1]]
[2019.12.29-13.59.47:871][  0]LogConfig: Setting CVar [[r.Tonemapper.Quality:5]]
[2019.12.29-13.59.47:871][  0]LogConfig: Setting CVar [[r.DOF.Gather.AccumulatorQuality:1        ; higher gathering accumulator quality]]
[2019.12.29-13.59.47:871][  0]LogConfig: Setting CVar [[r.DOF.Gather.PostfilterMethod:1          ; Median3x3 postfilering method]]
[2019.12.29-13.59.47:871][  0]LogConfig: Setting CVar [[r.DOF.Gather.EnableBokehSettings:0       ; no bokeh simulation when gathering]]
[2019.12.29-13.59.47:871][  0]LogConfig: Setting CVar [[r.DOF.Gather.RingCount:4                 ; medium number of samples when gathering]]
[2019.12.29-13.59.47:871][  0]LogConfig: Setting CVar [[r.DOF.Scatter.ForegroundCompositing:1    ; additive foreground scattering]]
[2019.12.29-13.59.47:871][  0]LogConfig: Setting CVar [[r.DOF.Scatter.BackgroundCompositing:2    ; additive background scattering]]
[2019.12.29-13.59.47:871][  0]LogConfig: Setting CVar [[r.DOF.Scatter.EnableBokehSettings:1      ; bokeh simulation when scattering]]
[2019.12.29-13.59.47:871][  0]LogConfig: Setting CVar [[r.DOF.Scatter.MaxSpriteRatio:0.1         ; only a maximum of 10% of scattered bokeh]]
[2019.12.29-13.59.47:871][  0]LogConfig: Setting CVar [[r.DOF.Recombine.Quality:1                ; cheap slight out of focus]]
[2019.12.29-13.59.47:871][  0]LogConfig: Setting CVar [[r.DOF.Recombine.EnableBokehSettings:0    ; no bokeh simulation on slight out of focus]]
[2019.12.29-13.59.47:871][  0]LogConfig: Setting CVar [[r.DOF.TemporalAAQuality:1                ; more stable temporal accumulation]]
[2019.12.29-13.59.47:871][  0]LogConfig: Setting CVar [[r.DOF.Kernel.MaxForegroundRadius:0.025]]
[2019.12.29-13.59.47:871][  0]LogConfig: Setting CVar [[r.DOF.Kernel.MaxBackgroundRadius:0.025]]
[2019.12.29-13.59.47:871][  0]LogConfig: Applying CVar settings from Section [TextureQuality@3] File [C:/danrol/VRoscopy/UnrealEngine/VRoscopy/Saved/Config/Windows/Scalability.ini]
[2019.12.29-13.59.47:871][  0]LogConfig: Setting CVar [[r.Streaming.MipBias:0]]
[2019.12.29-13.59.47:871][  0]LogConfig: Setting CVar [[r.Streaming.AmortizeCPUToGPUCopy:0]]
[2019.12.29-13.59.47:871][  0]LogConfig: Setting CVar [[r.Streaming.MaxNumTexturesToStreamPerFrame:0]]
[2019.12.29-13.59.47:871][  0]LogConfig: Setting CVar [[r.Streaming.Boost:1]]
[2019.12.29-13.59.47:871][  0]LogConfig: Setting CVar [[r.MaxAnisotropy:8]]
[2019.12.29-13.59.47:871][  0]LogConfig: Setting CVar [[r.Streaming.LimitPoolSizeToVRAM:0]]
[2019.12.29-13.59.47:871][  0]LogConfig: Setting CVar [[r.Streaming.PoolSize:1000]]
[2019.12.29-13.59.47:871][  0]LogConfig: Setting CVar [[r.Streaming.MaxEffectiveScreenSize:0]]
[2019.12.29-13.59.47:871][  0]LogConfig: Applying CVar settings from Section [EffectsQuality@3] File [C:/danrol/VRoscopy/UnrealEngine/VRoscopy/Saved/Config/Windows/Scalability.ini]
[2019.12.29-13.59.47:871][  0]LogConfig: Setting CVar [[r.TranslucencyLightingVolumeDim:4]]
[2019.12.29-13.59.47:871][  0]LogConfig: Setting CVar [[r.RefractionQuality:2]]
[2019.12.29-13.59.47:871][  0]LogConfig: Setting CVar [[r.SSR.Quality:0]]
[2019.12.29-13.59.47:871][  0]LogConfig: Setting CVar [[r.SceneColorFormat:2]]
[2019.12.29-13.59.47:871][  0]LogConfig: Setting CVar [[r.DetailMode:2]]
[2019.12.29-13.59.47:871][  0]LogConfig: Setting CVar [[r.TranslucencyVolumeBlur:0]]
[2019.12.29-13.59.47:871][  0]LogConfig: Setting CVar [[r.MaterialQualityLevel:1 ; High quality]]
[2019.12.29-13.59.47:871][  0]LogConfig: Setting CVar [[r.SSS.Scale:1]]
[2019.12.29-13.59.47:871][  0]LogConfig: Setting CVar [[r.SSS.SampleSet:2]]
[2019.12.29-13.59.47:871][  0]LogConfig: Setting CVar [[r.SSS.Quality:1]]
[2019.12.29-13.59.47:871][  0]LogConfig: Setting CVar [[r.SSS.HalfRes:1]]
[2019.12.29-13.59.47:871][  0]LogConfig: Setting CVar [[r.EmitterSpawnRateScale:1.0]]
[2019.12.29-13.59.47:871][  0]LogConfig: Setting CVar [[r.ParticleLightQuality:2]]
[2019.12.29-13.59.47:871][  0]LogConfig: Applying CVar settings from Section [FoliageQuality@3] File [C:/danrol/VRoscopy/UnrealEngine/VRoscopy/Saved/Config/Windows/Scalability.ini]
[2019.12.29-13.59.47:871][  0]LogConfig: Setting CVar [[foliage.DensityScale:1.0]]
[2019.12.29-13.59.47:871][  0]LogConfig: Setting CVar [[grass.DensityScale:1.0]]
[2019.12.29-13.59.47:871][  0]LogInit: Selected Device Profile: [Windows]
[2019.12.29-13.59.47:871][  0]LogInit: Applying CVar settings loaded from the selected device profile: [Windows]
[2019.12.29-13.59.47:874][  0]LogHAL: Display: Platform has ~ 16 GB [17135955968 / 17179869184 / 16], which maps to Larger [LargestMinGB=32, LargerMinGB=12, DefaultMinGB=8, SmallerMinGB=6, SmallestMinGB=0)
[2019.12.29-13.59.47:874][  0]LogInit: Going up to parent DeviceProfile []
[2019.12.29-13.59.47:875][  0]LogConfig: Applying CVar settings from Section [ViewDistanceQuality@3] File [C:/danrol/VRoscopy/UnrealEngine/VRoscopy/Saved/Config/Windows/Scalability.ini]
[2019.12.29-13.59.47:875][  0]LogConfig: Setting CVar [[r.SkeletalMeshLODBias:0]]
[2019.12.29-13.59.47:875][  0]LogConfig: Setting CVar [[r.ViewDistanceScale:1.0]]
[2019.12.29-13.59.47:875][  0]LogConfig: Applying CVar settings from Section [AntiAliasingQuality@3] File [C:/danrol/VRoscopy/UnrealEngine/VRoscopy/Saved/Config/Windows/Scalability.ini]
[2019.12.29-13.59.47:875][  0]LogConfig: Setting CVar [[r.PostProcessAAQuality:3]]
[2019.12.29-13.59.47:875][  0]LogConfig: Applying CVar settings from Section [ShadowQuality@3] File [C:/danrol/VRoscopy/UnrealEngine/VRoscopy/Saved/Config/Windows/Scalability.ini]
[2019.12.29-13.59.47:875][  0]LogConfig: Setting CVar [[r.LightFunctionQuality:1]]
[2019.12.29-13.59.47:875][  0]LogConfig: Setting CVar [[r.ShadowQuality:5]]
[2019.12.29-13.59.47:875][  0]LogConfig: Setting CVar [[r.Shadow.CSM.MaxCascades:10]]
[2019.12.29-13.59.47:875][  0]LogConfig: Setting CVar [[r.Shadow.MaxResolution:2048]]
[2019.12.29-13.59.47:875][  0]LogConfig: Setting CVar [[r.Shadow.MaxCSMResolution:2048]]
[2019.12.29-13.59.47:875][  0]LogConfig: Setting CVar [[r.Shadow.RadiusThreshold:0.01]]
[2019.12.29-13.59.47:875][  0]LogConfig: Setting CVar [[r.Shadow.DistanceScale:1.0]]
[2019.12.29-13.59.47:875][  0]LogConfig: Setting CVar [[r.Shadow.CSM.TransitionScale:1.0]]
[2019.12.29-13.59.47:875][  0]LogConfig: Setting CVar [[r.Shadow.PreShadowResolutionFactor:1.0]]
[2019.12.29-13.59.47:875][  0]LogConfig: Setting CVar [[r.DistanceFieldShadowing:1]]
[2019.12.29-13.59.47:875][  0]LogConfig: Setting CVar [[r.DistanceFieldAO:1]]
[2019.12.29-13.59.47:875][  0]LogConfig: Setting CVar [[r.AOQuality:2]]
[2019.12.29-13.59.47:875][  0]LogConfig: Setting CVar [[r.VolumetricFog:1]]
[2019.12.29-13.59.47:875][  0]LogConfig: Setting CVar [[r.VolumetricFog.GridPixelSize:8]]
[2019.12.29-13.59.47:875][  0]LogConfig: Setting CVar [[r.VolumetricFog.GridSizeZ:128]]
[2019.12.29-13.59.47:875][  0]LogConfig: Setting CVar [[r.VolumetricFog.HistoryMissSupersampleCount:4]]
[2019.12.29-13.59.47:875][  0]LogConfig: Setting CVar [[r.LightMaxDrawDistanceScale:1]]
[2019.12.29-13.59.47:875][  0]LogConfig: Setting CVar [[r.CapsuleShadows:1]]
[2019.12.29-13.59.47:875][  0]LogConfig: Applying CVar settings from Section [PostProcessQuality@3] File [C:/danrol/VRoscopy/UnrealEngine/VRoscopy/Saved/Config/Windows/Scalability.ini]
[2019.12.29-13.59.47:875][  0]LogConfig: Setting CVar [[r.MotionBlurQuality:0]]
[2019.12.29-13.59.47:875][  0]LogConfig: Setting CVar [[r.AmbientOcclusionMipLevelFactor:0.4]]
[2019.12.29-13.59.47:875][  0]LogConfig: Setting CVar [[r.AmbientOcclusionMaxQuality:100]]
[2019.12.29-13.59.47:875][  0]LogConfig: Setting CVar [[r.AmbientOcclusionLevels:0]]
[2019.12.29-13.59.47:875][  0]LogConfig: Setting CVar [[r.AmbientOcclusionRadiusScale:1.0]]
[2019.12.29-13.59.47:875][  0]LogConfig: Setting CVar [[r.DepthOfFieldQuality:0]]
[2019.12.29-13.59.47:875][  0]LogConfig: Setting CVar [[r.RenderTargetPoolMin:400]]
[2019.12.29-13.59.47:875][  0]LogConfig: Setting CVar [[r.LensFlareQuality:0]]
[2019.12.29-13.59.47:875][  0]LogConfig: Setting CVar [[r.SceneColorFringeQuality:0]]
[2019.12.29-13.59.47:875][  0]LogConfig: Setting CVar [[r.EyeAdaptationQuality:2]]
[2019.12.29-13.59.47:875][  0]LogConfig: Setting CVar [[r.BloomQuality:1]]
[2019.12.29-13.59.47:875][  0]LogConfig: Setting CVar [[r.FastBlurThreshold:0]]
[2019.12.29-13.59.47:875][  0]LogConfig: Setting CVar [[r.Upscale.Quality:3]]
[2019.12.29-13.59.47:875][  0]LogConfig: Setting CVar [[r.Tonemapper.GrainQuantization:1]]
[2019.12.29-13.59.47:875][  0]LogConfig: Setting CVar [[r.LightShaftQuality:1]]
[2019.12.29-13.59.47:875][  0]LogConfig: Setting CVar [[r.Filter.SizeScale:1]]
[2019.12.29-13.59.47:875][  0]LogConfig: Setting CVar [[r.Tonemapper.Quality:5]]
[2019.12.29-13.59.47:875][  0]LogConfig: Setting CVar [[r.DOF.Gather.AccumulatorQuality:1        ; higher gathering accumulator quality]]
[2019.12.29-13.59.47:875][  0]LogConfig: Setting CVar [[r.DOF.Gather.PostfilterMethod:1          ; Median3x3 postfilering method]]
[2019.12.29-13.59.47:875][  0]LogConfig: Setting CVar [[r.DOF.Gather.EnableBokehSettings:0       ; no bokeh simulation when gathering]]
[2019.12.29-13.59.47:875][  0]LogConfig: Setting CVar [[r.DOF.Gather.RingCount:4                 ; medium number of samples when gathering]]
[2019.12.29-13.59.47:875][  0]LogConfig: Setting CVar [[r.DOF.Scatter.ForegroundCompositing:1    ; additive foreground scattering]]
[2019.12.29-13.59.47:875][  0]LogConfig: Setting CVar [[r.DOF.Scatter.BackgroundCompositing:2    ; additive background scattering]]
[2019.12.29-13.59.47:875][  0]LogConfig: Setting CVar [[r.DOF.Scatter.EnableBokehSettings:1      ; bokeh simulation when scattering]]
[2019.12.29-13.59.47:875][  0]LogConfig: Setting CVar [[r.DOF.Scatter.MaxSpriteRatio:0.1         ; only a maximum of 10% of scattered bokeh]]
[2019.12.29-13.59.47:875][  0]LogConfig: Setting CVar [[r.DOF.Recombine.Quality:1                ; cheap slight out of focus]]
[2019.12.29-13.59.47:875][  0]LogConfig: Setting CVar [[r.DOF.Recombine.EnableBokehSettings:0    ; no bokeh simulation on slight out of focus]]
[2019.12.29-13.59.47:875][  0]LogConfig: Setting CVar [[r.DOF.TemporalAAQuality:1                ; more stable temporal accumulation]]
[2019.12.29-13.59.47:875][  0]LogConfig: Setting CVar [[r.DOF.Kernel.MaxForegroundRadius:0.025]]
[2019.12.29-13.59.47:875][  0]LogConfig: Setting CVar [[r.DOF.Kernel.MaxBackgroundRadius:0.025]]
[2019.12.29-13.59.47:875][  0]LogConfig: Applying CVar settings from Section [TextureQuality@3] File [C:/danrol/VRoscopy/UnrealEngine/VRoscopy/Saved/Config/Windows/Scalability.ini]
[2019.12.29-13.59.47:875][  0]LogConfig: Setting CVar [[r.Streaming.MipBias:0]]
[2019.12.29-13.59.47:875][  0]LogConfig: Setting CVar [[r.Streaming.AmortizeCPUToGPUCopy:0]]
[2019.12.29-13.59.47:876][  0]LogConfig: Setting CVar [[r.Streaming.MaxNumTexturesToStreamPerFrame:0]]
[2019.12.29-13.59.47:876][  0]LogConfig: Setting CVar [[r.Streaming.Boost:1]]
[2019.12.29-13.59.47:876][  0]LogConfig: Setting CVar [[r.MaxAnisotropy:8]]
[2019.12.29-13.59.47:876][  0]LogConfig: Setting CVar [[r.Streaming.LimitPoolSizeToVRAM:0]]
[2019.12.29-13.59.47:876][  0]LogConfig: Setting CVar [[r.Streaming.PoolSize:1000]]
[2019.12.29-13.59.47:876][  0]LogConfig: Setting CVar [[r.Streaming.MaxEffectiveScreenSize:0]]
[2019.12.29-13.59.47:876][  0]LogConfig: Applying CVar settings from Section [EffectsQuality@3] File [C:/danrol/VRoscopy/UnrealEngine/VRoscopy/Saved/Config/Windows/Scalability.ini]
[2019.12.29-13.59.47:876][  0]LogConfig: Setting CVar [[r.TranslucencyLightingVolumeDim:4]]
[2019.12.29-13.59.47:876][  0]LogConfig: Setting CVar [[r.RefractionQuality:2]]
[2019.12.29-13.59.47:876][  0]LogConfig: Setting CVar [[r.SSR.Quality:0]]
[2019.12.29-13.59.47:876][  0]LogConfig: Setting CVar [[r.SceneColorFormat:2]]
[2019.12.29-13.59.47:876][  0]LogConfig: Setting CVar [[r.DetailMode:2]]
[2019.12.29-13.59.47:876][  0]LogConfig: Setting CVar [[r.TranslucencyVolumeBlur:0]]
[2019.12.29-13.59.47:876][  0]LogConfig: Setting CVar [[r.MaterialQualityLevel:1 ; High quality]]
[2019.12.29-13.59.47:876][  0]LogConfig: Setting CVar [[r.SSS.Scale:1]]
[2019.12.29-13.59.47:876][  0]LogConfig: Setting CVar [[r.SSS.SampleSet:2]]
[2019.12.29-13.59.47:876][  0]LogConfig: Setting CVar [[r.SSS.Quality:1]]
[2019.12.29-13.59.47:876][  0]LogConfig: Setting CVar [[r.SSS.HalfRes:1]]
[2019.12.29-13.59.47:876][  0]LogConfig: Setting CVar [[r.EmitterSpawnRateScale:1.0]]
[2019.12.29-13.59.47:876][  0]LogConfig: Setting CVar [[r.ParticleLightQuality:2]]
[2019.12.29-13.59.47:876][  0]LogConfig: Applying CVar settings from Section [FoliageQuality@3] File [C:/danrol/VRoscopy/UnrealEngine/VRoscopy/Saved/Config/Windows/Scalability.ini]
[2019.12.29-13.59.47:876][  0]LogConfig: Setting CVar [[foliage.DensityScale:1.0]]
[2019.12.29-13.59.47:876][  0]LogConfig: Setting CVar [[grass.DensityScale:1.0]]
[2019.12.29-13.59.47:876][  0]LogConfig: Applying CVar settings from Section [Startup] File [../../../Engine/Config/ConsoleVariables.ini]
[2019.12.29-13.59.47:876][  0]LogConfig: Setting CVar [[net.UseAdaptiveNetUpdateFrequency:0]]
[2019.12.29-13.59.47:876][  0]LogConfig: Setting CVar [[p.chaos.AllowCreatePhysxBodies:1]]
[2019.12.29-13.59.47:876][  0]LogConfig: Applying CVar settings from Section [ConsoleVariables] File [C:/danrol/VRoscopy/UnrealEngine/VRoscopy/Saved/Config/Windows/Engine.ini]
[2019.12.29-13.59.47:876][  0]LogInit: Computer: DESKTOP-6O1FKR3
[2019.12.29-13.59.47:876][  0]LogInit: User: Projects
[2019.12.29-13.59.47:876][  0]LogInit: CPU Page size=4096, Cores=4
[2019.12.29-13.59.47:876][  0]LogInit: High frequency timer resolution =10.000000 MHz
[2019.12.29-13.59.47:876][  0]LogMemory: Memory total: Physical=16.0GB (16GB approx)
[2019.12.29-13.59.47:876][  0]LogMemory: Platform Memory Stats for Windows
[2019.12.29-13.59.47:877][  0]LogMemory: Process Physical Memory: 113.11 MB used, 113.11 MB peak
[2019.12.29-13.59.47:877][  0]LogMemory: Process Virtual Memory: 106.17 MB used, 106.17 MB peak
[2019.12.29-13.59.47:877][  0]LogMemory: Physical Memory: 6657.98 MB used,  9684.14 MB free, 16342.12 MB total
[2019.12.29-13.59.47:877][  0]LogMemory: Virtual Memory: 4688.88 MB used,  134213040.00 MB free, 134217728.00 MB total
[2019.12.29-13.59.47:880][  0]LogWindows: WindowsPlatformFeatures enabled
[2019.12.29-13.59.47:903][  0]LogInit: Using OS detected language (en-US).
[2019.12.29-13.59.47:903][  0]LogInit: Using OS detected locale (he-IL).
[2019.12.29-13.59.47:903][  0]LogTextLocalizationManager: No specific localization for 'en-US' exists, so the 'en' localization will be used.
[2019.12.29-13.59.48:094][  0]LogInit: Setting process to per monitor DPI aware
[2019.12.29-13.59.48:128][  0]LogSlate: New Slate User Created.  User Index 0, Is Virtual User: 0
[2019.12.29-13.59.48:128][  0]LogSlate: Slate User Registered.  User Index 0, Is Virtual User: 0
[2019.12.29-13.59.48:311][  0]LogD3D11RHI: D3D11 adapters:
[2019.12.29-13.59.48:385][  0]LogD3D11RHI:    0. 'NVIDIA GeForce GTX 1060 6GB' (Feature Level 11_0)
[2019.12.29-13.59.48:385][  0]LogD3D11RHI:       6052/0/8171 MB DedicatedVideo/DedicatedSystem/SharedSystem, Outputs:1, VendorId:0x10de
[2019.12.29-13.59.48:388][  0]LogD3D11RHI:    1. 'Microsoft Basic Render Driver' (Feature Level 11_0)
[2019.12.29-13.59.48:388][  0]LogD3D11RHI:       0/0/8171 MB DedicatedVideo/DedicatedSystem/SharedSystem, Outputs:0, VendorId:0x1414
[2019.12.29-13.59.48:388][  0]LogD3D11RHI: Chosen D3D11 Adapter: 0
[2019.12.29-13.59.48:394][  0]LogD3D11RHI: Creating new Direct3DDevice
[2019.12.29-13.59.48:395][  0]LogD3D11RHI:     GPU DeviceId: 0x1c03 (for the marketing name, search the web for "GPU Device Id")
[2019.12.29-13.59.48:395][  0]LogWindows: EnumDisplayDevices:
[2019.12.29-13.59.48:395][  0]LogWindows:    0. 'NVIDIA GeForce GTX 1060 6GB' (P:1 D:1)
[2019.12.29-13.59.48:395][  0]LogWindows:    1. 'NVIDIA GeForce GTX 1060 6GB' (P:0 D:0)
[2019.12.29-13.59.48:395][  0]LogWindows:    2. 'NVIDIA GeForce GTX 1060 6GB' (P:0 D:0)
[2019.12.29-13.59.48:396][  0]LogWindows:    3. 'NVIDIA GeForce GTX 1060 6GB' (P:0 D:0)
[2019.12.29-13.59.48:396][  0]LogWindows: DebugString: FoundDriverCount:4 
[2019.12.29-13.59.48:396][  0]LogD3D11RHI:     Adapter Name: NVIDIA GeForce GTX 1060 6GB
[2019.12.29-13.59.48:396][  0]LogD3D11RHI:   Driver Version: 441.66 (internal:26.21.14.4166, unified:441.66)
[2019.12.29-13.59.48:396][  0]LogD3D11RHI:      Driver Date: 12-6-2019
[2019.12.29-13.59.48:396][  0]LogRHI: Texture pool is 4236 MB (70% of 6052 MB)
[2019.12.29-13.59.48:458][  0]LogD3D11RHI: Async texture creation enabled
[2019.12.29-13.59.48:478][  0]LogD3D11RHI: GPU Timing Frequency: 1000.000000 (Debug: 2 1)
[2019.12.29-13.59.48:808][  0]LogTemp: Display: Module 'AllDesktopTargetPlatform' loaded TargetPlatform 'AllDesktop'
[2019.12.29-13.59.48:819][  0]LogTemp: Display: Module 'MacClientTargetPlatform' loaded TargetPlatform 'MacClient'
[2019.12.29-13.59.48:829][  0]LogTemp: Display: Module 'MacNoEditorTargetPlatform' loaded TargetPlatform 'MacNoEditor'
[2019.12.29-13.59.48:840][  0]LogTemp: Display: Module 'MacServerTargetPlatform' loaded TargetPlatform 'MacServer'
[2019.12.29-13.59.48:851][  0]LogTemp: Display: Module 'MacTargetPlatform' loaded TargetPlatform 'Mac'
[2019.12.29-13.59.48:862][  0]LogTemp: Display: Module 'WindowsClientTargetPlatform' loaded TargetPlatform 'WindowsClient'
[2019.12.29-13.59.48:872][  0]LogTemp: Display: Module 'WindowsNoEditorTargetPlatform' loaded TargetPlatform 'WindowsNoEditor'
[2019.12.29-13.59.48:883][  0]LogTemp: Display: Module 'WindowsServerTargetPlatform' loaded TargetPlatform 'WindowsServer'
[2019.12.29-13.59.48:888][  0]LogTemp: Display: Module 'WindowsTargetPlatform' loaded TargetPlatform 'Windows'
[2019.12.29-13.59.48:923][  0]LogTemp: Display: Module 'AndroidTargetPlatform' loaded TargetPlatform 'Android'
[2019.12.29-13.59.48:923][  0]LogTemp: Display: Module 'AndroidTargetPlatform' loaded TargetPlatform 'Android_ASTC'
[2019.12.29-13.59.48:923][  0]LogTemp: Display: Module 'AndroidTargetPlatform' loaded TargetPlatform 'Android_ATC'
[2019.12.29-13.59.48:923][  0]LogTemp: Display: Module 'AndroidTargetPlatform' loaded TargetPlatform 'Android_DXT'
[2019.12.29-13.59.48:923][  0]LogTemp: Display: Module 'AndroidTargetPlatform' loaded TargetPlatform 'Android_ETC1'
[2019.12.29-13.59.48:923][  0]LogTemp: Display: Module 'AndroidTargetPlatform' loaded TargetPlatform 'Android_ETC1a'
[2019.12.29-13.59.48:923][  0]LogTemp: Display: Module 'AndroidTargetPlatform' loaded TargetPlatform 'Android_ETC2'
[2019.12.29-13.59.48:923][  0]LogTemp: Display: Module 'AndroidTargetPlatform' loaded TargetPlatform 'Android_PVRTC'
[2019.12.29-13.59.48:923][  0]LogTemp: Display: Module 'AndroidTargetPlatform' loaded TargetPlatform 'AndroidClient'
[2019.12.29-13.59.48:923][  0]LogTemp: Display: Module 'AndroidTargetPlatform' loaded TargetPlatform 'Android_ASTCClient'
[2019.12.29-13.59.48:923][  0]LogTemp: Display: Module 'AndroidTargetPlatform' loaded TargetPlatform 'Android_ATCClient'
[2019.12.29-13.59.48:923][  0]LogTemp: Display: Module 'AndroidTargetPlatform' loaded TargetPlatform 'Android_DXTClient'
[2019.12.29-13.59.48:923][  0]LogTemp: Display: Module 'AndroidTargetPlatform' loaded TargetPlatform 'Android_ETC1Client'
[2019.12.29-13.59.48:923][  0]LogTemp: Display: Module 'AndroidTargetPlatform' loaded TargetPlatform 'Android_ETC1aClient'
[2019.12.29-13.59.48:923][  0]LogTemp: Display: Module 'AndroidTargetPlatform' loaded TargetPlatform 'Android_ETC2Client'
[2019.12.29-13.59.48:923][  0]LogTemp: Display: Module 'AndroidTargetPlatform' loaded TargetPlatform 'Android_PVRTCClient'
[2019.12.29-13.59.48:923][  0]LogTemp: Display: Module 'AndroidTargetPlatform' loaded TargetPlatform 'Android_Multi'
[2019.12.29-13.59.48:923][  0]LogTemp: Display: Module 'AndroidTargetPlatform' loaded TargetPlatform 'Android_MultiClient'
[2019.12.29-13.59.48:925][  0]LogTemp: Display: Module 'HTML5TargetPlatform' loaded TargetPlatform 'HTML5'
[2019.12.29-13.59.48:945][  0]LogTemp: Display: Module 'IOSTargetPlatform' loaded TargetPlatform 'IOSClient'
[2019.12.29-13.59.48:945][  0]LogTemp: Display: Module 'IOSTargetPlatform' loaded TargetPlatform 'IOS'
[2019.12.29-13.59.48:961][  0]LogTemp: Display: Module 'TVOSTargetPlatform' loaded TargetPlatform 'TVOSClient'
[2019.12.29-13.59.48:961][  0]LogTemp: Display: Module 'TVOSTargetPlatform' loaded TargetPlatform 'TVOS'
[2019.12.29-13.59.48:969][  0]LogTemp: Display: Module 'LinuxClientTargetPlatform' loaded TargetPlatform 'LinuxClient'
[2019.12.29-13.59.48:977][  0]LogTemp: Display: Module 'LinuxNoEditorTargetPlatform' loaded TargetPlatform 'LinuxNoEditor'
[2019.12.29-13.59.48:985][  0]LogTemp: Display: Module 'LinuxServerTargetPlatform' loaded TargetPlatform 'LinuxServer'
[2019.12.29-13.59.48:994][  0]LogTemp: Display: Module 'LinuxTargetPlatform' loaded TargetPlatform 'Linux'
[2019.12.29-13.59.49:023][  0]LogTemp: Display: Module 'LuminTargetPlatform' loaded TargetPlatform 'Lumin'
[2019.12.29-13.59.49:023][  0]LogTemp: Display: Module 'LuminTargetPlatform' loaded TargetPlatform 'LuminClient'
[2019.12.29-13.59.49:023][  0]LogTargetPlatformManager: Display: Building Assets For Windows
[2019.12.29-13.59.49:033][  0]LogAudioDebug: Display: Lib vorbis DLL was dynamically loaded.
[2019.12.29-13.59.49:091][  0]LogShaderCompilers: Guid format shader working directory is -6 characters bigger than the processId version (../../../../../../danrol/VRoscopy/UnrealEngine/VRoscopy/Intermediate/Shaders/WorkingDirectory/7820/).
[2019.12.29-13.59.49:091][  0]LogShaderCompilers: Cleaned the shader compiler working directory 'C:/Users/Projects/AppData/Local/Temp/UnrealShaderWorkingDir/829ABC454B35D8F76BD129A61937DECB/'.
[2019.12.29-13.59.49:094][  0]LogXGEController: Cannot use XGE Controller as Incredibuild is not installed on this machine.
[2019.12.29-13.59.49:094][  0]LogShaderCompilers: Cannot use XGE Shader Compiler as Incredibuild is not installed on this machine.
[2019.12.29-13.59.49:094][  0]LogShaderCompilers: Display: Using Local Shader Compiler.
[2019.12.29-13.59.49:821][  0]LogDerivedDataCache: Display: Max Cache Size: 512 MB
[2019.12.29-13.59.49:890][  0]LogDerivedDataCache: Loaded boot cache 0.07s 93MB C:/Users/Projects/AppData/Local/UnrealEngine/4.23/DerivedDataCache/Boot.ddc.
[2019.12.29-13.59.49:891][  0]LogDerivedDataCache: Display: Loaded Boot cache: C:/Users/Projects/AppData/Local/UnrealEngine/4.23/DerivedDataCache/Boot.ddc
[2019.12.29-13.59.49:891][  0]LogDerivedDataCache: FDerivedDataBackendGraph:  Pak pak cache file ../../../../../../danrol/VRoscopy/UnrealEngine/VRoscopy/DerivedDataCache/DDC.ddp not found, will not use a pak cache.
[2019.12.29-13.59.49:891][  0]LogDerivedDataCache: Unable to find inner node Pak for hierarchical cache Hierarchy.
[2019.12.29-13.59.49:891][  0]LogDerivedDataCache: FDerivedDataBackendGraph:  CompressedPak pak cache file ../../../../../../danrol/VRoscopy/UnrealEngine/VRoscopy/DerivedDataCache/Compressed.ddp not found, will not use a pak cache.
[2019.12.29-13.59.49:891][  0]LogDerivedDataCache: Unable to find inner node CompressedPak for hierarchical cache Hierarchy.
[2019.12.29-13.59.49:905][  0]LogDerivedDataCache: Display: Pak cache opened for reading ../../../Engine/DerivedDataCache/Compressed.ddp.
[2019.12.29-13.59.49:905][  0]LogDerivedDataCache: FDerivedDataBackendGraph:  EnterprisePak pak cache file ../../../Enterprise/DerivedDataCache/Compressed.ddp not found, will not use a pak cache.
[2019.12.29-13.59.49:905][  0]LogDerivedDataCache: Unable to find inner node EnterprisePak for hierarchical cache Hierarchy.
[2019.12.29-13.59.49:907][  0]LogDerivedDataCache: Using Local data cache path C:/Users/Projects/AppData/Local/UnrealEngine/Common/DerivedDataCache: Writable
[2019.12.29-13.59.49:908][  0]LogDerivedDataCache: Shared data cache path not found in *engine.ini, will not use an Shared cache.
[2019.12.29-13.59.49:908][  0]LogDerivedDataCache: Unable to find inner node Shared for hierarchical cache Hierarchy.
[2019.12.29-13.59.49:934][  0]LogMaterial: Verifying Global Shaders for PCD3D_SM5
[2019.12.29-13.59.49:937][  0]LogSlate: Using FreeType 2.6.0
[2019.12.29-13.59.49:937][  0]LogSlate: SlateFontServices - WITH_FREETYPE: 1, WITH_HARFBUZZ: 1
[2019.12.29-13.59.50:003][  0]LogAssetRegistry: FAssetRegistry took 0.0026 seconds to start up
[2019.12.29-13.59.50:330][  0]LogInit: Selected Device Profile: [Windows]
[2019.12.29-13.59.50:508][  0]LogMeshReduction: Using QuadricMeshReduction for automatic static mesh reduction
[2019.12.29-13.59.50:508][  0]LogMeshReduction: Using SimplygonMeshReduction for automatic skeletal mesh reduction
[2019.12.29-13.59.50:508][  0]LogMeshReduction: Using ProxyLODMeshReduction for automatic mesh merging
[2019.12.29-13.59.50:508][  0]LogMeshReduction: No distributed automatic mesh merging module available
[2019.12.29-13.59.50:508][  0]LogMeshMerging: No distributed automatic mesh merging module available
[2019.12.29-13.59.50:519][  0]LogNetVersion: VRoscopy 1.0.0, NetCL: 8386587, EngineNetVer: 11, GameNetVer: 0 (Checksum: 931555030)
[2019.12.29-13.59.50:990][  0]LogPackageLocalizationCache: Processed 14 localized package path(s) for 1 prioritized culture(s) in 0.058711 seconds
[2019.12.29-13.59.50:997][  0]LogUObjectArray: 43444 objects as part of root set at end of initial load.
[2019.12.29-13.59.50:997][  0]LogUObjectAllocator: 7548648 out of 0 bytes used by permanent object pool.
[2019.12.29-13.59.50:997][  0]LogUObjectArray: CloseDisregardForGC: 0/0 objects in disregard for GC pool
[2019.12.29-13.59.51:907][  0]LogPython: Using Python 2.7.14
[2019.12.29-13.59.52:715][  0]LogTcpMessaging: Initializing TcpMessaging bridge
[2019.12.29-13.59.52:718][  0]LogUdpMessaging: Initializing bridge on interface 0.0.0.0:0 to multicast group 230.0.0.1:6666.
[2019.12.29-13.59.52:807][  0]SourceControl: Source control is disabled
[2019.12.29-13.59.52:807][  0]SourceControl: Source control is disabled
[2019.12.29-13.59.52:809][  0]SourceControl: Source control is disabled
[2019.12.29-13.59.52:810][  0]SourceControl: Source control is disabled
[2019.12.29-13.59.52:984][  0]LogAndroidPermission: UAndroidPermissionCallbackProxy::GetInstance
[2019.12.29-13.59.53:155][  0]LogOcInput: OculusInput pre-init called
[2019.12.29-13.59.53:844][  0]LogEngine: Initializing Engine...
[2019.12.29-13.59.53:845][  0]LogHMD: Oculus plugin initialized. Version: 4.23.1-9631420+++UE4+Release-4.23, OVRPlugin: 1.37.0
[2019.12.29-13.59.53:846][  0]LogStats: UGameplayTagsManager::InitializeManager -  0.000 s
[2019.12.29-13.59.54:099][  0]LogInit: Initializing FReadOnlyCVARCache
[2019.12.29-13.59.54:120][  0]LogAIModule: Creating AISystem for world Untitled
[2019.12.29-13.59.54:141][  0]LogInit: XAudio2 using 'Headphones (2- Rift S)' : 2 channels at 48 kHz using 16 bits per sample (channel mask 0x3)
[2019.12.29-13.59.54:158][  0]LogInit: FAudioDevice initialized.
[2019.12.29-13.59.54:158][  0]LogNetVersion: Set ProjectVersion to 1.0.0.0. Version Checksum will be recalculated on next use.
[2019.12.29-13.59.54:295][  0]LogDerivedDataCache: Saved boot cache 0.14s 93MB C:/Users/Projects/AppData/Local/UnrealEngine/4.23/DerivedDataCache/Boot.ddc.
[2019.12.29-13.59.54:308][  0]LogInit: Texture streaming: Enabled
[2019.12.29-13.59.54:330][  0]LogEngineSessionManager: EngineSessionManager initialized
[2019.12.29-13.59.54:330][  0]LogEditorSessionSummary: Verbose: Initializing EditorSessionSummaryWriter for editor session tracking
[2019.12.29-13.59.54:331][  0]LogEditorSessionSummary: EditorSessionSummaryWriter initialized
[2019.12.29-13.59.54:401][  0]LogInit: Transaction tracking system initialized
[2019.12.29-13.59.54:439][  0]BlueprintLog: New page: Editor Load
[2019.12.29-13.59.54:527][  0]LocalizationService: Localization service is disabled
[2019.12.29-13.59.54:805][  0]LogFileCache: Scanning file cache for directory 'C:/danrol/VRoscopy/UnrealEngine/VRoscopy/Content/' took 0.01s
[2019.12.29-13.59.54:805][  0]LogCook: Display: Max memory allowance for cook 16384mb min free memory 0mb
[2019.12.29-13.59.54:805][  0]LogCook: Display: Mobile HDR setting 1
[2019.12.29-13.59.55:039][  0]SourceControl: Source control is disabled
[2019.12.29-13.59.55:040][  0]Cmd: MAP LOAD FILE="../../../../../../danrol/VRoscopy/UnrealEngine/VRoscopy/Content/MainLevel.umap" TEMPLATE=0 SHOWPROGRESS=1 FEATURELEVEL=3
[2019.12.29-13.59.55:040][  0]LightingResults: New page: Lighting Build
[2019.12.29-13.59.55:044][  0]LogWorld: UWorld::CleanupWorld for Untitled, bSessionEnded=true, bCleanupResources=true
[2019.12.29-13.59.55:044][  0]MapCheck: New page: Map Check
[2019.12.29-13.59.55:044][  0]LightingResults: New page: Lighting Build
[2019.12.29-13.59.55:070][  0]LogUObjectHash: Compacting FUObjectHashTables data took   2.33ms
[2019.12.29-13.59.55:544][  0]LogAIModule: Creating AISystem for world MainLevel
[2019.12.29-13.59.55:553][  0]LogEditorServer: Finished looking for orphan Actors (0.000 secs)
[2019.12.29-13.59.55:587][  0]LogUObjectHash: Compacting FUObjectHashTables data took   3.34ms
[2019.12.29-13.59.55:587][  0]Cmd: MAP CHECKDEP NOCLEARLOG
[2019.12.29-13.59.55:588][  0]MapCheck: Map check complete: 0 Error(s), 0 Warning(s), took 0.224ms to complete.
[2019.12.29-13.59.55:588][  0]LogFileHelpers: Loading map 'MainLevel' took 0.549
[2019.12.29-13.59.55:702][  0]LogSlate: Updating window title bar state: overlay mode, drag disabled, window buttons hidden, title bar hidden
[2019.12.29-13.59.55:710][  0]LogSlate: Updating window title bar state: overlay mode, drag disabled, window buttons hidden, title bar hidden
[2019.12.29-13.59.55:719][  0]LogSlate: Updating window title bar state: overlay mode, drag disabled, window buttons hidden, title bar hidden
[2019.12.29-13.59.55:727][  0]LogSlate: Updating window title bar state: overlay mode, drag disabled, window buttons hidden, title bar hidden
[2019.12.29-13.59.55:734][  0]LogCollectionManager: Loaded 0 collections in 0.002092 seconds
[2019.12.29-13.59.55:742][  0]LogFileCache: Scanning file cache for directory 'C:/danrol/VRoscopy/UnrealEngine/VRoscopy/Saved/Collections/' took 0.00s
[2019.12.29-13.59.55:742][  0]LogFileCache: Scanning file cache for directory 'C:/danrol/VRoscopy/UnrealEngine/VRoscopy/Content/Developers/Projects/Collections/' took 0.00s
[2019.12.29-13.59.55:742][  0]LogFileCache: Scanning file cache for directory 'C:/danrol/VRoscopy/UnrealEngine/VRoscopy/Content/Collections/' took 0.00s
[2019.12.29-13.59.55:742][  0]LogCollectionManager: Rebuilt the GUID cache for 0 collections in 0.000002 seconds
[2019.12.29-13.59.55:752][  0]LogContentBrowser: Native class hierarchy populated in 0.0095 seconds. Added 2909 classes and 696 folders.
[2019.12.29-13.59.55:759][  0]LogContentBrowser: Native class hierarchy updated for 'WidgetCarousel' in 0.0003 seconds. Added 0 classes and 0 folders.
[2019.12.29-13.59.55:803][  0]LogContentBrowser: Native class hierarchy updated for 'AddContentDialog' in 0.0003 seconds. Added 0 classes and 0 folders.
[2019.12.29-13.59.55:809][  0]LogContentBrowser: Native class hierarchy updated for 'SceneOutliner' in 0.0004 seconds. Added 1 classes and 2 folders.
[2019.12.29-13.59.55:826][  0]LogSlate: Took 0.000145 seconds to synchronously load lazily loaded font '../../../Engine/Content/Slate/Fonts/Roboto-Regular.ttf' (155K)
[2019.12.29-13.59.55:828][  0]LogSlate: Took 0.000146 seconds to synchronously load lazily loaded font '../../../Engine/Content/Slate/Fonts/Roboto-Bold.ttf' (160K)
[2019.12.29-13.59.55:833][  0]LogSlate: Took 0.000151 seconds to synchronously load lazily loaded font '../../../Engine/Content/Editor/Slate/Fonts/FontAwesome.ttf' (139K)
[2019.12.29-13.59.55:909][  0]LogRenderer: Reallocating scene render targets to support 1208x572 Format 26 NumSamples 1 (Frame:1).
[2019.12.29-13.59.55:955][  0]LogSlate: Took 0.000150 seconds to synchronously load lazily loaded font '../../../Engine/Content/Slate/Fonts/Roboto-Light.ttf' (167K)
[2019.12.29-13.59.56:023][  0]LogContentBrowser: Native class hierarchy updated for 'HierarchicalLODOutliner' in 0.0004 seconds. Added 0 classes and 0 folders.
[2019.12.29-13.59.56:023][  0]LogLoad: (Engine Initialization) Total time: 9.52 seconds
[2019.12.29-13.59.56:023][  0]LogLoad: (Engine Initialization) Total Blueprint compile time: 0.00 seconds
[2019.12.29-13.59.56:036][  0]LogOcInput: OculusInput is initialized
[2019.12.29-13.59.56:084][  0]LogContentStreaming: Texture pool size now 1000 MB
[2019.12.29-13.59.56:136][  1]LogPython: Error: Could not load Python file 'C:/Program Files/Epic Games/UE_4.23/Engine/Binaries/Win64/PythonScripts/import_mesh_from_fbx.py' (resolved from 'PythonScripts\import_mesh_from_fbx.py')
[2019.12.29-13.59.56:137][  1]LogPython: Error: Could not load Python file 'C:/integrationcourseenv/Projects/!!!AfekaFinalProject/VRoscopy/UnrealEngine/VRoscopy/PythonScripts/import_mesh_from_fbx.py' (resolved from 'C:\integrationcourseenv\Projects\!!!AfekaFinalProject\VRoscopy\UnrealEngine\VRoscopy\PythonScripts\import_mesh_from_fbx.py')
[2019.12.29-13.59.56:138][  1]LogPython: Error: Could not load Python file 'D:/VRoscopy_repo/VRoscopy/UnrealEngine/VRoscopy/PythonScripts/import_mesh_from_fbx.py' (resolved from 'D:\VRoscopy_repo\VRoscopy\UnrealEngine\VRoscopy\PythonScripts\import_mesh_from_fbx.py')
[2019.12.29-13.59.56:149][  1]LogAssetRegistry: Asset discovery search completed in 6.1476 seconds
[2019.12.29-13.59.56:154][  1]LogCollectionManager: Rebuilt the object cache for 0 collections in 0.000005 seconds (found 0 objects)
[2019.12.29-13.59.56:154][  1]LogCollectionManager: Fixed up redirectors for 0 collections in 0.000069 seconds (updated 0 objects)
[2019.12.29-13.59.58:047][211]LogPython: Display: Generating Python API stub file...
[2019.12.29-13.59.58:234][211]LogPython: Display:   ...generating Python API: glue code
[2019.12.29-13.59.58:481][211]LogPython: Display:   ...generating Python API: additional code
[2019.12.29-13.59.59:036][211]LogPython: Display:   ...generated: C:/danrol/VRoscopy/UnrealEngine/VRoscopy/Intermediate/PythonStub/unreal.py
[2019.12.29-14.00.05:063][932]LogSlate: FSceneViewport::OnFocusLost() reason 0
[2019.12.29-14.00.05:242][953]LogSlate: Took 0.000198 seconds to synchronously load lazily loaded font '../../../Engine/Content/Slate/Fonts/Roboto-Light.ttf' (167K)
[2019.12.29-14.00.05:331][953]LogMaterial: Display: Missing cached shader map for material CubeMaterial, compiling. 
[2019.12.29-14.00.05:419][953]LogShaderCompilers: Display: Worker (1/3): shaders left to compile 31
[2019.12.29-14.00.05:420][953]LogShaderCompilers: Display: Worker (2/3): shaders left to compile 21
[2019.12.29-14.00.05:420][953]LogShaderCompilers: Display: Worker (3/3): shaders left to compile 11
[2019.12.29-14.00.05:420][953]LogMaterial: Display: Missing cached shader map for material M_Sky_Panning_Clouds2, compiling. 
[2019.12.29-14.00.05:434][953]LogAIModule: Creating AISystem for world MotionControllerMap
[2019.12.29-14.00.05:446][953]LogAssetEditorManager: Opening Asset editor for World /Game/VirtualRealityBP/Maps/MotionControllerMap.MotionControllerMap
[2019.12.29-14.00.05:474][953]LogUObjectHash: Compacting FUObjectHashTables data took   2.98ms
[2019.12.29-14.00.05:475][953]Cmd: MAP LOAD FILE="../../../../../../danrol/VRoscopy/UnrealEngine/VRoscopy/Content/VirtualRealityBP/Maps/MotionControllerMap.umap" TEMPLATE=0 SHOWPROGRESS=1 FEATURELEVEL=3
[2019.12.29-14.00.05:475][953]LightingResults: New page: Lighting Build
[2019.12.29-14.00.05:476][953]LoadErrors: New page: Loading map: MotionControllerMap.umap
[2019.12.29-14.00.05:477][953]LogWorld: UWorld::CleanupWorld for MainLevel, bSessionEnded=true, bCleanupResources=true
[2019.12.29-14.00.05:478][953]MapCheck: New page: Map Check
[2019.12.29-14.00.05:478][953]LightingResults: New page: Lighting Build
[2019.12.29-14.00.05:506][953]LogUObjectHash: Compacting FUObjectHashTables data took   3.00ms
[2019.12.29-14.00.05:512][953]LogEditorServer: Finished looking for orphan Actors (0.000 secs)
[2019.12.29-14.00.05:539][953]LogUObjectHash: Compacting FUObjectHashTables data took   2.26ms
[2019.12.29-14.00.05:578][953]Cmd: MAP CHECKDEP NOCLEARLOG
[2019.12.29-14.00.05:578][953]MapCheck: Map check complete: 0 Error(s), 0 Warning(s), took 0.139ms to complete.
[2019.12.29-14.00.05:578][953]LogFileHelpers: Loading map 'MotionControllerMap' took 0.104
[2019.12.29-14.00.11:496][564]LogShaderCompilers: Display: Worker (1/3): shaders left to compile 6
[2019.12.29-14.00.12:490][671]LogShaderCompilers: Display: Worker (1/3): shaders left to compile 3
[2019.12.29-14.00.13:605][786]LogShaderCompilers: Display: Worker (3/3): shaders left to compile 1
[2019.12.29-14.00.14:848][923]LogSlate: FSceneViewport::OnFocusLost() reason 0
[2019.12.29-14.00.14:916][929]LogSlate: Took 0.001520 seconds to synchronously load lazily loaded font '../../../Engine/Content/Slate/Fonts/DroidSansFallback.ttf' (3848K)
[2019.12.29-14.00.16:202][ 76]LogTemp: Repeating last play command: VR Preview
[2019.12.29-14.00.16:222][ 76]LogBlueprintUserMessages: Early PlayInEditor Detection: Level '/Game/VirtualRealityBP/Maps/MotionControllerMap.MotionControllerMap:PersistentLevel' has LevelScriptBlueprint '/Game/VirtualRealityBP/Maps/MotionControllerMap.MotionControllerMap:PersistentLevel.MotionControllerMap' with GeneratedClass '/Game/VirtualRealityBP/Maps/MotionControllerMap.MotionControllerMap_C' with ClassGeneratedBy '/Game/VirtualRealityBP/Maps/MotionControllerMap.MotionControllerMap:PersistentLevel.MotionControllerMap'
[2019.12.29-14.00.16:222][ 76]LogPlayLevel: PlayLevel: No blueprints needed recompiling
[2019.12.29-14.00.16:223][ 76]LogHMD: Initializing OVRPlugin session
[2019.12.29-14.00.16:335][ 76]LogHMD: Allocating Oculus 3008 x 1616 rendertarget swapchain
[2019.12.29-14.00.16:337][ 76]PIE: New page: PIE session: MotionControllerMap (29 בדצמ׳ 2019, 18:00:16)
[2019.12.29-14.00.16:338][ 76]LogOnline: OSS: Creating online subsystem instance for: NULL
[2019.12.29-14.00.16:339][ 76]LogPlayLevel: Creating play world package: /Game/VirtualRealityBP/Maps/UEDPIE_0_MotionControllerMap
[2019.12.29-14.00.16:355][ 76]LogPlayLevel: PIE: StaticDuplicateObject took: (0.015974s)
[2019.12.29-14.00.16:356][ 76]LogAIModule: Creating AISystem for world MotionControllerMap
[2019.12.29-14.00.16:356][ 76]LogPlayLevel: PIE: World Init took: (0.001214s)
[2019.12.29-14.00.16:356][ 76]LogPlayLevel: PIE: Created PIE world by copying editor world from /Game/VirtualRealityBP/Maps/MotionControllerMap.MotionControllerMap to /Game/VirtualRealityBP/Maps/UEDPIE_0_MotionControllerMap.MotionControllerMap (0.017488s)
[2019.12.29-14.00.16:381][ 76]LogUObjectHash: Compacting FUObjectHashTables data took   2.12ms
[2019.12.29-14.00.16:402][ 76]LogInit: XAudio2 using 'Headphones (2- Rift S)' : 2 channels at 48 kHz using 16 bits per sample (channel mask 0x3)
[2019.12.29-14.00.16:414][ 76]LogInit: FAudioDevice initialized.
[2019.12.29-14.00.16:422][ 76]LogSlate: Updating window title bar state: overlay mode, drag disabled, window buttons hidden, title bar hidden
[2019.12.29-14.00.16:445][ 76]LogLoad: Game class is 'GameModeBase'
[2019.12.29-14.00.16:448][ 76]LogWorld: Bringing World /Game/VirtualRealityBP/Maps/UEDPIE_0_MotionControllerMap.MotionControllerMap up for play (max tick rate 0) at 2019.12.29-16.00.16
[2019.12.29-14.00.16:448][ 76]LogWorld: Bringing up level for play took: 0.002774
[2019.12.29-14.00.16:449][ 76]LogOnline: OSS: Creating online subsystem instance for: :Context_1
[2019.12.29-14.00.16:457][ 76]LogContentBrowser: Native class hierarchy updated for 'MovieSceneCapture' in 0.0005 seconds. Added 20 classes and 0 folders.
[2019.12.29-14.00.16:459][ 76]LogSlate: New Slate User Created.  User Index 8, Is Virtual User: 1
[2019.12.29-14.00.16:459][ 76]LogSlate: Slate User Registered.  User Index 8, Is Virtual User: 1
[2019.12.29-14.00.16:465][ 76]PIE: Play in editor start time for /Game/VirtualRealityBP/Maps/UEDPIE_0_MotionControllerMap 0.308
[2019.12.29-14.00.16:465][ 76]LogBlueprintUserMessages: Late PlayInEditor Detection: Level '/Game/VirtualRealityBP/Maps/MotionControllerMap.MotionControllerMap:PersistentLevel' has LevelScriptBlueprint '/Game/VirtualRealityBP/Maps/MotionControllerMap.MotionControllerMap:PersistentLevel.MotionControllerMap' with GeneratedClass '/Game/VirtualRealityBP/Maps/MotionControllerMap.MotionControllerMap_C' with ClassGeneratedBy '/Game/VirtualRealityBP/Maps/MotionControllerMap.MotionControllerMap:PersistentLevel.MotionControllerMap'
[2019.12.29-14.00.16:466][ 76]LogEngine: Changing dynamic resolution state.
[2019.12.29-14.00.16:491][ 76]LogRenderer: Reallocating scene render targets to support 3008x1616 Format 26 NumSamples 1 (Frame:1).
[2019.12.29-14.00.16:491][ 76]LogHMD: Allocating Oculus 3008 x 1616 depth rendertarget swapchain
[2019.12.29-14.00.16:521][ 78]LogProfilingDebugging: Allocated a 1024 x 1024 texture for HMD canvas layer
[2019.12.29-14.00.16:525][ 79]LogHMD: Error: ovrp_BeginFrame4 1 failed (-1000)
[2019.12.29-14.00.18:208][279]LogPython: Display: Generating Python API stub file...
[2019.12.29-14.00.18:402][279]LogPython: Display:   ...generating Python API: glue code
[2019.12.29-14.00.18:652][279]LogPython: Display:   ...generating Python API: additional code
[2019.12.29-14.00.18:717][279]LogPython: Display:   ...generated: C:/danrol/VRoscopy/UnrealEngine/VRoscopy/Intermediate/PythonStub/unreal.py
[2019.12.29-14.00.33:770][675]LogBlueprintUserMessages: Early EndPlayMap Detection: Level '/Game/VirtualRealityBP/Maps/MotionControllerMap.MotionControllerMap:PersistentLevel' has LevelScriptBlueprint '/Game/VirtualRealityBP/Maps/MotionControllerMap.MotionControllerMap:PersistentLevel.MotionControllerMap' with GeneratedClass '/Game/VirtualRealityBP/Maps/MotionControllerMap.MotionControllerMap_C' with ClassGeneratedBy '/Game/VirtualRealityBP/Maps/MotionControllerMap.MotionControllerMap:PersistentLevel.MotionControllerMap'
[2019.12.29-14.00.33:792][675]LogSlate: Updating window title bar state: overlay mode, drag disabled, window buttons hidden, title bar hidden
[2019.12.29-14.00.33:792][675]LogWorld: BeginTearingDown for /Game/VirtualRealityBP/Maps/UEDPIE_0_MotionControllerMap
[2019.12.29-14.00.33:844][675]LogSlate: Window 'VRoscopy Game Preview Standalone (64-bit/PCD3D_SM5)' being destroyed
[2019.12.29-14.00.33:847][675]LogWorld: UWorld::CleanupWorld for MotionControllerMap, bSessionEnded=true, bCleanupResources=true
[2019.12.29-14.00.33:852][675]LogPlayLevel: Display: Shutting down PIE online subsystems
[2019.12.29-14.00.33:852][675]LogBlueprintUserMessages: Late EndPlayMap Detection: Level '/Game/VirtualRealityBP/Maps/MotionControllerMap.MotionControllerMap:PersistentLevel' has LevelScriptBlueprint '/Game/VirtualRealityBP/Maps/MotionControllerMap.MotionControllerMap:PersistentLevel.MotionControllerMap' with GeneratedClass '/Game/VirtualRealityBP/Maps/MotionControllerMap.MotionControllerMap_C' with ClassGeneratedBy '/Game/VirtualRealityBP/Maps/MotionControllerMap.MotionControllerMap:PersistentLevel.MotionControllerMap'
[2019.12.29-14.00.33:883][675]LogSlate: Slate User Unregistered.  User Index 8
[2019.12.29-14.00.33:883][675]LogSlate: Slate User Destroyed.  User Index 8, Is Virtual User: 1
[2019.12.29-14.00.33:887][675]LogUObjectHash: Compacting FUObjectHashTables data took   2.78ms
[2019.12.29-14.00.33:903][676]LogPlayLevel: Display: Destroying online subsystem :Context_1
[2019.12.29-14.00.33:904][676]LogEngine: Changing dynamic resolution state.
[2019.12.29-14.00.54:926][147]LogSlate: FSceneViewport::OnFocusLost() reason 0
[2019.12.29-14.00.56:034][274]LogEditorSessionSummary: EditorSessionSummary sent report. Type=Shutdown, SessionId={C521C3DD-4C38-7632-8C4C-7BA3670099B5}
[2019.12.29-14.00.57:236][416]Cmd: TRANSACTION UNDO
[2019.12.29-14.00.57:236][416]LogEditorTransaction: Undo Clicking on Actors
[2019.12.29-14.00.57:695][452]Cmd: TRANSACTION UNDO
[2019.12.29-14.00.57:695][452]LogEditorTransaction: Undo Select Brush Surface
[2019.12.29-14.00.58:283][520]Cmd: TRANSACTION UNDO
[2019.12.29-14.00.58:283][520]LogEditorTransaction: Undo Clicking on Actors
[2019.12.29-14.01.00:750][815]LogSlate: FSceneViewport::OnFocusLost() reason 0
[2019.12.29-14.01.04:964][304]LogSlate: FSceneViewport::OnFocusLost() reason 0
[2019.12.29-14.01.09:274][810]LogAssetEditorManager: Opening Asset editor for Blueprint /Game/VirtualRealityBP/Blueprints/MotionControllerPawn.MotionControllerPawn
[2019.12.29-14.01.09:588][810]LogContentBrowser: Native class hierarchy updated for 'BlueprintGraph' in 0.0007 seconds. Added 121 classes and 0 folders.
[2019.12.29-14.01.10:772][810]LogSlate: Took 0.000302 seconds to synchronously load lazily loaded font '../../../Engine/Content/Slate/Fonts/Roboto-BoldCondensed.ttf' (158K)
[2019.12.29-14.01.10:939][811]LogSlate: Took 0.000262 seconds to synchronously load lazily loaded font '../../../Engine/Content/Slate/Fonts/Roboto-Italic.ttf' (157K)
[2019.12.29-14.01.11:280][829]LogPython: Display: Generating Python API stub file...
[2019.12.29-14.01.11:468][829]LogPython: Display:   ...generating Python API: glue code
[2019.12.29-14.01.11:718][829]LogPython: Display:   ...generating Python API: additional code
[2019.12.29-14.01.12:257][829]LogPython: Display:   ...generated: C:/danrol/VRoscopy/UnrealEngine/VRoscopy/Intermediate/PythonStub/unreal.py
[2019.12.29-14.01.33:626][574]LogTemp: Repeating last play command: VR Preview
[2019.12.29-14.01.33:649][574]LogBlueprintUserMessages: Early PlayInEditor Detection: Level '/Game/VirtualRealityBP/Maps/MotionControllerMap.MotionControllerMap:PersistentLevel' has LevelScriptBlueprint '/Game/VirtualRealityBP/Maps/MotionControllerMap.MotionControllerMap:PersistentLevel.MotionControllerMap' with GeneratedClass '/Game/VirtualRealityBP/Maps/MotionControllerMap.MotionControllerMap_C' with ClassGeneratedBy '/Game/VirtualRealityBP/Maps/MotionControllerMap.MotionControllerMap:PersistentLevel.MotionControllerMap'
[2019.12.29-14.01.33:649][574]LogPlayLevel: PlayLevel: No blueprints needed recompiling
[2019.12.29-14.01.33:649][574]LogHMD: Initializing OVRPlugin session
[2019.12.29-14.01.33:797][574]LogHMD: Allocating Oculus 3008 x 1616 rendertarget swapchain
[2019.12.29-14.01.33:798][574]PIE: New page: PIE session: MotionControllerMap (29 בדצמ׳ 2019, 18:01:33)
[2019.12.29-14.01.33:798][574]LogPlayLevel: Creating play world package: /Game/VirtualRealityBP/Maps/UEDPIE_0_MotionControllerMap
[2019.12.29-14.01.33:815][574]LogPlayLevel: PIE: StaticDuplicateObject took: (0.016528s)
[2019.12.29-14.01.33:817][574]LogAIModule: Creating AISystem for world MotionControllerMap
[2019.12.29-14.01.33:817][574]LogPlayLevel: PIE: World Init took: (0.001408s)
[2019.12.29-14.01.33:817][574]LogPlayLevel: PIE: Created PIE world by copying editor world from /Game/VirtualRealityBP/Maps/MotionControllerMap.MotionControllerMap to /Game/VirtualRealityBP/Maps/UEDPIE_0_MotionControllerMap.MotionControllerMap (0.019067s)
[2019.12.29-14.01.33:858][574]LogUObjectHash: Compacting FUObjectHashTables data took   5.18ms
[2019.12.29-14.01.33:889][574]LogInit: XAudio2 using 'Headphones (2- Rift S)' : 2 channels at 48 kHz using 16 bits per sample (channel mask 0x3)
[2019.12.29-14.01.33:912][574]LogInit: FAudioDevice initialized.
[2019.12.29-14.01.33:923][574]LogSlate: Updating window title bar state: overlay mode, drag disabled, window buttons hidden, title bar hidden
[2019.12.29-14.01.33:952][574]LogLoad: Game class is 'GameModeBase'
[2019.12.29-14.01.33:955][574]LogWorld: Bringing World /Game/VirtualRealityBP/Maps/UEDPIE_0_MotionControllerMap.MotionControllerMap up for play (max tick rate 0) at 2019.12.29-16.01.33
[2019.12.29-14.01.33:956][574]LogWorld: Bringing up level for play took: 0.002694
[2019.12.29-14.01.33:956][574]LogOnline: OSS: Creating online subsystem instance for: :Context_4
[2019.12.29-14.01.33:960][574]LogSlate: New Slate User Created.  User Index 8, Is Virtual User: 1
[2019.12.29-14.01.33:960][574]LogSlate: Slate User Registered.  User Index 8, Is Virtual User: 1
[2019.12.29-14.01.33:969][574]PIE: Play in editor start time for /Game/VirtualRealityBP/Maps/UEDPIE_0_MotionControllerMap ‎-0.188
[2019.12.29-14.01.33:969][574]LogBlueprintUserMessages: Late PlayInEditor Detection: Level '/Game/VirtualRealityBP/Maps/MotionControllerMap.MotionControllerMap:PersistentLevel' has LevelScriptBlueprint '/Game/VirtualRealityBP/Maps/MotionControllerMap.MotionControllerMap:PersistentLevel.MotionControllerMap' with GeneratedClass '/Game/VirtualRealityBP/Maps/MotionControllerMap.MotionControllerMap_C' with ClassGeneratedBy '/Game/VirtualRealityBP/Maps/MotionControllerMap.MotionControllerMap:PersistentLevel.MotionControllerMap'
[2019.12.29-14.01.33:971][574]LogEngine: Changing dynamic resolution state.
[2019.12.29-14.01.33:977][574]LogHMD: Allocating Oculus 3008 x 1616 depth rendertarget swapchain
[2019.12.29-14.01.34:021][576]LogProfilingDebugging: Allocated a 1024 x 1024 texture for HMD canvas layer
[2019.12.29-14.01.46:461][568]LogBlueprintUserMessages: Early EndPlayMap Detection: Level '/Game/VirtualRealityBP/Maps/MotionControllerMap.MotionControllerMap:PersistentLevel' has LevelScriptBlueprint '/Game/VirtualRealityBP/Maps/MotionControllerMap.MotionControllerMap:PersistentLevel.MotionControllerMap' with GeneratedClass '/Game/VirtualRealityBP/Maps/MotionControllerMap.MotionControllerMap_C' with ClassGeneratedBy '/Game/VirtualRealityBP/Maps/MotionControllerMap.MotionControllerMap:PersistentLevel.MotionControllerMap'
[2019.12.29-14.01.46:481][568]LogSlate: Updating window title bar state: overlay mode, drag disabled, window buttons hidden, title bar hidden
[2019.12.29-14.01.46:482][568]LogWorld: BeginTearingDown for /Game/VirtualRealityBP/Maps/UEDPIE_0_MotionControllerMap
[2019.12.29-14.01.46:531][568]LogSlate: Window 'VRoscopy Game Preview Standalone (64-bit/PCD3D_SM5)' being destroyed
[2019.12.29-14.01.46:534][568]LogWorld: UWorld::CleanupWorld for MotionControllerMap, bSessionEnded=true, bCleanupResources=true
[2019.12.29-14.01.46:557][568]LogPlayLevel: Display: Shutting down PIE online subsystems
[2019.12.29-14.01.46:557][568]LogBlueprintUserMessages: Late EndPlayMap Detection: Level '/Game/VirtualRealityBP/Maps/MotionControllerMap.MotionControllerMap:PersistentLevel' has LevelScriptBlueprint '/Game/VirtualRealityBP/Maps/MotionControllerMap.MotionControllerMap:PersistentLevel.MotionControllerMap' with GeneratedClass '/Game/VirtualRealityBP/Maps/MotionControllerMap.MotionControllerMap_C' with ClassGeneratedBy '/Game/VirtualRealityBP/Maps/MotionControllerMap.MotionControllerMap:PersistentLevel.MotionControllerMap'
[2019.12.29-14.01.46:612][568]LogSlate: Slate User Unregistered.  User Index 8
[2019.12.29-14.01.46:612][568]LogSlate: Slate User Destroyed.  User Index 8, Is Virtual User: 1
[2019.12.29-14.01.46:617][568]LogUObjectHash: Compacting FUObjectHashTables data took   3.87ms
[2019.12.29-14.01.46:640][569]LogPlayLevel: Display: Destroying online subsystem :Context_4
[2019.12.29-14.01.46:640][569]LogEngine: Changing dynamic resolution state.
[2019.12.29-14.01.52:644][128]LogAIModule: Creating AISystem for world MainLevel
[2019.12.29-14.01.52:658][128]LogAssetEditorManager: Opening Asset editor for World /Game/MainLevel.MainLevel
[2019.12.29-14.01.52:701][128]LogUObjectHash: Compacting FUObjectHashTables data took   5.00ms
[2019.12.29-14.01.56:040][128]LogSlate: Window 'Save Content' being destroyed
[2019.12.29-14.01.56:045][128]Cmd: MAP LOAD FILE="../../../../../../danrol/VRoscopy/UnrealEngine/VRoscopy/Content/MainLevel.umap" TEMPLATE=0 SHOWPROGRESS=1 FEATURELEVEL=3
[2019.12.29-14.01.56:048][128]LightingResults: New page: Lighting Build
[2019.12.29-14.01.56:048][128]LoadErrors: New page: Loading map: MainLevel.umap
[2019.12.29-14.01.56:050][128]LogWorld: UWorld::CleanupWorld for MotionControllerMap, bSessionEnded=true, bCleanupResources=true
[2019.12.29-14.01.56:050][128]MapCheck: New page: Map Check
[2019.12.29-14.01.56:050][128]LightingResults: New page: Lighting Build
[2019.12.29-14.01.56:093][128]LogUObjectHash: Compacting FUObjectHashTables data took   3.95ms
[2019.12.29-14.01.56:104][128]LogEditorServer: Finished looking for orphan Actors (0.000 secs)
[2019.12.29-14.01.56:147][128]LogUObjectHash: Compacting FUObjectHashTables data took   4.02ms
[2019.12.29-14.01.56:207][128]Cmd: MAP CHECKDEP NOCLEARLOG
[2019.12.29-14.01.56:208][128]MapCheck: Map check complete: 0 Error(s), 0 Warning(s), took 0.228ms to complete.
[2019.12.29-14.01.56:208][128]LogFileHelpers: Loading map 'MainLevel' took 0.163
[2019.12.29-14.01.56:290][129]LogEditorSessionSummary: EditorSessionSummary sent report. Type=Shutdown, SessionId={27C8F260-45F7-BA97-7C05-F09C55B61D2D}
[2019.12.29-14.01.57:502][238]LogTemp: Repeating last play command: VR Preview
[2019.12.29-14.01.57:535][238]LogBlueprintUserMessages: Early PlayInEditor Detection: Level '/Game/MainLevel.MainLevel:PersistentLevel' has LevelScriptBlueprint '/Game/MainLevel.MainLevel:PersistentLevel.MainLevel' with GeneratedClass '/Game/MainLevel.MainLevel_C' with ClassGeneratedBy '/Game/MainLevel.MainLevel:PersistentLevel.MainLevel'
[2019.12.29-14.01.57:535][238]LogPlayLevel: PlayLevel: No blueprints needed recompiling
[2019.12.29-14.01.57:535][238]LogHMD: Initializing OVRPlugin session
[2019.12.29-14.01.57:691][238]LogHMD: Allocating Oculus 3008 x 1616 rendertarget swapchain
[2019.12.29-14.01.57:692][238]PIE: New page: PIE session: MainLevel (29 בדצמ׳ 2019, 18:01:57)
[2019.12.29-14.01.57:692][238]LogPlayLevel: Creating play world package: /Game/UEDPIE_0_MainLevel
[2019.12.29-14.01.57:710][238]LogPlayLevel: PIE: StaticDuplicateObject took: (0.018173s)
[2019.12.29-14.01.57:711][238]LogAIModule: Creating AISystem for world MainLevel
[2019.12.29-14.01.57:712][238]LogPlayLevel: PIE: World Init took: (0.001504s)
[2019.12.29-14.01.57:712][238]LogPlayLevel: PIE: Created PIE world by copying editor world from /Game/MainLevel.MainLevel to /Game/UEDPIE_0_MainLevel.MainLevel (0.019977s)
[2019.12.29-14.01.57:750][238]LogUObjectHash: Compacting FUObjectHashTables data took   3.63ms
[2019.12.29-14.01.57:773][238]LogInit: XAudio2 using 'Headphones (2- Rift S)' : 2 channels at 48 kHz using 16 bits per sample (channel mask 0x3)
[2019.12.29-14.01.57:789][238]LogInit: FAudioDevice initialized.
[2019.12.29-14.01.57:799][238]LogSlate: Updating window title bar state: overlay mode, drag disabled, window buttons hidden, title bar hidden
[2019.12.29-14.01.57:831][238]LogLoad: Game class is 'GameModeBase'
[2019.12.29-14.01.57:835][238]LogWorld: Bringing World /Game/UEDPIE_0_MainLevel.MainLevel up for play (max tick rate 0) at 2019.12.29-16.01.57
[2019.12.29-14.01.57:836][238]LogWorld: Bringing up level for play took: 0.004062
[2019.12.29-14.01.57:836][238]LogOnline: OSS: Creating online subsystem instance for: :Context_5
[2019.12.29-14.01.57:841][238]LogSlate: New Slate User Created.  User Index 8, Is Virtual User: 1
[2019.12.29-14.01.57:841][238]LogSlate: Slate User Registered.  User Index 8, Is Virtual User: 1
[2019.12.29-14.01.57:850][238]PIE: Play in editor start time for /Game/UEDPIE_0_MainLevel ‎-0.308
[2019.12.29-14.01.57:850][238]LogBlueprintUserMessages: Late PlayInEditor Detection: Level '/Game/MainLevel.MainLevel:PersistentLevel' has LevelScriptBlueprint '/Game/MainLevel.MainLevel:PersistentLevel.MainLevel' with GeneratedClass '/Game/MainLevel.MainLevel_C' with ClassGeneratedBy '/Game/MainLevel.MainLevel:PersistentLevel.MainLevel'
[2019.12.29-14.01.57:852][238]LogEngine: Changing dynamic resolution state.
[2019.12.29-14.01.57:868][238]LogHMD: Allocating Oculus 3008 x 1616 depth rendertarget swapchain
[2019.12.29-14.01.57:891][240]LogProfilingDebugging: Allocated a 1024 x 1024 texture for HMD canvas layer
[2019.12.29-14.02.14:347][555]LogBlueprintUserMessages: Early EndPlayMap Detection: Level '/Game/MainLevel.MainLevel:PersistentLevel' has LevelScriptBlueprint '/Game/MainLevel.MainLevel:PersistentLevel.MainLevel' with GeneratedClass '/Game/MainLevel.MainLevel_C' with ClassGeneratedBy '/Game/MainLevel.MainLevel:PersistentLevel.MainLevel'
[2019.12.29-14.02.14:373][555]LogSlate: Updating window title bar state: overlay mode, drag disabled, window buttons hidden, title bar hidden
[2019.12.29-14.02.14:373][555]LogWorld: BeginTearingDown for /Game/UEDPIE_0_MainLevel
[2019.12.29-14.02.14:414][555]LogSlate: Window 'VRoscopy Game Preview Standalone (64-bit/PCD3D_SM5)' being destroyed
[2019.12.29-14.02.14:416][555]LogWorld: UWorld::CleanupWorld for MainLevel, bSessionEnded=true, bCleanupResources=true
[2019.12.29-14.02.14:425][555]LogPlayLevel: Display: Shutting down PIE online subsystems
[2019.12.29-14.02.14:425][555]LogBlueprintUserMessages: Late EndPlayMap Detection: Level '/Game/MainLevel.MainLevel:PersistentLevel' has LevelScriptBlueprint '/Game/MainLevel.MainLevel:PersistentLevel.MainLevel' with GeneratedClass '/Game/MainLevel.MainLevel_C' with ClassGeneratedBy '/Game/MainLevel.MainLevel:PersistentLevel.MainLevel'
[2019.12.29-14.02.14:469][555]LogSlate: Slate User Unregistered.  User Index 8
[2019.12.29-14.02.14:470][555]LogSlate: Slate User Destroyed.  User Index 8, Is Virtual User: 1
[2019.12.29-14.02.14:473][555]LogUObjectHash: Compacting FUObjectHashTables data took   3.48ms
[2019.12.29-14.02.14:492][556]LogPlayLevel: Display: Destroying online subsystem :Context_5
[2019.12.29-14.02.14:492][556]LogEngine: Changing dynamic resolution state.
[2019.12.29-14.03.32:991][217]LogSlate: New Slate User Created.  User Index 8, Is Virtual User: 1
[2019.12.29-14.03.32:992][217]LogSlate: Slate User Registered.  User Index 8, Is Virtual User: 1
[2019.12.29-14.03.33:558][278]LogAssetEditorManager: Opening Asset editor for LevelScriptBlueprint /Game/MainLevel.MainLevel:PersistentLevel.MainLevel
[2019.12.29-14.04.01:333][669]LogEditorViewport: Clicking on Actor (LMB): MotionControllerPawn_C (VRPawn)
[2019.12.29-14.04.05:605][120]LogSlate: FSceneViewport::OnFocusLost() reason 2
[2019.12.29-14.04.44:128][571]LogUObjectHash: Compacting FUObjectHashTables data took   3.77ms
[2019.12.29-14.04.49:725][571]LogSlate: Window 'Delete Assets' being destroyed
[2019.12.29-14.04.51:608][571]LogUObjectGlobals: Force Deleting 1 Package(s):
	Asset Name: /Game/VRInnerMotion/BP_VR_Inner_Motion.BP_VR_Inner_Motion
[2019.12.29-14.04.53:063][571]LogUObjectHash: Compacting FUObjectHashTables data took   4.60ms
[2019.12.29-14.04.53:318][571]LogUObjectHash: Compacting FUObjectHashTables data took   4.17ms
[2019.12.29-14.04.53:354][571]LogUObjectHash: Compacting FUObjectHashTables data took   3.19ms
[2019.12.29-14.04.53:387][571]LogUObjectHash: Compacting FUObjectHashTables data took   1.03ms
[2019.12.29-14.04.55:238][754]LogSlate: FSceneViewport::OnFocusLost() reason 0
[2019.12.29-14.04.55:314][763]LogTemp: Repeating last play command: VR Preview
[2019.12.29-14.04.55:334][763]LogBlueprintUserMessages: Early PlayInEditor Detection: Level '/Game/MainLevel.MainLevel:PersistentLevel' has LevelScriptBlueprint '/Game/MainLevel.MainLevel:PersistentLevel.MainLevel' with GeneratedClass '/Game/MainLevel.MainLevel_C' with ClassGeneratedBy '/Game/MainLevel.MainLevel:PersistentLevel.MainLevel'
[2019.12.29-14.04.55:334][763]LogPlayLevel: PlayLevel: No blueprints needed recompiling
[2019.12.29-14.04.55:334][763]LogHMD: Initializing OVRPlugin session
[2019.12.29-14.04.55:446][763]LogHMD: Allocating Oculus 3008 x 1616 rendertarget swapchain
[2019.12.29-14.04.55:447][763]PIE: New page: PIE session: MainLevel (29 בדצמ׳ 2019, 18:04:55)
[2019.12.29-14.04.55:447][763]LogPlayLevel: Creating play world package: /Game/UEDPIE_0_MainLevel
[2019.12.29-14.04.55:461][763]LogPlayLevel: PIE: StaticDuplicateObject took: (0.014134s)
[2019.12.29-14.04.55:462][763]LogAIModule: Creating AISystem for world MainLevel
[2019.12.29-14.04.55:462][763]LogPlayLevel: PIE: World Init took: (0.001119s)
[2019.12.29-14.04.55:462][763]LogPlayLevel: PIE: Created PIE world by copying editor world from /Game/MainLevel.MainLevel to /Game/UEDPIE_0_MainLevel.MainLevel (0.015414s)
[2019.12.29-14.04.55:499][763]LogUObjectHash: Compacting FUObjectHashTables data took   3.37ms
[2019.12.29-14.04.55:520][763]LogInit: XAudio2 using 'Headphones (2- Rift S)' : 2 channels at 48 kHz using 16 bits per sample (channel mask 0x3)
[2019.12.29-14.04.55:532][763]LogInit: FAudioDevice initialized.
[2019.12.29-14.04.55:542][763]LogSlate: Updating window title bar state: overlay mode, drag disabled, window buttons hidden, title bar hidden
[2019.12.29-14.04.55:564][763]LogLoad: Game class is 'GameModeBase'
[2019.12.29-14.04.55:566][763]LogWorld: Bringing World /Game/UEDPIE_0_MainLevel.MainLevel up for play (max tick rate 0) at 2019.12.29-16.04.55
[2019.12.29-14.04.55:567][763]LogWorld: Bringing up level for play took: 0.002742
[2019.12.29-14.04.55:567][763]LogOnline: OSS: Creating online subsystem instance for: :Context_10
[2019.12.29-14.04.55:580][763]PIE: Play in editor start time for /Game/UEDPIE_0_MainLevel ‎-0.578
[2019.12.29-14.04.55:580][763]LogBlueprintUserMessages: Late PlayInEditor Detection: Level '/Game/MainLevel.MainLevel:PersistentLevel' has LevelScriptBlueprint '/Game/MainLevel.MainLevel:PersistentLevel.MainLevel' with GeneratedClass '/Game/MainLevel.MainLevel_C' with ClassGeneratedBy '/Game/MainLevel.MainLevel:PersistentLevel.MainLevel'
[2019.12.29-14.04.55:581][763]LogEngine: Changing dynamic resolution state.
[2019.12.29-14.04.55:597][763]LogHMD: Allocating Oculus 3008 x 1616 depth rendertarget swapchain
[2019.12.29-14.04.55:615][765]LogProfilingDebugging: Allocated a 1024 x 1024 texture for HMD canvas layer
[2019.12.29-14.05.17:381][762]LogBlueprintUserMessages: Early EndPlayMap Detection: Level '/Game/MainLevel.MainLevel:PersistentLevel' has LevelScriptBlueprint '/Game/MainLevel.MainLevel:PersistentLevel.MainLevel' with GeneratedClass '/Game/MainLevel.MainLevel_C' with ClassGeneratedBy '/Game/MainLevel.MainLevel:PersistentLevel.MainLevel'
[2019.12.29-14.05.17:399][762]LogSlate: Updating window title bar state: overlay mode, drag disabled, window buttons hidden, title bar hidden
[2019.12.29-14.05.17:399][762]LogWorld: BeginTearingDown for /Game/UEDPIE_0_MainLevel
[2019.12.29-14.05.17:449][762]LogSlate: Window 'VRoscopy Game Preview Standalone (64-bit/PCD3D_SM5)' being destroyed
[2019.12.29-14.05.17:451][762]LogWorld: UWorld::CleanupWorld for MainLevel, bSessionEnded=true, bCleanupResources=true
[2019.12.29-14.05.17:482][762]LogPlayLevel: Display: Shutting down PIE online subsystems
[2019.12.29-14.05.17:482][762]LogBlueprintUserMessages: Late EndPlayMap Detection: Level '/Game/MainLevel.MainLevel:PersistentLevel' has LevelScriptBlueprint '/Game/MainLevel.MainLevel:PersistentLevel.MainLevel' with GeneratedClass '/Game/MainLevel.MainLevel_C' with ClassGeneratedBy '/Game/MainLevel.MainLevel:PersistentLevel.MainLevel'
[2019.12.29-14.05.17:532][762]LogUObjectHash: Compacting FUObjectHashTables data took   3.32ms
[2019.12.29-14.05.17:549][763]LogPlayLevel: Display: Destroying online subsystem :Context_10
[2019.12.29-14.05.17:549][763]LogEngine: Changing dynamic resolution state.
[2019.12.29-14.05.21:252][201]LogSlate: FSceneViewport::OnFocusLost() reason 2
[2019.12.29-14.05.45:513][246]LogBlueprint: Warning: Reparenting blueprint Blueprint /Game/VirtualRealityBP/Blueprints/MotionControllerPawn.MotionControllerPawn from Pawn to Character...
[2019.12.29-14.05.45:546][246]BlueprintLog: New page: Compile MotionControllerPawn
[2019.12.29-14.05.45:794][246]LogUObjectHash: Compacting FUObjectHashTables data took   5.33ms
[2019.12.29-14.05.47:319][352]BlueprintLog: New page: Compile MotionControllerPawn
[2019.12.29-14.05.47:567][352]LogUObjectHash: Compacting FUObjectHashTables data took   5.41ms
[2019.12.29-14.05.48:351][392]LogSavePackage: Moving '../../../../../../danrol/VRoscopy/UnrealEngine/VRoscopy/Saved/MotionControllerPawnFD003D6C41ECC143289E74BA36AA746D.tmp' to '../../../../../../danrol/VRoscopy/UnrealEngine/VRoscopy/Content/VirtualRealityBP/Blueprints/MotionControllerPawn.uasset'
[2019.12.29-14.05.52:223][747]LogTemp: Repeating last play command: VR Preview
[2019.12.29-14.05.52:244][747]LogBlueprintUserMessages: Early PlayInEditor Detection: Level '/Game/MainLevel.MainLevel:PersistentLevel' has LevelScriptBlueprint '/Game/MainLevel.MainLevel:PersistentLevel.MainLevel' with GeneratedClass '/Game/MainLevel.MainLevel_C' with ClassGeneratedBy '/Game/MainLevel.MainLevel:PersistentLevel.MainLevel'
[2019.12.29-14.05.52:245][747]LogPlayLevel: PlayLevel: No blueprints needed recompiling
[2019.12.29-14.05.52:245][747]LogHMD: Initializing OVRPlugin session
[2019.12.29-14.05.52:357][747]LogHMD: Allocating Oculus 3008 x 1616 rendertarget swapchain
[2019.12.29-14.05.52:358][747]PIE: New page: PIE session: MainLevel (29 בדצמ׳ 2019, 18:05:52)
[2019.12.29-14.05.52:358][747]LogPlayLevel: Creating play world package: /Game/UEDPIE_0_MainLevel
[2019.12.29-14.05.52:373][747]LogPlayLevel: PIE: StaticDuplicateObject took: (0.014885s)
[2019.12.29-14.05.52:374][747]LogAIModule: Creating AISystem for world MainLevel
[2019.12.29-14.05.52:374][747]LogPlayLevel: PIE: World Init took: (0.001132s)
[2019.12.29-14.05.52:374][747]LogPlayLevel: PIE: Created PIE world by copying editor world from /Game/MainLevel.MainLevel to /Game/UEDPIE_0_MainLevel.MainLevel (0.016166s)
[2019.12.29-14.05.52:413][747]LogUObjectHash: Compacting FUObjectHashTables data took   5.09ms
[2019.12.29-14.05.52:434][747]LogInit: XAudio2 using 'Headphones (2- Rift S)' : 2 channels at 48 kHz using 16 bits per sample (channel mask 0x3)
[2019.12.29-14.05.52:446][747]LogInit: FAudioDevice initialized.
[2019.12.29-14.05.52:454][747]LogSlate: Updating window title bar state: overlay mode, drag disabled, window buttons hidden, title bar hidden
[2019.12.29-14.05.52:474][747]LogLoad: Game class is 'GameModeBase'
[2019.12.29-14.05.52:477][747]LogWorld: Bringing World /Game/UEDPIE_0_MainLevel.MainLevel up for play (max tick rate 0) at 2019.12.29-16.05.52
[2019.12.29-14.05.52:478][747]LogWorld: Bringing up level for play took: 0.002653
[2019.12.29-14.05.52:478][747]LogOnline: OSS: Creating online subsystem instance for: :Context_11
[2019.12.29-14.05.52:491][747]PIE: Play in editor start time for /Game/UEDPIE_0_MainLevel 0.334
[2019.12.29-14.05.52:492][747]LogBlueprintUserMessages: Late PlayInEditor Detection: Level '/Game/MainLevel.MainLevel:PersistentLevel' has LevelScriptBlueprint '/Game/MainLevel.MainLevel:PersistentLevel.MainLevel' with GeneratedClass '/Game/MainLevel.MainLevel_C' with ClassGeneratedBy '/Game/MainLevel.MainLevel:PersistentLevel.MainLevel'
[2019.12.29-14.05.52:493][747]LogEngine: Changing dynamic resolution state.
[2019.12.29-14.05.52:508][747]LogHMD: Allocating Oculus 3008 x 1616 depth rendertarget swapchain
[2019.12.29-14.05.52:523][749]LogProfilingDebugging: Allocated a 1024 x 1024 texture for HMD canvas layer
[2019.12.29-14.07.15:212][630]LogBlueprintUserMessages: Early EndPlayMap Detection: Level '/Game/MainLevel.MainLevel:PersistentLevel' has LevelScriptBlueprint '/Game/MainLevel.MainLevel:PersistentLevel.MainLevel' with GeneratedClass '/Game/MainLevel.MainLevel_C' with ClassGeneratedBy '/Game/MainLevel.MainLevel:PersistentLevel.MainLevel'
[2019.12.29-14.07.15:232][630]LogSlate: Updating window title bar state: overlay mode, drag disabled, window buttons hidden, title bar hidden
[2019.12.29-14.07.15:232][630]LogWorld: BeginTearingDown for /Game/UEDPIE_0_MainLevel
[2019.12.29-14.07.15:273][630]LogSlate: Window 'VRoscopy Game Preview Standalone (64-bit/PCD3D_SM5)' being destroyed
[2019.12.29-14.07.15:276][630]LogWorld: UWorld::CleanupWorld for MainLevel, bSessionEnded=true, bCleanupResources=true
[2019.12.29-14.07.15:304][630]LogPlayLevel: Display: Shutting down PIE online subsystems
[2019.12.29-14.07.15:304][630]LogBlueprintUserMessages: Late EndPlayMap Detection: Level '/Game/MainLevel.MainLevel:PersistentLevel' has LevelScriptBlueprint '/Game/MainLevel.MainLevel:PersistentLevel.MainLevel' with GeneratedClass '/Game/MainLevel.MainLevel_C' with ClassGeneratedBy '/Game/MainLevel.MainLevel:PersistentLevel.MainLevel'
[2019.12.29-14.07.15:354][630]LogUObjectHash: Compacting FUObjectHashTables data took   3.81ms
[2019.12.29-14.07.15:371][631]LogPlayLevel: Display: Destroying online subsystem :Context_11
[2019.12.29-14.07.15:372][631]LogEngine: Changing dynamic resolution state.
[2019.12.29-14.08.09:244][984]BlueprintLog: New page: Compile MotionControllerPawn
[2019.12.29-14.08.09:492][984]LogUObjectHash: Compacting FUObjectHashTables data took   5.13ms
[2019.12.29-14.08.56:324][871]LogEditorSessionSummary: EditorSessionSummary sent report. Type=Shutdown, SessionId={975374EB-4BA5-A7F4-0EB5-87B6683C827A}
[2019.12.29-14.09.10:929][120]BlueprintLog: New page: Compile MotionControllerPawn
[2019.12.29-14.09.11:200][120]LogUObjectHash: Compacting FUObjectHashTables data took   5.35ms
[2019.12.29-14.09.11:826][146]LogSavePackage: Moving '../../../../../../danrol/VRoscopy/UnrealEngine/VRoscopy/Saved/MotionControllerPawn48F15BED48A7833E180CBBAD960FE0A3.tmp' to '../../../../../../danrol/VRoscopy/UnrealEngine/VRoscopy/Content/VirtualRealityBP/Blueprints/MotionControllerPawn.uasset'
[2019.12.29-14.09.19:112][727]LogTemp: Repeating last play command: VR Preview
[2019.12.29-14.09.19:151][727]LogBlueprintUserMessages: Early PlayInEditor Detection: Level '/Game/MainLevel.MainLevel:PersistentLevel' has LevelScriptBlueprint '/Game/MainLevel.MainLevel:PersistentLevel.MainLevel' with GeneratedClass '/Game/MainLevel.MainLevel_C' with ClassGeneratedBy '/Game/MainLevel.MainLevel:PersistentLevel.MainLevel'
[2019.12.29-14.09.19:151][727]LogPlayLevel: PlayLevel: No blueprints needed recompiling
[2019.12.29-14.09.19:151][727]LogHMD: Initializing OVRPlugin session
[2019.12.29-14.09.19:276][727]LogHMD: Allocating Oculus 3008 x 1616 rendertarget swapchain
[2019.12.29-14.09.19:277][727]PIE: New page: PIE session: MainLevel (29 בדצמ׳ 2019, 18:09:19)
[2019.12.29-14.09.19:277][727]LogPlayLevel: Creating play world package: /Game/UEDPIE_0_MainLevel
[2019.12.29-14.09.19:294][727]LogPlayLevel: PIE: StaticDuplicateObject took: (0.016564s)
[2019.12.29-14.09.19:295][727]LogAIModule: Creating AISystem for world MainLevel
[2019.12.29-14.09.19:295][727]LogPlayLevel: PIE: World Init took: (0.001219s)
[2019.12.29-14.09.19:295][727]LogPlayLevel: PIE: Created PIE world by copying editor world from /Game/MainLevel.MainLevel to /Game/UEDPIE_0_MainLevel.MainLevel (0.017938s)
[2019.12.29-14.09.19:338][727]LogUObjectHash: Compacting FUObjectHashTables data took   5.24ms
[2019.12.29-14.09.19:362][727]LogInit: XAudio2 using 'Headphones (2- Rift S)' : 2 channels at 48 kHz using 16 bits per sample (channel mask 0x3)
[2019.12.29-14.09.19:377][727]LogInit: FAudioDevice initialized.
[2019.12.29-14.09.19:387][727]LogSlate: Updating window title bar state: overlay mode, drag disabled, window buttons hidden, title bar hidden
[2019.12.29-14.09.19:412][727]LogLoad: Game class is 'GameModeBase'
[2019.12.29-14.09.19:416][727]LogWorld: Bringing World /Game/UEDPIE_0_MainLevel.MainLevel up for play (max tick rate 0) at 2019.12.29-16.09.19
[2019.12.29-14.09.19:416][727]LogWorld: Bringing up level for play took: 0.003557
[2019.12.29-14.09.19:417][727]LogOnline: OSS: Creating online subsystem instance for: :Context_12
[2019.12.29-14.09.19:430][727]PIE: Play in editor start time for /Game/UEDPIE_0_MainLevel 1.273
[2019.12.29-14.09.19:430][727]LogBlueprintUserMessages: Late PlayInEditor Detection: Level '/Game/MainLevel.MainLevel:PersistentLevel' has LevelScriptBlueprint '/Game/MainLevel.MainLevel:PersistentLevel.MainLevel' with GeneratedClass '/Game/MainLevel.MainLevel_C' with ClassGeneratedBy '/Game/MainLevel.MainLevel:PersistentLevel.MainLevel'
[2019.12.29-14.09.19:433][727]LogEngine: Changing dynamic resolution state.
[2019.12.29-14.09.19:450][727]LogHMD: Allocating Oculus 3008 x 1616 depth rendertarget swapchain
[2019.12.29-14.09.19:483][729]LogProfilingDebugging: Allocated a 1024 x 1024 texture for HMD canvas layer
[2019.12.29-14.09.56:326][544]LogEditorSessionSummary: EditorSessionSummary sent report. Type=Shutdown, SessionId={9DBF722A-4AC5-8D18-E331-D7BBAC043D21}
[2019.12.29-14.10.49:174][977]LogBlueprintUserMessages: Early EndPlayMap Detection: Level '/Game/MainLevel.MainLevel:PersistentLevel' has LevelScriptBlueprint '/Game/MainLevel.MainLevel:PersistentLevel.MainLevel' with GeneratedClass '/Game/MainLevel.MainLevel_C' with ClassGeneratedBy '/Game/MainLevel.MainLevel:PersistentLevel.MainLevel'
[2019.12.29-14.10.49:196][977]LogSlate: Updating window title bar state: overlay mode, drag disabled, window buttons hidden, title bar hidden
[2019.12.29-14.10.49:196][977]LogWorld: BeginTearingDown for /Game/UEDPIE_0_MainLevel
[2019.12.29-14.10.49:256][977]LogSlate: Window 'VRoscopy Game Preview Standalone (64-bit/PCD3D_SM5)' being destroyed
[2019.12.29-14.10.49:259][977]LogWorld: UWorld::CleanupWorld for MainLevel, bSessionEnded=true, bCleanupResources=true
[2019.12.29-14.10.49:289][977]LogPlayLevel: Display: Shutting down PIE online subsystems
[2019.12.29-14.10.49:289][977]LogBlueprintUserMessages: Late EndPlayMap Detection: Level '/Game/MainLevel.MainLevel:PersistentLevel' has LevelScriptBlueprint '/Game/MainLevel.MainLevel:PersistentLevel.MainLevel' with GeneratedClass '/Game/MainLevel.MainLevel_C' with ClassGeneratedBy '/Game/MainLevel.MainLevel:PersistentLevel.MainLevel'
[2019.12.29-14.10.49:339][977]LogUObjectHash: Compacting FUObjectHashTables data took   3.86ms
[2019.12.29-14.10.49:504][978]LogPlayLevel: Display: Destroying online subsystem :Context_12
[2019.12.29-14.10.49:505][978]LogEngine: Changing dynamic resolution state.
