Log file open, 12/11/19 17:09:29
LogWindows: Failed to load 'aqProf.dll' (GetLastError=126)
LogWindows: File 'aqProf.dll' does not exist
LogWindows: Failed to load 'VtuneApi.dll' (GetLastError=126)
LogWindows: File 'VtuneApi.dll' does not exist
LogWindows: Failed to load 'VtuneApi32e.dll' (GetLastError=126)
LogWindows: File 'VtuneApi32e.dll' does not exist
LogConsoleResponse: Display: Failed to find resolution value strings in scalability ini. Falling back to default.
LogInit: Display: Running engine for game: VRoscopy
LogPlatformFile: Not using cached read wrapper
LogTaskGraph: Started task graph with 5 named threads and 11 total threads with 3 sets of task threads.
LogStats: Stats thread started at 0.152904
LogD3D11RHI: Loaded GFSDK_Aftermath_Lib.x64.dll
LogICUInternationalization: ICU TimeZone Detection - Raw Offset: +2:00, Platform Override: ''
LogPluginManager: Mounting plugin Paper2D
LogPluginManager: Mounting plugin AISupport
LogPluginManager: Mounting plugin LightPropagationVolume
LogPluginManager: Mounting plugin ActorLayerUtilities
LogPluginManager: Mounting plugin AnimationSharing
LogPluginManager: Mounting plugin CLionSourceCodeAccess
LogPluginManager: Mounting plugin CodeLiteSourceCodeAccess
LogPluginManager: Mounting plugin GitSourceControl
LogPluginManager: Mounting plugin KDevelopSourceCodeAccess
LogPluginManager: Mounting plugin NullSourceCodeAccess
LogPluginManager: Mounting plugin PerforceSourceControl
LogPluginManager: Mounting plugin SubversionSourceControl
LogPluginManager: Mounting plugin UObjectPlugin
LogPluginManager: Mounting plugin VisualStudioCodeSourceCodeAccess
LogPluginManager: Mounting plugin VisualStudioSourceCodeAccess
LogPluginManager: Mounting plugin XCodeSourceCodeAccess
LogPluginManager: Mounting plugin AssetManagerEditor
LogPluginManager: Mounting plugin CryptoKeys
LogPluginManager: Mounting plugin CurveEditorTools
LogPluginManager: Mounting plugin DataValidation
LogPluginManager: Mounting plugin EditorScriptingUtilities
LogPluginManager: Mounting plugin FacialAnimation
LogPluginManager: Mounting plugin GameplayTagsEditor
LogPluginManager: Mounting plugin MacGraphicsSwitching
LogPluginManager: Mounting plugin MaterialAnalyzer
LogPluginManager: Mounting plugin MobileLauncherProfileWizard
LogPluginManager: Mounting plugin PluginBrowser
LogPluginManager: Mounting plugin SpeedTreeImporter
LogPluginManager: Mounting plugin DatasmithContent
LogPluginManager: Mounting plugin VariantManagerContent
LogPluginManager: Mounting plugin AlembicImporter
LogPluginManager: Mounting plugin AutomationUtils
LogPluginManager: Mounting plugin BackChannel
LogPluginManager: Mounting plugin CharacterAI
LogPluginManager: Mounting plugin GeometryCache
LogPluginManager: Mounting plugin HTML5Networking
LogPluginManager: Mounting plugin PlatformCrypto
LogPluginManager: Mounting plugin ProxyLODPlugin
LogPluginManager: Mounting plugin PythonScriptPlugin
LogPluginManager: Mounting plugin SkeletalReduction
LogPluginManager: Mounting plugin MagicLeap
LogPluginManager: Mounting plugin MagicLeapMedia
LogPluginManager: Mounting plugin AndroidMedia
LogPluginManager: Mounting plugin AvfMedia
LogPluginManager: Mounting plugin ImgMedia
LogPluginManager: Mounting plugin MediaCompositing
LogPluginManager: Mounting plugin MediaPlayerEditor
LogPluginManager: Mounting plugin WebMMedia
LogPluginManager: Mounting plugin WmfMedia
LogPluginManager: Mounting plugin TcpMessaging
LogPluginManager: Mounting plugin UdpMessaging
LogPluginManager: Mounting plugin ActorSequence
LogPluginManager: Mounting plugin LevelSequenceEditor
LogPluginManager: Mounting plugin MatineeToLevelSequence
LogPluginManager: Mounting plugin SequencerScripting
LogPluginManager: Mounting plugin NetcodeUnitTest
LogPluginManager: Mounting plugin NUTUnrealEngine4
LogPluginManager: Mounting plugin OnlineSubsystemGooglePlay
LogPluginManager: Mounting plugin OnlineSubsystemIOS
LogPluginManager: Mounting plugin OnlineSubsystem
LogPluginManager: Mounting plugin OnlineSubsystemNull
LogPluginManager: Mounting plugin OnlineSubsystemUtils
LogPluginManager: Mounting plugin LauncherChunkInstaller
LogPluginManager: Mounting plugin AndroidDeviceProfileSelector
LogPluginManager: Mounting plugin AndroidMoviePlayer
LogPluginManager: Mounting plugin AndroidPermission
LogPluginManager: Mounting plugin AppleImageUtils
LogPluginManager: Mounting plugin AppleMoviePlayer
LogPluginManager: Mounting plugin ArchVisCharacter
LogPluginManager: Mounting plugin AudioCapture
LogPluginManager: Mounting plugin CableComponent
LogPluginManager: Mounting plugin CustomMeshComponent
LogPluginManager: Mounting plugin EditableMesh
LogPluginManager: Mounting plugin ExampleDeviceProfileSelector
LogPluginManager: Mounting plugin GoogleCloudMessaging
LogPluginManager: Mounting plugin IOSDeviceProfileSelector
LogPluginManager: Mounting plugin LinuxDeviceProfileSelector
LogPluginManager: Mounting plugin LocationServicesBPLibrary
LogPluginManager: Mounting plugin MobilePatchingUtils
LogPluginManager: Mounting plugin OculusVR
LogPluginManager: Mounting plugin PhysXVehicles
LogPluginManager: Mounting plugin ProceduralMeshComponent
LogPluginManager: Mounting plugin RuntimePhysXCooking
LogPluginManager: Mounting plugin SignificanceManager
LogPluginManager: Mounting plugin SteamVR
LogPluginManager: Mounting plugin WebMMoviePlayer
LogPluginManager: Mounting plugin WindowsMoviePlayer
LogPluginManager: Mounting plugin ScreenshotTools
LogInit: Using libcurl 7.55.1-DEV
LogInit:  - built for x86_64-pc-win32
LogInit:  - supports SSL with OpenSSL/1.1.1
LogInit:  - supports HTTP deflate (compression) using libz 1.2.8
LogInit:  - other features:
LogInit:      CURL_VERSION_SSL
LogInit:      CURL_VERSION_LIBZ
LogInit:      CURL_VERSION_IPV6
LogInit:      CURL_VERSION_ASYNCHDNS
LogInit:      CURL_VERSION_LARGEFILE
LogInit:      CURL_VERSION_IDN
LogInit:  CurlRequestOptions (configurable via config and command line):
LogInit:  - bVerifyPeer = true  - Libcurl will verify peer certificate
LogInit:  - bUseHttpProxy = false  - Libcurl will NOT use HTTP proxy
LogInit:  - bDontReuseConnections = false  - Libcurl will reuse connections
LogInit:  - MaxHostConnections = 16  - Libcurl will limit the number of connections to a host
LogInit:  - LocalHostAddr = Default
LogInit:  - BufferSize = 65536
LogOnline: OSS: Creating online subsystem instance for: NULL
LogInit: WinSock: version 1.1 (2.2), MaxSocks=32767, MaxUdp=65467
LogInit: Build: ++UE4+Release-4.23-CL-8386587
LogInit: Engine Version: 4.23.0-8386587+++UE4+Release-4.23
LogInit: Compatible Engine Version: 4.23.0-8386587+++UE4+Release-4.23
LogInit: Net CL: 8386587
LogInit: OS: Windows 10 (Release 1909) (), CPU: Intel(R) Core(TM) i7-6500U CPU @ 2.50GHz, GPU: Intel(R) HD Graphics 520
LogInit: Compiled (64-bit): Aug 31 2019 02:04:44
LogInit: Compiled with Visual C++: 19.16.27030.01
LogInit: Build Configuration: Development
LogInit: Branch Name: ++UE4+Release-4.23
LogInit: Command Line:  -EpicPortal -epicusername=Danrol92 -epicuserid=b45afa3f4c174d7cbc6deabba9b56a33 -epiclocale=en-US
LogInit: Base Directory: C:/Program Files/Epic Games/UE_4.23/Engine/Binaries/Win64/
LogInit: Installed Engine Build: 1
LogDevObjectVersion: Number of dev versions registered: 23
LogDevObjectVersion:   Dev-Blueprints (B0D832E4-1F89-4F0D-ACCF-7EB736FD4AA2): 10
LogDevObjectVersion:   Dev-Build (E1C64328-A22C-4D53-A36C-8E866417BD8C): 0
LogDevObjectVersion:   Dev-Core (375EC13C-06E4-48FB-B500-84F0262A717E): 3
LogDevObjectVersion:   Dev-Editor (E4B068ED-F494-42E9-A231-DA0B2E46BB41): 34
LogDevObjectVersion:   Dev-Framework (CFFC743F-43B0-4480-9391-14DF171D2073): 35
LogDevObjectVersion:   Dev-Mobile (B02B49B5-BB20-44E9-A304-32B752E40360): 2
LogDevObjectVersion:   Dev-Networking (A4E4105C-59A1-49B5-A7C5-40C4547EDFEE): 0
LogDevObjectVersion:   Dev-Online (39C831C9-5AE6-47DC-9A44-9C173E1C8E7C): 0
LogDevObjectVersion:   Dev-Physics (78F01B33-EBEA-4F98-B9B4-84EACCB95AA2): 0
LogDevObjectVersion:   Dev-Platform (6631380F-2D4D-43E0-8009-CF276956A95A): 0
LogDevObjectVersion:   Dev-Rendering (12F88B9F-8875-4AFC-A67C-D90C383ABD29): 31
LogDevObjectVersion:   Dev-Sequencer (7B5AE74C-D270-4C10-A958-57980B212A5A): 11
LogDevObjectVersion:   Dev-VR (D7296918-1DD6-4BDD-9DE2-64A83CC13884): 2
LogDevObjectVersion:   Dev-LoadTimes (C2A15278-BFE7-4AFE-6C17-90FF531DF755): 1
LogDevObjectVersion:   Private-Geometry (6EACA3D4-40EC-4CC1-B786-8BED09428FC5): 3
LogDevObjectVersion:   Dev-AnimPhys (29E575DD-E0A3-4627-9D10-D276232CDCEA): 17
LogDevObjectVersion:   Dev-Anim (AF43A65D-7FD3-4947-9873-3E8ED9C1BB05): 2
LogDevObjectVersion:   Dev-ReflectionCapture (6B266CEC-1EC7-4B8F-A30B-E4D90942FC07): 1
LogDevObjectVersion:   Dev-Automation (0DF73D61-A23F-47EA-B727-89E90C41499A): 1
LogDevObjectVersion:   FortniteMain (601D1886-AC64-4F84-AA16-D3DE0DEAC7D6): 27
LogDevObjectVersion:   Dev-Enterprise (9DFFBCD6-494F-0158-E221-12823C92A888): 6
LogDevObjectVersion:   Dev-Niagara (F2AED0AC-9AFE-416F-8664-AA7FFA26D6FC): 1
LogDevObjectVersion:   Dev-Destruction (174F1F0B-B4C6-45A5-B13F-2EE8D0FB917D): 9
LogInit: Presizing for max 16777216 objects, including 0 objects not considered by GC, pre-allocating 0 bytes for permanent pool.
LogInit: Object subsystem initialized
LogConfig: Setting CVar [[con.DebugEarlyDefault:1]]
LogConfig: Setting CVar [[r.setres:1280x720]]
[2019.12.11-15.09.30:495][  0]LogConfig: Setting CVar [[r.VSync:0]]
[2019.12.11-15.09.30:495][  0]LogConfig: Setting CVar [[r.RHICmdBypass:0]]
[2019.12.11-15.09.30:495][  0]LogConfig: Applying CVar settings from Section [/Script/Engine.RendererSettings] File [C:/integrationcourseenv/Projects/!!!AfekaFinalProject/VRoscopy/UnrealEngine/VRoscopy/Saved/Config/Windows/Engine.ini]
[2019.12.11-15.09.30:495][  0]LogConfig: Setting CVar [[r.GPUCrashDebugging:0]]
[2019.12.11-15.09.30:495][  0]LogConfig: Setting CVar [[r.DefaultFeature.AmbientOcclusion:0]]
[2019.12.11-15.09.30:495][  0]LogConfig: Setting CVar [[r.DefaultFeature.AmbientOcclusionStaticFraction:0]]
[2019.12.11-15.09.30:495][  0]LogConfig: Setting CVar [[vr.InstancedStereo:1]]
[2019.12.11-15.09.30:495][  0]LogConfig: Setting CVar [[r.SeparateTranslucency:0]]
[2019.12.11-15.09.30:495][  0]LogConfig: Setting CVar [[r.HZBOcclusion:0]]
[2019.12.11-15.09.30:495][  0]LogConfig: Setting CVar [[r.SSR.MaxRoughness:0]]
[2019.12.11-15.09.30:495][  0]LogConfig: Setting CVar [[r.rhicmdbypass:0]]
[2019.12.11-15.09.30:495][  0]LogConfig: Applying CVar settings from Section [/Script/Engine.RendererOverrideSettings] File [C:/integrationcourseenv/Projects/!!!AfekaFinalProject/VRoscopy/UnrealEngine/VRoscopy/Saved/Config/Windows/Engine.ini]
[2019.12.11-15.09.30:495][  0]LogConfig: Applying CVar settings from Section [/Script/Engine.StreamingSettings] File [C:/integrationcourseenv/Projects/!!!AfekaFinalProject/VRoscopy/UnrealEngine/VRoscopy/Saved/Config/Windows/Engine.ini]
[2019.12.11-15.09.30:495][  0]LogConfig: Setting CVar [[s.MinBulkDataSizeForAsyncLoading:131072]]
[2019.12.11-15.09.30:495][  0]LogConfig: Setting CVar [[s.AsyncLoadingThreadEnabled:0]]
[2019.12.11-15.09.30:495][  0]LogConfig: Setting CVar [[s.EventDrivenLoaderEnabled:1]]
[2019.12.11-15.09.30:495][  0]LogConfig: Setting CVar [[s.WarnIfTimeLimitExceeded:0]]
[2019.12.11-15.09.30:495][  0]LogConfig: Setting CVar [[s.TimeLimitExceededMultiplier:1.5]]
[2019.12.11-15.09.30:495][  0]LogConfig: Setting CVar [[s.TimeLimitExceededMinTime:0.005]]
[2019.12.11-15.09.30:495][  0]LogConfig: Setting CVar [[s.UseBackgroundLevelStreaming:1]]
[2019.12.11-15.09.30:495][  0]LogConfig: Setting CVar [[s.PriorityAsyncLoadingExtraTime:15.0]]
[2019.12.11-15.09.30:495][  0]LogConfig: Setting CVar [[s.LevelStreamingActorsUpdateTimeLimit:5.0]]
[2019.12.11-15.09.30:495][  0]LogConfig: Setting CVar [[s.PriorityLevelStreamingActorsUpdateExtraTime:5.0]]
[2019.12.11-15.09.30:495][  0]LogConfig: Setting CVar [[s.LevelStreamingComponentsRegistrationGranularity:10]]
[2019.12.11-15.09.30:495][  0]LogConfig: Setting CVar [[s.UnregisterComponentsTimeLimit:1.0]]
[2019.12.11-15.09.30:495][  0]LogConfig: Setting CVar [[s.LevelStreamingComponentsUnregistrationGranularity:5]]
[2019.12.11-15.09.30:495][  0]LogConfig: Applying CVar settings from Section [/Script/Engine.GarbageCollectionSettings] File [C:/integrationcourseenv/Projects/!!!AfekaFinalProject/VRoscopy/UnrealEngine/VRoscopy/Saved/Config/Windows/Engine.ini]
[2019.12.11-15.09.30:496][  0]LogConfig: Setting CVar [[gc.MaxObjectsNotConsideredByGC:1]]
[2019.12.11-15.09.30:496][  0]LogConfig: Setting CVar [[gc.SizeOfPermanentObjectPool:0]]
[2019.12.11-15.09.30:496][  0]LogConfig: Setting CVar [[gc.FlushStreamingOnGC:0]]
[2019.12.11-15.09.30:496][  0]LogConfig: Setting CVar [[gc.NumRetriesBeforeForcingGC:10]]
[2019.12.11-15.09.30:496][  0]LogConfig: Setting CVar [[gc.AllowParallelGC:1]]
[2019.12.11-15.09.30:496][  0]LogConfig: Setting CVar [[gc.TimeBetweenPurgingPendingKillObjects:61.1]]
[2019.12.11-15.09.30:496][  0]LogConfig: Setting CVar [[gc.MaxObjectsInEditor:16777216]]
[2019.12.11-15.09.30:496][  0]LogConfig: Setting CVar [[gc.IncrementalBeginDestroyEnabled:1]]
[2019.12.11-15.09.30:496][  0]LogConfig: Setting CVar [[gc.CreateGCClusters:1]]
[2019.12.11-15.09.30:496][  0]LogConfig: Setting CVar [[gc.MinGCClusterSize:5]]
[2019.12.11-15.09.30:496][  0]LogConfig: Setting CVar [[gc.ActorClusteringEnabled:0]]
[2019.12.11-15.09.30:496][  0]LogConfig: Setting CVar [[gc.BlueprintClusteringEnabled:0]]
[2019.12.11-15.09.30:496][  0]LogConfig: Setting CVar [[gc.UseDisregardForGCOnDedicatedServers:0]]
[2019.12.11-15.09.30:496][  0]LogConfig: Applying CVar settings from Section [/Script/Engine.NetworkSettings] File [C:/integrationcourseenv/Projects/!!!AfekaFinalProject/VRoscopy/UnrealEngine/VRoscopy/Saved/Config/Windows/Engine.ini]
[2019.12.11-15.09.30:496][  0]LogConfig: Applying CVar settings from Section [/Script/UnrealEd.CookerSettings] File [C:/integrationcourseenv/Projects/!!!AfekaFinalProject/VRoscopy/UnrealEngine/VRoscopy/Saved/Config/Windows/Engine.ini]
[2019.12.11-15.09.30:499][  0]LogConfig: Applying CVar settings from Section [ViewDistanceQuality@3] File [C:/integrationcourseenv/Projects/!!!AfekaFinalProject/VRoscopy/UnrealEngine/VRoscopy/Saved/Config/Windows/Scalability.ini]
[2019.12.11-15.09.30:500][  0]LogConfig: Setting CVar [[r.SkeletalMeshLODBias:0]]
[2019.12.11-15.09.30:500][  0]LogConfig: Setting CVar [[r.ViewDistanceScale:1.0]]
[2019.12.11-15.09.30:500][  0]LogConfig: Applying CVar settings from Section [AntiAliasingQuality@3] File [C:/integrationcourseenv/Projects/!!!AfekaFinalProject/VRoscopy/UnrealEngine/VRoscopy/Saved/Config/Windows/Scalability.ini]
[2019.12.11-15.09.30:500][  0]LogConfig: Setting CVar [[r.PostProcessAAQuality:3]]
[2019.12.11-15.09.30:500][  0]LogConfig: Applying CVar settings from Section [ShadowQuality@3] File [C:/integrationcourseenv/Projects/!!!AfekaFinalProject/VRoscopy/UnrealEngine/VRoscopy/Saved/Config/Windows/Scalability.ini]
[2019.12.11-15.09.30:500][  0]LogConfig: Setting CVar [[r.LightFunctionQuality:1]]
[2019.12.11-15.09.30:500][  0]LogConfig: Setting CVar [[r.ShadowQuality:5]]
[2019.12.11-15.09.30:500][  0]LogConfig: Setting CVar [[r.Shadow.CSM.MaxCascades:10]]
[2019.12.11-15.09.30:500][  0]LogConfig: Setting CVar [[r.Shadow.MaxResolution:2048]]
[2019.12.11-15.09.30:500][  0]LogConfig: Setting CVar [[r.Shadow.MaxCSMResolution:2048]]
[2019.12.11-15.09.30:500][  0]LogConfig: Setting CVar [[r.Shadow.RadiusThreshold:0.01]]
[2019.12.11-15.09.30:500][  0]LogConfig: Setting CVar [[r.Shadow.DistanceScale:1.0]]
[2019.12.11-15.09.30:500][  0]LogConfig: Setting CVar [[r.Shadow.CSM.TransitionScale:1.0]]
[2019.12.11-15.09.30:500][  0]LogConfig: Setting CVar [[r.Shadow.PreShadowResolutionFactor:1.0]]
[2019.12.11-15.09.30:500][  0]LogConfig: Setting CVar [[r.DistanceFieldShadowing:1]]
[2019.12.11-15.09.30:500][  0]LogConfig: Setting CVar [[r.DistanceFieldAO:1]]
[2019.12.11-15.09.30:500][  0]LogConfig: Setting CVar [[r.AOQuality:2]]
[2019.12.11-15.09.30:500][  0]LogConfig: Setting CVar [[r.VolumetricFog:1]]
[2019.12.11-15.09.30:500][  0]LogConfig: Setting CVar [[r.VolumetricFog.GridPixelSize:8]]
[2019.12.11-15.09.30:500][  0]LogConfig: Setting CVar [[r.VolumetricFog.GridSizeZ:128]]
[2019.12.11-15.09.30:500][  0]LogConfig: Setting CVar [[r.VolumetricFog.HistoryMissSupersampleCount:4]]
[2019.12.11-15.09.30:500][  0]LogConfig: Setting CVar [[r.LightMaxDrawDistanceScale:1]]
[2019.12.11-15.09.30:500][  0]LogConfig: Setting CVar [[r.CapsuleShadows:1]]
[2019.12.11-15.09.30:500][  0]LogConfig: Applying CVar settings from Section [PostProcessQuality@3] File [C:/integrationcourseenv/Projects/!!!AfekaFinalProject/VRoscopy/UnrealEngine/VRoscopy/Saved/Config/Windows/Scalability.ini]
[2019.12.11-15.09.30:500][  0]LogConfig: Setting CVar [[r.MotionBlurQuality:0]]
[2019.12.11-15.09.30:500][  0]LogConfig: Setting CVar [[r.AmbientOcclusionMipLevelFactor:0.4]]
[2019.12.11-15.09.30:500][  0]LogConfig: Setting CVar [[r.AmbientOcclusionMaxQuality:100]]
[2019.12.11-15.09.30:500][  0]LogConfig: Setting CVar [[r.AmbientOcclusionLevels:0]]
[2019.12.11-15.09.30:500][  0]LogConfig: Setting CVar [[r.AmbientOcclusionRadiusScale:1.0]]
[2019.12.11-15.09.30:500][  0]LogConfig: Setting CVar [[r.DepthOfFieldQuality:0]]
[2019.12.11-15.09.30:500][  0]LogConfig: Setting CVar [[r.RenderTargetPoolMin:400]]
[2019.12.11-15.09.30:500][  0]LogConfig: Setting CVar [[r.LensFlareQuality:0]]
[2019.12.11-15.09.30:501][  0]LogConfig: Setting CVar [[r.SceneColorFringeQuality:0]]
[2019.12.11-15.09.30:501][  0]LogConfig: Setting CVar [[r.EyeAdaptationQuality:2]]
[2019.12.11-15.09.30:501][  0]LogConfig: Setting CVar [[r.BloomQuality:1]]
[2019.12.11-15.09.30:501][  0]LogConfig: Setting CVar [[r.FastBlurThreshold:0]]
[2019.12.11-15.09.30:501][  0]LogConfig: Setting CVar [[r.Upscale.Quality:3]]
[2019.12.11-15.09.30:501][  0]LogConfig: Setting CVar [[r.Tonemapper.GrainQuantization:1]]
[2019.12.11-15.09.30:501][  0]LogConfig: Setting CVar [[r.LightShaftQuality:1]]
[2019.12.11-15.09.30:501][  0]LogConfig: Setting CVar [[r.Filter.SizeScale:1]]
[2019.12.11-15.09.30:501][  0]LogConfig: Setting CVar [[r.Tonemapper.Quality:5]]
[2019.12.11-15.09.30:501][  0]LogConfig: Setting CVar [[r.DOF.Gather.AccumulatorQuality:1        ; higher gathering accumulator quality]]
[2019.12.11-15.09.30:501][  0]LogConfig: Setting CVar [[r.DOF.Gather.PostfilterMethod:1          ; Median3x3 postfilering method]]
[2019.12.11-15.09.30:501][  0]LogConfig: Setting CVar [[r.DOF.Gather.EnableBokehSettings:0       ; no bokeh simulation when gathering]]
[2019.12.11-15.09.30:501][  0]LogConfig: Setting CVar [[r.DOF.Gather.RingCount:4                 ; medium number of samples when gathering]]
[2019.12.11-15.09.30:501][  0]LogConfig: Setting CVar [[r.DOF.Scatter.ForegroundCompositing:1    ; additive foreground scattering]]
[2019.12.11-15.09.30:501][  0]LogConfig: Setting CVar [[r.DOF.Scatter.BackgroundCompositing:2    ; additive background scattering]]
[2019.12.11-15.09.30:501][  0]LogConfig: Setting CVar [[r.DOF.Scatter.EnableBokehSettings:1      ; bokeh simulation when scattering]]
[2019.12.11-15.09.30:501][  0]LogConfig: Setting CVar [[r.DOF.Scatter.MaxSpriteRatio:0.1         ; only a maximum of 10% of scattered bokeh]]
[2019.12.11-15.09.30:501][  0]LogConfig: Setting CVar [[r.DOF.Recombine.Quality:1                ; cheap slight out of focus]]
[2019.12.11-15.09.30:501][  0]LogConfig: Setting CVar [[r.DOF.Recombine.EnableBokehSettings:0    ; no bokeh simulation on slight out of focus]]
[2019.12.11-15.09.30:501][  0]LogConfig: Setting CVar [[r.DOF.TemporalAAQuality:1                ; more stable temporal accumulation]]
[2019.12.11-15.09.30:501][  0]LogConfig: Setting CVar [[r.DOF.Kernel.MaxForegroundRadius:0.025]]
[2019.12.11-15.09.30:501][  0]LogConfig: Setting CVar [[r.DOF.Kernel.MaxBackgroundRadius:0.025]]
[2019.12.11-15.09.30:501][  0]LogConfig: Applying CVar settings from Section [TextureQuality@3] File [C:/integrationcourseenv/Projects/!!!AfekaFinalProject/VRoscopy/UnrealEngine/VRoscopy/Saved/Config/Windows/Scalability.ini]
[2019.12.11-15.09.30:501][  0]LogConfig: Setting CVar [[r.Streaming.MipBias:0]]
[2019.12.11-15.09.30:501][  0]LogConfig: Setting CVar [[r.Streaming.AmortizeCPUToGPUCopy:0]]
[2019.12.11-15.09.30:501][  0]LogConfig: Setting CVar [[r.Streaming.MaxNumTexturesToStreamPerFrame:0]]
[2019.12.11-15.09.30:501][  0]LogConfig: Setting CVar [[r.Streaming.Boost:1]]
[2019.12.11-15.09.30:501][  0]LogConfig: Setting CVar [[r.MaxAnisotropy:8]]
[2019.12.11-15.09.30:501][  0]LogConfig: Setting CVar [[r.Streaming.LimitPoolSizeToVRAM:0]]
[2019.12.11-15.09.30:501][  0]LogConfig: Setting CVar [[r.Streaming.PoolSize:1000]]
[2019.12.11-15.09.30:501][  0]LogConfig: Setting CVar [[r.Streaming.MaxEffectiveScreenSize:0]]
[2019.12.11-15.09.30:501][  0]LogConfig: Applying CVar settings from Section [EffectsQuality@3] File [C:/integrationcourseenv/Projects/!!!AfekaFinalProject/VRoscopy/UnrealEngine/VRoscopy/Saved/Config/Windows/Scalability.ini]
[2019.12.11-15.09.30:501][  0]LogConfig: Setting CVar [[r.TranslucencyLightingVolumeDim:4]]
[2019.12.11-15.09.30:502][  0]LogConfig: Setting CVar [[r.RefractionQuality:2]]
[2019.12.11-15.09.30:502][  0]LogConfig: Setting CVar [[r.SSR.Quality:0]]
[2019.12.11-15.09.30:502][  0]LogConfig: Setting CVar [[r.SceneColorFormat:2]]
[2019.12.11-15.09.30:502][  0]LogConfig: Setting CVar [[r.DetailMode:2]]
[2019.12.11-15.09.30:502][  0]LogConfig: Setting CVar [[r.TranslucencyVolumeBlur:0]]
[2019.12.11-15.09.30:502][  0]LogConfig: Setting CVar [[r.MaterialQualityLevel:1 ; High quality]]
[2019.12.11-15.09.30:502][  0]LogConfig: Setting CVar [[r.SSS.Scale:1]]
[2019.12.11-15.09.30:502][  0]LogConfig: Setting CVar [[r.SSS.SampleSet:2]]
[2019.12.11-15.09.30:502][  0]LogConfig: Setting CVar [[r.SSS.Quality:1]]
[2019.12.11-15.09.30:502][  0]LogConfig: Setting CVar [[r.SSS.HalfRes:1]]
[2019.12.11-15.09.30:502][  0]LogConfig: Setting CVar [[r.EmitterSpawnRateScale:1.0]]
[2019.12.11-15.09.30:502][  0]LogConfig: Setting CVar [[r.ParticleLightQuality:2]]
[2019.12.11-15.09.30:502][  0]LogConfig: Applying CVar settings from Section [FoliageQuality@3] File [C:/integrationcourseenv/Projects/!!!AfekaFinalProject/VRoscopy/UnrealEngine/VRoscopy/Saved/Config/Windows/Scalability.ini]
[2019.12.11-15.09.30:502][  0]LogConfig: Setting CVar [[foliage.DensityScale:1.0]]
[2019.12.11-15.09.30:502][  0]LogConfig: Setting CVar [[grass.DensityScale:1.0]]
[2019.12.11-15.09.30:502][  0]LogInit: Selected Device Profile: [Windows]
[2019.12.11-15.09.30:502][  0]LogInit: Applying CVar settings loaded from the selected device profile: [Windows]
[2019.12.11-15.09.30:520][  0]LogHAL: Display: Platform has ~ 24 GB [25627287552 / 34359738368 / 24], which maps to Larger [LargestMinGB=32, LargerMinGB=12, DefaultMinGB=8, SmallerMinGB=6, SmallestMinGB=0)
[2019.12.11-15.09.30:520][  0]LogInit: Going up to parent DeviceProfile []
[2019.12.11-15.09.30:520][  0]LogConfig: Applying CVar settings from Section [ViewDistanceQuality@3] File [C:/integrationcourseenv/Projects/!!!AfekaFinalProject/VRoscopy/UnrealEngine/VRoscopy/Saved/Config/Windows/Scalability.ini]
[2019.12.11-15.09.30:520][  0]LogConfig: Setting CVar [[r.SkeletalMeshLODBias:0]]
[2019.12.11-15.09.30:520][  0]LogConfig: Setting CVar [[r.ViewDistanceScale:1.0]]
[2019.12.11-15.09.30:520][  0]LogConfig: Applying CVar settings from Section [AntiAliasingQuality@3] File [C:/integrationcourseenv/Projects/!!!AfekaFinalProject/VRoscopy/UnrealEngine/VRoscopy/Saved/Config/Windows/Scalability.ini]
[2019.12.11-15.09.30:520][  0]LogConfig: Setting CVar [[r.PostProcessAAQuality:3]]
[2019.12.11-15.09.30:520][  0]LogConfig: Applying CVar settings from Section [ShadowQuality@3] File [C:/integrationcourseenv/Projects/!!!AfekaFinalProject/VRoscopy/UnrealEngine/VRoscopy/Saved/Config/Windows/Scalability.ini]
[2019.12.11-15.09.30:520][  0]LogConfig: Setting CVar [[r.LightFunctionQuality:1]]
[2019.12.11-15.09.30:520][  0]LogConfig: Setting CVar [[r.ShadowQuality:5]]
[2019.12.11-15.09.30:520][  0]LogConfig: Setting CVar [[r.Shadow.CSM.MaxCascades:10]]
[2019.12.11-15.09.30:520][  0]LogConfig: Setting CVar [[r.Shadow.MaxResolution:2048]]
[2019.12.11-15.09.30:520][  0]LogConfig: Setting CVar [[r.Shadow.MaxCSMResolution:2048]]
[2019.12.11-15.09.30:520][  0]LogConfig: Setting CVar [[r.Shadow.RadiusThreshold:0.01]]
[2019.12.11-15.09.30:520][  0]LogConfig: Setting CVar [[r.Shadow.DistanceScale:1.0]]
[2019.12.11-15.09.30:520][  0]LogConfig: Setting CVar [[r.Shadow.CSM.TransitionScale:1.0]]
[2019.12.11-15.09.30:520][  0]LogConfig: Setting CVar [[r.Shadow.PreShadowResolutionFactor:1.0]]
[2019.12.11-15.09.30:520][  0]LogConfig: Setting CVar [[r.DistanceFieldShadowing:1]]
[2019.12.11-15.09.30:520][  0]LogConfig: Setting CVar [[r.DistanceFieldAO:1]]
[2019.12.11-15.09.30:520][  0]LogConfig: Setting CVar [[r.AOQuality:2]]
[2019.12.11-15.09.30:520][  0]LogConfig: Setting CVar [[r.VolumetricFog:1]]
[2019.12.11-15.09.30:520][  0]LogConfig: Setting CVar [[r.VolumetricFog.GridPixelSize:8]]
[2019.12.11-15.09.30:520][  0]LogConfig: Setting CVar [[r.VolumetricFog.GridSizeZ:128]]
[2019.12.11-15.09.30:520][  0]LogConfig: Setting CVar [[r.VolumetricFog.HistoryMissSupersampleCount:4]]
[2019.12.11-15.09.30:520][  0]LogConfig: Setting CVar [[r.LightMaxDrawDistanceScale:1]]
[2019.12.11-15.09.30:520][  0]LogConfig: Setting CVar [[r.CapsuleShadows:1]]
[2019.12.11-15.09.30:520][  0]LogConfig: Applying CVar settings from Section [PostProcessQuality@3] File [C:/integrationcourseenv/Projects/!!!AfekaFinalProject/VRoscopy/UnrealEngine/VRoscopy/Saved/Config/Windows/Scalability.ini]
[2019.12.11-15.09.30:520][  0]LogConfig: Setting CVar [[r.MotionBlurQuality:0]]
[2019.12.11-15.09.30:520][  0]LogConfig: Setting CVar [[r.AmbientOcclusionMipLevelFactor:0.4]]
[2019.12.11-15.09.30:520][  0]LogConfig: Setting CVar [[r.AmbientOcclusionMaxQuality:100]]
[2019.12.11-15.09.30:521][  0]LogConfig: Setting CVar [[r.AmbientOcclusionLevels:0]]
[2019.12.11-15.09.30:521][  0]LogConfig: Setting CVar [[r.AmbientOcclusionRadiusScale:1.0]]
[2019.12.11-15.09.30:521][  0]LogConfig: Setting CVar [[r.DepthOfFieldQuality:0]]
[2019.12.11-15.09.30:521][  0]LogConfig: Setting CVar [[r.RenderTargetPoolMin:400]]
[2019.12.11-15.09.30:521][  0]LogConfig: Setting CVar [[r.LensFlareQuality:0]]
[2019.12.11-15.09.30:521][  0]LogConfig: Setting CVar [[r.SceneColorFringeQuality:0]]
[2019.12.11-15.09.30:521][  0]LogConfig: Setting CVar [[r.EyeAdaptationQuality:2]]
[2019.12.11-15.09.30:521][  0]LogConfig: Setting CVar [[r.BloomQuality:1]]
[2019.12.11-15.09.30:521][  0]LogConfig: Setting CVar [[r.FastBlurThreshold:0]]
[2019.12.11-15.09.30:521][  0]LogConfig: Setting CVar [[r.Upscale.Quality:3]]
[2019.12.11-15.09.30:521][  0]LogConfig: Setting CVar [[r.Tonemapper.GrainQuantization:1]]
[2019.12.11-15.09.30:521][  0]LogConfig: Setting CVar [[r.LightShaftQuality:1]]
[2019.12.11-15.09.30:521][  0]LogConfig: Setting CVar [[r.Filter.SizeScale:1]]
[2019.12.11-15.09.30:521][  0]LogConfig: Setting CVar [[r.Tonemapper.Quality:5]]
[2019.12.11-15.09.30:521][  0]LogConfig: Setting CVar [[r.DOF.Gather.AccumulatorQuality:1        ; higher gathering accumulator quality]]
[2019.12.11-15.09.30:521][  0]LogConfig: Setting CVar [[r.DOF.Gather.PostfilterMethod:1          ; Median3x3 postfilering method]]
[2019.12.11-15.09.30:521][  0]LogConfig: Setting CVar [[r.DOF.Gather.EnableBokehSettings:0       ; no bokeh simulation when gathering]]
[2019.12.11-15.09.30:521][  0]LogConfig: Setting CVar [[r.DOF.Gather.RingCount:4                 ; medium number of samples when gathering]]
[2019.12.11-15.09.30:521][  0]LogConfig: Setting CVar [[r.DOF.Scatter.ForegroundCompositing:1    ; additive foreground scattering]]
[2019.12.11-15.09.30:521][  0]LogConfig: Setting CVar [[r.DOF.Scatter.BackgroundCompositing:2    ; additive background scattering]]
[2019.12.11-15.09.30:521][  0]LogConfig: Setting CVar [[r.DOF.Scatter.EnableBokehSettings:1      ; bokeh simulation when scattering]]
[2019.12.11-15.09.30:521][  0]LogConfig: Setting CVar [[r.DOF.Scatter.MaxSpriteRatio:0.1         ; only a maximum of 10% of scattered bokeh]]
[2019.12.11-15.09.30:521][  0]LogConfig: Setting CVar [[r.DOF.Recombine.Quality:1                ; cheap slight out of focus]]
[2019.12.11-15.09.30:521][  0]LogConfig: Setting CVar [[r.DOF.Recombine.EnableBokehSettings:0    ; no bokeh simulation on slight out of focus]]
[2019.12.11-15.09.30:521][  0]LogConfig: Setting CVar [[r.DOF.TemporalAAQuality:1                ; more stable temporal accumulation]]
[2019.12.11-15.09.30:521][  0]LogConfig: Setting CVar [[r.DOF.Kernel.MaxForegroundRadius:0.025]]
[2019.12.11-15.09.30:521][  0]LogConfig: Setting CVar [[r.DOF.Kernel.MaxBackgroundRadius:0.025]]
[2019.12.11-15.09.30:521][  0]LogConfig: Applying CVar settings from Section [TextureQuality@3] File [C:/integrationcourseenv/Projects/!!!AfekaFinalProject/VRoscopy/UnrealEngine/VRoscopy/Saved/Config/Windows/Scalability.ini]
[2019.12.11-15.09.30:521][  0]LogConfig: Setting CVar [[r.Streaming.MipBias:0]]
[2019.12.11-15.09.30:521][  0]LogConfig: Setting CVar [[r.Streaming.AmortizeCPUToGPUCopy:0]]
[2019.12.11-15.09.30:521][  0]LogConfig: Setting CVar [[r.Streaming.MaxNumTexturesToStreamPerFrame:0]]
[2019.12.11-15.09.30:521][  0]LogConfig: Setting CVar [[r.Streaming.Boost:1]]
[2019.12.11-15.09.30:521][  0]LogConfig: Setting CVar [[r.MaxAnisotropy:8]]
[2019.12.11-15.09.30:521][  0]LogConfig: Setting CVar [[r.Streaming.LimitPoolSizeToVRAM:0]]
[2019.12.11-15.09.30:522][  0]LogConfig: Setting CVar [[r.Streaming.PoolSize:1000]]
[2019.12.11-15.09.30:522][  0]LogConfig: Setting CVar [[r.Streaming.MaxEffectiveScreenSize:0]]
[2019.12.11-15.09.30:522][  0]LogConfig: Applying CVar settings from Section [EffectsQuality@3] File [C:/integrationcourseenv/Projects/!!!AfekaFinalProject/VRoscopy/UnrealEngine/VRoscopy/Saved/Config/Windows/Scalability.ini]
[2019.12.11-15.09.30:522][  0]LogConfig: Setting CVar [[r.TranslucencyLightingVolumeDim:4]]
[2019.12.11-15.09.30:522][  0]LogConfig: Setting CVar [[r.RefractionQuality:2]]
[2019.12.11-15.09.30:522][  0]LogConfig: Setting CVar [[r.SSR.Quality:0]]
[2019.12.11-15.09.30:522][  0]LogConfig: Setting CVar [[r.SceneColorFormat:2]]
[2019.12.11-15.09.30:522][  0]LogConfig: Setting CVar [[r.DetailMode:2]]
[2019.12.11-15.09.30:522][  0]LogConfig: Setting CVar [[r.TranslucencyVolumeBlur:0]]
[2019.12.11-15.09.30:522][  0]LogConfig: Setting CVar [[r.MaterialQualityLevel:1 ; High quality]]
[2019.12.11-15.09.30:522][  0]LogConfig: Setting CVar [[r.SSS.Scale:1]]
[2019.12.11-15.09.30:522][  0]LogConfig: Setting CVar [[r.SSS.SampleSet:2]]
[2019.12.11-15.09.30:522][  0]LogConfig: Setting CVar [[r.SSS.Quality:1]]
[2019.12.11-15.09.30:522][  0]LogConfig: Setting CVar [[r.SSS.HalfRes:1]]
[2019.12.11-15.09.30:522][  0]LogConfig: Setting CVar [[r.EmitterSpawnRateScale:1.0]]
[2019.12.11-15.09.30:522][  0]LogConfig: Setting CVar [[r.ParticleLightQuality:2]]
[2019.12.11-15.09.30:522][  0]LogConfig: Applying CVar settings from Section [FoliageQuality@3] File [C:/integrationcourseenv/Projects/!!!AfekaFinalProject/VRoscopy/UnrealEngine/VRoscopy/Saved/Config/Windows/Scalability.ini]
[2019.12.11-15.09.30:522][  0]LogConfig: Setting CVar [[foliage.DensityScale:1.0]]
[2019.12.11-15.09.30:522][  0]LogConfig: Setting CVar [[grass.DensityScale:1.0]]
[2019.12.11-15.09.30:522][  0]LogConfig: Applying CVar settings from Section [Startup] File [../../../Engine/Config/ConsoleVariables.ini]
[2019.12.11-15.09.30:523][  0]LogConfig: Setting CVar [[net.UseAdaptiveNetUpdateFrequency:0]]
[2019.12.11-15.09.30:523][  0]LogConfig: Setting CVar [[p.chaos.AllowCreatePhysxBodies:1]]
[2019.12.11-15.09.30:523][  0]LogConfig: Applying CVar settings from Section [ConsoleVariables] File [C:/integrationcourseenv/Projects/!!!AfekaFinalProject/VRoscopy/UnrealEngine/VRoscopy/Saved/Config/Windows/Engine.ini]
[2019.12.11-15.09.30:523][  0]LogInit: Computer: DANLAPTOP
[2019.12.11-15.09.30:523][  0]LogInit: User: DAN
[2019.12.11-15.09.30:523][  0]LogInit: CPU Page size=4096, Cores=2
[2019.12.11-15.09.30:523][  0]LogInit: High frequency timer resolution =10.000000 MHz
[2019.12.11-15.09.30:523][  0]LogMemory: Memory total: Physical=23.9GB (24GB approx)
[2019.12.11-15.09.30:523][  0]LogMemory: Platform Memory Stats for Windows
[2019.12.11-15.09.30:523][  0]LogMemory: Process Physical Memory: 101.58 MB used, 101.59 MB peak
[2019.12.11-15.09.30:523][  0]LogMemory: Process Virtual Memory: 98.87 MB used, 98.87 MB peak
[2019.12.11-15.09.30:523][  0]LogMemory: Physical Memory: 15536.79 MB used,  8903.30 MB free, 24440.09 MB total
[2019.12.11-15.09.30:523][  0]LogMemory: Virtual Memory: 4654.20 MB used,  134213072.00 MB free, 134217728.00 MB total
[2019.12.11-15.09.30:535][  0]LogWindows: WindowsPlatformFeatures enabled
[2019.12.11-15.09.30:597][  0]LogInit: Using OS detected language (en-US).
[2019.12.11-15.09.30:597][  0]LogInit: Using OS detected locale (en-US).
[2019.12.11-15.09.30:598][  0]LogTextLocalizationManager: No specific localization for 'en-US' exists, so the 'en' localization will be used.
[2019.12.11-15.09.31:135][  0]LogInit: Setting process to per monitor DPI aware
[2019.12.11-15.09.31:287][  0]LogSlate: New Slate User Created.  User Index 0, Is Virtual User: 0
[2019.12.11-15.09.31:287][  0]LogSlate: Slate User Registered.  User Index 0, Is Virtual User: 0
[2019.12.11-15.09.36:411][  0]LogHMD: Failed to initialize OpenVR with code 110
[2019.12.11-15.09.36:411][  0]LogD3D11RHI: D3D11 adapters:
[2019.12.11-15.09.36:547][  0]LogD3D11RHI:    0. 'NVIDIA GeForce GTX 960M' (Feature Level 11_0)
[2019.12.11-15.09.36:547][  0]LogD3D11RHI:       2010/0/12220 MB DedicatedVideo/DedicatedSystem/SharedSystem, Outputs:1, VendorId:0x10de
[2019.12.11-15.09.36:557][  0]LogD3D11RHI:    1. 'Intel(R) HD Graphics 520' (Feature Level 11_0)
[2019.12.11-15.09.36:557][  0]LogD3D11RHI:       128/0/12220 MB DedicatedVideo/DedicatedSystem/SharedSystem, Outputs:0, VendorId:0x8086
[2019.12.11-15.09.36:563][  0]LogD3D11RHI:    2. 'Microsoft Basic Render Driver' (Feature Level 11_0)
[2019.12.11-15.09.36:563][  0]LogD3D11RHI:       0/0/12220 MB DedicatedVideo/DedicatedSystem/SharedSystem, Outputs:0, VendorId:0x1414
[2019.12.11-15.09.36:563][  0]LogD3D11RHI: Chosen D3D11 Adapter: 0
[2019.12.11-15.09.36:631][  0]LogD3D11RHI: Creating new Direct3DDevice
[2019.12.11-15.09.36:631][  0]LogD3D11RHI:     GPU DeviceId: 0x139b (for the marketing name, search the web for "GPU Device Id")
[2019.12.11-15.09.36:631][  0]LogWindows: EnumDisplayDevices:
[2019.12.11-15.09.36:632][  0]LogWindows:    0. 'Intel(R) HD Graphics 520' (P:1 D:1)
[2019.12.11-15.09.36:632][  0]LogWindows:    1. 'Intel(R) HD Graphics 520' (P:0 D:0)
[2019.12.11-15.09.36:635][  0]LogWindows:    2. 'Intel(R) HD Graphics 520' (P:0 D:0)
[2019.12.11-15.09.36:636][  0]LogWindows: DebugString: PrimaryIsNotTheChoosenAdapter PrimaryIsNotTheChoosenAdapter PrimaryIsNotTheChoosenAdapter FoundDriverCount:0 
[2019.12.11-15.09.36:636][  0]LogD3D11RHI:     Adapter Name: NVIDIA GeForce GTX 960M
[2019.12.11-15.09.36:636][  0]LogD3D11RHI:   Driver Version: Unknown (internal:Unknown, unified:Unknown)
[2019.12.11-15.09.36:636][  0]LogD3D11RHI:      Driver Date: Unknown
[2019.12.11-15.09.36:636][  0]LogRHI: Texture pool is 1407 MB (70% of 2010 MB)
[2019.12.11-15.09.36:707][  0]LogD3D11RHI: Async texture creation enabled
[2019.12.11-15.09.36:737][  0]LogD3D11RHI: GPU Timing Frequency: 1000.000000 (Debug: 2 1)
[2019.12.11-15.09.37:448][  0]LogTemp: Display: Module 'AllDesktopTargetPlatform' loaded TargetPlatform 'AllDesktop'
[2019.12.11-15.09.37:469][  0]LogTemp: Display: Module 'MacClientTargetPlatform' loaded TargetPlatform 'MacClient'
[2019.12.11-15.09.37:488][  0]LogTemp: Display: Module 'MacNoEditorTargetPlatform' loaded TargetPlatform 'MacNoEditor'
[2019.12.11-15.09.37:506][  0]LogTemp: Display: Module 'MacServerTargetPlatform' loaded TargetPlatform 'MacServer'
[2019.12.11-15.09.37:535][  0]LogTemp: Display: Module 'MacTargetPlatform' loaded TargetPlatform 'Mac'
[2019.12.11-15.09.37:554][  0]LogTemp: Display: Module 'WindowsClientTargetPlatform' loaded TargetPlatform 'WindowsClient'
[2019.12.11-15.09.37:574][  0]LogTemp: Display: Module 'WindowsNoEditorTargetPlatform' loaded TargetPlatform 'WindowsNoEditor'
[2019.12.11-15.09.37:596][  0]LogTemp: Display: Module 'WindowsServerTargetPlatform' loaded TargetPlatform 'WindowsServer'
[2019.12.11-15.09.37:605][  0]LogTemp: Display: Module 'WindowsTargetPlatform' loaded TargetPlatform 'Windows'
[2019.12.11-15.09.37:692][  0]LogTemp: Display: Module 'AndroidTargetPlatform' loaded TargetPlatform 'Android'
[2019.12.11-15.09.37:692][  0]LogTemp: Display: Module 'AndroidTargetPlatform' loaded TargetPlatform 'Android_ASTC'
[2019.12.11-15.09.37:692][  0]LogTemp: Display: Module 'AndroidTargetPlatform' loaded TargetPlatform 'Android_ATC'
[2019.12.11-15.09.37:692][  0]LogTemp: Display: Module 'AndroidTargetPlatform' loaded TargetPlatform 'Android_DXT'
[2019.12.11-15.09.37:692][  0]LogTemp: Display: Module 'AndroidTargetPlatform' loaded TargetPlatform 'Android_ETC1'
[2019.12.11-15.09.37:692][  0]LogTemp: Display: Module 'AndroidTargetPlatform' loaded TargetPlatform 'Android_ETC1a'
[2019.12.11-15.09.37:692][  0]LogTemp: Display: Module 'AndroidTargetPlatform' loaded TargetPlatform 'Android_ETC2'
[2019.12.11-15.09.37:692][  0]LogTemp: Display: Module 'AndroidTargetPlatform' loaded TargetPlatform 'Android_PVRTC'
[2019.12.11-15.09.37:692][  0]LogTemp: Display: Module 'AndroidTargetPlatform' loaded TargetPlatform 'AndroidClient'
[2019.12.11-15.09.37:692][  0]LogTemp: Display: Module 'AndroidTargetPlatform' loaded TargetPlatform 'Android_ASTCClient'
[2019.12.11-15.09.37:692][  0]LogTemp: Display: Module 'AndroidTargetPlatform' loaded TargetPlatform 'Android_ATCClient'
[2019.12.11-15.09.37:692][  0]LogTemp: Display: Module 'AndroidTargetPlatform' loaded TargetPlatform 'Android_DXTClient'
[2019.12.11-15.09.37:692][  0]LogTemp: Display: Module 'AndroidTargetPlatform' loaded TargetPlatform 'Android_ETC1Client'
[2019.12.11-15.09.37:692][  0]LogTemp: Display: Module 'AndroidTargetPlatform' loaded TargetPlatform 'Android_ETC1aClient'
[2019.12.11-15.09.37:692][  0]LogTemp: Display: Module 'AndroidTargetPlatform' loaded TargetPlatform 'Android_ETC2Client'
[2019.12.11-15.09.37:692][  0]LogTemp: Display: Module 'AndroidTargetPlatform' loaded TargetPlatform 'Android_PVRTCClient'
[2019.12.11-15.09.37:692][  0]LogTemp: Display: Module 'AndroidTargetPlatform' loaded TargetPlatform 'Android_Multi'
[2019.12.11-15.09.37:692][  0]LogTemp: Display: Module 'AndroidTargetPlatform' loaded TargetPlatform 'Android_MultiClient'
[2019.12.11-15.09.37:696][  0]LogTemp: Display: Module 'HTML5TargetPlatform' loaded TargetPlatform 'HTML5'
[2019.12.11-15.09.37:751][  0]LogTemp: Display: Module 'IOSTargetPlatform' loaded TargetPlatform 'IOSClient'
[2019.12.11-15.09.37:751][  0]LogTemp: Display: Module 'IOSTargetPlatform' loaded TargetPlatform 'IOS'
[2019.12.11-15.09.37:780][  0]LogTemp: Display: Module 'TVOSTargetPlatform' loaded TargetPlatform 'TVOSClient'
[2019.12.11-15.09.37:780][  0]LogTemp: Display: Module 'TVOSTargetPlatform' loaded TargetPlatform 'TVOS'
[2019.12.11-15.09.37:795][  0]LogTemp: Display: Module 'LinuxClientTargetPlatform' loaded TargetPlatform 'LinuxClient'
[2019.12.11-15.09.37:811][  0]LogTemp: Display: Module 'LinuxNoEditorTargetPlatform' loaded TargetPlatform 'LinuxNoEditor'
[2019.12.11-15.09.37:826][  0]LogTemp: Display: Module 'LinuxServerTargetPlatform' loaded TargetPlatform 'LinuxServer'
[2019.12.11-15.09.37:858][  0]LogTemp: Display: Module 'LinuxTargetPlatform' loaded TargetPlatform 'Linux'
[2019.12.11-15.09.37:919][  0]LogTemp: Display: Module 'LuminTargetPlatform' loaded TargetPlatform 'Lumin'
[2019.12.11-15.09.37:919][  0]LogTemp: Display: Module 'LuminTargetPlatform' loaded TargetPlatform 'LuminClient'
[2019.12.11-15.09.37:919][  0]LogTargetPlatformManager: Display: Building Assets For Windows
[2019.12.11-15.09.37:942][  0]LogAudioDebug: Display: Lib vorbis DLL was dynamically loaded.
[2019.12.11-15.09.38:068][  0]LogShaderCompilers: Guid format shader working directory is -55 characters bigger than the processId version (../../../../../../integrationcourseenv/Projects/!!!AfekaFinalProject/VRoscopy/UnrealEngine/VRoscopy/Intermediate/Shaders/WorkingDirectory/2632/).
[2019.12.11-15.09.38:068][  0]LogShaderCompilers: Cleaned the shader compiler working directory 'C:/Users/DAN/AppData/Local/Temp/UnrealShaderWorkingDir/FF96FB714A0932975FFAAB86A16CC0CA/'.
[2019.12.11-15.09.38:074][  0]LogXGEController: Cannot use XGE Controller as Incredibuild is not installed on this machine.
[2019.12.11-15.09.38:074][  0]LogShaderCompilers: Cannot use XGE Shader Compiler as Incredibuild is not installed on this machine.
[2019.12.11-15.09.38:074][  0]LogShaderCompilers: Display: Using Local Shader Compiler.
[2019.12.11-15.09.43:072][  0]LogDerivedDataCache: Display: Max Cache Size: 512 MB
[2019.12.11-15.09.43:310][  0]LogDerivedDataCache: Loaded boot cache 0.24s 74MB C:/Users/DAN/AppData/Local/UnrealEngine/4.23/DerivedDataCache/Boot.ddc.
[2019.12.11-15.09.43:310][  0]LogDerivedDataCache: Display: Loaded Boot cache: C:/Users/DAN/AppData/Local/UnrealEngine/4.23/DerivedDataCache/Boot.ddc
[2019.12.11-15.09.43:310][  0]LogDerivedDataCache: FDerivedDataBackendGraph:  Pak pak cache file ../../../../../../integrationcourseenv/Projects/!!!AfekaFinalProject/VRoscopy/UnrealEngine/VRoscopy/DerivedDataCache/DDC.ddp not found, will not use a pak cache.
[2019.12.11-15.09.43:310][  0]LogDerivedDataCache: Unable to find inner node Pak for hierarchical cache Hierarchy.
[2019.12.11-15.09.43:310][  0]LogDerivedDataCache: FDerivedDataBackendGraph:  CompressedPak pak cache file ../../../../../../integrationcourseenv/Projects/!!!AfekaFinalProject/VRoscopy/UnrealEngine/VRoscopy/DerivedDataCache/Compressed.ddp not found, will not use a pak cache.
[2019.12.11-15.09.43:310][  0]LogDerivedDataCache: Unable to find inner node CompressedPak for hierarchical cache Hierarchy.
[2019.12.11-15.09.43:329][  0]LogDerivedDataCache: Display: Pak cache opened for reading ../../../Engine/DerivedDataCache/Compressed.ddp.
[2019.12.11-15.09.43:329][  0]LogDerivedDataCache: FDerivedDataBackendGraph:  EnterprisePak pak cache file ../../../Enterprise/DerivedDataCache/Compressed.ddp not found, will not use a pak cache.
[2019.12.11-15.09.43:329][  0]LogDerivedDataCache: Unable to find inner node EnterprisePak for hierarchical cache Hierarchy.
[2019.12.11-15.09.43:331][  0]LogDerivedDataCache: Using Local data cache path C:/Users/DAN/AppData/Local/UnrealEngine/Common/DerivedDataCache: Writable
[2019.12.11-15.09.43:331][  0]LogDerivedDataCache: Shared data cache path not found in *engine.ini, will not use an Shared cache.
[2019.12.11-15.09.43:331][  0]LogDerivedDataCache: Unable to find inner node Shared for hierarchical cache Hierarchy.
[2019.12.11-15.09.43:377][  0]LogMaterial: Verifying Global Shaders for PCD3D_SM5
[2019.12.11-15.09.43:382][  0]LogSlate: Using FreeType 2.6.0
[2019.12.11-15.09.43:408][  0]LogSlate: SlateFontServices - WITH_FREETYPE: 1, WITH_HARFBUZZ: 1
[2019.12.11-15.09.44:130][  0]LogAssetRegistry: FAssetRegistry took 0.0042 seconds to start up
[2019.12.11-15.09.44:706][  0]LogInit: Selected Device Profile: [Windows]
[2019.12.11-15.09.45:013][  0]LogMeshReduction: Using QuadricMeshReduction for automatic static mesh reduction
[2019.12.11-15.09.45:013][  0]LogMeshReduction: Using SimplygonMeshReduction for automatic skeletal mesh reduction
[2019.12.11-15.09.45:013][  0]LogMeshReduction: Using ProxyLODMeshReduction for automatic mesh merging
[2019.12.11-15.09.45:013][  0]LogMeshReduction: No distributed automatic mesh merging module available
[2019.12.11-15.09.45:013][  0]LogMeshMerging: No distributed automatic mesh merging module available
[2019.12.11-15.09.45:031][  0]LogNetVersion: VRoscopy 1.0.0, NetCL: 8386587, EngineNetVer: 11, GameNetVer: 0 (Checksum: 931555030)
[2019.12.11-15.09.45:938][  0]LogPackageLocalizationCache: Processed 14 localized package path(s) for 1 prioritized culture(s) in 0.112300 seconds
[2019.12.11-15.09.45:950][  0]LogUObjectArray: 43444 objects as part of root set at end of initial load.
[2019.12.11-15.09.45:950][  0]LogUObjectAllocator: 7548648 out of 0 bytes used by permanent object pool.
[2019.12.11-15.09.45:950][  0]LogUObjectArray: CloseDisregardForGC: 0/0 objects in disregard for GC pool
[2019.12.11-15.09.54:794][  0]LogPython: Using Python 2.7.14
[2019.12.11-15.09.56:468][  0]LogTcpMessaging: Initializing TcpMessaging bridge
[2019.12.11-15.09.56:475][  0]LogUdpMessaging: Initializing bridge on interface 0.0.0.0:0 to multicast group 230.0.0.1:6666.
[2019.12.11-15.09.56:650][  0]SourceControl: Source control is disabled
[2019.12.11-15.09.56:650][  0]SourceControl: Source control is disabled
[2019.12.11-15.09.56:656][  0]SourceControl: Source control is disabled
[2019.12.11-15.09.56:659][  0]SourceControl: Source control is disabled
[2019.12.11-15.09.57:054][  0]LogAndroidPermission: UAndroidPermissionCallbackProxy::GetInstance
[2019.12.11-15.09.57:622][  0]LogOcInput: OculusInput pre-init called
[2019.12.11-15.09.57:640][  0]LogWindows: Failed to load 'OVRPlugin.dll' (GetLastError=126)
[2019.12.11-15.09.57:640][  0]LogWindows: File 'OVRPlugin.dll' does not exist
[2019.12.11-15.09.57:782][  0]LogEngine: Initializing Engine...
[2019.12.11-15.09.57:784][  0]LogHMD: Failed to initialize OpenVR with code 110
[2019.12.11-15.09.57:785][  0]LogStats: UGameplayTagsManager::InitializeManager -  0.000 s
[2019.12.11-15.09.58:217][  0]LogInit: Initializing FReadOnlyCVARCache
[2019.12.11-15.09.58:258][  0]LogAIModule: Creating AISystem for world Untitled
[2019.12.11-15.09.58:302][  0]LogInit: XAudio2 using 'Speakers (Conexant SmartAudio HD)' : 2 channels at 48 kHz using 32 bits per sample (channel mask 0x3)
[2019.12.11-15.09.58:466][  0]LogInit: FAudioDevice initialized.
[2019.12.11-15.09.58:466][  0]LogNetVersion: Set ProjectVersion to 1.0.0.0. Version Checksum will be recalculated on next use.
[2019.12.11-15.09.58:555][  0]LogDerivedDataCache: Saved boot cache 0.09s 74MB C:/Users/DAN/AppData/Local/UnrealEngine/4.23/DerivedDataCache/Boot.ddc.
[2019.12.11-15.09.58:576][  0]LogInit: Texture streaming: Enabled
[2019.12.11-15.09.58:627][  0]LogEngineSessionManager: EngineSessionManager initialized
[2019.12.11-15.09.58:954][  0]LogInit: Transaction tracking system initialized
[2019.12.11-15.10.01:084][  0]BlueprintLog: New page: Editor Load
[2019.12.11-15.10.02:180][  0]LocalizationService: Localization service is disabled
[2019.12.11-15.10.02:883][  0]LogFileCache: Scanning file cache for directory 'C:/integrationcourseenv/Projects/!!!AfekaFinalProject/VRoscopy/UnrealEngine/VRoscopy/Content/' took 0.02s
[2019.12.11-15.10.02:883][  0]LogCook: Display: Max memory allowance for cook 16384mb min free memory 0mb
[2019.12.11-15.10.02:884][  0]LogCook: Display: Mobile HDR setting 1
[2019.12.11-15.10.03:553][  0]SourceControl: Source control is disabled
[2019.12.11-15.10.03:553][  0]LightingResults: New page: Lighting Build
[2019.12.11-15.10.03:560][  0]LogWorld: UWorld::CleanupWorld for Untitled, bSessionEnded=true, bCleanupResources=true
[2019.12.11-15.10.03:561][  0]MapCheck: New page: Map Check
[2019.12.11-15.10.03:561][  0]LightingResults: New page: Lighting Build
[2019.12.11-15.10.03:588][  0]LogUObjectHash: Compacting FUObjectHashTables data took   2.90ms
[2019.12.11-15.10.03:931][  0]LogAIModule: Creating AISystem for world StartupMap
[2019.12.11-15.10.03:939][  0]LogEditorServer: Finished looking for orphan Actors (0.000 secs)
[2019.12.11-15.10.03:976][  0]LogUObjectHash: Compacting FUObjectHashTables data took   4.44ms
[2019.12.11-15.10.03:976][  0]Cmd: MAP CHECKDEP NOCLEARLOG
[2019.12.11-15.10.03:976][  0]MapCheck: Map check complete: 0 Error(s), 0 Warning(s), took 0.22ms to complete.
[2019.12.11-15.10.03:976][  0]LogFileHelpers: Loading map 'StartupMap' took 0.424
[2019.12.11-15.10.04:207][  0]LogSlate: Updating window title bar state: overlay mode, drag disabled, window buttons hidden, title bar hidden
[2019.12.11-15.10.04:221][  0]LogSlate: Updating window title bar state: overlay mode, drag disabled, window buttons hidden, title bar hidden
[2019.12.11-15.10.04:233][  0]LogSlate: Updating window title bar state: overlay mode, drag disabled, window buttons hidden, title bar hidden
[2019.12.11-15.10.04:250][  0]LogSlate: Updating window title bar state: overlay mode, drag disabled, window buttons hidden, title bar hidden
[2019.12.11-15.10.04:270][  0]LogCollectionManager: Loaded 0 collections in 0.003354 seconds
[2019.12.11-15.10.04:282][  0]LogFileCache: Scanning file cache for directory 'C:/integrationcourseenv/Projects/!!!AfekaFinalProject/VRoscopy/UnrealEngine/VRoscopy/Saved/Collections/' took 0.00s
[2019.12.11-15.10.04:282][  0]LogFileCache: Scanning file cache for directory 'C:/integrationcourseenv/Projects/!!!AfekaFinalProject/VRoscopy/UnrealEngine/VRoscopy/Content/Developers/DAN/Collections/' took 0.00s
[2019.12.11-15.10.04:282][  0]LogFileCache: Scanning file cache for directory 'C:/integrationcourseenv/Projects/!!!AfekaFinalProject/VRoscopy/UnrealEngine/VRoscopy/Content/Collections/' took 0.00s
[2019.12.11-15.10.04:282][  0]LogCollectionManager: Rebuilt the GUID cache for 0 collections in 0.000002 seconds
[2019.12.11-15.10.04:298][  0]LogContentBrowser: Native class hierarchy populated in 0.0159 seconds. Added 2909 classes and 696 folders.
[2019.12.11-15.10.04:312][  0]LogContentBrowser: Native class hierarchy updated for 'WidgetCarousel' in 0.0005 seconds. Added 0 classes and 0 folders.
[2019.12.11-15.10.04:952][  0]LogContentBrowser: Native class hierarchy updated for 'AddContentDialog' in 0.0005 seconds. Added 0 classes and 0 folders.
[2019.12.11-15.10.04:965][  0]LogContentBrowser: Native class hierarchy updated for 'SceneOutliner' in 0.0006 seconds. Added 1 classes and 2 folders.
[2019.12.11-15.10.05:109][  0]LogSlate: Took 0.019272 seconds to synchronously load lazily loaded font '../../../Engine/Content/Slate/Fonts/Roboto-Regular.ttf' (155K)
[2019.12.11-15.10.05:123][  0]LogSlate: Took 0.010594 seconds to synchronously load lazily loaded font '../../../Engine/Content/Slate/Fonts/Roboto-Bold.ttf' (160K)
[2019.12.11-15.10.05:141][  0]LogSlate: Took 0.011805 seconds to synchronously load lazily loaded font '../../../Engine/Content/Editor/Slate/Fonts/FontAwesome.ttf' (139K)
[2019.12.11-15.10.05:142][  0]LogSlate: Took 0.000174 seconds to synchronously load lazily loaded font '../../../Engine/Content/Slate/Fonts/DroidSansMono.ttf' (77K)
[2019.12.11-15.10.05:404][  0]LogRenderer: Reallocating scene render targets to support 964x316 Format 26 NumSamples 1 (Frame:1).
[2019.12.11-15.10.05:570][  0]LogContentBrowser: Native class hierarchy updated for 'HierarchicalLODOutliner' in 0.0005 seconds. Added 0 classes and 0 folders.
[2019.12.11-15.10.05:570][  0]LogLoad: (Engine Initialization) Total time: 37.81 seconds
[2019.12.11-15.10.05:570][  0]LogLoad: (Engine Initialization) Total Blueprint compile time: 0.00 seconds
[2019.12.11-15.10.05:649][  0]LogContentStreaming: Texture pool size now 1000 MB
[2019.12.11-15.10.06:824][ 17]LogSlate: Took 0.013111 seconds to synchronously load lazily loaded font '../../../Engine/Content/Slate/Fonts/Roboto-Light.ttf' (167K)
[2019.12.11-15.10.07:081][ 21]LogAssetRegistry: Asset discovery search completed in 22.9517 seconds
[2019.12.11-15.10.07:088][ 21]LogCollectionManager: Rebuilt the object cache for 0 collections in 0.000006 seconds (found 0 objects)
[2019.12.11-15.10.07:088][ 21]LogCollectionManager: Fixed up redirectors for 0 collections in 0.000338 seconds (updated 0 objects)
[2019.12.11-15.10.07:600][ 47]LogPython: Display: Generating Python API stub file...
[2019.12.11-15.10.07:899][ 47]LogPython: Display:   ...generating Python API: glue code
[2019.12.11-15.10.08:306][ 47]LogPython: Display:   ...generating Python API: additional code
[2019.12.11-15.10.08:789][ 47]LogPython: Display:   ...generated: C:/integrationcourseenv/Projects/!!!AfekaFinalProject/VRoscopy/UnrealEngine/VRoscopy/Intermediate/PythonStub/unreal.py
[2019.12.11-15.10.39:509][743]LogSlate: FSceneViewport::OnFocusLost() reason 0
[2019.12.11-15.10.41:484][837]LogSlate: FSceneViewport::OnFocusLost() reason 2
[2019.12.11-15.10.43:088][919]LogSlate: Took 0.000218 seconds to synchronously load lazily loaded font '../../../Engine/Content/Slate/Fonts/Roboto-Light.ttf' (167K)
[2019.12.11-15.10.45:417][980]LogAIModule: Creating AISystem for world MainLevel
[2019.12.11-15.10.45:445][980]LogAssetEditorManager: Opening Asset editor for World /Game/MainLevel.MainLevel
[2019.12.11-15.10.45:508][980]LogUObjectHash: Compacting FUObjectHashTables data took   4.27ms
[2019.12.11-15.10.45:509][980]Cmd: MAP LOAD FILE="../../../../../../integrationcourseenv/Projects/!!!AfekaFinalProject/VRoscopy/UnrealEngine/VRoscopy/Content/MainLevel.umap" TEMPLATE=0 SHOWPROGRESS=1 FEATURELEVEL=3
[2019.12.11-15.10.45:510][980]LightingResults: New page: Lighting Build
[2019.12.11-15.10.45:511][980]LoadErrors: New page: Loading map: MainLevel.umap
[2019.12.11-15.10.45:514][980]LogWorld: UWorld::CleanupWorld for StartupMap, bSessionEnded=true, bCleanupResources=true
[2019.12.11-15.10.45:516][980]MapCheck: New page: Map Check
[2019.12.11-15.10.45:516][980]LightingResults: New page: Lighting Build
[2019.12.11-15.10.45:549][980]LogUObjectHash: Compacting FUObjectHashTables data took   4.28ms
[2019.12.11-15.10.45:767][980]LogEditorServer: Finished looking for orphan Actors (0.000 secs)
[2019.12.11-15.10.45:825][980]LogUObjectHash: Compacting FUObjectHashTables data took   3.03ms
[2019.12.11-15.10.45:899][980]Cmd: MAP CHECKDEP NOCLEARLOG
[2019.12.11-15.10.45:900][980]MapCheck: Map check complete: 0 Error(s), 0 Warning(s), took 0.308ms to complete.
[2019.12.11-15.10.45:900][980]LogFileHelpers: Loading map 'MainLevel' took 0.392
[2019.12.11-15.10.49:839][168]LogSlate: FSceneViewport::OnFocusLost() reason 2
[2019.12.11-15.10.50:289][189]LogSlate: New Slate User Created.  User Index 8, Is Virtual User: 1
[2019.12.11-15.10.50:289][189]LogSlate: Slate User Registered.  User Index 8, Is Virtual User: 1
[2019.12.11-15.10.51:466][247]LogSlate: FSceneViewport::OnFocusLost() reason 5
[2019.12.11-15.10.51:493][247]LogAssetEditorManager: Opening Asset editor for LevelScriptBlueprint /Game/MainLevel.MainLevel:PersistentLevel.MainLevel
[2019.12.11-15.10.52:026][247]LogContentBrowser: Native class hierarchy updated for 'BlueprintGraph' in 0.0010 seconds. Added 121 classes and 0 folders.
[2019.12.11-15.10.53:709][247]LogSlate: Took 0.015806 seconds to synchronously load lazily loaded font '../../../Engine/Content/Slate/Fonts/Roboto-BoldCondensed.ttf' (158K)
[2019.12.11-15.10.53:798][248]LogSlate: Took 0.000293 seconds to synchronously load lazily loaded font '../../../Engine/Content/Slate/Fonts/Roboto-Italic.ttf' (157K)
[2019.12.11-15.10.53:835][249]LogPython: Display: Generating Python API stub file...
[2019.12.11-15.10.54:190][249]LogPython: Display:   ...generating Python API: glue code
[2019.12.11-15.10.54:622][249]LogPython: Display:   ...generating Python API: additional code
[2019.12.11-15.10.54:721][249]LogPython: Display:   ...generated: C:/integrationcourseenv/Projects/!!!AfekaFinalProject/VRoscopy/UnrealEngine/VRoscopy/Intermediate/PythonStub/unreal.py
[2019.12.11-15.10.58:589][336]LogTemp: Repeating last play command: Selected Viewport
[2019.12.11-15.10.58:628][336]LogBlueprintUserMessages: Early PlayInEditor Detection: Level '/Game/MainLevel.MainLevel:PersistentLevel' has LevelScriptBlueprint '/Game/MainLevel.MainLevel:PersistentLevel.MainLevel' with GeneratedClass '/Game/MainLevel.MainLevel_C' with ClassGeneratedBy '/Game/MainLevel.MainLevel:PersistentLevel.MainLevel'
[2019.12.11-15.10.58:629][336]LogPlayLevel: PlayLevel: No blueprints needed recompiling
[2019.12.11-15.10.58:630][336]PIE: New page: PIE session: MainLevel (Dec 11, 2019, 7:10:58 PM)
[2019.12.11-15.10.58:631][336]LogOnline: OSS: Creating online subsystem instance for: NULL
[2019.12.11-15.10.58:633][336]LogPlayLevel: Creating play world package: /Game/UEDPIE_0_MainLevel
[2019.12.11-15.10.58:662][336]LogPlayLevel: PIE: StaticDuplicateObject took: (0.027674s)
[2019.12.11-15.10.58:664][336]LogAIModule: Creating AISystem for world MainLevel
[2019.12.11-15.10.58:664][336]LogPlayLevel: PIE: World Init took: (0.002243s)
[2019.12.11-15.10.58:664][336]LogPlayLevel: PIE: Created PIE world by copying editor world from /Game/MainLevel.MainLevel to /Game/UEDPIE_0_MainLevel.MainLevel (0.030944s)
[2019.12.11-15.10.58:721][336]LogUObjectHash: Compacting FUObjectHashTables data took   6.32ms
[2019.12.11-15.10.58:745][336]LogInit: XAudio2 using 'Speakers (Conexant SmartAudio HD)' : 2 channels at 48 kHz using 32 bits per sample (channel mask 0x3)
[2019.12.11-15.10.58:907][336]LogInit: FAudioDevice initialized.
[2019.12.11-15.10.58:947][336]LogLoad: Game class is 'GameModeBase'
[2019.12.11-15.10.58:952][336]LogWorld: Bringing World /Game/UEDPIE_0_MainLevel.MainLevel up for play (max tick rate 60) at 2019.12.11-17.10.58
[2019.12.11-15.10.58:957][336]LogWorld: Bringing up level for play took: 0.008257
[2019.12.11-15.10.58:957][336]LogOnline: OSS: Creating online subsystem instance for: :Context_4
[2019.12.11-15.10.58:971][336]LogContentBrowser: Native class hierarchy updated for 'MovieSceneCapture' in 0.0006 seconds. Added 20 classes and 0 folders.
[2019.12.11-15.10.59:189][336]LogFactory: FactoryCreateFile: StaticMesh with FbxFactory (0 0 C:/Users/DAN/Desktop/untitled.fbx)
[2019.12.11-15.10.59:304][336]LogFbx: Loading FBX Scene from C:/Users/DAN/Desktop/untitled.fbx
[2019.12.11-15.11.00:152][336]LogFbx: FBX Scene Loaded Succesfully
[2019.12.11-15.11.00:444][336]LogMaterial: Display: Missing cached shader map for material Material, compiling. 
[2019.12.11-15.11.00:554][336]LogFbx: Display: Triangulating static mesh Cube
[2019.12.11-15.11.15:500][336]LogShaderCompilers: Display: Worker (1/3): shaders left to compile 22
[2019.12.11-15.11.15:500][336]LogShaderCompilers: Display: Worker (2/3): shaders left to compile 14
[2019.12.11-15.11.15:500][336]LogShaderCompilers: Display: Worker (3/3): shaders left to compile 6
[2019.12.11-15.11.15:501][336]LogStaticMesh: Building static mesh untitled...
[2019.12.11-15.11.35:431][336]LogStaticMesh: Built static mesh [19.93s] /Game/StaticMeshes/untitled.untitled
[2019.12.11-15.11.44:099][336]LogStaticMesh: Warning: untitled has some nearly zero bi-normals which can create some issues. (Tolerance of 1E-4)
[2019.12.11-15.11.52:778][336]FBXImport: Warning: No smoothing group information was found in this FBX scene.  Please make sure to enable the 'Export Smoothing Groups' option in the FBX Exporter plug-in before exporting the file.  Even for tools that don't support smoothing groups, the FBX Exporter will generate appropriate smoothing data at export-time so that correct vertex normals can be inferred while importing. 
[2019.12.11-15.11.52:780][336]FBXImport: Warning: untitled has some nearly zero bi-normals which can create some issues. (Tolerance of 1E-4) 
[2019.12.11-15.11.52:785][336]LogSlate: FSceneViewport::OnFocusLost() reason 5
[2019.12.11-15.12.01:792][336]LogFileHelpers: No new changes to save!
[2019.12.11-15.12.01:792][336]LogPython: Imported: /Game/StaticMeshes/untitled.untitled
[2019.12.11-15.12.01:793][336]PIE: Play in editor start time for /Game/UEDPIE_0_MainLevel 63.926
[2019.12.11-15.12.01:793][336]LogBlueprintUserMessages: Late PlayInEditor Detection: Level '/Game/MainLevel.MainLevel:PersistentLevel' has LevelScriptBlueprint '/Game/MainLevel.MainLevel:PersistentLevel.MainLevel' with GeneratedClass '/Game/MainLevel.MainLevel_C' with ClassGeneratedBy '/Game/MainLevel.MainLevel:PersistentLevel.MainLevel'
[2019.12.11-15.12.02:893][338]LogPython: Display: Generating Python API stub file...
[2019.12.11-15.12.03:275][338]LogPython: Display:   ...generating Python API: glue code
[2019.12.11-15.12.03:855][338]LogPython: Display:   ...generating Python API: additional code
[2019.12.11-15.12.03:967][338]LogPython: Display:   ...generated: C:/integrationcourseenv/Projects/!!!AfekaFinalProject/VRoscopy/UnrealEngine/VRoscopy/Intermediate/PythonStub/unreal.py
[2019.12.11-15.12.05:037][374]LogSlate: Window 'Message Log' being destroyed
[2019.12.11-15.12.05:072][374]LogSlate: Window 'Message Log' being destroyed
[2019.12.11-15.12.13:806][472]LogSlate: FSceneViewport::OnFocusLost() reason 0
[2019.12.11-15.12.15:582][536]LogSlate: FSceneViewport::OnFocusLost() reason 0
[2019.12.11-15.12.27:870][801]LogBlueprintUserMessages: Early EndPlayMap Detection: Level '/Game/MainLevel.MainLevel:PersistentLevel' has LevelScriptBlueprint '/Game/MainLevel.MainLevel:PersistentLevel.MainLevel' with GeneratedClass '/Game/MainLevel.MainLevel_C' with ClassGeneratedBy '/Game/MainLevel.MainLevel:PersistentLevel.MainLevel'
[2019.12.11-15.12.27:871][801]LogSlate: Updating window title bar state: overlay mode, drag disabled, window buttons hidden, title bar hidden
[2019.12.11-15.12.27:872][801]LogWorld: BeginTearingDown for /Game/UEDPIE_0_MainLevel
[2019.12.11-15.12.27:872][801]LogWorld: UWorld::CleanupWorld for MainLevel, bSessionEnded=true, bCleanupResources=true
[2019.12.11-15.12.27:892][801]LogPlayLevel: Display: Shutting down PIE online subsystems
[2019.12.11-15.12.27:892][801]LogBlueprintUserMessages: Late EndPlayMap Detection: Level '/Game/MainLevel.MainLevel:PersistentLevel' has LevelScriptBlueprint '/Game/MainLevel.MainLevel:PersistentLevel.MainLevel' with GeneratedClass '/Game/MainLevel.MainLevel_C' with ClassGeneratedBy '/Game/MainLevel.MainLevel:PersistentLevel.MainLevel'
[2019.12.11-15.12.27:963][801]LogSlate: Updating window title bar state: overlay mode, drag disabled, window buttons hidden, title bar hidden
[2019.12.11-15.12.27:980][801]LogUObjectHash: Compacting FUObjectHashTables data took   8.63ms
[2019.12.11-15.12.28:015][802]LogPlayLevel: Display: Destroying online subsystem :Context_4
[2019.12.11-15.12.32:208][948]LogUObjectHash: Compacting FUObjectHashTables data took   1.60ms
[2019.12.11-15.12.34:239][948]LogSlate: Window 'Delete Assets' being destroyed
[2019.12.11-15.12.35:043][948]LogUObjectHash: Compacting FUObjectHashTables data took   5.37ms
[2019.12.11-15.12.56:075][114]LogSlate: Window 'MainLevel' being destroyed
[2019.12.11-15.12.56:102][114]LogSlate: Window 'MainLevel' being destroyed
[2019.12.11-15.12.56:150][114]LogWorld: UWorld::CleanupWorld for World_2, bSessionEnded=true, bCleanupResources=true
