Log file open, 12/08/19 19:55:12
LogWindows: Failed to load 'aqProf.dll' (GetLastError=126)
LogWindows: File 'aqProf.dll' does not exist
LogWindows: Failed to load 'VtuneApi.dll' (GetLastError=126)
LogWindows: File 'VtuneApi.dll' does not exist
LogWindows: Failed to load 'VtuneApi32e.dll' (GetLastError=126)
LogWindows: File 'VtuneApi32e.dll' does not exist
LogConsoleResponse: Display: Failed to find resolution value strings in scalability ini. Falling back to default.
LogInit: Display: Running engine for game: VRoscopy
LogPlatformFile: Not using cached read wrapper
LogTaskGraph: Started task graph with 5 named threads and 23 total threads with 3 sets of task threads.
LogStats: Stats thread started at 0.075423
LogD3D11RHI: Loaded GFSDK_Aftermath_Lib.x64.dll
LogICUInternationalization: ICU TimeZone Detection - Raw Offset: +2:00, Platform Override: ''
LogPluginManager: Mounting plugin Paper2D
LogPluginManager: Mounting plugin AISupport
LogPluginManager: Mounting plugin LightPropagationVolume
LogPluginManager: Mounting plugin ActorLayerUtilities
LogPluginManager: Mounting plugin AnimationSharing
LogPluginManager: Mounting plugin CLionSourceCodeAccess
LogPluginManager: Mounting plugin CodeLiteSourceCodeAccess
LogPluginManager: Mounting plugin GitSourceControl
LogPluginManager: Mounting plugin KDevelopSourceCodeAccess
LogPluginManager: Mounting plugin NullSourceCodeAccess
LogPluginManager: Mounting plugin PerforceSourceControl
LogPluginManager: Mounting plugin SubversionSourceControl
LogPluginManager: Mounting plugin UObjectPlugin
LogPluginManager: Mounting plugin VisualStudioCodeSourceCodeAccess
LogPluginManager: Mounting plugin VisualStudioSourceCodeAccess
LogPluginManager: Mounting plugin XCodeSourceCodeAccess
LogPluginManager: Mounting plugin AssetManagerEditor
LogPluginManager: Mounting plugin CryptoKeys
LogPluginManager: Mounting plugin CurveEditorTools
LogPluginManager: Mounting plugin DataValidation
LogPluginManager: Mounting plugin FacialAnimation
LogPluginManager: Mounting plugin GameplayTagsEditor
LogPluginManager: Mounting plugin MacGraphicsSwitching
LogPluginManager: Mounting plugin MaterialAnalyzer
LogPluginManager: Mounting plugin MobileLauncherProfileWizard
LogPluginManager: Mounting plugin PluginBrowser
LogPluginManager: Mounting plugin SpeedTreeImporter
LogPluginManager: Mounting plugin DatasmithContent
LogPluginManager: Mounting plugin VariantManagerContent
LogPluginManager: Mounting plugin AlembicImporter
LogPluginManager: Mounting plugin AutomationUtils
LogPluginManager: Mounting plugin BackChannel
LogPluginManager: Mounting plugin CharacterAI
LogPluginManager: Mounting plugin GeometryCache
LogPluginManager: Mounting plugin HTML5Networking
LogPluginManager: Mounting plugin PlatformCrypto
LogPluginManager: Mounting plugin ProxyLODPlugin
LogPluginManager: Mounting plugin SkeletalReduction
LogPluginManager: Mounting plugin MagicLeap
LogPluginManager: Mounting plugin MagicLeapMedia
LogPluginManager: Mounting plugin AndroidMedia
LogPluginManager: Mounting plugin AvfMedia
LogPluginManager: Mounting plugin ImgMedia
LogPluginManager: Mounting plugin MediaCompositing
LogPluginManager: Mounting plugin MediaPlayerEditor
LogPluginManager: Mounting plugin WebMMedia
LogPluginManager: Mounting plugin WmfMedia
LogPluginManager: Mounting plugin TcpMessaging
LogPluginManager: Mounting plugin UdpMessaging
LogPluginManager: Mounting plugin ActorSequence
LogPluginManager: Mounting plugin LevelSequenceEditor
LogPluginManager: Mounting plugin MatineeToLevelSequence
LogPluginManager: Mounting plugin NetcodeUnitTest
LogPluginManager: Mounting plugin NUTUnrealEngine4
LogPluginManager: Mounting plugin OnlineSubsystemGooglePlay
LogPluginManager: Mounting plugin OnlineSubsystemIOS
LogPluginManager: Mounting plugin OnlineSubsystem
LogPluginManager: Mounting plugin OnlineSubsystemNull
LogPluginManager: Mounting plugin OnlineSubsystemUtils
LogPluginManager: Mounting plugin LauncherChunkInstaller
LogPluginManager: Mounting plugin AndroidDeviceProfileSelector
LogPluginManager: Mounting plugin AndroidMoviePlayer
LogPluginManager: Mounting plugin AndroidPermission
LogPluginManager: Mounting plugin AppleImageUtils
LogPluginManager: Mounting plugin AppleMoviePlayer
LogPluginManager: Mounting plugin ArchVisCharacter
LogPluginManager: Mounting plugin AudioCapture
LogPluginManager: Mounting plugin CableComponent
LogPluginManager: Mounting plugin CustomMeshComponent
LogPluginManager: Mounting plugin EditableMesh
LogPluginManager: Mounting plugin ExampleDeviceProfileSelector
LogPluginManager: Mounting plugin GoogleCloudMessaging
LogPluginManager: Mounting plugin IOSDeviceProfileSelector
LogPluginManager: Mounting plugin LinuxDeviceProfileSelector
LogPluginManager: Mounting plugin LocationServicesBPLibrary
LogPluginManager: Mounting plugin MobilePatchingUtils
LogPluginManager: Mounting plugin OculusVR
LogPluginManager: Mounting plugin PhysXVehicles
LogPluginManager: Mounting plugin ProceduralMeshComponent
LogPluginManager: Mounting plugin RuntimePhysXCooking
LogPluginManager: Mounting plugin SignificanceManager
LogPluginManager: Mounting plugin SteamVR
LogPluginManager: Mounting plugin WebMMoviePlayer
LogPluginManager: Mounting plugin WindowsMoviePlayer
LogPluginManager: Mounting plugin ScreenshotTools
LogInit: Using libcurl 7.55.1-DEV
LogInit:  - built for x86_64-pc-win32
LogInit:  - supports SSL with OpenSSL/1.1.1
LogInit:  - supports HTTP deflate (compression) using libz 1.2.8
LogInit:  - other features:
LogInit:      CURL_VERSION_SSL
LogInit:      CURL_VERSION_LIBZ
LogInit:      CURL_VERSION_IPV6
LogInit:      CURL_VERSION_ASYNCHDNS
LogInit:      CURL_VERSION_LARGEFILE
LogInit:      CURL_VERSION_IDN
LogInit:  CurlRequestOptions (configurable via config and command line):
LogInit:  - bVerifyPeer = true  - Libcurl will verify peer certificate
LogInit:  - bUseHttpProxy = false  - Libcurl will NOT use HTTP proxy
LogInit:  - bDontReuseConnections = false  - Libcurl will reuse connections
LogInit:  - MaxHostConnections = 16  - Libcurl will limit the number of connections to a host
LogInit:  - LocalHostAddr = Default
LogInit:  - BufferSize = 65536
LogOnline: OSS: Creating online subsystem instance for: NULL
LogInit: WinSock: version 1.1 (2.2), MaxSocks=32767, MaxUdp=65467
LogHMD: Failed initializing OVRPlugin 1.37.0
LogInit: Build: ++UE4+Release-4.23-CL-8386587
LogInit: Engine Version: 4.23.0-8386587+++UE4+Release-4.23
LogInit: Compatible Engine Version: 4.23.0-8386587+++UE4+Release-4.23
LogInit: Net CL: 8386587
LogInit: OS: Windows 7 (Service Pack 1), CPU:         Intel(R) Core(TM) i7-2600 CPU @ 3.40GHz, GPU: NVIDIA GeForce GTX 1060 6GB
LogInit: Compiled (64-bit): Aug 31 2019 02:04:44
LogInit: Compiled with Visual C++: 19.16.27030.01
LogInit: Build Configuration: Development
LogInit: Branch Name: ++UE4+Release-4.23
LogInit: Command Line: 
LogInit: Base Directory: C:/Program Files/Epic Games/UE_4.23/Engine/Binaries/Win64/
LogInit: Installed Engine Build: 1
LogDevObjectVersion: Number of dev versions registered: 23
LogDevObjectVersion:   Dev-Blueprints (B0D832E4-1F89-4F0D-ACCF-7EB736FD4AA2): 10
LogDevObjectVersion:   Dev-Build (E1C64328-A22C-4D53-A36C-8E866417BD8C): 0
LogDevObjectVersion:   Dev-Core (375EC13C-06E4-48FB-B500-84F0262A717E): 3
LogDevObjectVersion:   Dev-Editor (E4B068ED-F494-42E9-A231-DA0B2E46BB41): 34
LogDevObjectVersion:   Dev-Framework (CFFC743F-43B0-4480-9391-14DF171D2073): 35
LogDevObjectVersion:   Dev-Mobile (B02B49B5-BB20-44E9-A304-32B752E40360): 2
LogDevObjectVersion:   Dev-Networking (A4E4105C-59A1-49B5-A7C5-40C4547EDFEE): 0
LogDevObjectVersion:   Dev-Online (39C831C9-5AE6-47DC-9A44-9C173E1C8E7C): 0
LogDevObjectVersion:   Dev-Physics (78F01B33-EBEA-4F98-B9B4-84EACCB95AA2): 0
LogDevObjectVersion:   Dev-Platform (6631380F-2D4D-43E0-8009-CF276956A95A): 0
LogDevObjectVersion:   Dev-Rendering (12F88B9F-8875-4AFC-A67C-D90C383ABD29): 31
LogDevObjectVersion:   Dev-Sequencer (7B5AE74C-D270-4C10-A958-57980B212A5A): 11
LogDevObjectVersion:   Dev-VR (D7296918-1DD6-4BDD-9DE2-64A83CC13884): 2
LogDevObjectVersion:   Dev-LoadTimes (C2A15278-BFE7-4AFE-6C17-90FF531DF755): 1
LogDevObjectVersion:   Private-Geometry (6EACA3D4-40EC-4CC1-B786-8BED09428FC5): 3
LogDevObjectVersion:   Dev-AnimPhys (29E575DD-E0A3-4627-9D10-D276232CDCEA): 17
LogDevObjectVersion:   Dev-Anim (AF43A65D-7FD3-4947-9873-3E8ED9C1BB05): 2
LogDevObjectVersion:   Dev-ReflectionCapture (6B266CEC-1EC7-4B8F-A30B-E4D90942FC07): 1
LogDevObjectVersion:   Dev-Automation (0DF73D61-A23F-47EA-B727-89E90C41499A): 1
LogDevObjectVersion:   FortniteMain (601D1886-AC64-4F84-AA16-D3DE0DEAC7D6): 27
LogDevObjectVersion:   Dev-Enterprise (9DFFBCD6-494F-0158-E221-12823C92A888): 6
LogDevObjectVersion:   Dev-Niagara (F2AED0AC-9AFE-416F-8664-AA7FFA26D6FC): 1
LogDevObjectVersion:   Dev-Destruction (174F1F0B-B4C6-45A5-B13F-2EE8D0FB917D): 9
LogInit: Presizing for max 16777216 objects, including 0 objects not considered by GC, pre-allocating 0 bytes for permanent pool.
LogInit: Object subsystem initialized
LogConfig: Setting CVar [[con.DebugEarlyDefault:1]]
LogConfig: Setting CVar [[r.setres:1280x720]]
[2019.12.08-17.55.13:335][  0]LogConfig: Setting CVar [[r.VSync:0]]
[2019.12.08-17.55.13:335][  0]LogConfig: Setting CVar [[r.RHICmdBypass:0]]
[2019.12.08-17.55.13:335][  0]LogConfig: Applying CVar settings from Section [/Script/Engine.RendererSettings] File [C:/Users/Afeka.051-Z210-1/Documents/GitHub/VRoscopyDanrol/VRoscopy/UnrealEngine/VRoscopy/Saved/Config/Windows/Engine.ini]
[2019.12.08-17.55.13:335][  0]LogConfig: Setting CVar [[r.GPUCrashDebugging:0]]
[2019.12.08-17.55.13:335][  0]LogConfig: Setting CVar [[r.DefaultFeature.AmbientOcclusion:0]]
[2019.12.08-17.55.13:335][  0]LogConfig: Setting CVar [[r.DefaultFeature.AmbientOcclusionStaticFraction:0]]
[2019.12.08-17.55.13:335][  0]LogConfig: Setting CVar [[vr.InstancedStereo:1]]
[2019.12.08-17.55.13:335][  0]LogConfig: Setting CVar [[r.SeparateTranslucency:0]]
[2019.12.08-17.55.13:335][  0]LogConfig: Setting CVar [[r.HZBOcclusion:0]]
[2019.12.08-17.55.13:335][  0]LogConfig: Setting CVar [[r.SSR.MaxRoughness:0]]
[2019.12.08-17.55.13:335][  0]LogConfig: Setting CVar [[r.rhicmdbypass:0]]
[2019.12.08-17.55.13:335][  0]LogConfig: Applying CVar settings from Section [/Script/Engine.RendererOverrideSettings] File [C:/Users/Afeka.051-Z210-1/Documents/GitHub/VRoscopyDanrol/VRoscopy/UnrealEngine/VRoscopy/Saved/Config/Windows/Engine.ini]
[2019.12.08-17.55.13:335][  0]LogConfig: Applying CVar settings from Section [/Script/Engine.StreamingSettings] File [C:/Users/Afeka.051-Z210-1/Documents/GitHub/VRoscopyDanrol/VRoscopy/UnrealEngine/VRoscopy/Saved/Config/Windows/Engine.ini]
[2019.12.08-17.55.13:335][  0]LogConfig: Setting CVar [[s.MinBulkDataSizeForAsyncLoading:131072]]
[2019.12.08-17.55.13:335][  0]LogConfig: Setting CVar [[s.AsyncLoadingThreadEnabled:0]]
[2019.12.08-17.55.13:335][  0]LogConfig: Setting CVar [[s.EventDrivenLoaderEnabled:1]]
[2019.12.08-17.55.13:335][  0]LogConfig: Setting CVar [[s.WarnIfTimeLimitExceeded:0]]
[2019.12.08-17.55.13:335][  0]LogConfig: Setting CVar [[s.TimeLimitExceededMultiplier:1.5]]
[2019.12.08-17.55.13:335][  0]LogConfig: Setting CVar [[s.TimeLimitExceededMinTime:0.005]]
[2019.12.08-17.55.13:335][  0]LogConfig: Setting CVar [[s.UseBackgroundLevelStreaming:1]]
[2019.12.08-17.55.13:335][  0]LogConfig: Setting CVar [[s.PriorityAsyncLoadingExtraTime:15.0]]
[2019.12.08-17.55.13:335][  0]LogConfig: Setting CVar [[s.LevelStreamingActorsUpdateTimeLimit:5.0]]
[2019.12.08-17.55.13:335][  0]LogConfig: Setting CVar [[s.PriorityLevelStreamingActorsUpdateExtraTime:5.0]]
[2019.12.08-17.55.13:335][  0]LogConfig: Setting CVar [[s.LevelStreamingComponentsRegistrationGranularity:10]]
[2019.12.08-17.55.13:335][  0]LogConfig: Setting CVar [[s.UnregisterComponentsTimeLimit:1.0]]
[2019.12.08-17.55.13:335][  0]LogConfig: Setting CVar [[s.LevelStreamingComponentsUnregistrationGranularity:5]]
[2019.12.08-17.55.13:335][  0]LogConfig: Applying CVar settings from Section [/Script/Engine.GarbageCollectionSettings] File [C:/Users/Afeka.051-Z210-1/Documents/GitHub/VRoscopyDanrol/VRoscopy/UnrealEngine/VRoscopy/Saved/Config/Windows/Engine.ini]
[2019.12.08-17.55.13:335][  0]LogConfig: Setting CVar [[gc.MaxObjectsNotConsideredByGC:1]]
[2019.12.08-17.55.13:335][  0]LogConfig: Setting CVar [[gc.SizeOfPermanentObjectPool:0]]
[2019.12.08-17.55.13:335][  0]LogConfig: Setting CVar [[gc.FlushStreamingOnGC:0]]
[2019.12.08-17.55.13:335][  0]LogConfig: Setting CVar [[gc.NumRetriesBeforeForcingGC:10]]
[2019.12.08-17.55.13:335][  0]LogConfig: Setting CVar [[gc.AllowParallelGC:1]]
[2019.12.08-17.55.13:335][  0]LogConfig: Setting CVar [[gc.TimeBetweenPurgingPendingKillObjects:61.1]]
[2019.12.08-17.55.13:335][  0]LogConfig: Setting CVar [[gc.MaxObjectsInEditor:16777216]]
[2019.12.08-17.55.13:335][  0]LogConfig: Setting CVar [[gc.IncrementalBeginDestroyEnabled:1]]
[2019.12.08-17.55.13:335][  0]LogConfig: Setting CVar [[gc.CreateGCClusters:1]]
[2019.12.08-17.55.13:335][  0]LogConfig: Setting CVar [[gc.MinGCClusterSize:5]]
[2019.12.08-17.55.13:335][  0]LogConfig: Setting CVar [[gc.ActorClusteringEnabled:0]]
[2019.12.08-17.55.13:335][  0]LogConfig: Setting CVar [[gc.BlueprintClusteringEnabled:0]]
[2019.12.08-17.55.13:335][  0]LogConfig: Setting CVar [[gc.UseDisregardForGCOnDedicatedServers:0]]
[2019.12.08-17.55.13:335][  0]LogConfig: Applying CVar settings from Section [/Script/Engine.NetworkSettings] File [C:/Users/Afeka.051-Z210-1/Documents/GitHub/VRoscopyDanrol/VRoscopy/UnrealEngine/VRoscopy/Saved/Config/Windows/Engine.ini]
[2019.12.08-17.55.13:335][  0]LogConfig: Applying CVar settings from Section [/Script/UnrealEd.CookerSettings] File [C:/Users/Afeka.051-Z210-1/Documents/GitHub/VRoscopyDanrol/VRoscopy/UnrealEngine/VRoscopy/Saved/Config/Windows/Engine.ini]
[2019.12.08-17.55.13:338][  0]LogConfig: Applying CVar settings from Section [ViewDistanceQuality@3] File [C:/Users/Afeka.051-Z210-1/Documents/GitHub/VRoscopyDanrol/VRoscopy/UnrealEngine/VRoscopy/Saved/Config/Windows/Scalability.ini]
[2019.12.08-17.55.13:338][  0]LogConfig: Setting CVar [[r.SkeletalMeshLODBias:0]]
[2019.12.08-17.55.13:338][  0]LogConfig: Setting CVar [[r.ViewDistanceScale:1.0]]
[2019.12.08-17.55.13:338][  0]LogConfig: Applying CVar settings from Section [AntiAliasingQuality@3] File [C:/Users/Afeka.051-Z210-1/Documents/GitHub/VRoscopyDanrol/VRoscopy/UnrealEngine/VRoscopy/Saved/Config/Windows/Scalability.ini]
[2019.12.08-17.55.13:338][  0]LogConfig: Setting CVar [[r.PostProcessAAQuality:3]]
[2019.12.08-17.55.13:338][  0]LogConfig: Applying CVar settings from Section [ShadowQuality@3] File [C:/Users/Afeka.051-Z210-1/Documents/GitHub/VRoscopyDanrol/VRoscopy/UnrealEngine/VRoscopy/Saved/Config/Windows/Scalability.ini]
[2019.12.08-17.55.13:338][  0]LogConfig: Setting CVar [[r.LightFunctionQuality:1]]
[2019.12.08-17.55.13:338][  0]LogConfig: Setting CVar [[r.ShadowQuality:5]]
[2019.12.08-17.55.13:338][  0]LogConfig: Setting CVar [[r.Shadow.CSM.MaxCascades:10]]
[2019.12.08-17.55.13:338][  0]LogConfig: Setting CVar [[r.Shadow.MaxResolution:2048]]
[2019.12.08-17.55.13:338][  0]LogConfig: Setting CVar [[r.Shadow.MaxCSMResolution:2048]]
[2019.12.08-17.55.13:338][  0]LogConfig: Setting CVar [[r.Shadow.RadiusThreshold:0.01]]
[2019.12.08-17.55.13:338][  0]LogConfig: Setting CVar [[r.Shadow.DistanceScale:1.0]]
[2019.12.08-17.55.13:338][  0]LogConfig: Setting CVar [[r.Shadow.CSM.TransitionScale:1.0]]
[2019.12.08-17.55.13:338][  0]LogConfig: Setting CVar [[r.Shadow.PreShadowResolutionFactor:1.0]]
[2019.12.08-17.55.13:338][  0]LogConfig: Setting CVar [[r.DistanceFieldShadowing:1]]
[2019.12.08-17.55.13:338][  0]LogConfig: Setting CVar [[r.DistanceFieldAO:1]]
[2019.12.08-17.55.13:338][  0]LogConfig: Setting CVar [[r.AOQuality:2]]
[2019.12.08-17.55.13:338][  0]LogConfig: Setting CVar [[r.VolumetricFog:1]]
[2019.12.08-17.55.13:338][  0]LogConfig: Setting CVar [[r.VolumetricFog.GridPixelSize:8]]
[2019.12.08-17.55.13:338][  0]LogConfig: Setting CVar [[r.VolumetricFog.GridSizeZ:128]]
[2019.12.08-17.55.13:338][  0]LogConfig: Setting CVar [[r.VolumetricFog.HistoryMissSupersampleCount:4]]
[2019.12.08-17.55.13:338][  0]LogConfig: Setting CVar [[r.LightMaxDrawDistanceScale:1]]
[2019.12.08-17.55.13:338][  0]LogConfig: Setting CVar [[r.CapsuleShadows:1]]
[2019.12.08-17.55.13:338][  0]LogConfig: Applying CVar settings from Section [PostProcessQuality@3] File [C:/Users/Afeka.051-Z210-1/Documents/GitHub/VRoscopyDanrol/VRoscopy/UnrealEngine/VRoscopy/Saved/Config/Windows/Scalability.ini]
[2019.12.08-17.55.13:338][  0]LogConfig: Setting CVar [[r.MotionBlurQuality:0]]
[2019.12.08-17.55.13:338][  0]LogConfig: Setting CVar [[r.AmbientOcclusionMipLevelFactor:0.4]]
[2019.12.08-17.55.13:338][  0]LogConfig: Setting CVar [[r.AmbientOcclusionMaxQuality:100]]
[2019.12.08-17.55.13:338][  0]LogConfig: Setting CVar [[r.AmbientOcclusionLevels:0]]
[2019.12.08-17.55.13:338][  0]LogConfig: Setting CVar [[r.AmbientOcclusionRadiusScale:1.0]]
[2019.12.08-17.55.13:338][  0]LogConfig: Setting CVar [[r.DepthOfFieldQuality:0]]
[2019.12.08-17.55.13:338][  0]LogConfig: Setting CVar [[r.RenderTargetPoolMin:400]]
[2019.12.08-17.55.13:338][  0]LogConfig: Setting CVar [[r.LensFlareQuality:0]]
[2019.12.08-17.55.13:338][  0]LogConfig: Setting CVar [[r.SceneColorFringeQuality:0]]
[2019.12.08-17.55.13:338][  0]LogConfig: Setting CVar [[r.EyeAdaptationQuality:2]]
[2019.12.08-17.55.13:338][  0]LogConfig: Setting CVar [[r.BloomQuality:1]]
[2019.12.08-17.55.13:338][  0]LogConfig: Setting CVar [[r.FastBlurThreshold:0]]
[2019.12.08-17.55.13:338][  0]LogConfig: Setting CVar [[r.Upscale.Quality:3]]
[2019.12.08-17.55.13:338][  0]LogConfig: Setting CVar [[r.Tonemapper.GrainQuantization:1]]
[2019.12.08-17.55.13:338][  0]LogConfig: Setting CVar [[r.LightShaftQuality:1]]
[2019.12.08-17.55.13:338][  0]LogConfig: Setting CVar [[r.Filter.SizeScale:1]]
[2019.12.08-17.55.13:339][  0]LogConfig: Setting CVar [[r.Tonemapper.Quality:5]]
[2019.12.08-17.55.13:339][  0]LogConfig: Setting CVar [[r.DOF.Gather.AccumulatorQuality:1        ; higher gathering accumulator quality]]
[2019.12.08-17.55.13:339][  0]LogConfig: Setting CVar [[r.DOF.Gather.PostfilterMethod:1          ; Median3x3 postfilering method]]
[2019.12.08-17.55.13:339][  0]LogConfig: Setting CVar [[r.DOF.Gather.EnableBokehSettings:0       ; no bokeh simulation when gathering]]
[2019.12.08-17.55.13:339][  0]LogConfig: Setting CVar [[r.DOF.Gather.RingCount:4                 ; medium number of samples when gathering]]
[2019.12.08-17.55.13:339][  0]LogConfig: Setting CVar [[r.DOF.Scatter.ForegroundCompositing:1    ; additive foreground scattering]]
[2019.12.08-17.55.13:339][  0]LogConfig: Setting CVar [[r.DOF.Scatter.BackgroundCompositing:2    ; additive background scattering]]
[2019.12.08-17.55.13:339][  0]LogConfig: Setting CVar [[r.DOF.Scatter.EnableBokehSettings:1      ; bokeh simulation when scattering]]
[2019.12.08-17.55.13:339][  0]LogConfig: Setting CVar [[r.DOF.Scatter.MaxSpriteRatio:0.1         ; only a maximum of 10% of scattered bokeh]]
[2019.12.08-17.55.13:339][  0]LogConfig: Setting CVar [[r.DOF.Recombine.Quality:1                ; cheap slight out of focus]]
[2019.12.08-17.55.13:339][  0]LogConfig: Setting CVar [[r.DOF.Recombine.EnableBokehSettings:0    ; no bokeh simulation on slight out of focus]]
[2019.12.08-17.55.13:339][  0]LogConfig: Setting CVar [[r.DOF.TemporalAAQuality:1                ; more stable temporal accumulation]]
[2019.12.08-17.55.13:339][  0]LogConfig: Setting CVar [[r.DOF.Kernel.MaxForegroundRadius:0.025]]
[2019.12.08-17.55.13:339][  0]LogConfig: Setting CVar [[r.DOF.Kernel.MaxBackgroundRadius:0.025]]
[2019.12.08-17.55.13:339][  0]LogConfig: Applying CVar settings from Section [TextureQuality@3] File [C:/Users/Afeka.051-Z210-1/Documents/GitHub/VRoscopyDanrol/VRoscopy/UnrealEngine/VRoscopy/Saved/Config/Windows/Scalability.ini]
[2019.12.08-17.55.13:339][  0]LogConfig: Setting CVar [[r.Streaming.MipBias:0]]
[2019.12.08-17.55.13:339][  0]LogConfig: Setting CVar [[r.Streaming.AmortizeCPUToGPUCopy:0]]
[2019.12.08-17.55.13:339][  0]LogConfig: Setting CVar [[r.Streaming.MaxNumTexturesToStreamPerFrame:0]]
[2019.12.08-17.55.13:339][  0]LogConfig: Setting CVar [[r.Streaming.Boost:1]]
[2019.12.08-17.55.13:339][  0]LogConfig: Setting CVar [[r.MaxAnisotropy:8]]
[2019.12.08-17.55.13:339][  0]LogConfig: Setting CVar [[r.Streaming.LimitPoolSizeToVRAM:0]]
[2019.12.08-17.55.13:339][  0]LogConfig: Setting CVar [[r.Streaming.PoolSize:1000]]
[2019.12.08-17.55.13:339][  0]LogConfig: Setting CVar [[r.Streaming.MaxEffectiveScreenSize:0]]
[2019.12.08-17.55.13:339][  0]LogConfig: Applying CVar settings from Section [EffectsQuality@3] File [C:/Users/Afeka.051-Z210-1/Documents/GitHub/VRoscopyDanrol/VRoscopy/UnrealEngine/VRoscopy/Saved/Config/Windows/Scalability.ini]
[2019.12.08-17.55.13:339][  0]LogConfig: Setting CVar [[r.TranslucencyLightingVolumeDim:4]]
[2019.12.08-17.55.13:339][  0]LogConfig: Setting CVar [[r.RefractionQuality:2]]
[2019.12.08-17.55.13:339][  0]LogConfig: Setting CVar [[r.SSR.Quality:0]]
[2019.12.08-17.55.13:339][  0]LogConfig: Setting CVar [[r.SceneColorFormat:2]]
[2019.12.08-17.55.13:339][  0]LogConfig: Setting CVar [[r.DetailMode:2]]
[2019.12.08-17.55.13:339][  0]LogConfig: Setting CVar [[r.TranslucencyVolumeBlur:0]]
[2019.12.08-17.55.13:339][  0]LogConfig: Setting CVar [[r.MaterialQualityLevel:1 ; High quality]]
[2019.12.08-17.55.13:339][  0]LogConfig: Setting CVar [[r.SSS.Scale:1]]
[2019.12.08-17.55.13:339][  0]LogConfig: Setting CVar [[r.SSS.SampleSet:2]]
[2019.12.08-17.55.13:339][  0]LogConfig: Setting CVar [[r.SSS.Quality:1]]
[2019.12.08-17.55.13:339][  0]LogConfig: Setting CVar [[r.SSS.HalfRes:1]]
[2019.12.08-17.55.13:339][  0]LogConfig: Setting CVar [[r.EmitterSpawnRateScale:1.0]]
[2019.12.08-17.55.13:339][  0]LogConfig: Setting CVar [[r.ParticleLightQuality:2]]
[2019.12.08-17.55.13:339][  0]LogConfig: Applying CVar settings from Section [FoliageQuality@3] File [C:/Users/Afeka.051-Z210-1/Documents/GitHub/VRoscopyDanrol/VRoscopy/UnrealEngine/VRoscopy/Saved/Config/Windows/Scalability.ini]
[2019.12.08-17.55.13:339][  0]LogConfig: Setting CVar [[foliage.DensityScale:1.0]]
[2019.12.08-17.55.13:339][  0]LogConfig: Setting CVar [[grass.DensityScale:1.0]]
[2019.12.08-17.55.13:339][  0]LogInit: Selected Device Profile: [Windows]
[2019.12.08-17.55.13:339][  0]LogInit: Applying CVar settings loaded from the selected device profile: [Windows]
[2019.12.08-17.55.13:342][  0]LogHAL: Display: Platform has ~ 16 GB [17062539264 / 17179869184 / 16], which maps to Larger [LargestMinGB=32, LargerMinGB=12, DefaultMinGB=8, SmallerMinGB=6, SmallestMinGB=0)
[2019.12.08-17.55.13:342][  0]LogInit: Going up to parent DeviceProfile []
[2019.12.08-17.55.13:342][  0]LogConfig: Applying CVar settings from Section [ViewDistanceQuality@3] File [C:/Users/Afeka.051-Z210-1/Documents/GitHub/VRoscopyDanrol/VRoscopy/UnrealEngine/VRoscopy/Saved/Config/Windows/Scalability.ini]
[2019.12.08-17.55.13:342][  0]LogConfig: Setting CVar [[r.SkeletalMeshLODBias:0]]
[2019.12.08-17.55.13:342][  0]LogConfig: Setting CVar [[r.ViewDistanceScale:1.0]]
[2019.12.08-17.55.13:342][  0]LogConfig: Applying CVar settings from Section [AntiAliasingQuality@3] File [C:/Users/Afeka.051-Z210-1/Documents/GitHub/VRoscopyDanrol/VRoscopy/UnrealEngine/VRoscopy/Saved/Config/Windows/Scalability.ini]
[2019.12.08-17.55.13:342][  0]LogConfig: Setting CVar [[r.PostProcessAAQuality:3]]
[2019.12.08-17.55.13:342][  0]LogConfig: Applying CVar settings from Section [ShadowQuality@3] File [C:/Users/Afeka.051-Z210-1/Documents/GitHub/VRoscopyDanrol/VRoscopy/UnrealEngine/VRoscopy/Saved/Config/Windows/Scalability.ini]
[2019.12.08-17.55.13:342][  0]LogConfig: Setting CVar [[r.LightFunctionQuality:1]]
[2019.12.08-17.55.13:343][  0]LogConfig: Setting CVar [[r.ShadowQuality:5]]
[2019.12.08-17.55.13:343][  0]LogConfig: Setting CVar [[r.Shadow.CSM.MaxCascades:10]]
[2019.12.08-17.55.13:343][  0]LogConfig: Setting CVar [[r.Shadow.MaxResolution:2048]]
[2019.12.08-17.55.13:343][  0]LogConfig: Setting CVar [[r.Shadow.MaxCSMResolution:2048]]
[2019.12.08-17.55.13:343][  0]LogConfig: Setting CVar [[r.Shadow.RadiusThreshold:0.01]]
[2019.12.08-17.55.13:343][  0]LogConfig: Setting CVar [[r.Shadow.DistanceScale:1.0]]
[2019.12.08-17.55.13:343][  0]LogConfig: Setting CVar [[r.Shadow.CSM.TransitionScale:1.0]]
[2019.12.08-17.55.13:343][  0]LogConfig: Setting CVar [[r.Shadow.PreShadowResolutionFactor:1.0]]
[2019.12.08-17.55.13:343][  0]LogConfig: Setting CVar [[r.DistanceFieldShadowing:1]]
[2019.12.08-17.55.13:343][  0]LogConfig: Setting CVar [[r.DistanceFieldAO:1]]
[2019.12.08-17.55.13:343][  0]LogConfig: Setting CVar [[r.AOQuality:2]]
[2019.12.08-17.55.13:343][  0]LogConfig: Setting CVar [[r.VolumetricFog:1]]
[2019.12.08-17.55.13:343][  0]LogConfig: Setting CVar [[r.VolumetricFog.GridPixelSize:8]]
[2019.12.08-17.55.13:343][  0]LogConfig: Setting CVar [[r.VolumetricFog.GridSizeZ:128]]
[2019.12.08-17.55.13:343][  0]LogConfig: Setting CVar [[r.VolumetricFog.HistoryMissSupersampleCount:4]]
[2019.12.08-17.55.13:343][  0]LogConfig: Setting CVar [[r.LightMaxDrawDistanceScale:1]]
[2019.12.08-17.55.13:343][  0]LogConfig: Setting CVar [[r.CapsuleShadows:1]]
[2019.12.08-17.55.13:343][  0]LogConfig: Applying CVar settings from Section [PostProcessQuality@3] File [C:/Users/Afeka.051-Z210-1/Documents/GitHub/VRoscopyDanrol/VRoscopy/UnrealEngine/VRoscopy/Saved/Config/Windows/Scalability.ini]
[2019.12.08-17.55.13:343][  0]LogConfig: Setting CVar [[r.MotionBlurQuality:0]]
[2019.12.08-17.55.13:343][  0]LogConfig: Setting CVar [[r.AmbientOcclusionMipLevelFactor:0.4]]
[2019.12.08-17.55.13:343][  0]LogConfig: Setting CVar [[r.AmbientOcclusionMaxQuality:100]]
[2019.12.08-17.55.13:343][  0]LogConfig: Setting CVar [[r.AmbientOcclusionLevels:0]]
[2019.12.08-17.55.13:343][  0]LogConfig: Setting CVar [[r.AmbientOcclusionRadiusScale:1.0]]
[2019.12.08-17.55.13:343][  0]LogConfig: Setting CVar [[r.DepthOfFieldQuality:0]]
[2019.12.08-17.55.13:343][  0]LogConfig: Setting CVar [[r.RenderTargetPoolMin:400]]
[2019.12.08-17.55.13:343][  0]LogConfig: Setting CVar [[r.LensFlareQuality:0]]
[2019.12.08-17.55.13:343][  0]LogConfig: Setting CVar [[r.SceneColorFringeQuality:0]]
[2019.12.08-17.55.13:343][  0]LogConfig: Setting CVar [[r.EyeAdaptationQuality:2]]
[2019.12.08-17.55.13:343][  0]LogConfig: Setting CVar [[r.BloomQuality:1]]
[2019.12.08-17.55.13:343][  0]LogConfig: Setting CVar [[r.FastBlurThreshold:0]]
[2019.12.08-17.55.13:343][  0]LogConfig: Setting CVar [[r.Upscale.Quality:3]]
[2019.12.08-17.55.13:343][  0]LogConfig: Setting CVar [[r.Tonemapper.GrainQuantization:1]]
[2019.12.08-17.55.13:343][  0]LogConfig: Setting CVar [[r.LightShaftQuality:1]]
[2019.12.08-17.55.13:343][  0]LogConfig: Setting CVar [[r.Filter.SizeScale:1]]
[2019.12.08-17.55.13:343][  0]LogConfig: Setting CVar [[r.Tonemapper.Quality:5]]
[2019.12.08-17.55.13:343][  0]LogConfig: Setting CVar [[r.DOF.Gather.AccumulatorQuality:1        ; higher gathering accumulator quality]]
[2019.12.08-17.55.13:343][  0]LogConfig: Setting CVar [[r.DOF.Gather.PostfilterMethod:1          ; Median3x3 postfilering method]]
[2019.12.08-17.55.13:343][  0]LogConfig: Setting CVar [[r.DOF.Gather.EnableBokehSettings:0       ; no bokeh simulation when gathering]]
[2019.12.08-17.55.13:343][  0]LogConfig: Setting CVar [[r.DOF.Gather.RingCount:4                 ; medium number of samples when gathering]]
[2019.12.08-17.55.13:343][  0]LogConfig: Setting CVar [[r.DOF.Scatter.ForegroundCompositing:1    ; additive foreground scattering]]
[2019.12.08-17.55.13:343][  0]LogConfig: Setting CVar [[r.DOF.Scatter.BackgroundCompositing:2    ; additive background scattering]]
[2019.12.08-17.55.13:343][  0]LogConfig: Setting CVar [[r.DOF.Scatter.EnableBokehSettings:1      ; bokeh simulation when scattering]]
[2019.12.08-17.55.13:343][  0]LogConfig: Setting CVar [[r.DOF.Scatter.MaxSpriteRatio:0.1         ; only a maximum of 10% of scattered bokeh]]
[2019.12.08-17.55.13:343][  0]LogConfig: Setting CVar [[r.DOF.Recombine.Quality:1                ; cheap slight out of focus]]
[2019.12.08-17.55.13:343][  0]LogConfig: Setting CVar [[r.DOF.Recombine.EnableBokehSettings:0    ; no bokeh simulation on slight out of focus]]
[2019.12.08-17.55.13:343][  0]LogConfig: Setting CVar [[r.DOF.TemporalAAQuality:1                ; more stable temporal accumulation]]
[2019.12.08-17.55.13:343][  0]LogConfig: Setting CVar [[r.DOF.Kernel.MaxForegroundRadius:0.025]]
[2019.12.08-17.55.13:343][  0]LogConfig: Setting CVar [[r.DOF.Kernel.MaxBackgroundRadius:0.025]]
[2019.12.08-17.55.13:343][  0]LogConfig: Applying CVar settings from Section [TextureQuality@3] File [C:/Users/Afeka.051-Z210-1/Documents/GitHub/VRoscopyDanrol/VRoscopy/UnrealEngine/VRoscopy/Saved/Config/Windows/Scalability.ini]
[2019.12.08-17.55.13:343][  0]LogConfig: Setting CVar [[r.Streaming.MipBias:0]]
[2019.12.08-17.55.13:343][  0]LogConfig: Setting CVar [[r.Streaming.AmortizeCPUToGPUCopy:0]]
[2019.12.08-17.55.13:343][  0]LogConfig: Setting CVar [[r.Streaming.MaxNumTexturesToStreamPerFrame:0]]
[2019.12.08-17.55.13:343][  0]LogConfig: Setting CVar [[r.Streaming.Boost:1]]
[2019.12.08-17.55.13:343][  0]LogConfig: Setting CVar [[r.MaxAnisotropy:8]]
[2019.12.08-17.55.13:343][  0]LogConfig: Setting CVar [[r.Streaming.LimitPoolSizeToVRAM:0]]
[2019.12.08-17.55.13:343][  0]LogConfig: Setting CVar [[r.Streaming.PoolSize:1000]]
[2019.12.08-17.55.13:343][  0]LogConfig: Setting CVar [[r.Streaming.MaxEffectiveScreenSize:0]]
[2019.12.08-17.55.13:343][  0]LogConfig: Applying CVar settings from Section [EffectsQuality@3] File [C:/Users/Afeka.051-Z210-1/Documents/GitHub/VRoscopyDanrol/VRoscopy/UnrealEngine/VRoscopy/Saved/Config/Windows/Scalability.ini]
[2019.12.08-17.55.13:343][  0]LogConfig: Setting CVar [[r.TranslucencyLightingVolumeDim:4]]
[2019.12.08-17.55.13:343][  0]LogConfig: Setting CVar [[r.RefractionQuality:2]]
[2019.12.08-17.55.13:343][  0]LogConfig: Setting CVar [[r.SSR.Quality:0]]
[2019.12.08-17.55.13:343][  0]LogConfig: Setting CVar [[r.SceneColorFormat:2]]
[2019.12.08-17.55.13:343][  0]LogConfig: Setting CVar [[r.DetailMode:2]]
[2019.12.08-17.55.13:343][  0]LogConfig: Setting CVar [[r.TranslucencyVolumeBlur:0]]
[2019.12.08-17.55.13:343][  0]LogConfig: Setting CVar [[r.MaterialQualityLevel:1 ; High quality]]
[2019.12.08-17.55.13:343][  0]LogConfig: Setting CVar [[r.SSS.Scale:1]]
[2019.12.08-17.55.13:343][  0]LogConfig: Setting CVar [[r.SSS.SampleSet:2]]
[2019.12.08-17.55.13:343][  0]LogConfig: Setting CVar [[r.SSS.Quality:1]]
[2019.12.08-17.55.13:343][  0]LogConfig: Setting CVar [[r.SSS.HalfRes:1]]
[2019.12.08-17.55.13:343][  0]LogConfig: Setting CVar [[r.EmitterSpawnRateScale:1.0]]
[2019.12.08-17.55.13:343][  0]LogConfig: Setting CVar [[r.ParticleLightQuality:2]]
[2019.12.08-17.55.13:344][  0]LogConfig: Applying CVar settings from Section [FoliageQuality@3] File [C:/Users/Afeka.051-Z210-1/Documents/GitHub/VRoscopyDanrol/VRoscopy/UnrealEngine/VRoscopy/Saved/Config/Windows/Scalability.ini]
[2019.12.08-17.55.13:344][  0]LogConfig: Setting CVar [[foliage.DensityScale:1.0]]
[2019.12.08-17.55.13:344][  0]LogConfig: Setting CVar [[grass.DensityScale:1.0]]
[2019.12.08-17.55.13:344][  0]LogConfig: Applying CVar settings from Section [Startup] File [../../../Engine/Config/ConsoleVariables.ini]
[2019.12.08-17.55.13:344][  0]LogConfig: Setting CVar [[net.UseAdaptiveNetUpdateFrequency:0]]
[2019.12.08-17.55.13:344][  0]LogConfig: Setting CVar [[p.chaos.AllowCreatePhysxBodies:1]]
[2019.12.08-17.55.13:344][  0]LogConfig: Applying CVar settings from Section [ConsoleVariables] File [C:/Users/Afeka.051-Z210-1/Documents/GitHub/VRoscopyDanrol/VRoscopy/UnrealEngine/VRoscopy/Saved/Config/Windows/Engine.ini]
[2019.12.08-17.55.13:344][  0]LogInit: Computer: 051-Z210-1
[2019.12.08-17.55.13:344][  0]LogInit: User: Afeka
[2019.12.08-17.55.13:344][  0]LogInit: CPU Page size=4096, Cores=4
[2019.12.08-17.55.13:344][  0]LogInit: High frequency timer resolution =3.312841 MHz
[2019.12.08-17.55.13:344][  0]LogMemory: Memory total: Physical=15.9GB (16GB approx)
[2019.12.08-17.55.13:344][  0]LogMemory: Platform Memory Stats for Windows
[2019.12.08-17.55.13:344][  0]LogMemory: Process Physical Memory: 110.80 MB used, 110.80 MB peak
[2019.12.08-17.55.13:344][  0]LogMemory: Process Virtual Memory: 108.61 MB used, 108.61 MB peak
[2019.12.08-17.55.13:344][  0]LogMemory: Physical Memory: 7621.55 MB used,  8650.55 MB free, 16272.11 MB total
[2019.12.08-17.55.13:344][  0]LogMemory: Virtual Memory: 557.86 MB used,  8388050.00 MB free, 8388608.00 MB total
[2019.12.08-17.55.13:357][  0]LogWindows: WindowsPlatformFeatures enabled
[2019.12.08-17.55.13:383][  0]LogInit: Using OS detected language (he-IL).
[2019.12.08-17.55.13:383][  0]LogInit: Using OS detected locale (he-IL).
[2019.12.08-17.55.13:384][  0]LogTextLocalizationManager: No localization for 'he-IL' exists, so 'en' will be used for the language.
[2019.12.08-17.55.13:548][  0]LogWindows: Failed to load 'shcore.dll' (GetLastError=126)
[2019.12.08-17.55.13:548][  0]LogWindows: File 'shcore.dll' does not exist
[2019.12.08-17.55.13:548][  0]LogInit: Setting process to DPI aware
[2019.12.08-17.55.13:573][  0]LogSlate: New Slate User Created.  User Index 0, Is Virtual User: 0
[2019.12.08-17.55.13:573][  0]LogSlate: Slate User Registered.  User Index 0, Is Virtual User: 0
[2019.12.08-17.55.13:849][  0]LogHMD: Failed to initialize OpenVR with code 126
[2019.12.08-17.55.13:849][  0]LogD3D11RHI: D3D11 adapters:
[2019.12.08-17.55.13:895][  0]LogD3D11RHI:    0. 'NVIDIA GeForce GTX 1060 6GB' (Feature Level 11_0)
[2019.12.08-17.55.13:895][  0]LogD3D11RHI:       6036/0/7880 MB DedicatedVideo/DedicatedSystem/SharedSystem, Outputs:1, VendorId:0x10de
[2019.12.08-17.55.13:915][  0]LogD3D11RHI:    1. 'Intel(R) HD Graphics Family' (Feature Level 10_0)
[2019.12.08-17.55.13:915][  0]LogD3D11RHI:       64/0/1632 MB DedicatedVideo/DedicatedSystem/SharedSystem, Outputs:0, VendorId:0x8086
[2019.12.08-17.55.13:915][  0]LogD3D11RHI: Chosen D3D11 Adapter: 0
[2019.12.08-17.55.13:921][  0]LogD3D11RHI: Creating new Direct3DDevice
[2019.12.08-17.55.13:921][  0]LogD3D11RHI:     GPU DeviceId: 0x1c03 (for the marketing name, search the web for "GPU Device Id")
[2019.12.08-17.55.13:921][  0]LogWindows: EnumDisplayDevices:
[2019.12.08-17.55.13:921][  0]LogWindows:    0. 'NVIDIA GeForce GTX 1060 6GB' (P:1 D:1)
[2019.12.08-17.55.13:921][  0]LogWindows:    1. 'NVIDIA GeForce GTX 1060 6GB' (P:0 D:0)
[2019.12.08-17.55.13:922][  0]LogWindows:    2. 'NVIDIA GeForce GTX 1060 6GB' (P:0 D:0)
[2019.12.08-17.55.13:922][  0]LogWindows:    3. 'NVIDIA GeForce GTX 1060 6GB' (P:0 D:0)
[2019.12.08-17.55.13:922][  0]LogWindows:    4. 'Intel(R) HD Graphics Family' (P:0 D:0)
[2019.12.08-17.55.13:922][  0]LogWindows:    5. 'Intel(R) HD Graphics Family' (P:0 D:0)
[2019.12.08-17.55.13:922][  0]LogWindows:    6. 'RDPDD Chained DD' (P:0 D:0)
[2019.12.08-17.55.13:922][  0]LogWindows:    7. 'RDP Encoder Mirror Driver' (P:0 D:0)
[2019.12.08-17.55.13:922][  0]LogWindows:    8. 'RDP Reflector Display Driver' (P:0 D:0)
[2019.12.08-17.55.13:923][  0]LogWindows: DebugString: PrimaryIsNotTheChoosenAdapter PrimaryIsNotTheChoosenAdapter GetVideoDriverDetailsInvalid PrimaryIsNotTheChoosenAdapter GetVideoDriverDetailsInvalid PrimaryIsNotTheChoosenAdapter GetVideoDriverDetailsInvalid PrimaryIsNotTheChoosenAdapter FoundDriverCount:4 
[2019.12.08-17.55.13:923][  0]LogD3D11RHI:     Adapter Name: NVIDIA GeForce GTX 1060 6GB
[2019.12.08-17.55.13:923][  0]LogD3D11RHI:   Driver Version: 441.41 (internal:26.21.14.4141, unified:441.41)
[2019.12.08-17.55.13:923][  0]LogD3D11RHI:      Driver Date: 11-20-2019
[2019.12.08-17.55.13:923][  0]LogRHI: Texture pool is 4225 MB (70% of 6036 MB)
[2019.12.08-17.55.13:948][  0]LogD3D11RHI: Async texture creation enabled
[2019.12.08-17.55.13:964][  0]LogD3D11RHI: GPU Timing Frequency: 1000.000000 (Debug: 2 2)
[2019.12.08-17.55.14:298][  0]LogTemp: Display: Module 'AllDesktopTargetPlatform' loaded TargetPlatform 'AllDesktop'
[2019.12.08-17.55.14:307][  0]LogTemp: Display: Module 'MacClientTargetPlatform' loaded TargetPlatform 'MacClient'
[2019.12.08-17.55.14:316][  0]LogTemp: Display: Module 'MacNoEditorTargetPlatform' loaded TargetPlatform 'MacNoEditor'
[2019.12.08-17.55.14:325][  0]LogTemp: Display: Module 'MacServerTargetPlatform' loaded TargetPlatform 'MacServer'
[2019.12.08-17.55.14:334][  0]LogTemp: Display: Module 'MacTargetPlatform' loaded TargetPlatform 'Mac'
[2019.12.08-17.55.14:344][  0]LogTemp: Display: Module 'WindowsClientTargetPlatform' loaded TargetPlatform 'WindowsClient'
[2019.12.08-17.55.14:353][  0]LogTemp: Display: Module 'WindowsNoEditorTargetPlatform' loaded TargetPlatform 'WindowsNoEditor'
[2019.12.08-17.55.14:362][  0]LogTemp: Display: Module 'WindowsServerTargetPlatform' loaded TargetPlatform 'WindowsServer'
[2019.12.08-17.55.14:366][  0]LogTemp: Display: Module 'WindowsTargetPlatform' loaded TargetPlatform 'Windows'
[2019.12.08-17.55.14:398][  0]LogTemp: Display: Module 'AndroidTargetPlatform' loaded TargetPlatform 'Android'
[2019.12.08-17.55.14:398][  0]LogTemp: Display: Module 'AndroidTargetPlatform' loaded TargetPlatform 'Android_ASTC'
[2019.12.08-17.55.14:398][  0]LogTemp: Display: Module 'AndroidTargetPlatform' loaded TargetPlatform 'Android_ATC'
[2019.12.08-17.55.14:398][  0]LogTemp: Display: Module 'AndroidTargetPlatform' loaded TargetPlatform 'Android_DXT'
[2019.12.08-17.55.14:398][  0]LogTemp: Display: Module 'AndroidTargetPlatform' loaded TargetPlatform 'Android_ETC1'
[2019.12.08-17.55.14:398][  0]LogTemp: Display: Module 'AndroidTargetPlatform' loaded TargetPlatform 'Android_ETC1a'
[2019.12.08-17.55.14:398][  0]LogTemp: Display: Module 'AndroidTargetPlatform' loaded TargetPlatform 'Android_ETC2'
[2019.12.08-17.55.14:398][  0]LogTemp: Display: Module 'AndroidTargetPlatform' loaded TargetPlatform 'Android_PVRTC'
[2019.12.08-17.55.14:398][  0]LogTemp: Display: Module 'AndroidTargetPlatform' loaded TargetPlatform 'AndroidClient'
[2019.12.08-17.55.14:398][  0]LogTemp: Display: Module 'AndroidTargetPlatform' loaded TargetPlatform 'Android_ASTCClient'
[2019.12.08-17.55.14:398][  0]LogTemp: Display: Module 'AndroidTargetPlatform' loaded TargetPlatform 'Android_ATCClient'
[2019.12.08-17.55.14:398][  0]LogTemp: Display: Module 'AndroidTargetPlatform' loaded TargetPlatform 'Android_DXTClient'
[2019.12.08-17.55.14:398][  0]LogTemp: Display: Module 'AndroidTargetPlatform' loaded TargetPlatform 'Android_ETC1Client'
[2019.12.08-17.55.14:398][  0]LogTemp: Display: Module 'AndroidTargetPlatform' loaded TargetPlatform 'Android_ETC1aClient'
[2019.12.08-17.55.14:398][  0]LogTemp: Display: Module 'AndroidTargetPlatform' loaded TargetPlatform 'Android_ETC2Client'
[2019.12.08-17.55.14:398][  0]LogTemp: Display: Module 'AndroidTargetPlatform' loaded TargetPlatform 'Android_PVRTCClient'
[2019.12.08-17.55.14:398][  0]LogTemp: Display: Module 'AndroidTargetPlatform' loaded TargetPlatform 'Android_Multi'
[2019.12.08-17.55.14:398][  0]LogTemp: Display: Module 'AndroidTargetPlatform' loaded TargetPlatform 'Android_MultiClient'
[2019.12.08-17.55.14:400][  0]LogTemp: Display: Module 'HTML5TargetPlatform' loaded TargetPlatform 'HTML5'
[2019.12.08-17.55.14:418][  0]LogTemp: Display: Module 'IOSTargetPlatform' loaded TargetPlatform 'IOSClient'
[2019.12.08-17.55.14:418][  0]LogTemp: Display: Module 'IOSTargetPlatform' loaded TargetPlatform 'IOS'
[2019.12.08-17.55.14:434][  0]LogTemp: Display: Module 'TVOSTargetPlatform' loaded TargetPlatform 'TVOSClient'
[2019.12.08-17.55.14:434][  0]LogTemp: Display: Module 'TVOSTargetPlatform' loaded TargetPlatform 'TVOS'
[2019.12.08-17.55.14:441][  0]LogTemp: Display: Module 'LinuxClientTargetPlatform' loaded TargetPlatform 'LinuxClient'
[2019.12.08-17.55.14:449][  0]LogTemp: Display: Module 'LinuxNoEditorTargetPlatform' loaded TargetPlatform 'LinuxNoEditor'
[2019.12.08-17.55.14:457][  0]LogTemp: Display: Module 'LinuxServerTargetPlatform' loaded TargetPlatform 'LinuxServer'
[2019.12.08-17.55.14:466][  0]LogTemp: Display: Module 'LinuxTargetPlatform' loaded TargetPlatform 'Linux'
[2019.12.08-17.55.14:493][  0]LogTemp: Display: Module 'LuminTargetPlatform' loaded TargetPlatform 'Lumin'
[2019.12.08-17.55.14:493][  0]LogTemp: Display: Module 'LuminTargetPlatform' loaded TargetPlatform 'LuminClient'
[2019.12.08-17.55.14:493][  0]LogTargetPlatformManager: Display: Building Assets For Windows
[2019.12.08-17.55.14:503][  0]LogAudioDebug: Display: Lib vorbis DLL was dynamically loaded.
[2019.12.08-17.55.14:550][  0]LogShaderCompilers: Guid format shader working directory is -47 characters bigger than the processId version (../../../../../../Users/Afeka.051-Z210-1/Documents/GitHub/VRoscopyDanrol/VRoscopy/UnrealEngine/VRoscopy/Intermediate/Shaders/WorkingDirectory/13772/).
[2019.12.08-17.55.14:550][  0]LogShaderCompilers: Cleaned the shader compiler working directory 'C:/Users/Afeka.051-Z210-1/AppData/Local/Temp/UnrealShaderWorkingDir/E4FB34844D186C54DA4B529566E67E59/'.
[2019.12.08-17.55.14:553][  0]LogXGEController: Cleaning working directory: C:/Users/Afeka.051-Z210-1/AppData/Local/Temp/UnrealXGEWorkingDir/
[2019.12.08-17.55.14:553][  0]LogXGEController: Cannot use XGE Controller as Incredibuild is not installed on this machine.
[2019.12.08-17.55.14:553][  0]LogShaderCompilers: Cannot use XGE Shader Compiler as Incredibuild is not installed on this machine.
[2019.12.08-17.55.14:553][  0]LogShaderCompilers: Display: Using Local Shader Compiler.
[2019.12.08-17.55.15:268][  0]LogDerivedDataCache: Display: Max Cache Size: 512 MB
[2019.12.08-17.55.15:329][  0]LogDerivedDataCache: Loaded boot cache 0.06s 77MB C:/Users/Afeka.051-Z210-1/AppData/Local/UnrealEngine/4.23/DerivedDataCache/Boot.ddc.
[2019.12.08-17.55.15:329][  0]LogDerivedDataCache: Display: Loaded Boot cache: C:/Users/Afeka.051-Z210-1/AppData/Local/UnrealEngine/4.23/DerivedDataCache/Boot.ddc
[2019.12.08-17.55.15:329][  0]LogDerivedDataCache: FDerivedDataBackendGraph:  Pak pak cache file ../../../../../../Users/Afeka.051-Z210-1/Documents/GitHub/VRoscopyDanrol/VRoscopy/UnrealEngine/VRoscopy/DerivedDataCache/DDC.ddp not found, will not use a pak cache.
[2019.12.08-17.55.15:329][  0]LogDerivedDataCache: Unable to find inner node Pak for hierarchical cache Hierarchy.
[2019.12.08-17.55.15:329][  0]LogDerivedDataCache: FDerivedDataBackendGraph:  CompressedPak pak cache file ../../../../../../Users/Afeka.051-Z210-1/Documents/GitHub/VRoscopyDanrol/VRoscopy/UnrealEngine/VRoscopy/DerivedDataCache/Compressed.ddp not found, will not use a pak cache.
[2019.12.08-17.55.15:329][  0]LogDerivedDataCache: Unable to find inner node CompressedPak for hierarchical cache Hierarchy.
[2019.12.08-17.55.15:342][  0]LogDerivedDataCache: Display: Pak cache opened for reading ../../../Engine/DerivedDataCache/Compressed.ddp.
[2019.12.08-17.55.15:343][  0]LogDerivedDataCache: FDerivedDataBackendGraph:  EnterprisePak pak cache file ../../../Enterprise/DerivedDataCache/Compressed.ddp not found, will not use a pak cache.
[2019.12.08-17.55.15:343][  0]LogDerivedDataCache: Unable to find inner node EnterprisePak for hierarchical cache Hierarchy.
[2019.12.08-17.55.15:344][  0]LogDerivedDataCache: Using Local data cache path C:/Users/Afeka.051-Z210-1/AppData/Local/UnrealEngine/Common/DerivedDataCache: Writable
[2019.12.08-17.55.15:344][  0]LogDerivedDataCache: Shared data cache path not found in *engine.ini, will not use an Shared cache.
[2019.12.08-17.55.15:344][  0]LogDerivedDataCache: Unable to find inner node Shared for hierarchical cache Hierarchy.
[2019.12.08-17.55.15:370][  0]LogMaterial: Verifying Global Shaders for PCD3D_SM5
[2019.12.08-17.55.15:373][  0]LogSlate: Using FreeType 2.6.0
[2019.12.08-17.55.15:374][  0]LogSlate: SlateFontServices - WITH_FREETYPE: 1, WITH_HARFBUZZ: 1
[2019.12.08-17.55.15:444][  0]LogAssetRegistry: FAssetRegistry took 0.0025 seconds to start up
[2019.12.08-17.55.15:787][  0]LogInit: Selected Device Profile: [Windows]
[2019.12.08-17.55.15:988][  0]LogMeshReduction: Using QuadricMeshReduction for automatic static mesh reduction
[2019.12.08-17.55.15:988][  0]LogMeshReduction: Using SimplygonMeshReduction for automatic skeletal mesh reduction
[2019.12.08-17.55.15:988][  0]LogMeshReduction: Using ProxyLODMeshReduction for automatic mesh merging
[2019.12.08-17.55.15:988][  0]LogMeshReduction: No distributed automatic mesh merging module available
[2019.12.08-17.55.15:988][  0]LogMeshMerging: No distributed automatic mesh merging module available
[2019.12.08-17.55.16:001][  0]LogNetVersion: VRoscopy 1.0.0, NetCL: 8386587, EngineNetVer: 11, GameNetVer: 0 (Checksum: 931555030)
[2019.12.08-17.55.16:583][  0]LogPackageLocalizationCache: Processed 12 localized package path(s) for 1 prioritized culture(s) in 0.060680 seconds
[2019.12.08-17.55.16:590][  0]LogUObjectArray: 43444 objects as part of root set at end of initial load.
[2019.12.08-17.55.16:590][  0]LogUObjectAllocator: 7548648 out of 0 bytes used by permanent object pool.
[2019.12.08-17.55.16:590][  0]LogUObjectArray: CloseDisregardForGC: 0/0 objects in disregard for GC pool
[2019.12.08-17.55.17:656][  0]LogTcpMessaging: Initializing TcpMessaging bridge
[2019.12.08-17.55.17:659][  0]LogUdpMessaging: Initializing bridge on interface 0.0.0.0:0 to multicast group 230.0.0.1:6666.
[2019.12.08-17.55.17:730][  0]SourceControl: Source control is disabled
[2019.12.08-17.55.17:730][  0]SourceControl: Source control is disabled
[2019.12.08-17.55.17:733][  0]SourceControl: Source control is disabled
[2019.12.08-17.55.17:734][  0]SourceControl: Source control is disabled
[2019.12.08-17.55.17:837][  0]LogAndroidPermission: UAndroidPermissionCallbackProxy::GetInstance
[2019.12.08-17.55.17:945][  0]LogOcInput: OculusInput pre-init called
[2019.12.08-17.55.18:752][  0]LogEngine: Initializing Engine...
[2019.12.08-17.55.18:802][  0]LogHMD: Failed to initialize OpenVR with code 126
[2019.12.08-17.55.18:803][  0]LogStats: UGameplayTagsManager::InitializeManager -  0.000 s
[2019.12.08-17.55.19:097][  0]LogInit: Initializing FReadOnlyCVARCache
[2019.12.08-17.55.19:115][  0]LogAIModule: Creating AISystem for world Untitled
[2019.12.08-17.55.19:126][  0]LogInit: XAudio2 using 'DELL U2414H (NVIDIA High Definition Audio)' : 2 channels at 48 kHz using 16 bits per sample (channel mask 0x3)
[2019.12.08-17.55.19:156][  0]LogInit: FAudioDevice initialized.
[2019.12.08-17.55.19:156][  0]LogNetVersion: Set ProjectVersion to 1.0.0.0. Version Checksum will be recalculated on next use.
[2019.12.08-17.55.19:276][  0]LogDerivedDataCache: Saved boot cache 0.12s 77MB C:/Users/Afeka.051-Z210-1/AppData/Local/UnrealEngine/4.23/DerivedDataCache/Boot.ddc.
[2019.12.08-17.55.19:279][  0]LogInit: Texture streaming: Enabled
[2019.12.08-17.55.19:299][  0]LogEngineSessionManager: EngineSessionManager initialized
[2019.12.08-17.55.19:350][  0]LogInit: Transaction tracking system initialized
[2019.12.08-17.55.19:382][  0]BlueprintLog: New page: Editor Load
[2019.12.08-17.55.19:455][  0]LocalizationService: Localization service is disabled
[2019.12.08-17.55.19:794][  0]LogFileCache: Scanning file cache for directory 'C:/Users/Afeka.051-Z210-1/Documents/GitHub/VRoscopyDanrol/VRoscopy/UnrealEngine/VRoscopy/Content/' took 0.01s
[2019.12.08-17.55.19:794][  0]LogCook: Display: Max memory allowance for cook 16384mb min free memory 0mb
[2019.12.08-17.55.19:795][  0]LogCook: Display: Mobile HDR setting 1
[2019.12.08-17.55.20:037][  0]SourceControl: Source control is disabled
[2019.12.08-17.55.20:038][  0]LightingResults: New page: Lighting Build
[2019.12.08-17.55.20:040][  0]LogWorld: UWorld::CleanupWorld for Untitled, bSessionEnded=true, bCleanupResources=true
[2019.12.08-17.55.20:040][  0]MapCheck: New page: Map Check
[2019.12.08-17.55.20:040][  0]LightingResults: New page: Lighting Build
[2019.12.08-17.55.20:064][  0]LogUObjectHash: Compacting FUObjectHashTables data took   2.25ms
[2019.12.08-17.55.20:195][  0]LogAIModule: Creating AISystem for world StartupMap
[2019.12.08-17.55.20:201][  0]LogEditorServer: Finished looking for orphan Actors (0.000 secs)
[2019.12.08-17.55.20:227][  0]LogUObjectHash: Compacting FUObjectHashTables data took   1.74ms
[2019.12.08-17.55.20:227][  0]Cmd: MAP CHECKDEP NOCLEARLOG
[2019.12.08-17.55.20:227][  0]MapCheck: Map check complete: 0 Error(s), 0 Warning(s), took 0.236ms to complete.
[2019.12.08-17.55.20:227][  0]LogFileHelpers: Loading map 'StartupMap' took 0.190
[2019.12.08-17.55.20:315][  0]LogSlate: Updating window title bar state: overlay mode, drag disabled, window buttons hidden, title bar hidden
[2019.12.08-17.55.20:323][  0]LogSlate: Updating window title bar state: overlay mode, drag disabled, window buttons hidden, title bar hidden
[2019.12.08-17.55.20:331][  0]LogSlate: Updating window title bar state: overlay mode, drag disabled, window buttons hidden, title bar hidden
[2019.12.08-17.55.20:340][  0]LogSlate: Updating window title bar state: overlay mode, drag disabled, window buttons hidden, title bar hidden
[2019.12.08-17.55.20:347][  0]LogCollectionManager: Loaded 0 collections in 0.001971 seconds
[2019.12.08-17.55.20:353][  0]LogFileCache: Scanning file cache for directory 'C:/Users/Afeka.051-Z210-1/Documents/GitHub/VRoscopyDanrol/VRoscopy/UnrealEngine/VRoscopy/Saved/Collections/' took 0.00s
[2019.12.08-17.55.20:353][  0]LogFileCache: Scanning file cache for directory 'C:/Users/Afeka.051-Z210-1/Documents/GitHub/VRoscopyDanrol/VRoscopy/UnrealEngine/VRoscopy/Content/Developers/Afeka/Collections/' took 0.00s
[2019.12.08-17.55.20:353][  0]LogFileCache: Scanning file cache for directory 'C:/Users/Afeka.051-Z210-1/Documents/GitHub/VRoscopyDanrol/VRoscopy/UnrealEngine/VRoscopy/Content/Collections/' took 0.00s
[2019.12.08-17.55.20:353][  0]LogCollectionManager: Rebuilt the GUID cache for 0 collections in 0.000002 seconds
[2019.12.08-17.55.20:363][  0]LogContentBrowser: Native class hierarchy populated in 0.0090 seconds. Added 2864 classes and 682 folders.
[2019.12.08-17.55.20:369][  0]LogContentBrowser: Native class hierarchy updated for 'WidgetCarousel' in 0.0004 seconds. Added 0 classes and 0 folders.
[2019.12.08-17.55.20:435][  0]LogContentBrowser: Native class hierarchy updated for 'AddContentDialog' in 0.0004 seconds. Added 0 classes and 0 folders.
[2019.12.08-17.55.20:440][  0]LogContentBrowser: Native class hierarchy updated for 'SceneOutliner' in 0.0005 seconds. Added 1 classes and 2 folders.
[2019.12.08-17.55.20:451][  0]LogSlate: Took 0.000246 seconds to synchronously load lazily loaded font '../../../Engine/Content/Slate/Fonts/Roboto-Regular.ttf' (155K)
[2019.12.08-17.55.20:454][  0]LogSlate: Took 0.000160 seconds to synchronously load lazily loaded font '../../../Engine/Content/Slate/Fonts/Roboto-Bold.ttf' (160K)
[2019.12.08-17.55.20:459][  0]LogSlate: Took 0.000220 seconds to synchronously load lazily loaded font '../../../Engine/Content/Editor/Slate/Fonts/FontAwesome.ttf' (139K)
[2019.12.08-17.55.20:538][  0]LogRenderer: Reallocating scene render targets to support 1208x572 Format 26 NumSamples 1 (Frame:1).
[2019.12.08-17.55.20:644][  0]LogContentBrowser: Native class hierarchy updated for 'HierarchicalLODOutliner' in 0.0005 seconds. Added 0 classes and 0 folders.
[2019.12.08-17.55.20:644][  0]LogLoad: (Engine Initialization) Total time: 9.84 seconds
[2019.12.08-17.55.20:644][  0]LogLoad: (Engine Initialization) Total Blueprint compile time: 0.00 seconds
[2019.12.08-17.55.20:700][  0]LogAssetRegistry: Asset discovery search completed in 5.2559 seconds
[2019.12.08-17.55.20:703][  0]LogCollectionManager: Rebuilt the object cache for 0 collections in 0.000004 seconds (found 0 objects)
[2019.12.08-17.55.20:703][  0]LogCollectionManager: Fixed up redirectors for 0 collections in 0.000039 seconds (updated 0 objects)
[2019.12.08-17.55.20:705][  0]LogContentStreaming: Texture pool size now 1000 MB
[2019.12.08-17.55.20:740][  0]LogSlate: Took 0.000271 seconds to synchronously load lazily loaded font '../../../Engine/Content/Slate/Fonts/Roboto-Light.ttf' (167K)
[2019.12.08-17.55.23:966][383]LogSlate: FSceneViewport::OnFocusLost() reason 0
[2019.12.08-17.55.24:938][497]LogSlate: Took 0.000224 seconds to synchronously load lazily loaded font '../../../Engine/Content/Slate/Fonts/Roboto-Light.ttf' (167K)
[2019.12.08-17.55.25:211][497]LogLinker: Warning: While loading '../../../../../../Users/Afeka.051-Z210-1/Documents/GitHub/VRoscopyDanrol/VRoscopy/UnrealEngine/VRoscopy/Content/MainLevel.umap' failed to load '/Game/MainLevel_BuiltData': Can't find file.
[2019.12.08-17.55.25:211][497]LogLinker: Warning: While loading '../../../../../../Users/Afeka.051-Z210-1/Documents/GitHub/VRoscopyDanrol/VRoscopy/UnrealEngine/VRoscopy/Content/MainLevel.umap' failed to load '/Game/MainLevel_BuiltData': Can't find file.
[2019.12.08-17.55.25:249][497]LogLinker: Warning: While loading '../../../../../../Users/Afeka.051-Z210-1/Documents/GitHub/VRoscopyDanrol/VRoscopy/UnrealEngine/VRoscopy/Content/MainLevel.umap' failed to load '/Game/MainLevel_BuiltData': Can't find file.
[2019.12.08-17.55.25:249][497]LogLinker: Warning: While loading '../../../../../../Users/Afeka.051-Z210-1/Documents/GitHub/VRoscopyDanrol/VRoscopy/UnrealEngine/VRoscopy/Content/MainLevel.umap' failed to load '/Game/MainLevel_BuiltData': Can't find file.
[2019.12.08-17.55.25:293][497]LogLinker: Warning: Failed to load '/Game/MainLevel_BuiltData': Can't find file.
[2019.12.08-17.55.25:293][497]LogLinker: Warning: Failed to load '/Game/MainLevel_BuiltData': Can't find file.
[2019.12.08-17.55.25:294][497]LogLinker: Warning: Failed to load '/Game/MainLevel_BuiltData': Can't find file.
[2019.12.08-17.55.25:294][497]LogLinker: Warning: Failed to load '/Game/MainLevel_BuiltData': Can't find file.
[2019.12.08-17.55.25:307][497]LogLinker: Warning: While loading '../../../../../../Users/Afeka.051-Z210-1/Documents/GitHub/VRoscopyDanrol/VRoscopy/UnrealEngine/VRoscopy/Content/MainLevel.umap' failed to load '/Game/MainLevel_BuiltData': Can't find file.
[2019.12.08-17.55.25:307][497]LoadErrors: Failed to load /Game/MainLevel_BuiltData.MainLevel_BuiltData Referenced by PersistentLevel
[2019.12.08-17.55.25:308][497]LogLinker: Warning: While loading '../../../../../../Users/Afeka.051-Z210-1/Documents/GitHub/VRoscopyDanrol/VRoscopy/UnrealEngine/VRoscopy/Content/MainLevel.umap' failed to load '/Game/MainLevel_BuiltData': Can't find file.
[2019.12.08-17.55.25:458][497]LogAIModule: Creating AISystem for world MainLevel
[2019.12.08-17.55.25:473][497]LogAssetEditorManager: Opening Asset editor for World /Game/MainLevel.MainLevel
[2019.12.08-17.55.25:500][497]LogUObjectHash: Compacting FUObjectHashTables data took   3.16ms
[2019.12.08-17.55.25:502][497]Cmd: MAP LOAD FILE="../../../../../../Users/Afeka.051-Z210-1/Documents/GitHub/VRoscopyDanrol/VRoscopy/UnrealEngine/VRoscopy/Content/MainLevel.umap" TEMPLATE=0 SHOWPROGRESS=1 FEATURELEVEL=3
[2019.12.08-17.55.25:502][497]LightingResults: New page: Lighting Build
[2019.12.08-17.55.25:502][497]LoadErrors: New page: Loading map: MainLevel.umap
[2019.12.08-17.55.25:503][497]LogWorld: UWorld::CleanupWorld for StartupMap, bSessionEnded=true, bCleanupResources=true
[2019.12.08-17.55.25:503][497]MapCheck: New page: Map Check
[2019.12.08-17.55.25:503][497]LightingResults: New page: Lighting Build
[2019.12.08-17.55.25:527][497]LogUObjectHash: Compacting FUObjectHashTables data took   2.55ms
[2019.12.08-17.55.25:538][497]LogEditorServer: Finished looking for orphan Actors (0.000 secs)
[2019.12.08-17.55.25:562][497]LogUObjectHash: Compacting FUObjectHashTables data took   2.05ms
[2019.12.08-17.55.25:588][497]Cmd: MAP CHECKDEP NOCLEARLOG
[2019.12.08-17.55.25:588][497]MapCheck: Map check complete: 0 Error(s), 0 Warning(s), took 0.115ms to complete.
[2019.12.08-17.55.25:588][497]LogFileHelpers: Loading map 'MainLevel' took 0.087
[2019.12.08-17.55.32:331][263]LogSlate: Took 0.002773 seconds to synchronously load lazily loaded font '../../../Engine/Content/Slate/Fonts/Roboto-BoldCondensed.ttf' (158K)
[2019.12.08-17.56.31:661][358]Running C:/Program Files/Epic Games/UE_4.23/Engine/Binaries/DotNET/UnrealBuildTool.exe  -projectfiles -project="C:/Users/Afeka.051-Z210-1/Documents/GitHub/VRoscopyDanrol/VRoscopy/UnrealEngine/VRoscopy/VRoscopy.uproject" -game -rocket -progress
[2019.12.08-17.56.32:073][358]Discovering modules, targets and source code for project...
[2019.12.08-17.56.34:173][358]Binding IntelliSense data...
[2019.12.08-17.56.36:477][358]Binding IntelliSense data... 100%
[2019.12.08-17.56.36:477][358]Writing project files...
[2019.12.08-17.56.39:679][358]Writing project files... 100%
[2019.12.08-17.56.39:799][358]LogVSAccessor: Warning: Couldn't access Visual Studio
[2019.12.08-17.56.39:801][358]Candidate modules for hot reload:
[2019.12.08-17.56.39:801][358]  VRoscopy
[2019.12.08-17.56.39:801][358]Launching UnrealBuildTool... [C:/Program Files/Epic Games/UE_4.23/Engine/Binaries/DotNET/UnrealBuildTool.exe  -ModuleWithSuffix=VRoscopy,8568 Win64 Development -TargetType=Editor -Project="C:/Users/Afeka.051-Z210-1/Documents/GitHub/VRoscopyDanrol/VRoscopy/UnrealEngine/VRoscopy/VRoscopy.uproject" "C:/Users/Afeka.051-Z210-1/Documents/GitHub/VRoscopyDanrol/VRoscopy/UnrealEngine/VRoscopy/VRoscopy.uproject"  -IgnoreJunk]
[2019.12.08-17.57.14:113][358]CompilerResultsLog: New page: Compilation - 8 בדצמ׳ 2019, 21:57:14
[2019.12.08-17.57.14:113][358]CompilerResultsLog: Creating makefile for VRoscopyEditor (no existing makefile)
[2019.12.08-17.57.14:113][358]CompilerResultsLog: Parsing headers for VRoscopyEditor
[2019.12.08-17.57.14:113][358]CompilerResultsLog:   Running UnrealHeaderTool "C:\Users\Afeka.051-Z210-1\Documents\GitHub\VRoscopyDanrol\VRoscopy\UnrealEngine\VRoscopy\VRoscopy.uproject" "C:\Users\Afeka.051-Z210-1\Documents\GitHub\VRoscopyDanrol\VRoscopy\UnrealEngine\VRoscopy\Intermediate\Build\Win64\VRoscopyEditor\Development\VRoscopyEditor.uhtmanifest" -LogCmds="loginit warning, logexit warning, logdatabase error" -Unattended -WarningsAsErrors -installed
[2019.12.08-17.57.14:113][358]CompilerResultsLog: Reflection code generated for VRoscopyEditor in 7.42885 seconds
[2019.12.08-17.57.14:113][358]CompilerResultsLog: Using Visual Studio 2017 14.16.27023 toolchain (C:\Program Files (x86)\Microsoft Visual Studio\2017\Community\VC\Tools\MSVC\14.16.27023) and Windows 10.0.17763.0 SDK (C:\Program Files (x86)\Windows Kits\10).
[2019.12.08-17.57.14:113][358]CompilerResultsLog: Building 11 actions with 8 processes...
[2019.12.08-17.57.14:113][358]CompilerResultsLog:   [1/11] SharedPCH.Engine.cpp
[2019.12.08-17.57.14:113][358]CompilerResultsLog:   [2/11] DicomToMesh.cpp
[2019.12.08-17.57.14:113][358]CompilerResultsLog:   [3/11] VRoscopy.cpp
[2019.12.08-17.57.14:113][358]CompilerResultsLog:   [4/11] VRoscopy.init.gen.cpp
[2019.12.08-17.57.14:113][358]CompilerResultsLog:   [5/11] MyWorldSettings.gen.cpp
[2019.12.08-17.57.14:113][358]CompilerResultsLog:   [6/11] FileChooser.gen.cpp
[2019.12.08-17.57.14:113][358]CompilerResultsLog:   [7/11] MyWorldSettings.cpp
[2019.12.08-17.57.14:113][358]CompilerResultsLog:   [8/11] FileChooser.cpp
[2019.12.08-17.57.14:113][358]CompilerResultsLog:   [9/11] UE4Editor-VRoscopy-8568.lib
[2019.12.08-17.57.14:113][358]CompilerResultsLog:      Creating library C:\Users\Afeka.051-Z210-1\Documents\GitHub\VRoscopyDanrol\VRoscopy\UnrealEngine\VRoscopy\Intermediate\Build\Win64\UE4Editor\Development\VRoscopy\UE4Editor-VRoscopy-8568.lib and object C:\Users\Afeka.051-Z210-1\Documents\GitHub\VRoscopyDanrol\VRoscopy\UnrealEngine\VRoscopy\Intermediate\Build\Win64\UE4Editor\Development\VRoscopy\UE4Editor-VRoscopy-8568.exp
[2019.12.08-17.57.14:114][358]CompilerResultsLog:   [10/11] UE4Editor-VRoscopy-8568.dll
[2019.12.08-17.57.14:114][358]CompilerResultsLog:      Creating library C:\Users\Afeka.051-Z210-1\Documents\GitHub\VRoscopyDanrol\VRoscopy\UnrealEngine\VRoscopy\Intermediate\Build\Win64\UE4Editor\Development\VRoscopy\UE4Editor-VRoscopy-8568.suppressed.lib and object C:\Users\Afeka.051-Z210-1\Documents\GitHub\VRoscopyDanrol\VRoscopy\UnrealEngine\VRoscopy\Intermediate\Build\Win64\UE4Editor\Development\VRoscopy\UE4Editor-VRoscopy-8568.suppressed.exp
[2019.12.08-17.57.14:114][358]CompilerResultsLog:   [11/11] VRoscopyEditor.target
[2019.12.08-17.57.14:114][358]CompilerResultsLog: Total time in Parallel executor: 24.44 seconds
[2019.12.08-17.57.14:114][358]CompilerResultsLog: Total execution time: 34.19 seconds
[2019.12.08-17.57.14:114][358]LogMainFrame: MainFrame: Module compiling took 34.314 seconds
[2019.12.08-17.57.14:133][358]LogUObjectHash: Compacting FUObjectHashTables data took   1.39ms
[2019.12.08-17.57.14:143][358]LogClass: Could not find existing class FileChooser in package /Script/VRoscopy for HotReload, assuming new class
[2019.12.08-17.57.14:148][358]LogContentBrowser: Native class hierarchy updated for 'VRoscopy' in 0.0005 seconds. Added 2 classes and 2 folders.
[2019.12.08-17.57.14:151][358]Display: HotReload successful (0 functions remapped  0 scriptstructs remapped)
[2019.12.08-17.57.14:209][358]LogUObjectHash: Compacting FUObjectHashTables data took   1.42ms
[2019.12.08-17.57.14:223][358]LogContentBrowser: Native class hierarchy populated in 0.0091 seconds. Added 2866 classes and 684 folders.
[2019.12.08-17.57.14:224][358]Display: HotReload took 34.4s.
[2019.12.08-17.57.14:225][358]Warning: HotReload operation took 34.4s.
[2019.12.08-17.57.14:295][358]LogSlate: Window 'Add C++ Class' being destroyed
[2019.12.08-17.57.14:298][358]LogHotReload: New module detected: UE4Editor-VRoscopy-8568.dll
[2019.12.08-17.57.14:332][359]LogHotReload: Starting Hot-Reload from IDE
[2019.12.08-17.57.14:373][359]LogUObjectHash: Compacting FUObjectHashTables data took   1.22ms
[2019.12.08-17.57.14:378][359]LogContentBrowser: Native class hierarchy updated for 'VRoscopy' in 0.0006 seconds. Added 2 classes and 2 folders.
[2019.12.08-17.57.14:381][359]Display: HotReload successful (0 functions remapped  0 scriptstructs remapped)
[2019.12.08-17.57.14:404][359]LogUObjectHash: Compacting FUObjectHashTables data took   0.72ms
[2019.12.08-17.57.14:420][359]LogContentBrowser: Native class hierarchy populated in 0.0099 seconds. Added 2866 classes and 684 folders.
[2019.12.08-17.57.14:422][359]Display: HotReload took  0.1s.
[2019.12.08-18.01.48:181][934]Candidate modules for hot reload:
[2019.12.08-18.01.48:181][934]  VRoscopy
[2019.12.08-18.01.48:181][934]Launching UnrealBuildTool... [C:/Program Files/Epic Games/UE_4.23/Engine/Binaries/DotNET/UnrealBuildTool.exe  -ModuleWithSuffix=VRoscopy,1135 Win64 Development -TargetType=Editor -Project="C:/Users/Afeka.051-Z210-1/Documents/GitHub/VRoscopyDanrol/VRoscopy/UnrealEngine/VRoscopy/VRoscopy.uproject" "C:/Users/Afeka.051-Z210-1/Documents/GitHub/VRoscopyDanrol/VRoscopy/UnrealEngine/VRoscopy/VRoscopy.uproject"  -IgnoreJunk]
[2019.12.08-18.01.48:194][934]Warning: Starting HotReload took  0.1s.
[2019.12.08-18.02.14:490][ 41]CompilerResultsLog: New page: Compilation - 8 בדצמ׳ 2019, 22:02:14
[2019.12.08-18.02.14:491][ 41]CompilerResultsLog: Invalidating makefile for VRoscopyEditor (VRoscopy.Build.cs modified)
[2019.12.08-18.02.14:491][ 41]CompilerResultsLog: Parsing headers for VRoscopyEditor
[2019.12.08-18.02.14:491][ 41]CompilerResultsLog:   Running UnrealHeaderTool "C:\Users\Afeka.051-Z210-1\Documents\GitHub\VRoscopyDanrol\VRoscopy\UnrealEngine\VRoscopy\VRoscopy.uproject" "C:\Users\Afeka.051-Z210-1\Documents\GitHub\VRoscopyDanrol\VRoscopy\UnrealEngine\VRoscopy\Intermediate\Build\Win64\VRoscopyEditor\Development\VRoscopyEditor.uhtmanifest" -LogCmds="loginit warning, logexit warning, logdatabase error" -Unattended -WarningsAsErrors -installed
[2019.12.08-18.02.14:491][ 41]CompilerResultsLog: Reflection code generated for VRoscopyEditor in 8.918035 seconds
[2019.12.08-18.02.14:491][ 41]CompilerResultsLog: Using Visual Studio 2017 14.16.27023 toolchain (C:\Program Files (x86)\Microsoft Visual Studio\2017\Community\VC\Tools\MSVC\14.16.27023) and Windows 10.0.17763.0 SDK (C:\Program Files (x86)\Windows Kits\10).
[2019.12.08-18.02.14:491][ 41]CompilerResultsLog: Building 10 actions with 8 processes...
[2019.12.08-18.02.14:491][ 41]CompilerResultsLog:   [1/10] DicomToMesh.cpp
[2019.12.08-18.02.14:491][ 41]CompilerResultsLog:   [2/10] VRoscopy.init.gen.cpp
[2019.12.08-18.02.14:491][ 41]CompilerResultsLog:   [3/10] VRoscopy.cpp
[2019.12.08-18.02.14:491][ 41]CompilerResultsLog:   [4/10] MyWorldSettings.gen.cpp
[2019.12.08-18.02.14:491][ 41]CompilerResultsLog:   [5/10] FileChooser.gen.cpp
[2019.12.08-18.02.14:491][ 41]CompilerResultsLog:   [6/10] MyWorldSettings.cpp
[2019.12.08-18.02.14:491][ 41]CompilerResultsLog:   [7/10] FileChooser.cpp
[2019.12.08-18.02.14:491][ 41]CompilerResultsLog:   [8/10] UE4Editor-VRoscopy-1135.lib
[2019.12.08-18.02.14:491][ 41]CompilerResultsLog:      Creating library C:\Users\Afeka.051-Z210-1\Documents\GitHub\VRoscopyDanrol\VRoscopy\UnrealEngine\VRoscopy\Intermediate\Build\Win64\UE4Editor\Development\VRoscopy\UE4Editor-VRoscopy-1135.lib and object C:\Users\Afeka.051-Z210-1\Documents\GitHub\VRoscopyDanrol\VRoscopy\UnrealEngine\VRoscopy\Intermediate\Build\Win64\UE4Editor\Development\VRoscopy\UE4Editor-VRoscopy-1135.exp
[2019.12.08-18.02.14:491][ 41]CompilerResultsLog:   [9/10] UE4Editor-VRoscopy-1135.dll
[2019.12.08-18.02.14:491][ 41]CompilerResultsLog:      Creating library C:\Users\Afeka.051-Z210-1\Documents\GitHub\VRoscopyDanrol\VRoscopy\UnrealEngine\VRoscopy\Intermediate\Build\Win64\UE4Editor\Development\VRoscopy\UE4Editor-VRoscopy-1135.suppressed.lib and object C:\Users\Afeka.051-Z210-1\Documents\GitHub\VRoscopyDanrol\VRoscopy\UnrealEngine\VRoscopy\Intermediate\Build\Win64\UE4Editor\Development\VRoscopy\UE4Editor-VRoscopy-1135.suppressed.exp
[2019.12.08-18.02.14:491][ 41]CompilerResultsLog:   [10/10] VRoscopyEditor.target
[2019.12.08-18.02.14:491][ 41]CompilerResultsLog: Total time in Parallel executor: 14.04 seconds
[2019.12.08-18.02.14:491][ 41]CompilerResultsLog: Total execution time: 26.17 seconds
[2019.12.08-18.02.14:491][ 41]LogMainFrame: MainFrame: Module compiling took 26.312 seconds
[2019.12.08-18.02.14:512][ 41]LogUObjectHash: Compacting FUObjectHashTables data took   0.71ms
[2019.12.08-18.02.14:522][ 41]LogClass: Could not find existing class FileChooser in package /Script/VRoscopy for HotReload, assuming new class
[2019.12.08-18.02.14:522][ 41]LogClass: Function OpenFileDialog is new.
[2019.12.08-18.02.14:522][ 41]LogClass: Function PrintData is new.
[2019.12.08-18.02.14:530][ 41]LogHotReload: Re-instancing FileChooser after hot-reload.
[2019.12.08-18.02.14:627][ 41]LogContentBrowser: Native class hierarchy updated for 'VRoscopy' in 0.0005 seconds. Added 2 classes and 2 folders.
[2019.12.08-18.02.14:630][ 41]Display: HotReload successful (0 functions remapped  0 scriptstructs remapped)
[2019.12.08-18.02.14:699][ 41]LogUObjectHash: Compacting FUObjectHashTables data took   1.37ms
[2019.12.08-18.02.14:714][ 41]LogContentBrowser: Native class hierarchy populated in 0.0093 seconds. Added 2866 classes and 684 folders.
[2019.12.08-18.02.14:714][ 41]Display: HotReload took 26.6s.
[2019.12.08-18.02.21:669][855]LogSlate: New Slate User Created.  User Index 8, Is Virtual User: 1
[2019.12.08-18.02.21:669][855]LogSlate: Slate User Registered.  User Index 8, Is Virtual User: 1
[2019.12.08-18.02.22:044][897]LogAssetEditorManager: Opening Asset editor for LevelScriptBlueprint /Game/MainLevel.MainLevel:PersistentLevel.MainLevel
[2019.12.08-18.02.22:420][897]LogContentBrowser: Native class hierarchy updated for 'BlueprintGraph' in 0.0008 seconds. Added 121 classes and 0 folders.
[2019.12.08-18.03.12:532][238]LogSlate: Took 0.001657 seconds to synchronously load lazily loaded font '../../../Engine/Content/Slate/Fonts/Roboto-Italic.ttf' (157K)
[2019.12.08-18.07.26:625][783]LogUObjectHash: Compacting FUObjectHashTables data took   5.23ms
[2019.12.08-18.07.26:649][783]LogBlueprint: Error: [Compiler PersistentLevel.MainLevel] This blueprint (self) is not a FileChooser, therefore ' Target ' must have a connection.
[2019.12.08-18.07.26:649][783]LogBlueprint: Error: [Compiler PersistentLevel.MainLevel] This blueprint (self) is not a FileChooser, therefore ' Target ' must have a connection.
[2019.12.08-18.07.26:924][783]LogSavePackage: Moving '../../../../../../Users/Afeka.051-Z210-1/Documents/GitHub/VRoscopyDanrol/VRoscopy/UnrealEngine/VRoscopy/Saved/MainLevel_Auto1E20A72824CA1D8A9A1F0CAA6F5FD4EF4.tmp' to '../../../../../../Users/Afeka.051-Z210-1/Documents/GitHub/VRoscopyDanrol/VRoscopy/UnrealEngine/VRoscopy/Saved/Autosaves/Game/MainLevel_Auto1.umap'
[2019.12.08-18.07.26:928][783]LogFileHelpers: Editor autosave (incl. sublevels) for '/Game/MainLevel' took 0.345
[2019.12.08-18.07.26:928][783]LogFileHelpers: Editor autosave (incl. sublevels) for all levels took 0.345
[2019.12.08-18.07.31:063][224]BlueprintLog: New page: Compile MainLevel
[2019.12.08-18.07.31:066][224]LogBlueprint: Error: [Compiler PersistentLevel.MainLevel] This blueprint (self) is not a FileChooser, therefore ' Target ' must have a connection.
[2019.12.08-18.07.31:066][224]LogBlueprint: Error: [Compiler PersistentLevel.MainLevel] This blueprint (self) is not a FileChooser, therefore ' Target ' must have a connection.
[2019.12.08-18.07.31:286][224]LogUObjectHash: Compacting FUObjectHashTables data took   5.15ms
[2019.12.08-18.08.10:697][668]BlueprintLog: New page: Compile MainLevel
[2019.12.08-18.08.10:700][668]LogBlueprint: Error: [Compiler PersistentLevel.MainLevel] This blueprint (self) is not a FileChooser, therefore ' Target ' must have a connection.
[2019.12.08-18.08.10:700][668]LogBlueprint: Error: [Compiler PersistentLevel.MainLevel] This blueprint (self) is not a FileChooser, therefore ' Target ' must have a connection.
[2019.12.08-18.08.10:922][668]LogUObjectHash: Compacting FUObjectHashTables data took   4.67ms
[2019.12.08-18.08.54:610][607]LogSlate: Window 'MainLevel' being destroyed
[2019.12.08-18.08.54:612][607]LogSlate: Window 'MainLevel' being destroyed
[2019.12.08-18.08.54:625][607]LogWorld: UWorld::CleanupWorld for World_2, bSessionEnded=true, bCleanupResources=true
[2019.12.08-18.08.55:415][696]LogEditorViewport: Clicking on Actor (LMB): StaticMeshActor (Plane)
[2019.12.08-18.08.55:527][696]LogSlate: Took 0.020175 seconds to synchronously load lazily loaded font '../../../Engine/Content/Slate/Fonts/DroidSansFallback.ttf' (3848K)
[2019.12.08-18.08.56:832][847]LogSlate: FSceneViewport::OnFocusLost() reason 5
[2019.12.08-18.08.56:879][847]LogUObjectHash: Compacting FUObjectHashTables data took   4.12ms
[2019.12.08-18.08.56:896][847]LogBlueprint: Error: [Compiler PersistentLevel.MainLevel] This blueprint (self) is not a FileChooser, therefore ' Target ' must have a connection.
[2019.12.08-18.08.56:896][847]LogBlueprint: Error: [Compiler PersistentLevel.MainLevel] This blueprint (self) is not a FileChooser, therefore ' Target ' must have a connection.
[2019.12.08-18.08.57:145][847]LogSavePackage: Moving '../../../../../../Users/Afeka.051-Z210-1/Documents/GitHub/VRoscopyDanrol/VRoscopy/UnrealEngine/VRoscopy/Saved/MainLevel87C595B4482B65DE7E9041B9D9908980.tmp' to '../../../../../../Users/Afeka.051-Z210-1/Documents/GitHub/VRoscopyDanrol/VRoscopy/UnrealEngine/VRoscopy/Content/MainLevel.umap'
